#
# A fatal error has been detected by the Java Runtime Environment:
#
#  SIGSEGV (0xb) at pc=0x00007fffb87d805d, pid=1480, tid=0x0000000000000307
#
# JRE version: Java(TM) SE Runtime Environment (8.0_144-b01) (build 1.8.0_144-b01)
# Java VM: Java HotSpot(TM) 64-Bit Server VM (25.144-b01 mixed mode bsd-amd64 compressed oops)
# Problematic frame:
# C  [libobjc.A.dylib+0x705d]  objc_msgSend+0x1d
#
# Failed to write core dump. Core dumps have been disabled. To enable core dumping, try "ulimit -c unlimited" before starting Java again
#
# If you would like to submit a bug report, please visit:
#   http://bugreport.java.com/bugreport/crash.jsp
# The crash happened outside the Java Virtual Machine in native code.
# See problematic frame for where to report the bug.
#

---------------  T H R E A D  ---------------

Current thread (0x00007fec7f854800):  JavaThread "AppKit Thread" daemon [_thread_in_native, id=775, stack(0x00007fff57c0c000,0x00007fff5840c000)]

siginfo: si_signo: 11 (SIGSEGV), si_code: 1 (SEGV_MAPERR), si_addr: 0x000007fec7ec0f00

Registers:
RAX=0x0000000000000000, RBX=0x00007fec7ed99b60, RCX=0x0000000000000000, RDX=0x00000000000fc020
RSP=0x00007fff58406848, RBP=0x00007fff58406870, RSI=0x00007fffa20bf7ab, RDI=0x00007fec7ec31ea0
R8 =0x0000000000000003, R9 =0x0000000000000000, R10=0x000007fec7ec0ee8, R11=0x00007fffa20bf7ab
R12=0x0000000000000094, R13=0x00007fffa20a217f, R14=0x00007fec7ec31ea0, R15=0x0000000000000000
RIP=0x00007fffb87d805d, EFLAGS=0x0000000000010206, ERR=0x0000000000000004
  TRAPNO=0x000000000000000e

Top of Stack: (sp=0x00007fff58406848)
0x00007fff58406848:   0000000127666598 00007fec7ed99b60
0x00007fff58406858:   000000012769ac60 00007fec7ec23810
0x00007fff58406868:   00007fec7ec23810 00007fff58406de0
0x00007fff58406878:   00007fffa158ee7b 0000000000000000
0x00007fff58406888:   0000000000000000 4094000000000000
0x00007fff58406898:   4086800000000000 0000000000000000
0x00007fff584068a8:   0000000000000000 4094000000000000
0x00007fff584068b8:   4086800000000000 00007fff584068e0
0x00007fff584068c8:   00007fffa40d5f20 0000000000000400
0x00007fff584068d8:   ffff8013811acf80 00007fec7ee53080
0x00007fff584068e8:   00007fffc1f32480 00007fff58406950
0x00007fff584068f8:   00007fffb87e0243 00007fffc1f32880
0x00007fff58406908:   00000001a205a100 00007fec7ee53080
0x00007fff58406918:   ffff8013811acf80 00007fec808e6900
0x00007fff58406928:   00007fec7ed9c080 00007fffa205a100
0x00007fff58406938:   00007fec7ed99b60 00007fffb87d8040
0x00007fff58406948:   00007fff584069b0 00007fff584069a0
0x00007fff58406958:   00007fffa1c6891f 401c000000000000
0x00007fff58406968:   4086a00000000000 402c000000000000
0x00007fff58406978:   0000000000000000 00007fff00000000
0x00007fff58406988:   0000000000000000 00007fffa2073bb8
0x00007fff58406998:   00007fec7ed9c000 00000001584069f0
0x00007fff584069a8:   00007fec7ed9c080 0000000000000088
0x00007fff584069b8:   00007fec7ef2b180 012c000000000000
0x00007fff584069c8:   00007fec7ed99b60 00007fff584069f0
0x00007fff584069d8:   00007fec7ed9c080 00007fff58406ac0
0x00007fff584069e8:   00007fec7ed9c080 00007fff58406a30
0x00007fff584069f8:   00007fffa1646c42 401c000000000000
0x00007fff58406a08:   4086980000000000 402c000000000000
0x00007fff58406a18:   4030000000000000 00007fff58406ac0
0x00007fff58406a28:   00007fec7ed9c080 00007fff58406ab0
0x00007fff58406a38:   00007fffa1646be4 401c000000000000 

Instructions: (pc=0x00007fffb87d805d)
0x00007fffb87d803d:   0f 1f 00 48 85 ff 2e 74 62 40 f6 c7 01 2e 75 66
0x00007fffb87d804d:   49 ba f8 ff ff ff ff 7f 00 00 4c 23 17 49 89 f3
0x00007fffb87d805d:   45 23 5a 18 49 c1 e3 04 4d 03 5a 10 49 3b 33 75
0x00007fffb87d806d:   04 41 ff 63 08 49 83 3b 01 76 0d 49 83 c3 10 49 

Register to memory mapping:

RAX=0x0000000000000000 is an unknown value
RBX=0x00007fec7ed99b60 is an unknown value
RCX=0x0000000000000000 is an unknown value
RDX=0x00000000000fc020 is an unknown value
RSP=0x00007fff58406848 is pointing into the stack for thread: 0x00007fec7f854800
RBP=0x00007fff58406870 is pointing into the stack for thread: 0x00007fec7f854800
RSI=0x00007fffa20bf7ab: __NSStyleNameIndexTable+0xe03f3 in /System/Library/Frameworks/AppKit.framework/Versions/C/AppKit at 0x00007fffa13f2000
RDI=0x00007fec7ec31ea0 is an unknown value
R8 =0x0000000000000003 is an unknown value
R9 =0x0000000000000000 is an unknown value
R10=0x000007fec7ec0ee8 is an unknown value
R11=0x00007fffa20bf7ab: __NSStyleNameIndexTable+0xe03f3 in /System/Library/Frameworks/AppKit.framework/Versions/C/AppKit at 0x00007fffa13f2000
R12=0x0000000000000094 is an unknown value
R13=0x00007fffa20a217f: __NSStyleNameIndexTable+0xc2dc7 in /System/Library/Frameworks/AppKit.framework/Versions/C/AppKit at 0x00007fffa13f2000
R14=0x00007fec7ec31ea0 is an unknown value
R15=0x0000000000000000 is an unknown value


Stack: [0x00007fff57c0c000,0x00007fff5840c000],  sp=0x00007fff58406848,  free space=8170k
Native frames: (J=compiled Java code, j=interpreted, Vv=VM code, C=native code)
C  [libobjc.A.dylib+0x705d]  objc_msgSend+0x1d
C  [AppKit+0x19ce7b]  -[NSView _recursiveDisplayRectIfNeededIgnoringOpacity:isVisibleRect:rectIsVisibleRectForView:topView:]+0x6ee
C  [AppKit+0x19d6d1]  -[NSView _recursiveDisplayRectIfNeededIgnoringOpacity:isVisibleRect:rectIsVisibleRectForView:topView:]+0xf44
C  [AppKit+0x19c2af]  -[NSThemeFrame _recursiveDisplayRectIfNeededIgnoringOpacity:isVisibleRect:rectIsVisibleRectForView:topView:]+0x14e
C  [AppKit+0x19a6d8]  -[NSView _displayRectIgnoringOpacity:isVisibleRect:rectIsVisibleRectForView:]+0x994
C  [AppKit+0x195fca]  -[NSView displayIfNeeded]+0x6d4
C  [AppKit+0x1958db]  -[NSWindow displayIfNeeded]+0xe6
C  [AppKit+0x8f5cb4]  ___NSWindowGetDisplayCycleObserver_block_invoke.6228+0x115
C  [AppKit+0x1953b9]  __37+[NSDisplayCycle currentDisplayCycle]_block_invoke+0x1c6
C  [QuartzCore+0x11cc6]  CA::Transaction::run_commit_handlers(CATransactionPhase)+0x2e
C  [QuartzCore+0x11b8ac]  CA::Context::commit_transaction(CA::Transaction*)+0xa0
C  [QuartzCore+0x107a1]  CA::Transaction::commit()+0x1db
C  [AppKit+0x4788b1]  __37+[NSDisplayCycle currentDisplayCycle]_block_invoke.31+0x143
C  [CoreFoundation+0xa6d37]  __CFRUNLOOP_IS_CALLING_OUT_TO_AN_OBSERVER_CALLBACK_FUNCTION__+0x17
C  [CoreFoundation+0xa6ca7]  __CFRunLoopDoObservers+0x187
C  [CoreFoundation+0x876d9]  __CFRunLoopRun+0x369
C  [CoreFoundation+0x87114]  CFRunLoopRunSpecific+0x1a4
C  [HIToolbox+0x30ebc]  RunCurrentEventLoopInMode+0xf0
C  [HIToolbox+0x30bf9]  ReceiveNextEventCommon+0xb8
C  [HIToolbox+0x30b26]  _BlockUntilNextEventMatchingListInModeWithFilter+0x47
C  [AppKit+0x46a54]  _DPSNextEvent+0x460
C  [AppKit+0x7c27ee]  -[NSApplication(NSEvent) _nextEventMatchingEventMask:untilDate:inMode:dequeue:]+0xaec
C  [libosxapp.dylib+0x23aa]  -[NSApplicationAWT nextEventMatchingMask:untilDate:inMode:dequeue:]+0x7c
C  [AppKit+0x3b3db]  -[NSApplication run]+0x39e
C  [libosxapp.dylib+0x214d]  +[NSApplicationAWT runAWTLoopWithApp:]+0x9c
C  [libawt_lwawt.dylib+0x45edf]  -[AWTStarter starter:]+0x389
C  [Foundation+0x7152a]  __NSThreadPerformPerform+0x146
C  [CoreFoundation+0xa7321]  __CFRUNLOOP_IS_CALLING_OUT_TO_A_SOURCE0_PERFORM_FUNCTION__+0x11
C  [CoreFoundation+0x8821d]  __CFRunLoopDoSources0+0x22d
C  [CoreFoundation+0x87716]  __CFRunLoopRun+0x3a6
C  [CoreFoundation+0x87114]  CFRunLoopRunSpecific+0x1a4
C  [java+0x6465]  CreateExecutionEnvironment+0x367
C  [java+0x218c]  JLI_Launch+0x7a0
C  [java+0x84c2]  main+0x65
C  [java+0x19e4]  start+0x34
C  0x0000000000000006


---------------  P R O C E S S  ---------------

Java Threads: ( => current thread )
  0x00007fec8088d000 JavaThread "AWT-Shutdown" [_thread_blocked, id=37895, stack(0x0000700007527000,0x0000700007627000)]
  0x00007fec8024a800 JavaThread "Java2D Queue Flusher" daemon [_thread_blocked, id=61959, stack(0x00007000087e6000,0x00007000088e6000)]
  0x00007fec7faaa000 JavaThread "Java2D Disposer" daemon [_thread_blocked, id=60443, stack(0x00007000086e3000,0x00007000087e3000)]
=>0x00007fec7f854800 JavaThread "AppKit Thread" daemon [_thread_in_native, id=775, stack(0x00007fff57c0c000,0x00007fff5840c000)]
  0x00007fec80061000 JavaThread "Service Thread" daemon [_thread_blocked, id=18691, stack(0x0000700008251000,0x0000700008351000)]
  0x00007fec80837800 JavaThread "C1 CompilerThread2" daemon [_thread_blocked, id=18179, stack(0x000070000814e000,0x000070000824e000)]
  0x00007fec80035800 JavaThread "C2 CompilerThread1" daemon [_thread_blocked, id=17667, stack(0x000070000804b000,0x000070000814b000)]
  0x00007fec7f830000 JavaThread "C2 CompilerThread0" daemon [_thread_blocked, id=17155, stack(0x0000700007f48000,0x0000700008048000)]
  0x00007fec7f824000 JavaThread "Signal Dispatcher" daemon [_thread_blocked, id=16643, stack(0x0000700007e45000,0x0000700007f45000)]
  0x00007fec7f003800 JavaThread "Finalizer" daemon [_thread_blocked, id=12547, stack(0x0000700007d42000,0x0000700007e42000)]
  0x00007fec7f002800 JavaThread "Reference Handler" daemon [_thread_blocked, id=12035, stack(0x0000700007c3f000,0x0000700007d3f000)]
  0x00007fec80805000 JavaThread "main" [_thread_in_native, id=7171, stack(0x000070000762d000,0x000070000772d000)]

Other Threads:
  0x00007fec7f823000 VMThread [stack: 0x0000700007b3c000,0x0000700007c3c000] [id=11523]
  0x00007fec80838000 WatcherThread [stack: 0x0000700008354000,0x0000700008454000] [id=19203]

VM state:not at safepoint (normal execution)

VM Mutex/Monitor currently owned by a thread: None

Heap:
 PSYoungGen      total 32768K, used 9286K [0x0000000795580000, 0x0000000797b80000, 0x00000007c0000000)
  eden space 31744K, 26% used [0x0000000795580000,0x0000000795db9b28,0x0000000797480000)
  from space 1024K, 84% used [0x0000000797500000,0x00000007975d8000,0x0000000797600000)
  to   space 3584K, 0% used [0x0000000797800000,0x0000000797800000,0x0000000797b80000)
 ParOldGen       total 87552K, used 9982K [0x0000000740000000, 0x0000000745580000, 0x0000000795580000)
  object space 87552K, 11% used [0x0000000740000000,0x00000007409bfa68,0x0000000745580000)
 Metaspace       used 10628K, capacity 10789K, committed 11008K, reserved 1058816K
  class space    used 1080K, capacity 1163K, committed 1280K, reserved 1048576K

Card table byte_map: [0x0000000109567000,0x0000000109968000] byte_map_base: 0x0000000105b67000

Marking Bits: (ParMarkBitMap*) 0x0000000108af35d0
 Begin Bits: [0x0000000109c13000, 0x000000010bc13000)
 End Bits:   [0x000000010bc13000, 0x000000010dc13000)

Polling page: 0x00000001078b4000

CodeCache: size=245760Kb used=6304Kb max_used=6325Kb free=239455Kb
 bounds [0x000000011033c000, 0x000000011097c000, 0x000000011f33c000]
 total_blobs=1992 nmethods=1461 adapters=445
 compilation: enabled

Compilation events (10 events):
Event: 35.501 Thread 0x00007fec80035800 1479       4       java.nio.HeapByteBuffer::getInt (18 bytes)
Event: 35.503 Thread 0x00007fec80035800 nmethod 1479 0x0000000110964bd0 code [0x0000000110964d20, 0x0000000110964e98]
Event: 36.212 Thread 0x00007fec80837800 1480   !   3       java.net.URLClassLoader::findClass (47 bytes)
Event: 36.212 Thread 0x00007fec80837800 nmethod 1480 0x00000001109633d0 code [0x0000000110963580, 0x0000000110963b58]
Event: 36.212 Thread 0x00007fec80837800 1481       3       java.net.URLClassLoader$1::<init> (15 bytes)
Event: 36.213 Thread 0x00007fec80837800 nmethod 1481 0x00000001109629d0 code [0x0000000110962b40, 0x0000000110962d30]
Event: 36.213 Thread 0x00007fec80837800 1482       3       java.net.URLClassLoader$1::run (5 bytes)
Event: 36.213 Thread 0x00007fec80837800 nmethod 1482 0x0000000110469c90 code [0x0000000110469e00, 0x0000000110469fa8]
Event: 36.213 Thread 0x00007fec80837800 1483   !   3       java.net.URLClassLoader$1::run (63 bytes)
Event: 36.213 Thread 0x00007fec80837800 nmethod 1483 0x0000000110469290 code [0x0000000110469460, 0x00000001104699a8]

GC Heap History (10 events):
Event: 16.332 GC heap before
{Heap before GC invocations=3 (full 0):
 PSYoungGen      total 38400K, used 35170K [0x0000000795580000, 0x0000000798000000, 0x00000007c0000000)
  eden space 33280K, 100% used [0x0000000795580000,0x0000000797600000,0x0000000797600000)
  from space 5120K, 36% used [0x0000000797b00000,0x0000000797cd8900,0x0000000798000000)
  to   space 5120K, 0% used [0x0000000797600000,0x0000000797600000,0x0000000797b00000)
 ParOldGen       total 87552K, used 8208K [0x0000000740000000, 0x0000000745580000, 0x0000000795580000)
  object space 87552K, 9% used [0x0000000740000000,0x0000000740804010,0x0000000745580000)
 Metaspace       used 10032K, capacity 10201K, committed 10368K, reserved 1058816K
  class space    used 1034K, capacity 1117K, committed 1152K, reserved 1048576K
Event: 16.336 GC heap after
Heap after GC invocations=3 (full 0):
 PSYoungGen      total 38400K, used 2256K [0x0000000795580000, 0x0000000798000000, 0x00000007c0000000)
  eden space 33280K, 0% used [0x0000000795580000,0x0000000795580000,0x0000000797600000)
  from space 5120K, 44% used [0x0000000797600000,0x0000000797834010,0x0000000797b00000)
  to   space 5120K, 0% used [0x0000000797b00000,0x0000000797b00000,0x0000000798000000)
 ParOldGen       total 87552K, used 8216K [0x0000000740000000, 0x0000000745580000, 0x0000000795580000)
  object space 87552K, 9% used [0x0000000740000000,0x0000000740806010,0x0000000745580000)
 Metaspace       used 10032K, capacity 10201K, committed 10368K, reserved 1058816K
  class space    used 1034K, capacity 1117K, committed 1152K, reserved 1048576K
}
Event: 19.250 GC heap before
{Heap before GC invocations=4 (full 0):
 PSYoungGen      total 38400K, used 35536K [0x0000000795580000, 0x0000000798000000, 0x00000007c0000000)
  eden space 33280K, 100% used [0x0000000795580000,0x0000000797600000,0x0000000797600000)
  from space 5120K, 44% used [0x0000000797600000,0x0000000797834010,0x0000000797b00000)
  to   space 5120K, 0% used [0x0000000797b00000,0x0000000797b00000,0x0000000798000000)
 ParOldGen       total 87552K, used 8216K [0x0000000740000000, 0x0000000745580000, 0x0000000795580000)
  object space 87552K, 9% used [0x0000000740000000,0x0000000740806010,0x0000000745580000)
 Metaspace       used 10062K, capacity 10201K, committed 10368K, reserved 1058816K
  class space    used 1034K, capacity 1117K, committed 1152K, reserved 1048576K
Event: 19.253 GC heap after
Heap after GC invocations=4 (full 0):
 PSYoungGen      total 38400K, used 2288K [0x0000000795580000, 0x0000000798000000, 0x00000007c0000000)
  eden space 33280K, 0% used [0x0000000795580000,0x0000000795580000,0x0000000797600000)
  from space 5120K, 44% used [0x0000000797b00000,0x0000000797d3c010,0x0000000798000000)
  to   space 5120K, 0% used [0x0000000797600000,0x0000000797600000,0x0000000797b00000)
 ParOldGen       total 87552K, used 8224K [0x0000000740000000, 0x0000000745580000, 0x0000000795580000)
  object space 87552K, 9% used [0x0000000740000000,0x0000000740808010,0x0000000745580000)
 Metaspace       used 10062K, capacity 10201K, committed 10368K, reserved 1058816K
  class space    used 1034K, capacity 1117K, committed 1152K, reserved 1048576K
}
Event: 21.736 GC heap before
{Heap before GC invocations=5 (full 0):
 PSYoungGen      total 38400K, used 35568K [0x0000000795580000, 0x0000000798000000, 0x00000007c0000000)
  eden space 33280K, 100% used [0x0000000795580000,0x0000000797600000,0x0000000797600000)
  from space 5120K, 44% used [0x0000000797b00000,0x0000000797d3c010,0x0000000798000000)
  to   space 5120K, 0% used [0x0000000797600000,0x0000000797600000,0x0000000797b00000)
 ParOldGen       total 87552K, used 8224K [0x0000000740000000, 0x0000000745580000, 0x0000000795580000)
  object space 87552K, 9% used [0x0000000740000000,0x0000000740808010,0x0000000745580000)
 Metaspace       used 10073K, capacity 10265K, committed 10368K, reserved 1058816K
  class space    used 1034K, capacity 1117K, committed 1152K, reserved 1048576K
Event: 21.739 GC heap after
Heap after GC invocations=5 (full 0):
 PSYoungGen      total 35328K, used 2288K [0x0000000795580000, 0x0000000797c80000, 0x00000007c0000000)
  eden space 32768K, 0% used [0x0000000795580000,0x0000000795580000,0x0000000797580000)
  from space 2560K, 89% used [0x0000000797600000,0x000000079783c010,0x0000000797880000)
  to   space 3584K, 0% used [0x0000000797900000,0x0000000797900000,0x0000000797c80000)
 ParOldGen       total 87552K, used 8232K [0x0000000740000000, 0x0000000745580000, 0x0000000795580000)
  object space 87552K, 9% used [0x0000000740000000,0x000000074080a010,0x0000000745580000)
 Metaspace       used 10073K, capacity 10265K, committed 10368K, reserved 1058816K
  class space    used 1034K, capacity 1117K, committed 1152K, reserved 1048576K
}
Event: 24.289 GC heap before
{Heap before GC invocations=6 (full 0):
 PSYoungGen      total 35328K, used 35056K [0x0000000795580000, 0x0000000797c80000, 0x00000007c0000000)
  eden space 32768K, 100% used [0x0000000795580000,0x0000000797580000,0x0000000797580000)
  from space 2560K, 89% used [0x0000000797600000,0x000000079783c010,0x0000000797880000)
  to   space 3584K, 0% used [0x0000000797900000,0x0000000797900000,0x0000000797c80000)
 ParOldGen       total 87552K, used 8232K [0x0000000740000000, 0x0000000745580000, 0x0000000795580000)
  object space 87552K, 9% used [0x0000000740000000,0x000000074080a010,0x0000000745580000)
 Metaspace       used 10073K, capacity 10265K, committed 10368K, reserved 1058816K
  class space    used 1034K, capacity 1117K, committed 1152K, reserved 1048576K
Event: 24.292 GC heap after
Heap after GC invocations=6 (full 0):
 PSYoungGen      total 35328K, used 2352K [0x0000000795580000, 0x0000000797c00000, 0x00000007c0000000)
  eden space 32256K, 0% used [0x0000000795580000,0x0000000795580000,0x0000000797500000)
  from space 3072K, 76% used [0x0000000797900000,0x0000000797b4c010,0x0000000797c00000)
  to   space 3584K, 0% used [0x0000000797500000,0x0000000797500000,0x0000000797880000)
 ParOldGen       total 87552K, used 8240K [0x0000000740000000, 0x0000000745580000, 0x0000000795580000)
  object space 87552K, 9% used [0x0000000740000000,0x000000074080c010,0x0000000745580000)
 Metaspace       used 10073K, capacity 10265K, committed 10368K, reserved 1058816K
  class space    used 1034K, capacity 1117K, committed 1152K, reserved 1048576K
}
Event: 28.960 GC heap before
{Heap before GC invocations=7 (full 0):
 PSYoungGen      total 35328K, used 34608K [0x0000000795580000, 0x0000000797c00000, 0x00000007c0000000)
  eden space 32256K, 100% used [0x0000000795580000,0x0000000797500000,0x0000000797500000)
  from space 3072K, 76% used [0x0000000797900000,0x0000000797b4c010,0x0000000797c00000)
  to   space 3584K, 0% used [0x0000000797500000,0x0000000797500000,0x0000000797880000)
 ParOldGen       total 87552K, used 8240K [0x0000000740000000, 0x0000000745580000, 0x0000000795580000)
  object space 87552K, 9% used [0x0000000740000000,0x000000074080c010,0x0000000745580000)
 Metaspace       used 10605K, capacity 10789K, committed 11008K, reserved 1058816K
  class space    used 1080K, capacity 1163K, committed 1280K, reserved 1048576K
Event: 28.964 GC heap after
Heap after GC invocations=7 (full 0):
 PSYoungGen      total 32768K, used 864K [0x0000000795580000, 0x0000000797b80000, 0x00000007c0000000)
  eden space 31744K, 0% used [0x0000000795580000,0x0000000795580000,0x0000000797480000)
  from space 1024K, 84% used [0x0000000797500000,0x00000007975d8000,0x0000000797600000)
  to   space 3584K, 0% used [0x0000000797800000,0x0000000797800000,0x0000000797b80000)
 ParOldGen       total 87552K, used 9982K [0x0000000740000000, 0x0000000745580000, 0x0000000795580000)
  object space 87552K, 11% used [0x0000000740000000,0x00000007409bfa68,0x0000000745580000)
 Metaspace       used 10605K, capacity 10789K, committed 11008K, reserved 1058816K
  class space    used 1080K, capacity 1163K, committed 1280K, reserved 1048576K
}

Deoptimization events (10 events):
Event: 2.564 Thread 0x00007fec80805000 Uncommon trap: reason=unstable_if action=reinterpret pc=0x00000001106ab174 method=com.jcraft.jorbis.DspState.synthesis_blockin(Lcom/jcraft/jorbis/Block;)I @ 701
Event: 2.564 Thread 0x00007fec80805000 Uncommon trap: reason=unstable_if action=reinterpret pc=0x000000011069b0c4 method=org.newdawn.slick.openal.OggInputStream.readPCM()V @ 63
Event: 2.564 Thread 0x00007fec80805000 Uncommon trap: reason=unstable_if action=reinterpret pc=0x0000000110676d40 method=org.newdawn.slick.openal.OggInputStream.atEnd()Z @ 4
Event: 2.564 Thread 0x00007fec80805000 Uncommon trap: reason=unstable_if action=reinterpret pc=0x00000001105ff7b8 method=org.newdawn.slick.openal.OggInputStream.atEnd()Z @ 4
Event: 2.565 Thread 0x00007fec80805000 Uncommon trap: reason=unstable_if action=reinterpret pc=0x00000001106526c4 method=org.newdawn.slick.openal.OggInputStream.atEnd()Z @ 18
Event: 2.949 Thread 0x00007fec80805000 Uncommon trap: reason=unstable_if action=reinterpret pc=0x00000001106b08bc method=java.nio.DirectByteBuffer.put([BII)Ljava/nio/ByteBuffer; @ 8
Event: 19.939 Thread 0x00007fec80805000 Uncommon trap: reason=unstable_if action=reinterpret pc=0x00000001108321b8 method=sun.net.www.ParseUtil.encodePath(Ljava/lang/String;Z)Ljava/lang/String; @ 145
Event: 26.575 Thread 0x00007fec80805000 Uncommon trap: reason=unstable_if action=reinterpret pc=0x000000011090e33c method=java.util.LinkedHashMap.afterNodeAccess(Ljava/util/HashMap$Node;)V @ 14
Event: 28.968 Thread 0x00007fec7f003800 Uncommon trap: reason=unstable_if action=reinterpret pc=0x0000000110916d18 method=java.io.FileInputStream.close()V @ 11
Event: 36.212 Thread 0x00007fec80805000 Uncommon trap: reason=unstable_if action=reinterpret pc=0x00000001108c4490 method=sun.misc.URLClassPath$FileLoader.getResource(Ljava/lang/String;Z)Lsun/misc/Resource; @ 50

Internal exceptions (10 events):
Event: 0.317 Thread 0x00007fec80805000 Exception <a 'java/lang/NoSuchFieldError': method resolution failed> (0x00000007959225c0) thrown at [/Users/java_re/workspace/8-2-build-macosx-x86_64/jdk8u144/9417/hotspot/src/share/vm/prims/methodHandles.cpp, line 1146]
Event: 0.581 Thread 0x00007fec80805000 Exception <a 'java/io/FileNotFoundException'> (0x000000079599d200) thrown at [/Users/java_re/workspace/8-2-build-macosx-x86_64/jdk8u144/9417/hotspot/src/share/vm/prims/jni.cpp, line 709]
Event: 0.581 Thread 0x00007fec80805000 Exception <a 'java/io/FileNotFoundException'> (0x000000079599dd80) thrown at [/Users/java_re/workspace/8-2-build-macosx-x86_64/jdk8u144/9417/hotspot/src/share/vm/prims/jni.cpp, line 709]
Event: 1.153 Thread 0x00007fec80805000 Exception <a 'java/lang/NoClassDefFoundError': net/java/games/input/ControllerEnvironment> (0x0000000795ea1b20) thrown at [/Users/java_re/workspace/8-2-build-macosx-x86_64/jdk8u144/9417/hotspot/src/share/vm/classfile/systemDictionary.cpp, line 199]
Event: 1.652 Thread 0x00007fec80805000 Exception <a 'java/security/PrivilegedActionException'> (0x00000007961ccf70) thrown at [/Users/java_re/workspace/8-2-build-macosx-x86_64/jdk8u144/9417/hotspot/src/share/vm/prims/jvm.cpp, line 1390]
Event: 1.652 Thread 0x00007fec80805000 Exception <a 'java/security/PrivilegedActionException'> (0x00000007961ceb58) thrown at [/Users/java_re/workspace/8-2-build-macosx-x86_64/jdk8u144/9417/hotspot/src/share/vm/prims/jvm.cpp, line 1390]
Event: 1.652 Thread 0x00007fec80805000 Exception <a 'java/security/PrivilegedActionException'> (0x00000007961cfc78) thrown at [/Users/java_re/workspace/8-2-build-macosx-x86_64/jdk8u144/9417/hotspot/src/share/vm/prims/jvm.cpp, line 1390]
Event: 1.652 Thread 0x00007fec80805000 Exception <a 'java/security/PrivilegedActionException'> (0x00000007961d4d98) thrown at [/Users/java_re/workspace/8-2-build-macosx-x86_64/jdk8u144/9417/hotspot/src/share/vm/prims/jvm.cpp, line 1390]
Event: 1.652 Thread 0x00007fec80805000 Exception <a 'java/security/PrivilegedActionException'> (0x00000007961d59f0) thrown at [/Users/java_re/workspace/8-2-build-macosx-x86_64/jdk8u144/9417/hotspot/src/share/vm/prims/jvm.cpp, line 1390]
Event: 1.652 Thread 0x00007fec80805000 Exception <a 'java/security/PrivilegedActionException'> (0x00000007961d6618) thrown at [/Users/java_re/workspace/8-2-build-macosx-x86_64/jdk8u144/9417/hotspot/src/share/vm/prims/jvm.cpp, line 1390]

Events (10 events):
Event: 35.051 Thread 0x00007fec80837800 flushing nmethod 0x000000011045a290
Event: 35.051 Thread 0x00007fec80837800 flushing nmethod 0x00000001104632d0
Event: 35.051 Thread 0x00007fec80837800 flushing nmethod 0x0000000110468b10
Event: 35.118 Thread 0x00007fec80837800 flushing nmethod 0x000000011047a810
Event: 35.151 Thread 0x00007fec80837800 flushing nmethod 0x00000001104de090
Event: 36.212 loading class org/lwjgl/opengl/CallbackUtil
Event: 36.212 loading class org/lwjgl/opengl/CallbackUtil done
Event: 36.212 Thread 0x00007fec80805000 Uncommon trap: trap_request=0xffffff65 fr.pc=0x00000001108c4490
Event: 36.212 Thread 0x00007fec80805000 DEOPT PACKING pc=0x00000001108c4490 sp=0x000070000772a420
Event: 36.212 Thread 0x00007fec80805000 DEOPT UNPACKING pc=0x0000000110341229 sp=0x000070000772a3a8 mode 2


Dynamic libraries:
0x000000002e541000 	/System/Library/Frameworks/Cocoa.framework/Versions/A/Cocoa
0x000000002e541000 	/System/Library/Frameworks/Security.framework/Versions/A/Security
0x000000002e541000 	/System/Library/Frameworks/ApplicationServices.framework/Versions/A/ApplicationServices
0x000000002e541000 	/usr/lib/libz.1.dylib
0x000000002e541000 	/usr/lib/libSystem.B.dylib
0x000000002e541000 	/usr/lib/libobjc.A.dylib
0x000000002e541000 	/System/Library/Frameworks/CoreFoundation.framework/Versions/A/CoreFoundation
0x000000002e541000 	/System/Library/Frameworks/Foundation.framework/Versions/C/Foundation
0x000000002e541000 	/System/Library/Frameworks/AppKit.framework/Versions/C/AppKit
0x000000002e541000 	/System/Library/Frameworks/CoreData.framework/Versions/A/CoreData
0x000000002e541000 	/System/Library/PrivateFrameworks/RemoteViewServices.framework/Versions/A/RemoteViewServices
0x000000002e541000 	/System/Library/PrivateFrameworks/UIFoundation.framework/Versions/A/UIFoundation
0x000000002e541000 	/System/Library/PrivateFrameworks/DFRFoundation.framework/Versions/A/DFRFoundation
0x000000002e541000 	/usr/lib/libenergytrace.dylib
0x000000002e541000 	/System/Library/PrivateFrameworks/SkyLight.framework/Versions/A/SkyLight
0x000000002e541000 	/System/Library/Frameworks/CoreGraphics.framework/Versions/A/CoreGraphics
0x000000002e541000 	/usr/lib/libScreenReader.dylib
0x000000002e541000 	/System/Library/Frameworks/Accelerate.framework/Versions/A/Accelerate
0x000000002e541000 	/System/Library/Frameworks/IOSurface.framework/Versions/A/IOSurface
0x000000002e541000 	/System/Library/Frameworks/AudioToolbox.framework/Versions/A/AudioToolbox
0x000000002e541000 	/System/Library/Frameworks/AudioUnit.framework/Versions/A/AudioUnit
0x000000002e541000 	/System/Library/PrivateFrameworks/DataDetectorsCore.framework/Versions/A/DataDetectorsCore
0x000000002e541000 	/System/Library/PrivateFrameworks/DesktopServicesPriv.framework/Versions/A/DesktopServicesPriv
0x000000002e541000 	/System/Library/Frameworks/Carbon.framework/Versions/A/Frameworks/HIToolbox.framework/Versions/A/HIToolbox
0x000000002e541000 	/usr/lib/libicucore.A.dylib
0x000000002e541000 	/System/Library/Frameworks/QuartzCore.framework/Versions/A/QuartzCore
0x000000002e541000 	/System/Library/Frameworks/Carbon.framework/Versions/A/Frameworks/SpeechRecognition.framework/Versions/A/SpeechRecognition
0x000000002e541000 	/usr/lib/libauto.dylib
0x000000002e541000 	/usr/lib/libxml2.2.dylib
0x000000002e541000 	/System/Library/PrivateFrameworks/CoreUI.framework/Versions/A/CoreUI
0x000000002e541000 	/System/Library/Frameworks/CoreAudio.framework/Versions/A/CoreAudio
0x000000002e541000 	/System/Library/Frameworks/DiskArbitration.framework/Versions/A/DiskArbitration
0x000000002e541000 	/usr/lib/liblangid.dylib
0x000000002e541000 	/System/Library/PrivateFrameworks/MultitouchSupport.framework/Versions/A/MultitouchSupport
0x000000002e541000 	/System/Library/Frameworks/IOKit.framework/Versions/A/IOKit
0x000000002e541000 	/usr/lib/libDiagnosticMessagesClient.dylib
0x000000002e541000 	/System/Library/Frameworks/CoreServices.framework/Versions/A/CoreServices
0x000000002e541000 	/System/Library/PrivateFrameworks/PerformanceAnalysis.framework/Versions/A/PerformanceAnalysis
0x000000002e541000 	/System/Library/PrivateFrameworks/GenerationalStorage.framework/Versions/A/GenerationalStorage
0x000000002e541000 	/System/Library/Frameworks/OpenGL.framework/Versions/A/OpenGL
0x000000002e541000 	/System/Library/Frameworks/CoreImage.framework/Versions/A/CoreImage
0x000000002e541000 	/System/Library/Frameworks/CoreText.framework/Versions/A/CoreText
0x000000002e541000 	/System/Library/Frameworks/ImageIO.framework/Versions/A/ImageIO
0x000000002e541000 	/System/Library/PrivateFrameworks/Backup.framework/Versions/A/Backup
0x000000002e541000 	/usr/lib/libarchive.2.dylib
0x000000002e541000 	/System/Library/Frameworks/CFNetwork.framework/Versions/A/CFNetwork
0x000000002e541000 	/System/Library/Frameworks/SystemConfiguration.framework/Versions/A/SystemConfiguration
0x000000002e541000 	/usr/lib/libCRFSuite.dylib
0x000000002e541000 	/usr/lib/libc++.1.dylib
0x000000002e541000 	/usr/lib/libc++abi.dylib
0x000000002e541000 	/usr/lib/system/libcache.dylib
0x000000002e541000 	/usr/lib/system/libcommonCrypto.dylib
0x000000002e541000 	/usr/lib/system/libcompiler_rt.dylib
0x000000002e541000 	/usr/lib/system/libcopyfile.dylib
0x000000002e541000 	/usr/lib/system/libcorecrypto.dylib
0x000000002e541000 	/usr/lib/system/libdispatch.dylib
0x000000002e541000 	/usr/lib/system/libdyld.dylib
0x000000002e541000 	/usr/lib/system/libkeymgr.dylib
0x000000002e541000 	/usr/lib/system/liblaunch.dylib
0x000000002e541000 	/usr/lib/system/libmacho.dylib
0x000000002e541000 	/usr/lib/system/libquarantine.dylib
0x000000002e541000 	/usr/lib/system/libremovefile.dylib
0x000000002e541000 	/usr/lib/system/libsystem_asl.dylib
0x000000002e541000 	/usr/lib/system/libsystem_blocks.dylib
0x000000002e541000 	/usr/lib/system/libsystem_c.dylib
0x000000002e541000 	/usr/lib/system/libsystem_configuration.dylib
0x000000002e541000 	/usr/lib/system/libsystem_coreservices.dylib
0x000000002e541000 	/usr/lib/system/libsystem_coretls.dylib
0x000000002e541000 	/usr/lib/system/libsystem_dnssd.dylib
0x000000002e541000 	/usr/lib/system/libsystem_info.dylib
0x000000002e541000 	/usr/lib/system/libsystem_kernel.dylib
0x000000002e541000 	/usr/lib/system/libsystem_m.dylib
0x000000002e541000 	/usr/lib/system/libsystem_malloc.dylib
0x000000002e541000 	/usr/lib/system/libsystem_network.dylib
0x000000002e541000 	/usr/lib/system/libsystem_networkextension.dylib
0x000000002e541000 	/usr/lib/system/libsystem_notify.dylib
0x000000002e541000 	/usr/lib/system/libsystem_platform.dylib
0x000000002e541000 	/usr/lib/system/libsystem_pthread.dylib
0x000000002e541000 	/usr/lib/system/libsystem_sandbox.dylib
0x000000002e541000 	/usr/lib/system/libsystem_secinit.dylib
0x000000002e541000 	/usr/lib/system/libsystem_symptoms.dylib
0x000000002e541000 	/usr/lib/system/libsystem_trace.dylib
0x000000002e541000 	/usr/lib/system/libunwind.dylib
0x000000002e541000 	/usr/lib/system/libxpc.dylib
0x000000002e541000 	/usr/lib/libbsm.0.dylib
0x000000002e541000 	/usr/lib/system/libkxld.dylib
0x000000002e541000 	/usr/lib/libcoretls.dylib
0x000000002e541000 	/usr/lib/libcoretls_cfhelpers.dylib
0x000000002e541000 	/usr/lib/libOpenScriptingUtil.dylib
0x000000002e541000 	/usr/lib/libpam.2.dylib
0x000000002e541000 	/usr/lib/libsqlite3.dylib
0x000000002e541000 	/usr/lib/libxar.1.dylib
0x000000002e541000 	/usr/lib/libbz2.1.0.dylib
0x000000002e541000 	/usr/lib/liblzma.5.dylib
0x000000002e541000 	/usr/lib/libnetwork.dylib
0x000000002e541000 	/usr/lib/libpcap.A.dylib
0x000000002e541000 	/System/Library/Frameworks/CoreServices.framework/Versions/A/Frameworks/FSEvents.framework/Versions/A/FSEvents
0x000000002e541000 	/System/Library/Frameworks/CoreServices.framework/Versions/A/Frameworks/CarbonCore.framework/Versions/A/CarbonCore
0x000000002e541000 	/System/Library/Frameworks/CoreServices.framework/Versions/A/Frameworks/Metadata.framework/Versions/A/Metadata
0x000000002e541000 	/System/Library/Frameworks/CoreServices.framework/Versions/A/Frameworks/OSServices.framework/Versions/A/OSServices
0x000000002e541000 	/System/Library/Frameworks/CoreServices.framework/Versions/A/Frameworks/SearchKit.framework/Versions/A/SearchKit
0x000000002e541000 	/System/Library/Frameworks/CoreServices.framework/Versions/A/Frameworks/AE.framework/Versions/A/AE
0x000000002e541000 	/System/Library/Frameworks/CoreServices.framework/Versions/A/Frameworks/LaunchServices.framework/Versions/A/LaunchServices
0x000000002e541000 	/System/Library/Frameworks/CoreServices.framework/Versions/A/Frameworks/DictionaryServices.framework/Versions/A/DictionaryServices
0x000000002e541000 	/System/Library/Frameworks/CoreServices.framework/Versions/A/Frameworks/SharedFileList.framework/Versions/A/SharedFileList
0x000000002e541000 	/System/Library/Frameworks/NetFS.framework/Versions/A/NetFS
0x000000002e541000 	/System/Library/PrivateFrameworks/NetAuth.framework/Versions/A/NetAuth
0x000000002e541000 	/System/Library/PrivateFrameworks/login.framework/Versions/A/Frameworks/loginsupport.framework/Versions/A/loginsupport
0x000000002e541000 	/System/Library/PrivateFrameworks/TCC.framework/Versions/A/TCC
0x000000002e541000 	/usr/lib/libmecabra.dylib
0x000000002e541000 	/System/Library/Frameworks/ApplicationServices.framework/Versions/A/Frameworks/ATS.framework/Versions/A/ATS
0x000000002e541000 	/System/Library/Frameworks/ApplicationServices.framework/Versions/A/Frameworks/ColorSync.framework/Versions/A/ColorSync
0x000000002e541000 	/System/Library/Frameworks/ApplicationServices.framework/Versions/A/Frameworks/HIServices.framework/Versions/A/HIServices
0x000000002e541000 	/System/Library/Frameworks/ApplicationServices.framework/Versions/A/Frameworks/LangAnalysis.framework/Versions/A/LangAnalysis
0x000000002e541000 	/System/Library/Frameworks/ApplicationServices.framework/Versions/A/Frameworks/PrintCore.framework/Versions/A/PrintCore
0x000000002e541000 	/System/Library/Frameworks/ApplicationServices.framework/Versions/A/Frameworks/QD.framework/Versions/A/QD
0x000000002e541000 	/System/Library/Frameworks/ApplicationServices.framework/Versions/A/Frameworks/SpeechSynthesis.framework/Versions/A/SpeechSynthesis
0x000000002e541000 	/System/Library/Frameworks/Accelerate.framework/Versions/A/Frameworks/vImage.framework/Versions/A/vImage
0x000000002e541000 	/System/Library/Frameworks/Accelerate.framework/Versions/A/Frameworks/vecLib.framework/Versions/A/vecLib
0x000000002e541000 	/System/Library/Frameworks/Accelerate.framework/Versions/A/Frameworks/vecLib.framework/Versions/A/libvDSP.dylib
0x000000002e541000 	/System/Library/Frameworks/Accelerate.framework/Versions/A/Frameworks/vecLib.framework/Versions/A/libBNNS.dylib
0x000000002e541000 	/System/Library/Frameworks/Accelerate.framework/Versions/A/Frameworks/vecLib.framework/Versions/A/libQuadrature.dylib
0x000000002e541000 	/System/Library/Frameworks/Accelerate.framework/Versions/A/Frameworks/vecLib.framework/Versions/A/libvMisc.dylib
0x000000002e541000 	/System/Library/Frameworks/Accelerate.framework/Versions/A/Frameworks/vecLib.framework/Versions/A/libLAPACK.dylib
0x000000002e541000 	/System/Library/Frameworks/Accelerate.framework/Versions/A/Frameworks/vecLib.framework/Versions/A/libBLAS.dylib
0x000000002e541000 	/System/Library/Frameworks/Accelerate.framework/Versions/A/Frameworks/vecLib.framework/Versions/A/libLinearAlgebra.dylib
0x000000002e541000 	/System/Library/Frameworks/Accelerate.framework/Versions/A/Frameworks/vecLib.framework/Versions/A/libSparseBLAS.dylib
0x000000002e541000 	/System/Library/Frameworks/ApplicationServices.framework/Versions/A/Frameworks/ATS.framework/Versions/A/Resources/libFontParser.dylib
0x000000002e541000 	/System/Library/Frameworks/ApplicationServices.framework/Versions/A/Frameworks/ATS.framework/Versions/A/Resources/libFontRegistry.dylib
0x000000002e541000 	/System/Library/Frameworks/ImageIO.framework/Versions/A/Resources/libJPEG.dylib
0x000000002e541000 	/System/Library/Frameworks/ImageIO.framework/Versions/A/Resources/libTIFF.dylib
0x000000002e541000 	/System/Library/Frameworks/ImageIO.framework/Versions/A/Resources/libPng.dylib
0x000000002e541000 	/System/Library/Frameworks/ImageIO.framework/Versions/A/Resources/libGIF.dylib
0x000000002e541000 	/System/Library/Frameworks/ImageIO.framework/Versions/A/Resources/libJP2.dylib
0x000000002e541000 	/System/Library/Frameworks/ImageIO.framework/Versions/A/Resources/libRadiance.dylib
0x000000002e541000 	/usr/lib/libcompression.dylib
0x000000002e541000 	/System/Library/PrivateFrameworks/AppleJPEG.framework/Versions/A/AppleJPEG
0x000000002e541000 	/usr/lib/libcups.2.dylib
0x000000002e541000 	/System/Library/Frameworks/Kerberos.framework/Versions/A/Kerberos
0x000000002e541000 	/System/Library/Frameworks/GSS.framework/Versions/A/GSS
0x000000002e541000 	/usr/lib/libresolv.9.dylib
0x000000002e541000 	/usr/lib/libiconv.2.dylib
0x000000002e541000 	/System/Library/PrivateFrameworks/Heimdal.framework/Versions/A/Heimdal
0x000000002e541000 	/usr/lib/libheimdal-asn1.dylib
0x000000002e541000 	/System/Library/Frameworks/OpenDirectory.framework/Versions/A/OpenDirectory
0x000000002e541000 	/System/Library/PrivateFrameworks/CommonAuth.framework/Versions/A/CommonAuth
0x000000002e541000 	/System/Library/Frameworks/OpenDirectory.framework/Versions/A/Frameworks/CFOpenDirectory.framework/Versions/A/CFOpenDirectory
0x000000002e541000 	/System/Library/Frameworks/SecurityFoundation.framework/Versions/A/SecurityFoundation
0x000000002e541000 	/System/Library/PrivateFrameworks/LanguageModeling.framework/Versions/A/LanguageModeling
0x000000002e541000 	/usr/lib/libmarisa.dylib
0x000000002e541000 	/usr/lib/libChineseTokenizer.dylib
0x000000002e541000 	/usr/lib/libcmph.dylib
0x000000002e541000 	/System/Library/PrivateFrameworks/CoreEmoji.framework/Versions/A/CoreEmoji
0x000000002e541000 	/System/Library/Frameworks/ServiceManagement.framework/Versions/A/ServiceManagement
0x000000002e541000 	/usr/lib/libxslt.1.dylib
0x000000002e541000 	/System/Library/Frameworks/Carbon.framework/Versions/A/Frameworks/Ink.framework/Versions/A/Ink
0x000000002e541000 	/System/Library/PrivateFrameworks/TextureIO.framework/Versions/A/TextureIO
0x000000002e541000 	/System/Library/Frameworks/Metal.framework/Versions/A/Metal
0x000000002e541000 	/usr/lib/libate.dylib
0x000000002e541000 	/System/Library/PrivateFrameworks/GPUCompiler.framework/libmetal_timestamp.dylib
0x000000002e541000 	/System/Library/Frameworks/OpenGL.framework/Versions/A/Libraries/libCoreFSCache.dylib
0x000000002e541000 	/System/Library/PrivateFrameworks/IOAccelerator.framework/Versions/A/IOAccelerator
0x000000002e541000 	/System/Library/Frameworks/CoreVideo.framework/Versions/A/CoreVideo
0x000000002e541000 	/usr/lib/libFosl_dynamic.dylib
0x000000002e541000 	/System/Library/PrivateFrameworks/MetalPerformanceShaders.framework/Versions/A/MetalPerformanceShaders
0x000000002e541000 	/System/Library/PrivateFrameworks/FaceCore.framework/Versions/A/FaceCore
0x000000002e541000 	/System/Library/Frameworks/OpenCL.framework/Versions/A/OpenCL
0x000000002e541000 	/System/Library/Frameworks/OpenGL.framework/Versions/A/Libraries/libGLU.dylib
0x000000002e541000 	/System/Library/Frameworks/OpenGL.framework/Versions/A/Libraries/libGFXShared.dylib
0x000000002e541000 	/System/Library/Frameworks/OpenGL.framework/Versions/A/Libraries/libGL.dylib
0x000000002e541000 	/System/Library/Frameworks/OpenGL.framework/Versions/A/Libraries/libGLImage.dylib
0x000000002e541000 	/System/Library/Frameworks/OpenGL.framework/Versions/A/Libraries/libCVMSPluginSupport.dylib
0x000000002e541000 	/System/Library/Frameworks/OpenGL.framework/Versions/A/Libraries/libCoreVMClient.dylib
0x000000002e541000 	/System/Library/PrivateFrameworks/CrashReporterSupport.framework/Versions/A/CrashReporterSupport
0x000000002e541000 	/System/Library/PrivateFrameworks/Sharing.framework/Versions/A/Sharing
0x000000002e541000 	/System/Library/PrivateFrameworks/IconServices.framework/Versions/A/IconServices
0x000000002e541000 	/System/Library/PrivateFrameworks/ProtocolBuffer.framework/Versions/A/ProtocolBuffer
0x000000002e541000 	/System/Library/PrivateFrameworks/Apple80211.framework/Versions/A/Apple80211
0x000000002e541000 	/System/Library/Frameworks/CoreWLAN.framework/Versions/A/CoreWLAN
0x000000002e541000 	/System/Library/PrivateFrameworks/CoreUtils.framework/Versions/A/CoreUtils
0x000000002e541000 	/System/Library/Frameworks/IOBluetooth.framework/Versions/A/IOBluetooth
0x000000002e541000 	/System/Library/PrivateFrameworks/CoreWiFi.framework/Versions/A/CoreWiFi
0x000000002e541000 	/System/Library/Frameworks/CoreBluetooth.framework/Versions/A/CoreBluetooth
0x000000002e541000 	/System/Library/Frameworks/CoreDisplay.framework/Versions/A/CoreDisplay
0x000000002e541000 	/System/Library/PrivateFrameworks/IOPresentment.framework/Versions/A/IOPresentment
0x000000002e541000 	/System/Library/PrivateFrameworks/DSExternalDisplay.framework/Versions/A/DSExternalDisplay
0x000000002e541000 	/System/Library/PrivateFrameworks/DebugSymbols.framework/Versions/A/DebugSymbols
0x000000002e541000 	/System/Library/PrivateFrameworks/CoreSymbolication.framework/Versions/A/CoreSymbolication
0x000000002e541000 	/System/Library/PrivateFrameworks/Symbolication.framework/Versions/A/Symbolication
0x000000002e541000 	/System/Library/PrivateFrameworks/AppleFSCompression.framework/Versions/A/AppleFSCompression
0x000000002e541000 	/System/Library/PrivateFrameworks/SpeechRecognitionCore.framework/Versions/A/SpeechRecognitionCore
0x000000002e541000 	/System/Library/PrivateFrameworks/ChunkingLibrary.framework/Versions/A/ChunkingLibrary
0x0000000108200000 	/Library/Java/JavaVirtualMachines/jdk1.8.0_144.jdk/Contents/Home/jre/lib/server/libjvm.dylib
0x000000002e541000 	/usr/lib/libstdc++.6.dylib
0x0000000107871000 	/Library/Java/JavaVirtualMachines/jdk1.8.0_144.jdk/Contents/Home/jre/lib/libverify.dylib
0x000000010787f000 	/Library/Java/JavaVirtualMachines/jdk1.8.0_144.jdk/Contents/Home/jre/lib/libjava.dylib
0x00000001078be000 	/Library/Java/JavaVirtualMachines/jdk1.8.0_144.jdk/Contents/Home/jre/lib/libzip.dylib
0x000000010f9ea000 	/System/Library/Frameworks/JavaVM.framework/Frameworks/JavaRuntimeSupport.framework/JavaRuntimeSupport
0x00000001079e9000 	/System/Library/Frameworks/JavaVM.framework/Versions/A/Frameworks/JavaNativeFoundation.framework/Versions/A/JavaNativeFoundation
0x000000010fa04000 	/System/Library/Frameworks/JavaVM.framework/Versions/A/JavaVM
0x000000002e541000 	/System/Library/Frameworks/Carbon.framework/Versions/A/Carbon
0x000000010fa11000 	/System/Library/PrivateFrameworks/JavaLaunching.framework/Versions/A/JavaLaunching
0x000000002e541000 	/System/Library/Frameworks/Carbon.framework/Versions/A/Frameworks/CommonPanels.framework/Versions/A/CommonPanels
0x000000002e541000 	/System/Library/Frameworks/Carbon.framework/Versions/A/Frameworks/Help.framework/Versions/A/Help
0x000000002e541000 	/System/Library/Frameworks/Carbon.framework/Versions/A/Frameworks/ImageCapture.framework/Versions/A/ImageCapture
0x000000002e541000 	/System/Library/Frameworks/Carbon.framework/Versions/A/Frameworks/OpenScripting.framework/Versions/A/OpenScripting
0x000000002e541000 	/System/Library/Frameworks/Carbon.framework/Versions/A/Frameworks/Print.framework/Versions/A/Print
0x000000002e541000 	/System/Library/Frameworks/Carbon.framework/Versions/A/Frameworks/SecurityHI.framework/Versions/A/SecurityHI
0x000000010fabb000 	/Library/Java/JavaVirtualMachines/jdk1.8.0_144.jdk/Contents/Home/jre/lib/libawt.dylib
0x000000010fb63000 	/Library/Java/JavaVirtualMachines/jdk1.8.0_144.jdk/Contents/Home/jre/lib/./libmlib_image.dylib
0x000000010fc2f000 	/Library/Java/JavaVirtualMachines/jdk1.8.0_144.jdk/Contents/Home/jre/lib/libawt_lwawt.dylib
0x000000010fce6000 	/Library/Java/JavaVirtualMachines/jdk1.8.0_144.jdk/Contents/Home/jre/lib/./libosxapp.dylib
0x000000002e541000 	/System/Library/Frameworks/ExceptionHandling.framework/Versions/A/ExceptionHandling
0x000000002e541000 	/System/Library/PrivateFrameworks/CoreServicesInternal.framework/Versions/A/CoreServicesInternal
0x000000002e541000 	/System/Library/CoreServices/RawCamera.bundle/Contents/MacOS/RawCamera
0x000000002e541000 	/System/Library/Frameworks/Accelerate.framework/Versions/A/Frameworks/vImage.framework/Versions/A/Libraries/libCGInterfaces.dylib
0x000000002e541000 	/System/Library/Frameworks/ApplicationServices.framework/Versions/A/Frameworks/ATS.framework/Versions/A/Resources/libTrueTypeScaler.dylib
0x000000012211c000 	/System/Library/Frameworks/OpenGL.framework/Resources/GLEngine.bundle/GLEngine
0x000000002e541000 	/System/Library/Frameworks/OpenGL.framework/Versions/A/Libraries/libGLProgrammability.dylib
0x000000002e541000 	/System/Library/Extensions/GeForceGLDriver.bundle/Contents/MacOS/GeForceGLDriver
0x000000002e541000 	/System/Library/Extensions/GeForceGLDriver.bundle/Contents/MacOS/libclh.dylib
0x000000002e541000 	/System/Library/PrivateFrameworks/GPUSupport.framework/Versions/A/Libraries/libGPUSupportMercury.dylib
0x0000000122301000 	/System/Library/Frameworks/OpenGL.framework/Resources//GLRendererFloat.bundle/GLRendererFloat
0x000000002e541000 	/System/Library/Frameworks/OpenCL.framework/Versions/A/Libraries/libcldcpuengine.dylib
0x000000002e541000 	/usr/lib/libcrypto.0.9.8.dylib
0x000000002e541000 	/System/Library/PrivateFrameworks/TrustEvaluationAgent.framework/Versions/A/TrustEvaluationAgent
0x000000002e541000 	/System/Library/Extensions/GeForceMTLDriver.bundle/Contents/MacOS/GeForceMTLDriver
0x000000002e541000 	/System/Library/PrivateFrameworks/FamilyControls.framework/Versions/A/FamilyControls
0x000000002e541000 	/System/Library/PrivateFrameworks/CommerceKit.framework/Versions/A/Frameworks/CommerceCore.framework/Versions/A/CommerceCore
0x000000002e541000 	/System/Library/PrivateFrameworks/SystemAdministration.framework/Versions/A/SystemAdministration
0x000000002e541000 	/System/Library/PrivateFrameworks/AppContainer.framework/Versions/A/AppContainer
0x000000002e541000 	/System/Library/PrivateFrameworks/SecCodeWrapper.framework/Versions/A/SecCodeWrapper
0x000000002e541000 	/System/Library/Frameworks/DirectoryService.framework/Versions/A/DirectoryService
0x000000002e541000 	/System/Library/PrivateFrameworks/DiskImages.framework/Versions/A/DiskImages
0x000000002e541000 	/System/Library/PrivateFrameworks/LoginUIKit.framework/Versions/A/Frameworks/LoginUICore.framework/Versions/A/LoginUICore
0x000000002e541000 	/usr/lib/libCoreStorage.dylib
0x000000002e541000 	/usr/lib/libcsfde.dylib
0x000000002e541000 	/usr/lib/libodfde.dylib
0x000000002e541000 	/System/Library/Frameworks/DiscRecording.framework/Versions/A/DiscRecording
0x000000002e541000 	/usr/lib/libcurl.4.dylib
0x000000002e541000 	/System/Library/PrivateFrameworks/MediaKit.framework/Versions/A/MediaKit
0x000000002e541000 	/System/Library/PrivateFrameworks/ProtectedCloudStorage.framework/Versions/A/ProtectedCloudStorage
0x000000002e541000 	/System/Library/PrivateFrameworks/EFILogin.framework/Versions/A/EFILogin
0x000000002e541000 	/usr/lib/libutil.dylib
0x000000002e541000 	/System/Library/Frameworks/LDAP.framework/Versions/A/LDAP
0x000000002e541000 	/usr/lib/libsasl2.2.dylib
0x000000002e541000 	/System/Library/PrivateFrameworks/CoreDaemon.framework/Versions/B/CoreDaemon
0x000000002e541000 	/System/Library/PrivateFrameworks/AppleSRP.framework/Versions/A/AppleSRP
0x000000002e541000 	/System/Library/PrivateFrameworks/APFS.framework/Versions/A/APFS
0x00000001275f5000 	/Library/Java/JavaVirtualMachines/jdk1.8.0_144.jdk/Contents/Home/jre/lib/libfontmanager.dylib
0x000000012765c000 	/Users/jgla8159/Documents/PKMNEngine-v0.3-master/slick/liblwjgl.dylib
0x0000000121548000 	/Library/Java/JavaVirtualMachines/jdk1.8.0_144.jdk/Contents/Home/jre/lib/libjawt.dylib
0x000000002e541000 	/System/Library/PrivateFrameworks/ViewBridge.framework/Versions/A/ViewBridge
0x000000002e541000 	/System/Library/PrivateFrameworks/XPCService.framework/Versions/A/XPCService
0x000000002e541000 	/System/Library/PrivateFrameworks/AppSandbox.framework/Versions/A/AppSandbox
0x000000002e541000 	/usr/lib/libsandbox.1.dylib
0x000000002e541000 	/usr/lib/libMatch.1.dylib
0x000000012bbd6000 	/Library/Java/JavaVirtualMachines/jdk1.8.0_144.jdk/Contents/Home/jre/lib/libnio.dylib
0x000000012bbe6000 	/Library/Java/JavaVirtualMachines/jdk1.8.0_144.jdk/Contents/Home/jre/lib/./libnet.dylib
0x000000012cf73000 	/Users/jgla8159/Documents/PKMNEngine-v0.3-master/slick/openal.dylib
0x000000012cff7000 	/System/Library/Components/CoreAudio.component/Contents/MacOS/CoreAudio
0x000000012d1f5000 	/System/Library/Extensions/AppleHDA.kext/Contents/PlugIns/AppleHDAHALPlugIn.bundle/Contents/MacOS/AppleHDAHALPlugIn

VM Arguments:
jvm_args: -Djava.library.path=/Users/jgla8159/Documents/PKMNEngine-v0.3-master/slick -Dfile.encoding=UTF-8 
java_command: Main
java_class_path (initial): /Users/jgla8159/Documents/PKMNEngine-v0.3-master/bin:/Users/jgla8159/Documents/PKMNEngine-v0.3-master/slick/jogg-0.0.7.jar:/Users/jgla8159/Documents/PKMNEngine-v0.3-master/slick/jorbis-0.0.15.jar:/Users/jgla8159/Documents/PKMNEngine-v0.3-master/slick/lwjgl.jar:/Users/jgla8159/Documents/PKMNEngine-v0.3-master/slick/slick.jar
Launcher Type: SUN_STANDARD

Environment Variables:
PATH=/usr/bin:/bin:/usr/sbin:/sbin
SHELL=/bin/bash

Signal Handlers:
SIGSEGV: [libjvm.dylib+0x5b26e5], sa_mask[0]=11111111011111110111111111111111, sa_flags=SA_ONSTACK|SA_RESTART|SA_SIGINFO
SIGBUS: [libjvm.dylib+0x5b26e5], sa_mask[0]=11111111011111110111111111111111, sa_flags=SA_RESTART|SA_SIGINFO
SIGFPE: [libjvm.dylib+0x489100], sa_mask[0]=11111111011111110111111111111111, sa_flags=SA_RESTART|SA_SIGINFO
SIGPIPE: [libjvm.dylib+0x489100], sa_mask[0]=11111111011111110111111111111111, sa_flags=SA_RESTART|SA_SIGINFO
SIGXFSZ: [libjvm.dylib+0x489100], sa_mask[0]=11111111011111110111111111111111, sa_flags=SA_RESTART|SA_SIGINFO
SIGILL: [libjvm.dylib+0x489100], sa_mask[0]=11111111011111110111111111111111, sa_flags=SA_RESTART|SA_SIGINFO
SIGUSR1: SIG_DFL, sa_mask[0]=00000000000000000000000000000000, sa_flags=none
SIGUSR2: [libjvm.dylib+0x488c1e], sa_mask[0]=00100000000000000000000000000000, sa_flags=SA_RESTART|SA_SIGINFO
SIGHUP: [libjvm.dylib+0x4871f5], sa_mask[0]=11111111011111110111111111111111, sa_flags=SA_RESTART|SA_SIGINFO
SIGINT: [libjvm.dylib+0x4871f5], sa_mask[0]=11111111011111110111111111111111, sa_flags=SA_RESTART|SA_SIGINFO
SIGTERM: [libjvm.dylib+0x4871f5], sa_mask[0]=11111111011111110111111111111111, sa_flags=SA_RESTART|SA_SIGINFO
SIGQUIT: [libjvm.dylib+0x4871f5], sa_mask[0]=11111111011111110111111111111111, sa_flags=SA_RESTART|SA_SIGINFO


---------------  S Y S T E M  ---------------

OS:Bsduname:Darwin 16.7.0 Darwin Kernel Version 16.7.0: Tue Jan 30 11:27:06 PST 2018; root:xnu-3789.73.11~1/RELEASE_X86_64 x86_64
rlimit: STACK 8192k, CORE 0k, NPROC 709, NOFILE 10240, AS infinity
load average:1.86 1.92 1.65

CPU:total 4 (initial active 4) (4 cores per cpu, 1 threads per core) family 6 model 60 stepping 3, cmov, cx8, fxsr, mmx, sse, sse2, sse3, ssse3, sse4.1, sse4.2, popcnt, avx, avx2, aes, clmul, erms, lzcnt, tsc, tscinvbit, bmi1, bmi2

Memory: 4k page, physical 8388608k(3718116k free)

/proc/meminfo:


vm_info: Java HotSpot(TM) 64-Bit Server VM (25.144-b01) for bsd-amd64 JRE (1.8.0_144-b01), built on Jul 21 2017 22:07:42 by "java_re" with gcc 4.2.1 (Based on Apple Inc. build 5658) (LLVM build 2336.11.00)

time: Fri May 25 07:41:23 2018
elapsed time: 36 seconds (0d 0h 0m 36s)

