#
# A fatal error has been detected by the Java Runtime Environment:
#
#  SIGSEGV (0xb) at pc=0x00007fffc55a705d, pid=2115, tid=0x0000000000000307
#
# JRE version: Java(TM) SE Runtime Environment (8.0_144-b01) (build 1.8.0_144-b01)
# Java VM: Java HotSpot(TM) 64-Bit Server VM (25.144-b01 mixed mode bsd-amd64 compressed oops)
# Problematic frame:
# C  [libobjc.A.dylib+0x705d]  objc_msgSend+0x1d
#
# Failed to write core dump. Core dumps have been disabled. To enable core dumping, try "ulimit -c unlimited" before starting Java again
#
# If you would like to submit a bug report, please visit:
#   http://bugreport.java.com/bugreport/crash.jsp
# The crash happened outside the Java Virtual Machine in native code.
# See problematic frame for where to report the bug.
#

---------------  T H R E A D  ---------------

Current thread (0x00007fd5f2096000):  JavaThread "AppKit Thread" daemon [_thread_in_native, id=775, stack(0x00007fff5c882000,0x00007fff5d082000)]

siginfo: si_signo: 11 (SIGSEGV), si_code: 1 (SEGV_MAPERR), si_addr: 0x0000000000000018

Registers:
RAX=0x0000000000000000, RBX=0x00007fd5f1d7b6e0, RCX=0x0000000000000000, RDX=0x00000000000fc040
RSP=0x00007fff5d07c848, RBP=0x00007fff5d07c870, RSI=0x00007fffaee8e7ab, RDI=0x00007fd5f1c8da20
R8 =0x0000000000000003, R9 =0x0000000000000000, R10=0x0000000000000000, R11=0x00007fffaee8e7ab
R12=0x0000000000000094, R13=0x00007fffaee7117f, R14=0x00007fd5f1c8da20, R15=0x0000000000000000
RIP=0x00007fffc55a705d, EFLAGS=0x0000000000010246, ERR=0x0000000000000004
  TRAPNO=0x000000000000000e

Top of Stack: (sp=0x00007fff5d07c848)
0x00007fff5d07c848:   0000000110175598 00007fd5f1d7b6e0
0x00007fff5d07c858:   00000001101a9c60 00007fd5f1e4eae0
0x00007fff5d07c868:   00007fd5f1e4eae0 00007fff5d07cde0
0x00007fff5d07c878:   00007fffae35de7b 0000000000000000
0x00007fff5d07c888:   0000000000000000 4094000000000000
0x00007fff5d07c898:   4086800000000000 0000000000000000
0x00007fff5d07c8a8:   0000000000000000 4094000000000000
0x00007fff5d07c8b8:   4086800000000000 00007fff5d07c8e0
0x00007fff5d07c8c8:   00007fffb0ea4f20 0000000000000140
0x00007fff5d07c8d8:   ffff802a0e388480 00007fd5f1c77b80
0x00007fff5d07c8e8:   00007fffced01480 00007fff5d07c950
0x00007fff5d07c8f8:   00007fffc55af243 00007fffced015c0
0x00007fff5d07c908:   00000001aee29100 00007fd5f1c77b80
0x00007fff5d07c918:   ffff802a0e388480 00007fd5f2a10d40
0x00007fff5d07c928:   00007fd5f1d7ca90 00007fffaee29100
0x00007fff5d07c938:   00007fd5f1d7b6e0 00007fffc55a7040
0x00007fff5d07c948:   00007fff5d07c9b0 00007fff5d07c9a0
0x00007fff5d07c958:   00007fffaea3791f 401c000000000000
0x00007fff5d07c968:   4086a00000000000 402c000000000000
0x00007fff5d07c978:   0000000000000000 00007fff00000000
0x00007fff5d07c988:   0000000000000000 00007fffaee42bb8
0x00007fff5d07c998:   00007fd5f1d7ca00 000000015d07c9f0
0x00007fff5d07c9a8:   00007fd5f1d7ca90 0000000000000088
0x00007fff5d07c9b8:   00007fd5f1f2b350 012c000000000000
0x00007fff5d07c9c8:   00007fd5f1d7b6e0 00007fff5d07c9f0
0x00007fff5d07c9d8:   00007fd5f1d7ca90 00007fff5d07cac0
0x00007fff5d07c9e8:   00007fd5f1d7ca90 00007fff5d07ca30
0x00007fff5d07c9f8:   00007fffae415c42 401c000000000000
0x00007fff5d07ca08:   4086980000000000 402c000000000000
0x00007fff5d07ca18:   4030000000000000 00007fff5d07cac0
0x00007fff5d07ca28:   00007fd5f1d7ca90 00007fff5d07cab0
0x00007fff5d07ca38:   00007fffae415be4 401c000000000000 

Instructions: (pc=0x00007fffc55a705d)
0x00007fffc55a703d:   0f 1f 00 48 85 ff 2e 74 62 40 f6 c7 01 2e 75 66
0x00007fffc55a704d:   49 ba f8 ff ff ff ff 7f 00 00 4c 23 17 49 89 f3
0x00007fffc55a705d:   45 23 5a 18 49 c1 e3 04 4d 03 5a 10 49 3b 33 75
0x00007fffc55a706d:   04 41 ff 63 08 49 83 3b 01 76 0d 49 83 c3 10 49 

Register to memory mapping:

RAX=0x0000000000000000 is an unknown value
RBX=0x00007fd5f1d7b6e0 is an unknown value
RCX=0x0000000000000000 is an unknown value
RDX=0x00000000000fc040 is an unknown value
RSP=0x00007fff5d07c848 is pointing into the stack for thread: 0x00007fd5f2096000
RBP=0x00007fff5d07c870 is pointing into the stack for thread: 0x00007fd5f2096000
RSI=0x00007fffaee8e7ab: __NSStyleNameIndexTable+0xe03f3 in /System/Library/Frameworks/AppKit.framework/Versions/C/AppKit at 0x00007fffae1c1000
RDI=0x00007fd5f1c8da20 is an unknown value
R8 =0x0000000000000003 is an unknown value
R9 =0x0000000000000000 is an unknown value
R10=0x0000000000000000 is an unknown value
R11=0x00007fffaee8e7ab: __NSStyleNameIndexTable+0xe03f3 in /System/Library/Frameworks/AppKit.framework/Versions/C/AppKit at 0x00007fffae1c1000
R12=0x0000000000000094 is an unknown value
R13=0x00007fffaee7117f: __NSStyleNameIndexTable+0xc2dc7 in /System/Library/Frameworks/AppKit.framework/Versions/C/AppKit at 0x00007fffae1c1000
R14=0x00007fd5f1c8da20 is an unknown value
R15=0x0000000000000000 is an unknown value


Stack: [0x00007fff5c882000,0x00007fff5d082000],  sp=0x00007fff5d07c848,  free space=8170k
Native frames: (J=compiled Java code, j=interpreted, Vv=VM code, C=native code)
C  [libobjc.A.dylib+0x705d]  objc_msgSend+0x1d
C  [AppKit+0x19ce7b]  -[NSView _recursiveDisplayRectIfNeededIgnoringOpacity:isVisibleRect:rectIsVisibleRectForView:topView:]+0x6ee
C  [AppKit+0x19d6d1]  -[NSView _recursiveDisplayRectIfNeededIgnoringOpacity:isVisibleRect:rectIsVisibleRectForView:topView:]+0xf44
C  [AppKit+0x19c2af]  -[NSThemeFrame _recursiveDisplayRectIfNeededIgnoringOpacity:isVisibleRect:rectIsVisibleRectForView:topView:]+0x14e
C  [AppKit+0x19a6d8]  -[NSView _displayRectIgnoringOpacity:isVisibleRect:rectIsVisibleRectForView:]+0x994
C  [AppKit+0x195fca]  -[NSView displayIfNeeded]+0x6d4
C  [AppKit+0x1958db]  -[NSWindow displayIfNeeded]+0xe6
C  [AppKit+0x8f5cb4]  ___NSWindowGetDisplayCycleObserver_block_invoke.6228+0x115
C  [AppKit+0x1953b9]  __37+[NSDisplayCycle currentDisplayCycle]_block_invoke+0x1c6
C  [QuartzCore+0x11cc6]  _ZN2CA11Transaction19run_commit_handlersE18CATransactionPhase+0x2e
C  [QuartzCore+0x11b8ac]  _ZN2CA7Context18commit_transactionEPNS_11TransactionE+0xa0
C  [QuartzCore+0x107a1]  _ZN2CA11Transaction6commitEv+0x1db
C  [AppKit+0x4788b1]  __37+[NSDisplayCycle currentDisplayCycle]_block_invoke.31+0x143
C  [CoreFoundation+0xa6d37]  __CFRUNLOOP_IS_CALLING_OUT_TO_AN_OBSERVER_CALLBACK_FUNCTION__+0x17
C  [CoreFoundation+0xa6ca7]  __CFRunLoopDoObservers+0x187
C  [CoreFoundation+0x876d9]  __CFRunLoopRun+0x369
C  [CoreFoundation+0x87114]  CFRunLoopRunSpecific+0x1a4
C  [HIToolbox+0x30ebc]  RunCurrentEventLoopInMode+0xf0
C  [HIToolbox+0x30bf9]  ReceiveNextEventCommon+0xb8
C  [HIToolbox+0x30b26]  _BlockUntilNextEventMatchingListInModeWithFilter+0x47
C  [AppKit+0x46a54]  _DPSNextEvent+0x460
C  [AppKit+0x7c27ee]  -[NSApplication(NSEvent) _nextEventMatchingEventMask:untilDate:inMode:dequeue:]+0xaec
C  [libosxapp.dylib+0x23aa]  -[NSApplicationAWT nextEventMatchingMask:untilDate:inMode:dequeue:]+0x7c
C  [AppKit+0x3b3db]  -[NSApplication run]+0x39e
C  [libosxapp.dylib+0x214d]  +[NSApplicationAWT runAWTLoopWithApp:]+0x9c
C  [libawt_lwawt.dylib+0x45edf]  -[AWTStarter starter:]+0x389
C  [Foundation+0x7152a]  __NSThreadPerformPerform+0x146
C  [CoreFoundation+0xa7321]  __CFRUNLOOP_IS_CALLING_OUT_TO_A_SOURCE0_PERFORM_FUNCTION__+0x11
C  [CoreFoundation+0x8821d]  __CFRunLoopDoSources0+0x22d
C  [CoreFoundation+0x87716]  __CFRunLoopRun+0x3a6
C  [CoreFoundation+0x87114]  CFRunLoopRunSpecific+0x1a4
C  [java+0x6465]  CreateExecutionEnvironment+0x367
C  [java+0x218c]  JLI_Launch+0x7a0
C  [java+0x84c2]  main+0x65
C  [java+0x19e4]  start+0x34
C  0x0000000000000006


---------------  P R O C E S S  ---------------

Java Threads: ( => current thread )
  0x00007fd5f210d800 JavaThread "Java2D Queue Flusher" daemon [_thread_blocked, id=61447, stack(0x00007000093d1000,0x00007000094d1000)]
  0x00007fd5f31a9000 JavaThread "Java2D Disposer" daemon [_thread_blocked, id=59943, stack(0x00007000092ce000,0x00007000093ce000)]
  0x00007fd5f3171800 JavaThread "AWT-Shutdown" [_thread_blocked, id=29727, stack(0x0000700009148000,0x0000700009248000)]
=>0x00007fd5f2096000 JavaThread "AppKit Thread" daemon [_thread_in_native, id=775, stack(0x00007fff5c882000,0x00007fff5d082000)]
  0x00007fd5f3878000 JavaThread "Service Thread" daemon [_thread_blocked, id=18691, stack(0x0000700008ebf000,0x0000700008fbf000)]
  0x00007fd5f3877000 JavaThread "C1 CompilerThread2" daemon [_thread_blocked, id=18179, stack(0x0000700008dbc000,0x0000700008ebc000)]
  0x00007fd5f3803800 JavaThread "C2 CompilerThread1" daemon [_thread_blocked, id=17667, stack(0x0000700008cb9000,0x0000700008db9000)]
  0x00007fd5f3008000 JavaThread "C2 CompilerThread0" daemon [_thread_blocked, id=17155, stack(0x0000700008bb6000,0x0000700008cb6000)]
  0x00007fd5f3007000 JavaThread "Signal Dispatcher" daemon [_thread_blocked, id=16643, stack(0x0000700008ab3000,0x0000700008bb3000)]
  0x00007fd5f2018800 JavaThread "Finalizer" daemon [_thread_blocked, id=12547, stack(0x00007000089b0000,0x0000700008ab0000)]
  0x00007fd5f2015800 JavaThread "Reference Handler" daemon [_thread_blocked, id=12035, stack(0x00007000088ad000,0x00007000089ad000)]
  0x00007fd5f2003800 JavaThread "main" [_thread_in_native, id=7171, stack(0x000070000829b000,0x000070000839b000)]

Other Threads:
  0x00007fd5f302e000 VMThread [stack: 0x00007000087aa000,0x00007000088aa000] [id=11523]
  0x00007fd5f280b000 WatcherThread [stack: 0x0000700008fc2000,0x00007000090c2000] [id=19203]

VM state:not at safepoint (normal execution)

VM Mutex/Monitor currently owned by a thread: None

Heap:
 PSYoungGen      total 38400K, used 31157K [0x0000000795580000, 0x0000000798000000, 0x00000007c0000000)
  eden space 33280K, 87% used [0x0000000795580000,0x0000000797214e88,0x0000000797600000)
  from space 5120K, 36% used [0x0000000797b00000,0x0000000797cd8900,0x0000000798000000)
  to   space 5120K, 0% used [0x0000000797600000,0x0000000797600000,0x0000000797b00000)
 ParOldGen       total 87552K, used 8208K [0x0000000740000000, 0x0000000745580000, 0x0000000795580000)
  object space 87552K, 9% used [0x0000000740000000,0x0000000740804010,0x0000000745580000)
 Metaspace       used 10521K, capacity 10725K, committed 11008K, reserved 1058816K
  class space    used 1077K, capacity 1163K, committed 1280K, reserved 1048576K

Card table byte_map: [0x00000001047c0000,0x0000000104bc1000] byte_map_base: 0x0000000100dc0000

Marking Bits: (ParMarkBitMap*) 0x00000001034ee5d0
 Begin Bits: [0x0000000104e6c000, 0x0000000106e6c000)
 End Bits:   [0x0000000106e6c000, 0x0000000108e6c000)

Polling page: 0x0000000103be5000

CodeCache: size=245760Kb used=5264Kb max_used=5265Kb free=240495Kb
 bounds [0x0000000110f8c000, 0x00000001114bc000, 0x000000011ff8c000]
 total_blobs=1743 nmethods=1213 adapters=444
 compilation: enabled

Compilation events (10 events):
Event: 13.215 Thread 0x00007fd5f3008000 1210       4       org.newdawn.slick.Image::draw (236 bytes)
Event: 13.223 Thread 0x00007fd5f3008000 nmethod 1210 0x00000001114b4250 code [0x00000001114b4560, 0x00000001114b51b0]
Event: 13.681 Thread 0x00007fd5f3877000 1212       3       java.util.concurrent.locks.AbstractOwnableSynchronizer::setExclusiveOwnerThread (6 bytes)
Event: 13.682 Thread 0x00007fd5f3877000 nmethod 1212 0x00000001114aad50 code [0x00000001114aaea0, 0x00000001114ab010]
Event: 13.682 Thread 0x00007fd5f3877000 1211       1       java.util.concurrent.locks.AbstractOwnableSynchronizer::getExclusiveOwnerThread (5 bytes)
Event: 13.682 Thread 0x00007fd5f3877000 nmethod 1211 0x0000000111406310 code [0x0000000111406460, 0x0000000111406570]
Event: 13.806 Thread 0x00007fd5f3877000 1213       3       java.net.URLClassLoader$1::run (5 bytes)
Event: 13.806 Thread 0x00007fd5f3877000 nmethod 1213 0x00000001114aa990 code [0x00000001114aab00, 0x00000001114aaca8]
Event: 13.806 Thread 0x00007fd5f3877000 1214   !   3       java.net.URLClassLoader$1::run (63 bytes)
Event: 13.807 Thread 0x00007fd5f3877000 nmethod 1214 0x00000001114ae650 code [0x00000001114ae820, 0x00000001114aed68]

GC Heap History (4 events):
Event: 1.319 GC heap before
{Heap before GC invocations=1 (full 0):
 PSYoungGen      total 38400K, used 31651K [0x0000000795580000, 0x0000000798000000, 0x00000007c0000000)
  eden space 33280K, 95% used [0x0000000795580000,0x0000000797468d48,0x0000000797600000)
  from space 5120K, 0% used [0x0000000797b00000,0x0000000797b00000,0x0000000798000000)
  to   space 5120K, 0% used [0x0000000797600000,0x0000000797600000,0x0000000797b00000)
 ParOldGen       total 87552K, used 0K [0x0000000740000000, 0x0000000745580000, 0x0000000795580000)
  object space 87552K, 0% used [0x0000000740000000,0x0000000740000000,0x0000000745580000)
 Metaspace       used 9701K, capacity 9881K, committed 10112K, reserved 1058816K
  class space    used 1028K, capacity 1117K, committed 1152K, reserved 1048576K
Event: 1.327 GC heap after
Heap after GC invocations=1 (full 0):
 PSYoungGen      total 38400K, used 3533K [0x0000000795580000, 0x0000000798000000, 0x00000007c0000000)
  eden space 33280K, 0% used [0x0000000795580000,0x0000000795580000,0x0000000797600000)
  from space 5120K, 69% used [0x0000000797600000,0x0000000797973628,0x0000000797b00000)
  to   space 5120K, 0% used [0x0000000797b00000,0x0000000797b00000,0x0000000798000000)
 ParOldGen       total 87552K, used 8200K [0x0000000740000000, 0x0000000745580000, 0x0000000795580000)
  object space 87552K, 9% used [0x0000000740000000,0x0000000740802010,0x0000000745580000)
 Metaspace       used 9701K, capacity 9881K, committed 10112K, reserved 1058816K
  class space    used 1028K, capacity 1117K, committed 1152K, reserved 1048576K
}
Event: 2.053 GC heap before
{Heap before GC invocations=2 (full 0):
 PSYoungGen      total 38400K, used 36813K [0x0000000795580000, 0x0000000798000000, 0x00000007c0000000)
  eden space 33280K, 100% used [0x0000000795580000,0x0000000797600000,0x0000000797600000)
  from space 5120K, 69% used [0x0000000797600000,0x0000000797973628,0x0000000797b00000)
  to   space 5120K, 0% used [0x0000000797b00000,0x0000000797b00000,0x0000000798000000)
 ParOldGen       total 87552K, used 8200K [0x0000000740000000, 0x0000000745580000, 0x0000000795580000)
  object space 87552K, 9% used [0x0000000740000000,0x0000000740802010,0x0000000745580000)
 Metaspace       used 9749K, capacity 9881K, committed 10112K, reserved 1058816K
  class space    used 1030K, capacity 1117K, committed 1152K, reserved 1048576K
Event: 2.055 GC heap after
Heap after GC invocations=2 (full 0):
 PSYoungGen      total 38400K, used 1890K [0x0000000795580000, 0x0000000798000000, 0x00000007c0000000)
  eden space 33280K, 0% used [0x0000000795580000,0x0000000795580000,0x0000000797600000)
  from space 5120K, 36% used [0x0000000797b00000,0x0000000797cd8900,0x0000000798000000)
  to   space 5120K, 0% used [0x0000000797600000,0x0000000797600000,0x0000000797b00000)
 ParOldGen       total 87552K, used 8208K [0x0000000740000000, 0x0000000745580000, 0x0000000795580000)
  object space 87552K, 9% used [0x0000000740000000,0x0000000740804010,0x0000000745580000)
 Metaspace       used 9749K, capacity 9881K, committed 10112K, reserved 1058816K
  class space    used 1030K, capacity 1117K, committed 1152K, reserved 1048576K
}

Deoptimization events (10 events):
Event: 0.346 Thread 0x00007fd5f2003800 Uncommon trap: reason=unstable_if action=reinterpret pc=0x000000011113caf0 method=java.lang.String.replace(CC)Ljava/lang/String; @ 26
Event: 0.641 Thread 0x00007fd5f2003800 Uncommon trap: reason=unstable_if action=reinterpret pc=0x00000001111387f0 method=java.lang.String.indexOf([CII[CIII)I @ 3
Event: 0.812 Thread 0x00007fd5f2003800 Uncommon trap: reason=unstable_if action=reinterpret pc=0x000000011123dd90 method=com.jcraft.jogg.Buffer.read(I)I @ 23
Event: 0.854 Thread 0x00007fd5f2003800 Uncommon trap: reason=unstable_if action=reinterpret pc=0x0000000111275884 method=org.newdawn.slick.openal.OggInputStream.read()I @ 11
Event: 1.011 Thread 0x00007fd5f2003800 Uncommon trap: reason=unstable_if action=reinterpret pc=0x00000001112aa250 method=org.newdawn.slick.openal.OggInputStream.readPCM()V @ 270
Event: 1.595 Thread 0x00007fd5f2003800 Uncommon trap: reason=unstable_if action=reinterpret pc=0x00000001112cbd74 method=com.jcraft.jorbis.DspState.synthesis_blockin(Lcom/jcraft/jorbis/Block;)I @ 701
Event: 1.595 Thread 0x00007fd5f2003800 Uncommon trap: reason=unstable_if action=reinterpret pc=0x00000001112bfb08 method=org.newdawn.slick.openal.OggInputStream.readPCM()V @ 481
Event: 1.595 Thread 0x00007fd5f2003800 Uncommon trap: reason=unstable_if action=reinterpret pc=0x00000001112a7e40 method=org.newdawn.slick.openal.OggInputStream.atEnd()Z @ 4
Event: 1.595 Thread 0x00007fd5f2003800 Uncommon trap: reason=unstable_if action=reinterpret pc=0x0000000111246538 method=org.newdawn.slick.openal.OggInputStream.atEnd()Z @ 4
Event: 1.752 Thread 0x00007fd5f2003800 Uncommon trap: reason=unstable_if action=reinterpret pc=0x00000001112d657c method=java.nio.DirectByteBuffer.put([BII)Ljava/nio/ByteBuffer; @ 8

Internal exceptions (10 events):
Event: 0.193 Thread 0x00007fd5f2003800 Exception <a 'java/lang/NoSuchFieldError': method resolution failed> (0x0000000795922288) thrown at [/Users/java_re/workspace/8-2-build-macosx-x86_64/jdk8u144/9417/hotspot/src/share/vm/prims/methodHandles.cpp, line 1146]
Event: 0.328 Thread 0x00007fd5f2003800 Exception <a 'java/io/FileNotFoundException'> (0x000000079599cb80) thrown at [/Users/java_re/workspace/8-2-build-macosx-x86_64/jdk8u144/9417/hotspot/src/share/vm/prims/jni.cpp, line 709]
Event: 0.328 Thread 0x00007fd5f2003800 Exception <a 'java/io/FileNotFoundException'> (0x000000079599d700) thrown at [/Users/java_re/workspace/8-2-build-macosx-x86_64/jdk8u144/9417/hotspot/src/share/vm/prims/jni.cpp, line 709]
Event: 0.555 Thread 0x00007fd5f2003800 Exception <a 'java/lang/NoClassDefFoundError': net/java/games/input/ControllerEnvironment> (0x0000000795e9f6a0) thrown at [/Users/java_re/workspace/8-2-build-macosx-x86_64/jdk8u144/9417/hotspot/src/share/vm/classfile/systemDictionary.cpp, line 199]
Event: 0.769 Thread 0x00007fd5f2003800 Exception <a 'java/security/PrivilegedActionException'> (0x00000007961c9578) thrown at [/Users/java_re/workspace/8-2-build-macosx-x86_64/jdk8u144/9417/hotspot/src/share/vm/prims/jvm.cpp, line 1390]
Event: 0.769 Thread 0x00007fd5f2003800 Exception <a 'java/security/PrivilegedActionException'> (0x00000007961cb160) thrown at [/Users/java_re/workspace/8-2-build-macosx-x86_64/jdk8u144/9417/hotspot/src/share/vm/prims/jvm.cpp, line 1390]
Event: 0.769 Thread 0x00007fd5f2003800 Exception <a 'java/security/PrivilegedActionException'> (0x00000007961cc280) thrown at [/Users/java_re/workspace/8-2-build-macosx-x86_64/jdk8u144/9417/hotspot/src/share/vm/prims/jvm.cpp, line 1390]
Event: 0.769 Thread 0x00007fd5f2003800 Exception <a 'java/security/PrivilegedActionException'> (0x00000007961d13a0) thrown at [/Users/java_re/workspace/8-2-build-macosx-x86_64/jdk8u144/9417/hotspot/src/share/vm/prims/jvm.cpp, line 1390]
Event: 0.769 Thread 0x00007fd5f2003800 Exception <a 'java/security/PrivilegedActionException'> (0x00000007961d1ff8) thrown at [/Users/java_re/workspace/8-2-build-macosx-x86_64/jdk8u144/9417/hotspot/src/share/vm/prims/jvm.cpp, line 1390]
Event: 0.769 Thread 0x00007fd5f2003800 Exception <a 'java/security/PrivilegedActionException'> (0x00000007961d2c20) thrown at [/Users/java_re/workspace/8-2-build-macosx-x86_64/jdk8u144/9417/hotspot/src/share/vm/prims/jvm.cpp, line 1390]

Events (10 events):
Event: 3.032 loading class java/time/chrono/AbstractChronology done
Event: 3.032 loading class java/time/chrono/IsoChronology done
Event: 3.034 loading class java/time/chrono/ChronoZonedDateTime
Event: 3.035 loading class java/time/chrono/ChronoZonedDateTime done
Event: 3.035 loading class java/time/zone/ZoneOffsetTransitionRule$1
Event: 3.035 loading class java/time/zone/ZoneOffsetTransitionRule$1 done
Event: 4.124 Executing VM operation: EnableBiasedLocking
Event: 4.124 Executing VM operation: EnableBiasedLocking done
Event: 13.806 loading class org/lwjgl/opengl/CallbackUtil
Event: 13.806 loading class org/lwjgl/opengl/CallbackUtil done


Dynamic libraries:
0x000000003b310000 	/System/Library/Frameworks/Cocoa.framework/Versions/A/Cocoa
0x000000003b310000 	/System/Library/Frameworks/Security.framework/Versions/A/Security
0x000000003b310000 	/System/Library/Frameworks/ApplicationServices.framework/Versions/A/ApplicationServices
0x000000003b310000 	/usr/lib/libz.1.dylib
0x000000003b310000 	/usr/lib/libSystem.B.dylib
0x000000003b310000 	/usr/lib/libobjc.A.dylib
0x000000003b310000 	/System/Library/Frameworks/CoreFoundation.framework/Versions/A/CoreFoundation
0x000000003b310000 	/System/Library/Frameworks/Foundation.framework/Versions/C/Foundation
0x000000003b310000 	/System/Library/Frameworks/AppKit.framework/Versions/C/AppKit
0x000000003b310000 	/System/Library/Frameworks/CoreData.framework/Versions/A/CoreData
0x000000003b310000 	/System/Library/PrivateFrameworks/RemoteViewServices.framework/Versions/A/RemoteViewServices
0x000000003b310000 	/System/Library/PrivateFrameworks/UIFoundation.framework/Versions/A/UIFoundation
0x000000003b310000 	/System/Library/PrivateFrameworks/DFRFoundation.framework/Versions/A/DFRFoundation
0x000000003b310000 	/usr/lib/libenergytrace.dylib
0x000000003b310000 	/System/Library/PrivateFrameworks/SkyLight.framework/Versions/A/SkyLight
0x000000003b310000 	/System/Library/Frameworks/CoreGraphics.framework/Versions/A/CoreGraphics
0x000000003b310000 	/usr/lib/libScreenReader.dylib
0x000000003b310000 	/System/Library/Frameworks/Accelerate.framework/Versions/A/Accelerate
0x000000003b310000 	/System/Library/Frameworks/IOSurface.framework/Versions/A/IOSurface
0x000000003b310000 	/System/Library/Frameworks/AudioToolbox.framework/Versions/A/AudioToolbox
0x000000003b310000 	/System/Library/Frameworks/AudioUnit.framework/Versions/A/AudioUnit
0x000000003b310000 	/System/Library/PrivateFrameworks/DataDetectorsCore.framework/Versions/A/DataDetectorsCore
0x000000003b310000 	/System/Library/PrivateFrameworks/DesktopServicesPriv.framework/Versions/A/DesktopServicesPriv
0x000000003b310000 	/System/Library/Frameworks/Carbon.framework/Versions/A/Frameworks/HIToolbox.framework/Versions/A/HIToolbox
0x000000003b310000 	/usr/lib/libicucore.A.dylib
0x000000003b310000 	/System/Library/Frameworks/QuartzCore.framework/Versions/A/QuartzCore
0x000000003b310000 	/System/Library/Frameworks/Carbon.framework/Versions/A/Frameworks/SpeechRecognition.framework/Versions/A/SpeechRecognition
0x000000003b310000 	/usr/lib/libauto.dylib
0x000000003b310000 	/usr/lib/libxml2.2.dylib
0x000000003b310000 	/System/Library/PrivateFrameworks/CoreUI.framework/Versions/A/CoreUI
0x000000003b310000 	/System/Library/Frameworks/CoreAudio.framework/Versions/A/CoreAudio
0x000000003b310000 	/System/Library/Frameworks/DiskArbitration.framework/Versions/A/DiskArbitration
0x000000003b310000 	/usr/lib/liblangid.dylib
0x000000003b310000 	/System/Library/PrivateFrameworks/MultitouchSupport.framework/Versions/A/MultitouchSupport
0x000000003b310000 	/System/Library/Frameworks/IOKit.framework/Versions/A/IOKit
0x000000003b310000 	/usr/lib/libDiagnosticMessagesClient.dylib
0x000000003b310000 	/System/Library/Frameworks/CoreServices.framework/Versions/A/CoreServices
0x000000003b310000 	/System/Library/PrivateFrameworks/PerformanceAnalysis.framework/Versions/A/PerformanceAnalysis
0x000000003b310000 	/System/Library/PrivateFrameworks/GenerationalStorage.framework/Versions/A/GenerationalStorage
0x000000003b310000 	/System/Library/Frameworks/OpenGL.framework/Versions/A/OpenGL
0x000000003b310000 	/System/Library/Frameworks/CoreImage.framework/Versions/A/CoreImage
0x000000003b310000 	/System/Library/Frameworks/CoreText.framework/Versions/A/CoreText
0x000000003b310000 	/System/Library/Frameworks/ImageIO.framework/Versions/A/ImageIO
0x000000003b310000 	/System/Library/PrivateFrameworks/Backup.framework/Versions/A/Backup
0x000000003b310000 	/usr/lib/libarchive.2.dylib
0x000000003b310000 	/System/Library/Frameworks/CFNetwork.framework/Versions/A/CFNetwork
0x000000003b310000 	/System/Library/Frameworks/SystemConfiguration.framework/Versions/A/SystemConfiguration
0x000000003b310000 	/usr/lib/libCRFSuite.dylib
0x000000003b310000 	/usr/lib/libc++.1.dylib
0x000000003b310000 	/usr/lib/libc++abi.dylib
0x000000003b310000 	/usr/lib/system/libcache.dylib
0x000000003b310000 	/usr/lib/system/libcommonCrypto.dylib
0x000000003b310000 	/usr/lib/system/libcompiler_rt.dylib
0x000000003b310000 	/usr/lib/system/libcopyfile.dylib
0x000000003b310000 	/usr/lib/system/libcorecrypto.dylib
0x000000003b310000 	/usr/lib/system/libdispatch.dylib
0x000000003b310000 	/usr/lib/system/libdyld.dylib
0x000000003b310000 	/usr/lib/system/libkeymgr.dylib
0x000000003b310000 	/usr/lib/system/liblaunch.dylib
0x000000003b310000 	/usr/lib/system/libmacho.dylib
0x000000003b310000 	/usr/lib/system/libquarantine.dylib
0x000000003b310000 	/usr/lib/system/libremovefile.dylib
0x000000003b310000 	/usr/lib/system/libsystem_asl.dylib
0x000000003b310000 	/usr/lib/system/libsystem_blocks.dylib
0x000000003b310000 	/usr/lib/system/libsystem_c.dylib
0x000000003b310000 	/usr/lib/system/libsystem_configuration.dylib
0x000000003b310000 	/usr/lib/system/libsystem_coreservices.dylib
0x000000003b310000 	/usr/lib/system/libsystem_coretls.dylib
0x000000003b310000 	/usr/lib/system/libsystem_dnssd.dylib
0x000000003b310000 	/usr/lib/system/libsystem_info.dylib
0x000000003b310000 	/usr/lib/system/libsystem_kernel.dylib
0x000000003b310000 	/usr/lib/system/libsystem_m.dylib
0x000000003b310000 	/usr/lib/system/libsystem_malloc.dylib
0x000000003b310000 	/usr/lib/system/libsystem_network.dylib
0x000000003b310000 	/usr/lib/system/libsystem_networkextension.dylib
0x000000003b310000 	/usr/lib/system/libsystem_notify.dylib
0x000000003b310000 	/usr/lib/system/libsystem_platform.dylib
0x000000003b310000 	/usr/lib/system/libsystem_pthread.dylib
0x000000003b310000 	/usr/lib/system/libsystem_sandbox.dylib
0x000000003b310000 	/usr/lib/system/libsystem_secinit.dylib
0x000000003b310000 	/usr/lib/system/libsystem_symptoms.dylib
0x000000003b310000 	/usr/lib/system/libsystem_trace.dylib
0x000000003b310000 	/usr/lib/system/libunwind.dylib
0x000000003b310000 	/usr/lib/system/libxpc.dylib
0x000000003b310000 	/usr/lib/libbsm.0.dylib
0x000000003b310000 	/usr/lib/system/libkxld.dylib
0x000000003b310000 	/usr/lib/libcoretls.dylib
0x000000003b310000 	/usr/lib/libcoretls_cfhelpers.dylib
0x000000003b310000 	/usr/lib/libOpenScriptingUtil.dylib
0x000000003b310000 	/usr/lib/libpam.2.dylib
0x000000003b310000 	/usr/lib/libsqlite3.dylib
0x000000003b310000 	/usr/lib/libxar.1.dylib
0x000000003b310000 	/usr/lib/libbz2.1.0.dylib
0x000000003b310000 	/usr/lib/liblzma.5.dylib
0x000000003b310000 	/usr/lib/libnetwork.dylib
0x000000003b310000 	/usr/lib/libpcap.A.dylib
0x000000003b310000 	/System/Library/Frameworks/CoreServices.framework/Versions/A/Frameworks/FSEvents.framework/Versions/A/FSEvents
0x000000003b310000 	/System/Library/Frameworks/CoreServices.framework/Versions/A/Frameworks/CarbonCore.framework/Versions/A/CarbonCore
0x000000003b310000 	/System/Library/Frameworks/CoreServices.framework/Versions/A/Frameworks/Metadata.framework/Versions/A/Metadata
0x000000003b310000 	/System/Library/Frameworks/CoreServices.framework/Versions/A/Frameworks/OSServices.framework/Versions/A/OSServices
0x000000003b310000 	/System/Library/Frameworks/CoreServices.framework/Versions/A/Frameworks/SearchKit.framework/Versions/A/SearchKit
0x000000003b310000 	/System/Library/Frameworks/CoreServices.framework/Versions/A/Frameworks/AE.framework/Versions/A/AE
0x000000003b310000 	/System/Library/Frameworks/CoreServices.framework/Versions/A/Frameworks/LaunchServices.framework/Versions/A/LaunchServices
0x000000003b310000 	/System/Library/Frameworks/CoreServices.framework/Versions/A/Frameworks/DictionaryServices.framework/Versions/A/DictionaryServices
0x000000003b310000 	/System/Library/Frameworks/CoreServices.framework/Versions/A/Frameworks/SharedFileList.framework/Versions/A/SharedFileList
0x000000003b310000 	/System/Library/Frameworks/NetFS.framework/Versions/A/NetFS
0x000000003b310000 	/System/Library/PrivateFrameworks/NetAuth.framework/Versions/A/NetAuth
0x000000003b310000 	/System/Library/PrivateFrameworks/login.framework/Versions/A/Frameworks/loginsupport.framework/Versions/A/loginsupport
0x000000003b310000 	/System/Library/PrivateFrameworks/TCC.framework/Versions/A/TCC
0x000000003b310000 	/usr/lib/libmecabra.dylib
0x000000003b310000 	/System/Library/Frameworks/ApplicationServices.framework/Versions/A/Frameworks/ATS.framework/Versions/A/ATS
0x000000003b310000 	/System/Library/Frameworks/ApplicationServices.framework/Versions/A/Frameworks/ColorSync.framework/Versions/A/ColorSync
0x000000003b310000 	/System/Library/Frameworks/ApplicationServices.framework/Versions/A/Frameworks/HIServices.framework/Versions/A/HIServices
0x000000003b310000 	/System/Library/Frameworks/ApplicationServices.framework/Versions/A/Frameworks/LangAnalysis.framework/Versions/A/LangAnalysis
0x000000003b310000 	/System/Library/Frameworks/ApplicationServices.framework/Versions/A/Frameworks/PrintCore.framework/Versions/A/PrintCore
0x000000003b310000 	/System/Library/Frameworks/ApplicationServices.framework/Versions/A/Frameworks/QD.framework/Versions/A/QD
0x000000003b310000 	/System/Library/Frameworks/ApplicationServices.framework/Versions/A/Frameworks/SpeechSynthesis.framework/Versions/A/SpeechSynthesis
0x000000003b310000 	/System/Library/Frameworks/Accelerate.framework/Versions/A/Frameworks/vImage.framework/Versions/A/vImage
0x000000003b310000 	/System/Library/Frameworks/Accelerate.framework/Versions/A/Frameworks/vecLib.framework/Versions/A/vecLib
0x000000003b310000 	/System/Library/Frameworks/Accelerate.framework/Versions/A/Frameworks/vecLib.framework/Versions/A/libvDSP.dylib
0x000000003b310000 	/System/Library/Frameworks/Accelerate.framework/Versions/A/Frameworks/vecLib.framework/Versions/A/libBNNS.dylib
0x000000003b310000 	/System/Library/Frameworks/Accelerate.framework/Versions/A/Frameworks/vecLib.framework/Versions/A/libQuadrature.dylib
0x000000003b310000 	/System/Library/Frameworks/Accelerate.framework/Versions/A/Frameworks/vecLib.framework/Versions/A/libvMisc.dylib
0x000000003b310000 	/System/Library/Frameworks/Accelerate.framework/Versions/A/Frameworks/vecLib.framework/Versions/A/libLAPACK.dylib
0x000000003b310000 	/System/Library/Frameworks/Accelerate.framework/Versions/A/Frameworks/vecLib.framework/Versions/A/libBLAS.dylib
0x000000003b310000 	/System/Library/Frameworks/Accelerate.framework/Versions/A/Frameworks/vecLib.framework/Versions/A/libLinearAlgebra.dylib
0x000000003b310000 	/System/Library/Frameworks/Accelerate.framework/Versions/A/Frameworks/vecLib.framework/Versions/A/libSparseBLAS.dylib
0x000000003b310000 	/System/Library/Frameworks/ApplicationServices.framework/Versions/A/Frameworks/ATS.framework/Versions/A/Resources/libFontParser.dylib
0x000000003b310000 	/System/Library/Frameworks/ApplicationServices.framework/Versions/A/Frameworks/ATS.framework/Versions/A/Resources/libFontRegistry.dylib
0x000000003b310000 	/System/Library/Frameworks/ImageIO.framework/Versions/A/Resources/libJPEG.dylib
0x000000003b310000 	/System/Library/Frameworks/ImageIO.framework/Versions/A/Resources/libTIFF.dylib
0x000000003b310000 	/System/Library/Frameworks/ImageIO.framework/Versions/A/Resources/libPng.dylib
0x000000003b310000 	/System/Library/Frameworks/ImageIO.framework/Versions/A/Resources/libGIF.dylib
0x000000003b310000 	/System/Library/Frameworks/ImageIO.framework/Versions/A/Resources/libJP2.dylib
0x000000003b310000 	/System/Library/Frameworks/ImageIO.framework/Versions/A/Resources/libRadiance.dylib
0x000000003b310000 	/usr/lib/libcompression.dylib
0x000000003b310000 	/System/Library/PrivateFrameworks/AppleJPEG.framework/Versions/A/AppleJPEG
0x000000003b310000 	/usr/lib/libcups.2.dylib
0x000000003b310000 	/System/Library/Frameworks/Kerberos.framework/Versions/A/Kerberos
0x000000003b310000 	/System/Library/Frameworks/GSS.framework/Versions/A/GSS
0x000000003b310000 	/usr/lib/libresolv.9.dylib
0x000000003b310000 	/usr/lib/libiconv.2.dylib
0x000000003b310000 	/System/Library/PrivateFrameworks/Heimdal.framework/Versions/A/Heimdal
0x000000003b310000 	/usr/lib/libheimdal-asn1.dylib
0x000000003b310000 	/System/Library/Frameworks/OpenDirectory.framework/Versions/A/OpenDirectory
0x000000003b310000 	/System/Library/PrivateFrameworks/CommonAuth.framework/Versions/A/CommonAuth
0x000000003b310000 	/System/Library/Frameworks/OpenDirectory.framework/Versions/A/Frameworks/CFOpenDirectory.framework/Versions/A/CFOpenDirectory
0x000000003b310000 	/System/Library/Frameworks/SecurityFoundation.framework/Versions/A/SecurityFoundation
0x000000003b310000 	/System/Library/PrivateFrameworks/LanguageModeling.framework/Versions/A/LanguageModeling
0x000000003b310000 	/usr/lib/libmarisa.dylib
0x000000003b310000 	/usr/lib/libChineseTokenizer.dylib
0x000000003b310000 	/usr/lib/libcmph.dylib
0x000000003b310000 	/System/Library/PrivateFrameworks/CoreEmoji.framework/Versions/A/CoreEmoji
0x000000003b310000 	/System/Library/Frameworks/ServiceManagement.framework/Versions/A/ServiceManagement
0x000000003b310000 	/usr/lib/libxslt.1.dylib
0x000000003b310000 	/System/Library/Frameworks/Carbon.framework/Versions/A/Frameworks/Ink.framework/Versions/A/Ink
0x000000003b310000 	/System/Library/PrivateFrameworks/TextureIO.framework/Versions/A/TextureIO
0x000000003b310000 	/System/Library/Frameworks/Metal.framework/Versions/A/Metal
0x000000003b310000 	/usr/lib/libate.dylib
0x000000003b310000 	/System/Library/PrivateFrameworks/GPUCompiler.framework/libmetal_timestamp.dylib
0x000000003b310000 	/System/Library/Frameworks/OpenGL.framework/Versions/A/Libraries/libCoreFSCache.dylib
0x000000003b310000 	/System/Library/PrivateFrameworks/IOAccelerator.framework/Versions/A/IOAccelerator
0x000000003b310000 	/System/Library/Frameworks/CoreVideo.framework/Versions/A/CoreVideo
0x000000003b310000 	/usr/lib/libFosl_dynamic.dylib
0x000000003b310000 	/System/Library/PrivateFrameworks/MetalPerformanceShaders.framework/Versions/A/MetalPerformanceShaders
0x000000003b310000 	/System/Library/PrivateFrameworks/FaceCore.framework/Versions/A/FaceCore
0x000000003b310000 	/System/Library/Frameworks/OpenCL.framework/Versions/A/OpenCL
0x000000003b310000 	/System/Library/Frameworks/OpenGL.framework/Versions/A/Libraries/libGLU.dylib
0x000000003b310000 	/System/Library/Frameworks/OpenGL.framework/Versions/A/Libraries/libGFXShared.dylib
0x000000003b310000 	/System/Library/Frameworks/OpenGL.framework/Versions/A/Libraries/libGL.dylib
0x000000003b310000 	/System/Library/Frameworks/OpenGL.framework/Versions/A/Libraries/libGLImage.dylib
0x000000003b310000 	/System/Library/Frameworks/OpenGL.framework/Versions/A/Libraries/libCVMSPluginSupport.dylib
0x000000003b310000 	/System/Library/Frameworks/OpenGL.framework/Versions/A/Libraries/libCoreVMClient.dylib
0x000000003b310000 	/System/Library/PrivateFrameworks/CrashReporterSupport.framework/Versions/A/CrashReporterSupport
0x000000003b310000 	/System/Library/PrivateFrameworks/Sharing.framework/Versions/A/Sharing
0x000000003b310000 	/System/Library/PrivateFrameworks/IconServices.framework/Versions/A/IconServices
0x000000003b310000 	/System/Library/PrivateFrameworks/ProtocolBuffer.framework/Versions/A/ProtocolBuffer
0x000000003b310000 	/System/Library/PrivateFrameworks/Apple80211.framework/Versions/A/Apple80211
0x000000003b310000 	/System/Library/Frameworks/CoreWLAN.framework/Versions/A/CoreWLAN
0x000000003b310000 	/System/Library/PrivateFrameworks/CoreUtils.framework/Versions/A/CoreUtils
0x000000003b310000 	/System/Library/Frameworks/IOBluetooth.framework/Versions/A/IOBluetooth
0x000000003b310000 	/System/Library/PrivateFrameworks/CoreWiFi.framework/Versions/A/CoreWiFi
0x000000003b310000 	/System/Library/Frameworks/CoreBluetooth.framework/Versions/A/CoreBluetooth
0x000000003b310000 	/System/Library/Frameworks/CoreDisplay.framework/Versions/A/CoreDisplay
0x000000003b310000 	/System/Library/PrivateFrameworks/IOPresentment.framework/Versions/A/IOPresentment
0x000000003b310000 	/System/Library/PrivateFrameworks/DSExternalDisplay.framework/Versions/A/DSExternalDisplay
0x000000003b310000 	/System/Library/PrivateFrameworks/DebugSymbols.framework/Versions/A/DebugSymbols
0x000000003b310000 	/System/Library/PrivateFrameworks/CoreSymbolication.framework/Versions/A/CoreSymbolication
0x000000003b310000 	/System/Library/PrivateFrameworks/Symbolication.framework/Versions/A/Symbolication
0x000000003b310000 	/System/Library/PrivateFrameworks/AppleFSCompression.framework/Versions/A/AppleFSCompression
0x000000003b310000 	/System/Library/PrivateFrameworks/SpeechRecognitionCore.framework/Versions/A/SpeechRecognitionCore
0x000000003b310000 	/System/Library/PrivateFrameworks/ChunkingLibrary.framework/Versions/A/ChunkingLibrary
0x0000000102bfb000 	/Library/Java/JavaVirtualMachines/jdk1.8.0_144.jdk/Contents/Home/jre/lib/server/libjvm.dylib
0x000000003b310000 	/usr/lib/libstdc++.6.dylib
0x0000000103ba2000 	/Library/Java/JavaVirtualMachines/jdk1.8.0_144.jdk/Contents/Home/jre/lib/libverify.dylib
0x0000000103bb0000 	/Library/Java/JavaVirtualMachines/jdk1.8.0_144.jdk/Contents/Home/jre/lib/libjava.dylib
0x0000000103bef000 	/Library/Java/JavaVirtualMachines/jdk1.8.0_144.jdk/Contents/Home/jre/lib/libzip.dylib
0x000000010ad64000 	/System/Library/Frameworks/JavaVM.framework/Frameworks/JavaRuntimeSupport.framework/JavaRuntimeSupport
0x000000010ad7e000 	/System/Library/Frameworks/JavaVM.framework/Versions/A/Frameworks/JavaNativeFoundation.framework/Versions/A/JavaNativeFoundation
0x000000010ad93000 	/System/Library/Frameworks/JavaVM.framework/Versions/A/JavaVM
0x000000003b310000 	/System/Library/Frameworks/Carbon.framework/Versions/A/Carbon
0x000000010ada0000 	/System/Library/PrivateFrameworks/JavaLaunching.framework/Versions/A/JavaLaunching
0x000000003b310000 	/System/Library/Frameworks/Carbon.framework/Versions/A/Frameworks/CommonPanels.framework/Versions/A/CommonPanels
0x000000003b310000 	/System/Library/Frameworks/Carbon.framework/Versions/A/Frameworks/Help.framework/Versions/A/Help
0x000000003b310000 	/System/Library/Frameworks/Carbon.framework/Versions/A/Frameworks/ImageCapture.framework/Versions/A/ImageCapture
0x000000003b310000 	/System/Library/Frameworks/Carbon.framework/Versions/A/Frameworks/OpenScripting.framework/Versions/A/OpenScripting
0x000000003b310000 	/System/Library/Frameworks/Carbon.framework/Versions/A/Frameworks/Print.framework/Versions/A/Print
0x000000003b310000 	/System/Library/Frameworks/Carbon.framework/Versions/A/Frameworks/SecurityHI.framework/Versions/A/SecurityHI
0x000000010c6fe000 	/Library/Java/JavaVirtualMachines/jdk1.8.0_144.jdk/Contents/Home/jre/lib/libawt.dylib
0x000000010c7a6000 	/Library/Java/JavaVirtualMachines/jdk1.8.0_144.jdk/Contents/Home/jre/lib/./libmlib_image.dylib
0x000000010c872000 	/Library/Java/JavaVirtualMachines/jdk1.8.0_144.jdk/Contents/Home/jre/lib/libawt_lwawt.dylib
0x000000010c929000 	/Library/Java/JavaVirtualMachines/jdk1.8.0_144.jdk/Contents/Home/jre/lib/./libosxapp.dylib
0x000000003b310000 	/System/Library/Frameworks/ExceptionHandling.framework/Versions/A/ExceptionHandling
0x000000003b310000 	/System/Library/PrivateFrameworks/CoreServicesInternal.framework/Versions/A/CoreServicesInternal
0x000000003b310000 	/System/Library/CoreServices/RawCamera.bundle/Contents/MacOS/RawCamera
0x000000003b310000 	/System/Library/Frameworks/Accelerate.framework/Versions/A/Frameworks/vImage.framework/Versions/A/Libraries/libCGInterfaces.dylib
0x000000003b310000 	/System/Library/Frameworks/ApplicationServices.framework/Versions/A/Frameworks/ATS.framework/Versions/A/Resources/libTrueTypeScaler.dylib
0x000000010e428000 	/System/Library/Frameworks/OpenGL.framework/Resources/GLEngine.bundle/GLEngine
0x000000003b310000 	/System/Library/Frameworks/OpenGL.framework/Versions/A/Libraries/libGLProgrammability.dylib
0x000000003b310000 	/System/Library/Extensions/GeForceGLDriver.bundle/Contents/MacOS/GeForceGLDriver
0x000000003b310000 	/System/Library/Extensions/GeForceGLDriver.bundle/Contents/MacOS/libclh.dylib
0x000000003b310000 	/System/Library/PrivateFrameworks/GPUSupport.framework/Versions/A/Libraries/libGPUSupportMercury.dylib
0x000000010e60d000 	/System/Library/Frameworks/OpenGL.framework/Resources//GLRendererFloat.bundle/GLRendererFloat
0x000000003b310000 	/System/Library/Frameworks/OpenCL.framework/Versions/A/Libraries/libcldcpuengine.dylib
0x000000003b310000 	/usr/lib/libcrypto.0.9.8.dylib
0x000000003b310000 	/System/Library/PrivateFrameworks/TrustEvaluationAgent.framework/Versions/A/TrustEvaluationAgent
0x000000003b310000 	/System/Library/Extensions/GeForceMTLDriver.bundle/Contents/MacOS/GeForceMTLDriver
0x000000003b310000 	/System/Library/PrivateFrameworks/FamilyControls.framework/Versions/A/FamilyControls
0x000000003b310000 	/System/Library/PrivateFrameworks/CommerceKit.framework/Versions/A/Frameworks/CommerceCore.framework/Versions/A/CommerceCore
0x000000003b310000 	/System/Library/PrivateFrameworks/SystemAdministration.framework/Versions/A/SystemAdministration
0x000000003b310000 	/System/Library/PrivateFrameworks/AppContainer.framework/Versions/A/AppContainer
0x000000003b310000 	/System/Library/PrivateFrameworks/SecCodeWrapper.framework/Versions/A/SecCodeWrapper
0x000000003b310000 	/System/Library/Frameworks/DirectoryService.framework/Versions/A/DirectoryService
0x000000003b310000 	/System/Library/PrivateFrameworks/DiskImages.framework/Versions/A/DiskImages
0x000000003b310000 	/System/Library/PrivateFrameworks/LoginUIKit.framework/Versions/A/Frameworks/LoginUICore.framework/Versions/A/LoginUICore
0x000000003b310000 	/usr/lib/libCoreStorage.dylib
0x000000003b310000 	/usr/lib/libcsfde.dylib
0x000000003b310000 	/usr/lib/libodfde.dylib
0x000000003b310000 	/System/Library/Frameworks/DiscRecording.framework/Versions/A/DiscRecording
0x000000003b310000 	/usr/lib/libcurl.4.dylib
0x000000003b310000 	/System/Library/PrivateFrameworks/MediaKit.framework/Versions/A/MediaKit
0x000000003b310000 	/System/Library/PrivateFrameworks/ProtectedCloudStorage.framework/Versions/A/ProtectedCloudStorage
0x000000003b310000 	/System/Library/PrivateFrameworks/EFILogin.framework/Versions/A/EFILogin
0x000000003b310000 	/usr/lib/libutil.dylib
0x000000003b310000 	/System/Library/Frameworks/LDAP.framework/Versions/A/LDAP
0x000000003b310000 	/usr/lib/libsasl2.2.dylib
0x000000003b310000 	/System/Library/PrivateFrameworks/CoreDaemon.framework/Versions/B/CoreDaemon
0x000000003b310000 	/System/Library/PrivateFrameworks/AppleSRP.framework/Versions/A/AppleSRP
0x000000003b310000 	/System/Library/PrivateFrameworks/APFS.framework/Versions/A/APFS
0x0000000110104000 	/Library/Java/JavaVirtualMachines/jdk1.8.0_144.jdk/Contents/Home/jre/lib/libfontmanager.dylib
0x000000011016b000 	/Users/jgla8159/Documents/PKMNEngine-v0.3-master/slick/liblwjgl.dylib
0x000000010d8a6000 	/Library/Java/JavaVirtualMachines/jdk1.8.0_144.jdk/Contents/Home/jre/lib/libjawt.dylib
0x000000003b310000 	/System/Library/PrivateFrameworks/ViewBridge.framework/Versions/A/ViewBridge
0x000000003b310000 	/System/Library/PrivateFrameworks/XPCService.framework/Versions/A/XPCService
0x000000003b310000 	/System/Library/PrivateFrameworks/AppSandbox.framework/Versions/A/AppSandbox
0x000000003b310000 	/usr/lib/libsandbox.1.dylib
0x000000003b310000 	/usr/lib/libMatch.1.dylib
0x0000000126c71000 	/Library/Java/JavaVirtualMachines/jdk1.8.0_144.jdk/Contents/Home/jre/lib/libnio.dylib
0x0000000126c81000 	/Library/Java/JavaVirtualMachines/jdk1.8.0_144.jdk/Contents/Home/jre/lib/./libnet.dylib
0x0000000128009000 	/Users/jgla8159/Documents/PKMNEngine-v0.3-master/slick/openal.dylib
0x000000012808d000 	/System/Library/Components/CoreAudio.component/Contents/MacOS/CoreAudio
0x000000012828b000 	/System/Library/Extensions/AppleHDA.kext/Contents/PlugIns/AppleHDAHALPlugIn.bundle/Contents/MacOS/AppleHDAHALPlugIn

VM Arguments:
jvm_args: -Djava.library.path=/Users/jgla8159/Documents/PKMNEngine-v0.3-master/slick -Dfile.encoding=UTF-8 
java_command: Main
java_class_path (initial): /Users/jgla8159/Documents/PKMNEngine-v0.3-master/bin:/Users/jgla8159/Documents/PKMNEngine-v0.3-master/slick/jogg-0.0.7.jar:/Users/jgla8159/Documents/PKMNEngine-v0.3-master/slick/jorbis-0.0.15.jar:/Users/jgla8159/Documents/PKMNEngine-v0.3-master/slick/lwjgl.jar:/Users/jgla8159/Documents/PKMNEngine-v0.3-master/slick/slick.jar
Launcher Type: SUN_STANDARD

Environment Variables:
PATH=/usr/bin:/bin:/usr/sbin:/sbin
SHELL=/bin/bash

Signal Handlers:
SIGSEGV: [libjvm.dylib+0x5b26e5], sa_mask[0]=11111111011111110111111111111111, sa_flags=SA_ONSTACK|SA_RESTART|SA_SIGINFO
SIGBUS: [libjvm.dylib+0x5b26e5], sa_mask[0]=11111111011111110111111111111111, sa_flags=SA_RESTART|SA_SIGINFO
SIGFPE: [libjvm.dylib+0x489100], sa_mask[0]=11111111011111110111111111111111, sa_flags=SA_RESTART|SA_SIGINFO
SIGPIPE: [libjvm.dylib+0x489100], sa_mask[0]=11111111011111110111111111111111, sa_flags=SA_RESTART|SA_SIGINFO
SIGXFSZ: [libjvm.dylib+0x489100], sa_mask[0]=11111111011111110111111111111111, sa_flags=SA_RESTART|SA_SIGINFO
SIGILL: [libjvm.dylib+0x489100], sa_mask[0]=11111111011111110111111111111111, sa_flags=SA_RESTART|SA_SIGINFO
SIGUSR1: SIG_DFL, sa_mask[0]=00000000000000000000000000000000, sa_flags=none
SIGUSR2: [libjvm.dylib+0x488c1e], sa_mask[0]=00100000000000000000000000000000, sa_flags=SA_RESTART|SA_SIGINFO
SIGHUP: [libjvm.dylib+0x4871f5], sa_mask[0]=11111111011111110111111111111111, sa_flags=SA_RESTART|SA_SIGINFO
SIGINT: [libjvm.dylib+0x4871f5], sa_mask[0]=11111111011111110111111111111111, sa_flags=SA_RESTART|SA_SIGINFO
SIGTERM: [libjvm.dylib+0x4871f5], sa_mask[0]=11111111011111110111111111111111, sa_flags=SA_RESTART|SA_SIGINFO
SIGQUIT: [libjvm.dylib+0x4871f5], sa_mask[0]=11111111011111110111111111111111, sa_flags=SA_RESTART|SA_SIGINFO


---------------  S Y S T E M  ---------------

OS:Bsduname:Darwin 16.7.0 Darwin Kernel Version 16.7.0: Tue Jan 30 11:27:06 PST 2018; root:xnu-3789.73.11~1/RELEASE_X86_64 x86_64
rlimit: STACK 8192k, CORE 0k, NPROC 709, NOFILE 10240, AS infinity
load average:1.66 1.74 1.67

CPU:total 4 (initial active 4) (4 cores per cpu, 1 threads per core) family 6 model 60 stepping 3, cmov, cx8, fxsr, mmx, sse, sse2, sse3, ssse3, sse4.1, sse4.2, popcnt, avx, avx2, aes, clmul, erms, lzcnt, tsc, tscinvbit, bmi1, bmi2

Memory: 4k page, physical 8388608k(1521056k free)

/proc/meminfo:


vm_info: Java HotSpot(TM) 64-Bit Server VM (25.144-b01) for bsd-amd64 JRE (1.8.0_144-b01), built on Jul 21 2017 22:07:42 by "java_re" with gcc 4.2.1 (Based on Apple Inc. build 5658) (LLVM build 2336.11.00)

time: Mon May 21 08:39:54 2018
elapsed time: 13 seconds (0d 0h 0m 13s)

