#
# A fatal error has been detected by the Java Runtime Environment:
#
#  SIGSEGV (0xb) at pc=0x00007fff90fdf05d, pid=11435, tid=0x0000000000000307
#
# JRE version: Java(TM) SE Runtime Environment (8.0_144-b01) (build 1.8.0_144-b01)
# Java VM: Java HotSpot(TM) 64-Bit Server VM (25.144-b01 mixed mode bsd-amd64 compressed oops)
# Problematic frame:
# C  [libobjc.A.dylib+0x705d]  objc_msgSend+0x1d
#
# Failed to write core dump. Core dumps have been disabled. To enable core dumping, try "ulimit -c unlimited" before starting Java again
#
# If you would like to submit a bug report, please visit:
#   http://bugreport.java.com/bugreport/crash.jsp
# The crash happened outside the Java Virtual Machine in native code.
# See problematic frame for where to report the bug.
#

---------------  T H R E A D  ---------------

Current thread (0x00007fefb406c800):  JavaThread "AppKit Thread" daemon [_thread_in_native, id=775, stack(0x00007fff5ce66000,0x00007fff5d666000)]

siginfo: si_signo: 11 (SIGSEGV), si_code: 1 (SEGV_MAPERR), si_addr: 0x0000000000000018

Registers:
RAX=0x0000000000000000, RBX=0x00007fefb3d4e680, RCX=0x0000000000000000, RDX=0x00000000000fbfb0
RSP=0x00007fff5d660848, RBP=0x00007fff5d660870, RSI=0x00007fff7a8c67ab, RDI=0x00007fefb3e96b90
R8 =0x0000000000000003, R9 =0x0000000000000000, R10=0x0000000000000000, R11=0x00007fff7a8c67ab
R12=0x0000000000000094, R13=0x00007fff7a8a917f, R14=0x00007fefb3e96b90, R15=0x0000000000000000
RIP=0x00007fff90fdf05d, EFLAGS=0x0000000000010246, ERR=0x0000000000000004
  TRAPNO=0x000000000000000e

Top of Stack: (sp=0x00007fff5d660848)
0x00007fff5d660848:   000000012240f598 00007fefb3d4e680
0x00007fff5d660858:   0000000122443c60 00007fefb3e48bd0
0x00007fff5d660868:   00007fefb3e48bd0 00007fff5d660de0
0x00007fff5d660878:   00007fff79d95e7b 0000000000000000
0x00007fff5d660888:   0000000000000000 4094000000000000
0x00007fff5d660898:   4086800000000000 0000000000000000
0x00007fff5d6608a8:   0000000000000000 4094000000000000
0x00007fff5d6608b8:   4086800000000000 00007fff5d6608e0
0x00007fff5d6608c8:   00007fff7c8dcf20 0000000000000140
0x00007fff5d6608d8:   ffff80104c091cc0 00007fefb3f6e340
0x00007fff5d6608e8:   00007fff9a739480 00007fff5d660950
0x00007fff5d6608f8:   00007fff90fe7243 00007fff9a7395c0
0x00007fff5d660908:   000000017a861100 00007fefb3f6e340
0x00007fff5d660918:   ffff80104c091cc0 00007fefb4a63860
0x00007fff5d660928:   00007fefb3c39550 00007fff7a861100
0x00007fff5d660938:   00007fefb3d4e680 00007fff90fdf040
0x00007fff5d660948:   00007fff5d6609b0 00007fff5d6609a0
0x00007fff5d660958:   00007fff7a46f91f 401c000000000000
0x00007fff5d660968:   4086a00000000000 402c000000000000
0x00007fff5d660978:   0000000000000000 00007fff00000000
0x00007fff5d660988:   0000000000000000 00007fff7a87abb8
0x00007fff5d660998:   00007fefb3c39500 000000015d6609f0
0x00007fff5d6609a8:   00007fefb3c39550 0000000000000088
0x00007fff5d6609b8:   00007fefb3c26320 012c000000000000
0x00007fff5d6609c8:   00007fefb3d4e680 00007fff5d6609f0
0x00007fff5d6609d8:   00007fefb3c39550 00007fff5d660ac0
0x00007fff5d6609e8:   00007fefb3c39550 00007fff5d660a30
0x00007fff5d6609f8:   00007fff79e4dc42 401c000000000000
0x00007fff5d660a08:   4086980000000000 402c000000000000
0x00007fff5d660a18:   4030000000000000 00007fff5d660ac0
0x00007fff5d660a28:   00007fefb3c39550 00007fff5d660ab0
0x00007fff5d660a38:   00007fff79e4dbe4 401c000000000000 

Instructions: (pc=0x00007fff90fdf05d)
0x00007fff90fdf03d:   0f 1f 00 48 85 ff 2e 74 62 40 f6 c7 01 2e 75 66
0x00007fff90fdf04d:   49 ba f8 ff ff ff ff 7f 00 00 4c 23 17 49 89 f3
0x00007fff90fdf05d:   45 23 5a 18 49 c1 e3 04 4d 03 5a 10 49 3b 33 75
0x00007fff90fdf06d:   04 41 ff 63 08 49 83 3b 01 76 0d 49 83 c3 10 49 

Register to memory mapping:

RAX=0x0000000000000000 is an unknown value
RBX=0x00007fefb3d4e680 is an unknown value
RCX=0x0000000000000000 is an unknown value
RDX=0x00000000000fbfb0 is an unknown value
RSP=0x00007fff5d660848 is pointing into the stack for thread: 0x00007fefb406c800
RBP=0x00007fff5d660870 is pointing into the stack for thread: 0x00007fefb406c800
RSI=0x00007fff7a8c67ab: __NSStyleNameIndexTable+0xe03f3 in /System/Library/Frameworks/AppKit.framework/Versions/C/AppKit at 0x00007fff79bf9000
RDI=0x00007fefb3e96b90 is an unknown value
R8 =0x0000000000000003 is an unknown value
R9 =0x0000000000000000 is an unknown value
R10=0x0000000000000000 is an unknown value
R11=