#
# A fatal error has been detected by the Java Runtime Environment:
#
#  SIGSEGV (0xb) at pc=0x00007fff91393069, pid=1697, tid=0x0000000000000307
#
# JRE version: Java(TM) SE Runtime Environment (8.0_144-b01) (build 1.8.0_144-b01)
# Java VM: Java HotSpot(TM) 64-Bit Server VM (25.144-b01 mixed mode bsd-amd64 compressed oops)
# Problematic frame:
# C  [libobjc.A.dylib+0x7069]  objc_msgSend+0x29
#
# Failed to write core dump. Core dumps have been disabled. To enable core dumping, try "ulimit -c unlimited" before starting Java again
#
# If you would like to submit a bug report, please visit:
#   http://bugreport.java.com/bugreport/crash.jsp
# The crash happened outside the Java Virtual Machine in native code.
# See problematic frame for where to report the bug.
#

---------------  T H R E A D  ---------------

Current thread (0x00007fc3358c0800):  JavaThread "AppKit Thread" daemon [_thread_in_native, id=775, stack(0x00007fff50588000,0x00007fff50d88000)]

siginfo: si_signo: 11 (SIGSEGV), si_code: 1 (SEGV_MAPERR), si_addr: 0x0000012800000608

Registers:
RAX=0x0000000000000000, RBX=0x00007fc333f5f5c0, RCX=0x0000000000000000, RDX=0x00000000000fc040
RSP=0x00007fff50d82848, RBP=0x00007fff50d82870, RSI=0x00007fff7ac7a7ab, RDI=0x00007fc333f6e090
R8 =0x0000000000000003, R9 =0x0000000000000000, R10=0x0000000111c60210, R11=0x0000012800000608
R12=0x0000000000000094, R13=0x00007fff7ac5d17f, R14=0x00007fc333f6e090, R15=0x0000000000000000
RIP=0x00007fff91393069, EFLAGS=0x0000000000010202, ERR=0x0000000000000004
  TRAPNO=0x000000000000000e

Top of Stack: (sp=0x00007fff50d82848)
0x00007fff50d82848:   000000012ed03598 00007fc333f5f5c0
0x00007fff50d82858:   000000012ed37c60 00007fc333f4ab80
0x00007fff50d82868:   00007fc333f4ab80 00007fff50d82de0
0x00007fff50d82878:   00007fff7a149e7b 0000000000000000
0x00007fff50d82888:   0000000000000000 4094000000000000
0x00007fff50d82898:   4086800000000000 0000000000000000
0x00007fff50d828a8:   0000000000000000 4094000000000000
0x00007fff50d828b8:   4086800000000000 00007fff50d828e0
0x00007fff50d828c8:   00007fff7cc90f20 00000000000006c0
0x00007fff50d828d8:   ffff803ccc09eed0 00007fc333f61130
0x00007fff50d828e8:   00007fff9aaed480 00007fff50d82950
0x00007fff50d828f8:   00007fff9139b243 00007fff9aaedb40
0x00007fff50d82908:   000000017ac15100 00007fc333f61130
0x00007fff50d82918:   ffff803ccc09eed0 00007fc3359cb560
0x00007fff50d82928:   00007fc333d7dba0 00007fff7ac15100
0x00007fff50d82938:   00007fc333f5f5c0 00007fff91393040
0x00007fff50d82948:   00007fff50d829b0 00007fff50d829a0
0x00007fff50d82958:   00007fff7a82391f 401c000000000000
0x00007fff50d82968:   4086a00000000000 402c000000000000
0x00007fff50d82978:   0000000000000000 00007fff00000000
0x00007fff50d82988:   0000000000000000 00007fff7ac2ebb8
0x00007fff50d82998:   00007fc333d7db00 0000000150d829f0
0x00007fff50d829a8:   00007fc333d7dba0 0000000000000088
0x00007fff50d829b8:   00007fc333f523d0 012c000000000000
0x00007fff50d829c8:   00007fc333f5f5c0 00007fff50d829f0
0x00007fff50d829d8:   00007fc333d7dba0 00007fff50d82ac0
0x00007fff50d829e8:   00007fc333d7dba0 00007fff50d82a30
0x00007fff50d829f8:   00007fff7a201c42 401c000000000000
0x00007fff50d82a08:   4086980000000000 402c000000000000
0x00007fff50d82a18:   4030000000000000 00007fff50d82ac0
0x00007fff50d82a28:   00007fc333d7dba0 00007fff50d82ab0
0x00007fff50d82a38:   00007fff7a201be4 401c000000000000 

Instructions: (pc=0x00007fff91393069)
0x00007fff91393049:   01 2e 75 66 49 ba f8 ff ff ff ff 7f 00 00 4c 23
0x00007fff91393059:   17 49 89 f3 45 23 5a 18 49 c1 e3 04 4d 03 5a 10
0x00007fff91393069:   49 3b 33 75 04 41 ff 63 08 49 83 3b 01 76 0d 49
0x00007fff91393079:   83 c3 10 49 3b 33 75 f1 41 ff 63 08 72 64 4d 8b 

Register to memory mapping:

RAX=0x0000000000000000 is an unknown value
RBX=0x00007fc333f5f5c0 is an unknown value
RCX=0x0000000000000000 is an unknown value
RDX=0x00000000000fc040 is an unknown value
RSP=0x00007fff50d82848 is pointing into the stack for thread: 0x00007fc3358c0800
RBP=0x00007fff50d82870 is pointing into the stack for thread: 0x00007fc3358c0800
RSI=0x00007fff7ac7a7ab: __NSStyleNameIndexTable+0xe03f3 in /System/Library/Frameworks/AppKit.framework/Versions/C/AppKit at 0x00007fff79fad000
RDI=0x00007fc333f6e090 is an unknown value
R8 =0x0000000000000003 is an unknown value
R9 =0x0000000000000000 is an unknown value
R10=0x0000000111c60210 is at entry_point+-368 in (nmethod*)0x0000000111c60210
R11=0x0000012800000608 is an unknown value
R12=0x0000000000000094 is an unknown value
R13=0x00007fff7ac5d17f: __NSStyleNameIndexTable+0xc2dc7 in /System/Library/Frameworks/AppKit.framework/Versions/C/AppKit at 0x00007fff79fad000
R14=0x00007fc333f6e090 is an unknown value
R15=0x0000000000000000 is an unknown value


Stack: [0x00007fff50588000,0x00007fff50d88000],  sp=0x00007fff50d82848,  free space=8170k
Native frames: (J=compiled Java code, j=interpreted, Vv=VM code, C=native code)
C  [libobjc.A.dylib+0x7069]  objc_msgSend+0x29
C  [AppKit+0x19ce7b]  -[NSView _recursiveDisplayRectIfNeededIgnoringOpacity:isVisibleRect:rectIsVisibleRectForView:topView:]+0x6ee
C  [AppKit+0x19d6d1]  -[NSView _recursiveDisplayRectIfNeededIgnoringOpacity:isVisibleRect:rectIsVisibleRectForView:topView:]+0xf44
C  [AppKit+0x19c2af]  -[NSThemeFrame _recursiveDisplayRectIfNeededIgnoringOpacity:isVisibleRect:rectIsVisibleRectForView:topView:]+0x14e
C  [AppKit+0x19a6d8]  -[NSView _displayRectIgnoringOpacity:isVisibleRect:rectIsVisibleRectForView:]+0x994
C  [AppKit+0x195fca]  -[NSView displayIfNeeded]+0x6d4
C  [AppKit+0x1958db]  -[NSWindow displayIfNeeded]+0xe6
C  [AppKit+0x8f5cb4]  ___NSWindowGetDisplayCycleObserver_block_invoke.6228+0x115
C  [AppKit+0x1953b9]  __37+[NSDisplayCycle currentDisplayCycle]_block_invoke+0x1c6
C  [QuartzCore+0x11cc6]  _ZN2CA11Transaction19run_commit_handlersE18CATransactionPhase+0x2e
C  [QuartzCore+0x11b8ac]  _ZN2CA7Context18commit_transactionEPNS_11TransactionE+0xa0
C  [QuartzCore+0x107a1]  _ZN2CA11Transaction6commitEv+0x1db
C  [AppKit+0x4788b1]  __37+[NSDisplayCycle currentDisplayCycle]_block_invoke.31+0x143
C  [CoreFoundation+0xa6d37]  __CFRUNLOOP_IS_CALLING_OUT_TO_AN_OBSERVER_CALLBACK_FUNCTION__+0x17
C  [CoreFoundation+0xa6ca7]  __CFRunLoopDoObservers+0x187
C  [CoreFoundation+0x876d9]  __CFRunLoopRun+0x369
C  [CoreFoundation+0x87114]  CFRunLoopRunSpecific+0x1a4
C  [HIToolbox+0x30ebc]  RunCurrentEventLoopInMode+0xf0
C  [HIToolbox+0x30bf9]  ReceiveNextEventCommon+0xb8
C  [HIToolbox+0x30b26]  _BlockUntilNextEventMatchingListInModeWithFilter+0x47
C  [AppKit+0x46a54]  _DPSNextEvent+0x460
C  [AppKit+0x7c27ee]  -[NSApplication(NSEvent) _nextEventMatchingEventMask:untilDate:inMode:dequeue:]+0xaec
C  [libosxapp.dylib+0x23aa]  -[NSApplicationAWT nextEventMatchingMask:untilDate:inMode:dequeue:]+0x7c
C  [AppKit+0x3b3db]  -[NSApplication run]+0x39e
C  [libosxapp.dylib+0x214d]  +[NSApplicationAWT runAWTLoopWithApp:]+0x9c
C  [libawt_lwawt.dylib+0x45edf]  -[AWTStarter starter:]+0x389
C  [Foundation+0x7152a]  __NSThreadPerformPerform+0x146
C  [CoreFoundation+0xa7321]  __CFRUNLOOP_IS_CALLING_OUT_TO_A_SOURCE0_PERFORM_FUNCTION__+0x11
C  [CoreFoundation+0x8821d]  __CFRunLoopDoSources0+0x22d
C  [CoreFoundation+0x87716]  __CFRunLoopRun+0x3a6
C  [CoreFoundation+0x87114]  CFRunLoopRunSpecific+0x1a4
C  [java+0x6465]  CreateExecutionEnvironment+0x367
C  [java+0x218c]  JLI_Launch+0x7a0
C  [java+0x84c2]  main+0x65
C  [java+0x19e4]  start+0x34
C  0x0000000000000006


---------------  P R O C E S S  ---------------

Java Threads: ( => current thread )
  0x00007fc335173000 JavaThread "AWT-Shutdown" [_thread_blocked, id=77595, stack(0x000070000e67a000,0x000070000e77a000)]
  0x00007fc335903000 JavaThread "Java2D Queue Flusher" daemon [_thread_blocked, id=61447, stack(0x000070000e986000,0x000070000ea86000)]
  0x00007fc335973800 JavaThread "Java2D Disposer" daemon [_thread_blocked, id=59943, stack(0x000070000e883000,0x000070000e983000)]
=>0x00007fc3358c0800 JavaThread "AppKit Thread" daemon [_thread_in_native, id=775, stack(0x00007fff50588000,0x00007fff50d88000)]
  0x00007fc33401a000 JavaThread "Service Thread" daemon [_thread_blocked, id=18691, stack(0x000070000e474000,0x000070000e574000)]
  0x00007fc335822800 JavaThread "C1 CompilerThread2" daemon [_thread_blocked, id=18179, stack(0x000070000e371000,0x000070000e471000)]
  0x00007fc334011800 JavaThread "C2 CompilerThread1" daemon [_thread_blocked, id=17667, stack(0x000070000e26e000,0x000070000e36e000)]
  0x00007fc334010000 JavaThread "C2 CompilerThread0" daemon [_thread_blocked, id=17155, stack(0x000070000e16b000,0x000070000e26b000)]
  0x00007fc334028000 JavaThread "Signal Dispatcher" daemon [_thread_blocked, id=16643, stack(0x000070000e068000,0x000070000e168000)]
  0x00007fc334838800 JavaThread "Finalizer" daemon [_thread_blocked, id=12547, stack(0x000070000df65000,0x000070000e065000)]
  0x00007fc334835800 JavaThread "Reference Handler" daemon [_thread_blocked, id=12035, stack(0x000070000de62000,0x000070000df62000)]
  0x00007fc334800800 JavaThread "main" [_thread_in_native, id=7171, stack(0x000070000d850000,0x000070000d950000)]

Other Threads:
  0x00007fc33503a800 VMThread [stack: 0x000070000dd5f000,0x000070000de5f000] [id=11523]
  0x00007fc33400f000 WatcherThread [stack: 0x000070000e577000,0x000070000e677000] [id=19203]

VM state:not at safepoint (normal execution)

VM Mutex/Monitor currently owned by a thread: None

Heap:
 PSYoungGen      total 38400K, used 8048K [0x0000000795580000, 0x0000000798000000, 0x00000007c0000000)
  eden space 33280K, 16% used [0x0000000795580000,0x0000000795aec340,0x0000000797600000)
  from space 5120K, 48% used [0x0000000797600000,0x0000000797870000,0x0000000797b00000)
  to   space 5120K, 0% used [0x0000000797b00000,0x0000000797b00000,0x0000000798000000)
 ParOldGen       total 87552K, used 8216K [0x0000000740000000, 0x0000000745580000, 0x0000000795580000)
  object space 87552K, 9% used [0x0000000740000000,0x0000000740806010,0x0000000745580000)
 Metaspace       used 10494K, capacity 10673K, committed 11008K, reserved 1058816K
  class space    used 1086K, capacity 1163K, committed 1280K, reserved 1048576K

Card table byte_map: [0x000000010fbc0000,0x000000010ffc1000] byte_map_base: 0x000000010c1c0000

Marking Bits: (ParMarkBitMap*) 0x00000001110c45d0
 Begin Bits: [0x0000000120778000, 0x0000000122778000)
 End Bits:   [0x0000000122778000, 0x0000000124778000)

Polling page: 0x000000010ef38000

CodeCache: size=245760Kb used=5005Kb max_used=5013Kb free=240754Kb
 bounds [0x0000000111778000, 0x0000000111c68000, 0x0000000120778000]
 total_blobs=1726 nmethods=1196 adapters=444
 compilation: enabled

Compilation events (10 events):
Event: 10.960 Thread 0x00007fc335822800 1192       3       java.time.zone.ZoneRules::findYear (28 bytes)
Event: 10.960 Thread 0x00007fc335822800 nmethod 1192 0x0000000111c5ce90 code [0x0000000111c5d020, 0x0000000111c5d428]
Event: 11.125 Thread 0x00007fc334010000 1193       4       java.lang.String::substring (56 bytes)
Event: 11.128 Thread 0x00007fc334010000 nmethod 1193 0x0000000111c605d0 code [0x0000000111c60740, 0x0000000111c60b38]
Event: 11.425 Thread 0x00007fc334011800 1194       4       java.lang.CharacterDataLatin1::toUpperCase (53 bytes)
Event: 11.426 Thread 0x00007fc334011800 nmethod 1194 0x0000000111c5d5d0 code [0x0000000111c5d720, 0x0000000111c5d7f8]
Event: 12.150 Thread 0x00007fc335822800 1195       3       java.net.URLClassLoader$1::run (5 bytes)
Event: 12.150 Thread 0x00007fc335822800 nmethod 1195 0x0000000111c60210 code [0x0000000111c60380, 0x0000000111c60528]
Event: 12.150 Thread 0x00007fc335822800 1196   !   3       java.net.URLClassLoader$1::run (63 bytes)
Event: 12.151 Thread 0x00007fc335822800 nmethod 1196 0x0000000111c5f810 code [0x0000000111c5f9e0, 0x0000000111c5ff28]

GC Heap History (6 events):
Event: 1.333 GC heap before
{Heap before GC invocations=1 (full 0):
 PSYoungGen      total 38400K, used 31512K [0x0000000795580000, 0x0000000798000000, 0x00000007c0000000)
  eden space 33280K, 94% used [0x0000000795580000,0x00000007974463d0,0x0000000797600000)
  from space 5120K, 0% used [0x0000000797b00000,0x0000000797b00000,0x0000000798000000)
  to   space 5120K, 0% used [0x0000000797600000,0x0000000797600000,0x0000000797b00000)
 ParOldGen       total 87552K, used 0K [0x0000000740000000, 0x0000000745580000, 0x0000000795580000)
  object space 87552K, 0% used [0x0000000740000000,0x0000000740000000,0x0000000745580000)
 Metaspace       used 9687K, capacity 9829K, committed 10112K, reserved 1058816K
  class space    used 1034K, capacity 1117K, committed 1152K, reserved 1048576K
Event: 1.342 GC heap after
Heap after GC invocations=1 (full 0):
 PSYoungGen      total 38400K, used 3530K [0x0000000795580000, 0x0000000798000000, 0x00000007c0000000)
  eden space 33280K, 0% used [0x0000000795580000,0x0000000795580000,0x0000000797600000)
  from space 5120K, 68% used [0x0000000797600000,0x00000007979729c8,0x0000000797b00000)
  to   space 5120K, 0% used [0x0000000797b00000,0x0000000797b00000,0x0000000798000000)
 ParOldGen       total 87552K, used 8200K [0x0000000740000000, 0x0000000745580000, 0x0000000795580000)
  object space 87552K, 9% used [0x0000000740000000,0x0000000740802010,0x0000000745580000)
 Metaspace       used 9687K, capacity 9829K, committed 10112K, reserved 1058816K
  class space    used 1034K, capacity 1117K, committed 1152K, reserved 1048576K
}
Event: 2.228 GC heap before
{Heap before GC invocations=2 (full 0):
 PSYoungGen      total 38400K, used 36810K [0x0000000795580000, 0x0000000798000000, 0x00000007c0000000)
  eden space 33280K, 100% used [0x0000000795580000,0x0000000797600000,0x0000000797600000)
  from space 5120K, 68% used [0x0000000797600000,0x00000007979729c8,0x0000000797b00000)
  to   space 5120K, 0% used [0x0000000797b00000,0x0000000797b00000,0x0000000798000000)
 ParOldGen       total 87552K, used 8200K [0x0000000740000000, 0x0000000745580000, 0x0000000795580000)
  object space 87552K, 9% used [0x0000000740000000,0x0000000740802010,0x0000000745580000)
 Metaspace       used 9738K, capacity 9893K, committed 10112K, reserved 1058816K
  class space    used 1039K, capacity 1117K, committed 1152K, reserved 1048576K
Event: 2.230 GC heap after
Heap after GC invocations=2 (full 0):
 PSYoungGen      total 38400K, used 1842K [0x0000000795580000, 0x0000000798000000, 0x00000007c0000000)
  eden space 33280K, 0% used [0x0000000795580000,0x0000000795580000,0x0000000797600000)
  from space 5120K, 35% used [0x0000000797b00000,0x0000000797ccc8f0,0x0000000798000000)
  to   space 5120K, 0% used [0x0000000797600000,0x0000000797600000,0x0000000797b00000)
 ParOldGen       total 87552K, used 8208K [0x0000000740000000, 0x0000000745580000, 0x0000000795580000)
  object space 87552K, 9% used [0x0000000740000000,0x0000000740804010,0x0000000745580000)
 Metaspace       used 9738K, capacity 9893K, committed 10112K, reserved 1058816K
  class space    used 1039K, capacity 1117K, committed 1152K, reserved 1048576K
}
Event: 10.024 GC heap before
{Heap before GC invocations=3 (full 0):
 PSYoungGen      total 38400K, used 35122K [0x0000000795580000, 0x0000000798000000, 0x00000007c0000000)
  eden space 33280K, 100% used [0x0000000795580000,0x0000000797600000,0x0000000797600000)
  from space 5120K, 35% used [0x0000000797b00000,0x0000000797ccc8f0,0x0000000798000000)
  to   space 5120K, 0% used [0x0000000797600000,0x0000000797600000,0x0000000797b00000)
 ParOldGen       total 87552K, used 8208K [0x0000000740000000, 0x0000000745580000, 0x0000000795580000)
  object space 87552K, 9% used [0x0000000740000000,0x0000000740804010,0x0000000745580000)
 Metaspace       used 10449K, capacity 10673K, committed 11008K, reserved 1058816K
  class space    used 1085K, capacity 1163K, committed 1280K, reserved 1048576K
Event: 10.027 GC heap after
Heap after GC invocations=3 (full 0):
 PSYoungGen      total 38400K, used 2496K [0x0000000795580000, 0x0000000798000000, 0x00000007c0000000)
  eden space 33280K, 0% used [0x0000000795580000,0x0000000795580000,0x0000000797600000)
  from space 5120K, 48% used [0x0000000797600000,0x0000000797870000,0x0000000797b00000)
  to   space 5120K, 0% used [0x0000000797b00000,0x0000000797b00000,0x0000000798000000)
 ParOldGen       total 87552K, used 8216K [0x0000000740000000, 0x0000000745580000, 0x0000000795580000)
  object space 87552K, 9% used [0x0000000740000000,0x0000000740806010,0x0000000745580000)
 Metaspace       used 10449K, capacity 10673K, committed 11008K, reserved 1058816K
  class space    used 1085K, capacity 1163K, committed 1280K, reserved 1048576K
}

Deoptimization events (10 events):
Event: 0.851 Thread 0x00007fc334800800 Uncommon trap: reason=unstable_if action=reinterpret pc=0x0000000111a54b04 method=org.newdawn.slick.openal.OggInputStream.read()I @ 11
Event: 0.990 Thread 0x00007fc334800800 Uncommon trap: reason=unstable_if action=reinterpret pc=0x0000000111a8bd0c method=org.newdawn.slick.openal.OggInputStream.readPCM()V @ 270
Event: 1.034 Thread 0x00007fc334800800 Uncommon trap: reason=unstable_if action=reinterpret pc=0x0000000111a9a34c method=org.newdawn.slick.openal.OggInputStream.readPCM()V @ 270
Event: 1.065 Thread 0x00007fc334800800 Uncommon trap: reason=unstable_if action=reinterpret pc=0x0000000111ab2ed0 method=com.jcraft.jorbis.Floor1.inverse1(Lcom/jcraft/jorbis/Block;Ljava/lang/Object;Ljava/lang/Object;)Ljava/lang/Object; @ 451
Event: 1.589 Thread 0x00007fc334800800 Uncommon trap: reason=unstable_if action=reinterpret pc=0x0000000111abe5b4 method=com.jcraft.jorbis.DspState.synthesis_blockin(Lcom/jcraft/jorbis/Block;)I @ 701
Event: 1.589 Thread 0x00007fc334800800 Uncommon trap: reason=unstable_if action=reinterpret pc=0x0000000111ac8a44 method=org.newdawn.slick.openal.OggInputStream.readPCM()V @ 63
Event: 1.589 Thread 0x00007fc334800800 Uncommon trap: reason=unstable_if action=reinterpret pc=0x0000000111a94200 method=org.newdawn.slick.openal.OggInputStream.atEnd()Z @ 4
Event: 1.589 Thread 0x00007fc334800800 Uncommon trap: reason=unstable_if action=reinterpret pc=0x0000000111a3ab38 method=org.newdawn.slick.openal.OggInputStream.atEnd()Z @ 4
Event: 1.590 Thread 0x00007fc334800800 Uncommon trap: reason=unstable_if action=reinterpret pc=0x0000000111a93804 method=org.newdawn.slick.openal.OggInputStream.atEnd()Z @ 18
Event: 12.150 Thread 0x00007fc334800800 Uncommon trap: reason=unstable_if action=reinterpret pc=0x0000000111bfc2d0 method=sun.misc.URLClassPath$FileLoader.getResource(Ljava/lang/String;Z)Lsun/misc/Resource; @ 50

Internal exceptions (10 events):
Event: 0.177 Thread 0x00007fc334800800 Exception <a 'java/lang/NoSuchFieldError': method resolution failed> (0x000000079591cdf0) thrown at [/Users/java_re/workspace/8-2-build-macosx-x86_64/jdk8u144/9417/hotspot/src/share/vm/prims/methodHandles.cpp, line 1146]
Event: 0.328 Thread 0x00007fc334800800 Exception <a 'java/io/FileNotFoundException'> (0x0000000795997cd0) thrown at [/Users/java_re/workspace/8-2-build-macosx-x86_64/jdk8u144/9417/hotspot/src/share/vm/prims/jni.cpp, line 709]
Event: 0.328 Thread 0x00007fc334800800 Exception <a 'java/io/FileNotFoundException'> (0x0000000795998850) thrown at [/Users/java_re/workspace/8-2-build-macosx-x86_64/jdk8u144/9417/hotspot/src/share/vm/prims/jni.cpp, line 709]
Event: 0.553 Thread 0x00007fc334800800 Exception <a 'java/lang/NoClassDefFoundError': net/java/games/input/ControllerEnvironment> (0x0000000795e878b8) thrown at [/Users/java_re/workspace/8-2-build-macosx-x86_64/jdk8u144/9417/hotspot/src/share/vm/classfile/systemDictionary.cpp, line 199]
Event: 0.761 Thread 0x00007fc334800800 Exception <a 'java/security/PrivilegedActionException'> (0x00000007961b1428) thrown at [/Users/java_re/workspace/8-2-build-macosx-x86_64/jdk8u144/9417/hotspot/src/share/vm/prims/jvm.cpp, line 1390]
Event: 0.761 Thread 0x00007fc334800800 Exception <a 'java/security/PrivilegedActionException'> (0x00000007961b3010) thrown at [/Users/java_re/workspace/8-2-build-macosx-x86_64/jdk8u144/9417/hotspot/src/share/vm/prims/jvm.cpp, line 1390]
Event: 0.761 Thread 0x00007fc334800800 Exception <a 'java/security/PrivilegedActionException'> (0x00000007961b4130) thrown at [/Users/java_re/workspace/8-2-build-macosx-x86_64/jdk8u144/9417/hotspot/src/share/vm/prims/jvm.cpp, line 1390]
Event: 0.761 Thread 0x00007fc334800800 Exception <a 'java/security/PrivilegedActionException'> (0x00000007961b9250) thrown at [/Users/java_re/workspace/8-2-build-macosx-x86_64/jdk8u144/9417/hotspot/src/share/vm/prims/jvm.cpp, line 1390]
Event: 0.761 Thread 0x00007fc334800800 Exception <a 'java/security/PrivilegedActionException'> (0x00000007961b9ea8) thrown at [/Users/java_re/workspace/8-2-build-macosx-x86_64/jdk8u144/9417/hotspot/src/share/vm/prims/jvm.cpp, line 1390]
Event: 0.761 Thread 0x00007fc334800800 Exception <a 'java/security/PrivilegedActionException'> (0x00000007961baad0) thrown at [/Users/java_re/workspace/8-2-build-macosx-x86_64/jdk8u144/9417/hotspot/src/share/vm/prims/jvm.cpp, line 1390]

Events (10 events):
Event: 10.033 Executing VM operation: RevokeBias
Event: 10.033 Executing VM operation: RevokeBias done
Event: 10.033 Executing VM operation: RevokeBias
Event: 10.033 Executing VM operation: RevokeBias done
Event: 10.412 Thread 0x00007fc335173000 Thread added: 0x00007fc335173000
Event: 12.150 loading class org/lwjgl/opengl/CallbackUtil
Event: 12.150 loading class org/lwjgl/opengl/CallbackUtil done
Event: 12.150 Thread 0x00007fc334800800 Uncommon trap: trap_request=0xffffff65 fr.pc=0x0000000111bfc2d0
Event: 12.150 Thread 0x00007fc334800800 DEOPT PACKING pc=0x0000000111bfc2d0 sp=0x000070000d94d440
Event: 12.150 Thread 0x00007fc334800800 DEOPT UNPACKING pc=0x000000011177d229 sp=0x000070000d94d3c8 mode 2


Dynamic libraries:
0x00000000070fc000 	/System/Library/Frameworks/Cocoa.framework/Versions/A/Cocoa
0x00000000070fc000 	/System/Library/Frameworks/Security.framework/Versions/A/Security
0x00000000070fc000 	/System/Library/Frameworks/ApplicationServices.framework/Versions/A/ApplicationServices
0x00000000070fc000 	/usr/lib/libz.1.dylib
0x00000000070fc000 	/usr/lib/libSystem.B.dylib
0x00000000070fc000 	/usr/lib/libobjc.A.dylib
0x00000000070fc000 	/System/Library/Frameworks/CoreFoundation.framework/Versions/A/CoreFoundation
0x00000000070fc000 	/System/Library/Frameworks/Foundation.framework/Versions/C/Foundation
0x00000000070fc000 	/System/Library/Frameworks/AppKit.framework/Versions/C/AppKit
0x00000000070fc000 	/System/Library/Frameworks/CoreData.framework/Versions/A/CoreData
0x00000000070fc000 	/System/Library/PrivateFrameworks/RemoteViewServices.framework/Versions/A/RemoteViewServices
0x00000000070fc000 	/System/Library/PrivateFrameworks/UIFoundation.framework/Versions/A/UIFoundation
0x00000000070fc000 	/System/Library/PrivateFrameworks/DFRFoundation.framework/Versions/A/DFRFoundation
0x00000000070fc000 	/usr/lib/libenergytrace.dylib
0x00000000070fc000 	/System/Library/PrivateFrameworks/SkyLight.framework/Versions/A/SkyLight
0x00000000070fc000 	/System/Library/Frameworks/CoreGraphics.framework/Versions/A/CoreGraphics
0x00000000070fc000 	/usr/lib/libScreenReader.dylib
0x00000000070fc000 	/System/Library/Frameworks/Accelerate.framework/Versions/A/Accelerate
0x00000000070fc000 	/System/Library/Frameworks/IOSurface.framework/Versions/A/IOSurface
0x00000000070fc000 	/System/Library/Frameworks/AudioToolbox.framework/Versions/A/AudioToolbox
0x00000000070fc000 	/System/Library/Frameworks/AudioUnit.framework/Versions/A/AudioUnit
0x00000000070fc000 	/System/Library/PrivateFrameworks/DataDetectorsCore.framework/Versions/A/DataDetectorsCore
0x00000000070fc000 	/System/Library/PrivateFrameworks/DesktopServicesPriv.framework/Versions/A/DesktopServicesPriv
0x00000000070fc000 	/System/Library/Frameworks/Carbon.framework/Versions/A/Frameworks/HIToolbox.framework/Versions/A/HIToolbox
0x00000000070fc000 	/usr/lib/libicucore.A.dylib
0x00000000070fc000 	/System/Library/Frameworks/QuartzCore.framework/Versions/A/QuartzCore
0x00000000070fc000 	/System/Library/Frameworks/Carbon.framework/Versions/A/Frameworks/SpeechRecognition.framework/Versions/A/SpeechRecognition
0x00000000070fc000 	/usr/lib/libauto.dylib
0x00000000070fc000 	/usr/lib/libxml2.2.dylib
0x00000000070fc000 	/System/Library/PrivateFrameworks/CoreUI.framework/Versions/A/CoreUI
0x00000000070fc000 	/System/Library/Frameworks/CoreAudio.framework/Versions/A/CoreAudio
0x00000000070fc000 	/System/Library/Frameworks/DiskArbitration.framework/Versions/A/DiskArbitration
0x00000000070fc000 	/usr/lib/liblangid.dylib
0x00000000070fc000 	/System/Library/PrivateFrameworks/MultitouchSupport.framework/Versions/A/MultitouchSupport
0x00000000070fc000 	/System/Library/Frameworks/IOKit.framework/Versions/A/IOKit
0x00000000070fc000 	/usr/lib/libDiagnosticMessagesClient.dylib
0x00000000070fc000 	/System/Library/Frameworks/CoreServices.framework/Versions/A/CoreServices
0x00000000070fc000 	/System/Library/PrivateFrameworks/PerformanceAnalysis.framework/Versions/A/PerformanceAnalysis
0x00000000070fc000 	/System/Library/PrivateFrameworks/GenerationalStorage.framework/Versions/A/GenerationalStorage
0x00000000070fc000 	/System/Library/Frameworks/OpenGL.framework/Versions/A/OpenGL
0x00000000070fc000 	/System/Library/Frameworks/CoreImage.framework/Versions/A/CoreImage
0x00000000070fc000 	/System/Library/Frameworks/CoreText.framework/Versions/A/CoreText
0x00000000070fc000 	/System/Library/Frameworks/ImageIO.framework/Versions/A/ImageIO
0x00000000070fc000 	/System/Library/PrivateFrameworks/Backup.framework/Versions/A/Backup
0x00000000070fc000 	/usr/lib/libarchive.2.dylib
0x00000000070fc000 	/System/Library/Frameworks/CFNetwork.framework/Versions/A/CFNetwork
0x00000000070fc000 	/System/Library/Frameworks/SystemConfiguration.framework/Versions/A/SystemConfiguration
0x00000000070fc000 	/usr/lib/libCRFSuite.dylib
0x00000000070fc000 	/usr/lib/libc++.1.dylib
0x00000000070fc000 	/usr/lib/libc++abi.dylib
0x00000000070fc000 	/usr/lib/system/libcache.dylib
0x00000000070fc000 	/usr/lib/system/libcommonCrypto.dylib
0x00000000070fc000 	/usr/lib/system/libcompiler_rt.dylib
0x00000000070fc000 	/usr/lib/system/libcopyfile.dylib
0x00000000070fc000 	/usr/lib/system/libcorecrypto.dylib
0x00000000070fc000 	/usr/lib/system/libdispatch.dylib
0x00000000070fc000 	/usr/lib/system/libdyld.dylib
0x00000000070fc000 	/usr/lib/system/libkeymgr.dylib
0x00000000070fc000 	/usr/lib/system/liblaunch.dylib
0x00000000070fc000 	/usr/lib/system/libmacho.dylib
0x00000000070fc000 	/usr/lib/system/libquarantine.dylib
0x00000000070fc000 	/usr/lib/system/libremovefile.dylib
0x00000000070fc000 	/usr/lib/system/libsystem_asl.dylib
0x00000000070fc000 	/usr/lib/system/libsystem_blocks.dylib
0x00000000070fc000 	/usr/lib/system/libsystem_c.dylib
0x00000000070fc000 	/usr/lib/system/libsystem_configuration.dylib
0x00000000070fc000 	/usr/lib/system/libsystem_coreservices.dylib
0x00000000070fc000 	/usr/lib/system/libsystem_coretls.dylib
0x00000000070fc000 	/usr/lib/system/libsystem_dnssd.dylib
0x00000000070fc000 	/usr/lib/system/libsystem_info.dylib
0x00000000070fc000 	/usr/lib/system/libsystem_kernel.dylib
0x00000000070fc000 	/usr/lib/system/libsystem_m.dylib
0x00000000070fc000 	/usr/lib/system/libsystem_malloc.dylib
0x00000000070fc000 	/usr/lib/system/libsystem_network.dylib
0x00000000070fc000 	/usr/lib/system/libsystem_networkextension.dylib
0x00000000070fc000 	/usr/lib/system/libsystem_notify.dylib
0x00000000070fc000 	/usr/lib/system/libsystem_platform.dylib
0x00000000070fc000 	/usr/lib/system/libsystem_pthread.dylib
0x00000000070fc000 	/usr/lib/system/libsystem_sandbox.dylib
0x00000000070fc000 	/usr/lib/system/libsystem_secinit.dylib
0x00000000070fc000 	/usr/lib/system/libsystem_symptoms.dylib
0x00000000070fc000 	/usr/lib/system/libsystem_trace.dylib
0x00000000070fc000 	/usr/lib/system/libunwind.dylib
0x00000000070fc000 	/usr/lib/system/libxpc.dylib
0x00000000070fc000 	/usr/lib/libbsm.0.dylib
0x00000000070fc000 	/usr/lib/system/libkxld.dylib
0x00000000070fc000 	/usr/lib/libcoretls.dylib
0x00000000070fc000 	/usr/lib/libcoretls_cfhelpers.dylib
0x00000000070fc000 	/usr/lib/libOpenScriptingUtil.dylib
0x00000000070fc000 	/usr/lib/libpam.2.dylib
0x00000000070fc000 	/usr/lib/libsqlite3.dylib
0x00000000070fc000 	/usr/lib/libxar.1.dylib
0x00000000070fc000 	/usr/lib/libbz2.1.0.dylib
0x00000000070fc000 	/usr/lib/liblzma.5.dylib
0x00000000070fc000 	/usr/lib/libnetwork.dylib
0x00000000070fc000 	/usr/lib/libpcap.A.dylib
0x00000000070fc000 	/System/Library/Frameworks/CoreServices.framework/Versions/A/Frameworks/FSEvents.framework/Versions/A/FSEvents
0x00000000070fc000 	/System/Library/Frameworks/CoreServices.framework/Versions/A/Frameworks/CarbonCore.framework/Versions/A/CarbonCore
0x00000000070fc000 	/System/Library/Frameworks/CoreServices.framework/Versions/A/Frameworks/Metadata.framework/Versions/A/Metadata
0x00000000070fc000 	/System/Library/Frameworks/CoreServices.framework/Versions/A/Frameworks/OSServices.framework/Versions/A/OSServices
0x00000000070fc000 	/System/Library/Frameworks/CoreServices.framework/Versions/A/Frameworks/SearchKit.framework/Versions/A/SearchKit
0x00000000070fc000 	/System/Library/Frameworks/CoreServices.framework/Versions/A/Frameworks/AE.framework/Versions/A/AE
0x00000000070fc000 	/System/Library/Frameworks/CoreServices.framework/Versions/A/Frameworks/LaunchServices.framework/Versions/A/LaunchServices
0x00000000070fc000 	/System/Library/Frameworks/CoreServices.framework/Versions/A/Frameworks/DictionaryServices.framework/Versions/A/DictionaryServices
0x00000000070fc000 	/System/Library/Frameworks/CoreServices.framework/Versions/A/Frameworks/SharedFileList.framework/Versions/A/SharedFileList
0x00000000070fc000 	/System/Library/Frameworks/NetFS.framework/Versions/A/NetFS
0x00000000070fc000 	/System/Library/PrivateFrameworks/NetAuth.framework/Versions/A/NetAuth
0x00000000070fc000 	/System/Library/PrivateFrameworks/login.framework/Versions/A/Frameworks/loginsupport.framework/Versions/A/loginsupport
0x00000000070fc000 	/System/Library/PrivateFrameworks/TCC.framework/Versions/A/TCC
0x00000000070fc000 	/usr/lib/libmecabra.dylib
0x00000000070fc000 	/System/Library/Frameworks/ApplicationServices.framework/Versions/A/Frameworks/ATS.framework/Versions/A/ATS
0x00000000070fc000 	/System/Library/Frameworks/ApplicationServices.framework/Versions/A/Frameworks/ColorSync.framework/Versions/A/ColorSync
0x00000000070fc000 	/System/Library/Frameworks/ApplicationServices.framework/Versions/A/Frameworks/HIServices.framework/Versions/A/HIServices
0x00000000070fc000 	/System/Library/Frameworks/ApplicationServices.framework/Versions/A/Frameworks/LangAnalysis.framework/Versions/A/LangAnalysis
0x00000000070fc000 	/System/Library/Frameworks/ApplicationServices.framework/Versions/A/Frameworks/PrintCore.framework/Versions/A/PrintCore
0x00000000070fc000 	/System/Library/Frameworks/ApplicationServices.framework/Versions/A/Frameworks/QD.framework/Versions/A/QD
0x00000000070fc000 	/System/Library/Frameworks/ApplicationServices.framework/Versions/A/Frameworks/SpeechSynthesis.framework/Versions/A/SpeechSynthesis
0x00000000070fc000 	/System/Library/Frameworks/Accelerate.framework/Versions/A/Frameworks/vImage.framework/Versions/A/vImage
0x00000000070fc000 	/System/Library/Frameworks/Accelerate.framework/Versions/A/Frameworks/vecLib.framework/Versions/A/vecLib
0x00000000070fc000 	/System/Library/Frameworks/Accelerate.framework/Versions/A/Frameworks/vecLib.framework/Versions/A/libvDSP.dylib
0x00000000070fc000 	/System/Library/Frameworks/Accelerate.framework/Versions/A/Frameworks/vecLib.framework/Versions/A/libBNNS.dylib
0x00000000070fc000 	/System/Library/Frameworks/Accelerate.framework/Versions/A/Frameworks/vecLib.framework/Versions/A/libQuadrature.dylib
0x00000000070fc000 	/System/Library/Frameworks/Accelerate.framework/Versions/A/Frameworks/vecLib.framework/Versions/A/libvMisc.dylib
0x00000000070fc000 	/System/Library/Frameworks/Accelerate.framework/Versions/A/Frameworks/vecLib.framework/Versions/A/libLAPACK.dylib
0x00000000070fc000 	/System/Library/Frameworks/Accelerate.framework/Versions/A/Frameworks/vecLib.framework/Versions/A/libBLAS.dylib
0x00000000070fc000 	/System/Library/Frameworks/Accelerate.framework/Versions/A/Frameworks/vecLib.framework/Versions/A/libLinearAlgebra.dylib
0x00000000070fc000 	/System/Library/Frameworks/Accelerate.framework/Versions/A/Frameworks/vecLib.framework/Versions/A/libSparseBLAS.dylib
0x00000000070fc000 	/System/Library/Frameworks/ApplicationServices.framework/Versions/A/Frameworks/ATS.framework/Versions/A/Resources/libFontParser.dylib
0x00000000070fc000 	/System/Library/Frameworks/ApplicationServices.framework/Versions/A/Frameworks/ATS.framework/Versions/A/Resources/libFontRegistry.dylib
0x00000000070fc000 	/System/Library/Frameworks/ImageIO.framework/Versions/A/Resources/libJPEG.dylib
0x00000000070fc000 	/System/Library/Frameworks/ImageIO.framework/Versions/A/Resources/libTIFF.dylib
0x00000000070fc000 	/System/Library/Frameworks/ImageIO.framework/Versions/A/Resources/libPng.dylib
0x00000000070fc000 	/System/Library/Frameworks/ImageIO.framework/Versions/A/Resources/libGIF.dylib
0x00000000070fc000 	/System/Library/Frameworks/ImageIO.framework/Versions/A/Resources/libJP2.dylib
0x00000000070fc000 	/System/Library/Frameworks/ImageIO.framework/Versions/A/Resources/libRadiance.dylib
0x00000000070fc000 	/usr/lib/libcompression.dylib
0x00000000070fc000 	/System/Library/PrivateFrameworks/AppleJPEG.framework/Versions/A/AppleJPEG
0x00000000070fc000 	/usr/lib/libcups.2.dylib
0x00000000070fc000 	/System/Library/Frameworks/Kerberos.framework/Versions/A/Kerberos
0x00000000070fc000 	/System/Library/Frameworks/GSS.framework/Versions/A/GSS
0x00000000070fc000 	/usr/lib/libresolv.9.dylib
0x00000000070fc000 	/usr/lib/libiconv.2.dylib
0x00000000070fc000 	/System/Library/PrivateFrameworks/Heimdal.framework/Versions/A/Heimdal
0x00000000070fc000 	/usr/lib/libheimdal-asn1.dylib
0x00000000070fc000 	/System/Library/Frameworks/OpenDirectory.framework/Versions/A/OpenDirectory
0x00000000070fc000 	/System/Library/PrivateFrameworks/CommonAuth.framework/Versions/A/CommonAuth
0x00000000070fc000 	/System/Library/Frameworks/OpenDirectory.framework/Versions/A/Frameworks/CFOpenDirectory.framework/Versions/A/CFOpenDirectory
0x00000000070fc000 	/System/Library/Frameworks/SecurityFoundation.framework/Versions/A/SecurityFoundation
0x00000000070fc000 	/System/Library/PrivateFrameworks/LanguageModeling.framework/Versions/A/LanguageModeling
0x00000000070fc000 	/usr/lib/libmarisa.dylib
0x00000000070fc000 	/usr/lib/libChineseTokenizer.dylib
0x00000000070fc000 	/usr/lib/libcmph.dylib
0x00000000070fc000 	/System/Library/PrivateFrameworks/CoreEmoji.framework/Versions/A/CoreEmoji
0x00000000070fc000 	/System/Library/Frameworks/ServiceManagement.framework/Versions/A/ServiceManagement
0x00000000070fc000 	/usr/lib/libxslt.1.dylib
0x00000000070fc000 	/System/Library/Frameworks/Carbon.framework/Versions/A/Frameworks/Ink.framework/Versions/A/Ink
0x00000000070fc000 	/System/Library/PrivateFrameworks/TextureIO.framework/Versions/A/TextureIO
0x00000000070fc000 	/System/Library/Frameworks/Metal.framework/Versions/A/Metal
0x00000000070fc000 	/usr/lib/libate.dylib
0x00000000070fc000 	/System/Library/PrivateFrameworks/GPUCompiler.framework/libmetal_timestamp.dylib
0x00000000070fc000 	/System/Library/Frameworks/OpenGL.framework/Versions/A/Libraries/libCoreFSCache.dylib
0x00000000070fc000 	/System/Library/PrivateFrameworks/IOAccelerator.framework/Versions/A/IOAccelerator
0x00000000070fc000 	/System/Library/Frameworks/CoreVideo.framework/Versions/A/CoreVideo
0x00000000070fc000 	/usr/lib/libFosl_dynamic.dylib
0x00000000070fc000 	/System/Library/PrivateFrameworks/MetalPerformanceShaders.framework/Versions/A/MetalPerformanceShaders
0x00000000070fc000 	/System/Library/PrivateFrameworks/FaceCore.framework/Versions/A/FaceCore
0x00000000070fc000 	/System/Library/Frameworks/OpenCL.framework/Versions/A/OpenCL
0x00000000070fc000 	/System/Library/Frameworks/OpenGL.framework/Versions/A/Libraries/libGLU.dylib
0x00000000070fc000 	/System/Library/Frameworks/OpenGL.framework/Versions/A/Libraries/libGFXShared.dylib
0x00000000070fc000 	/System/Library/Frameworks/OpenGL.framework/Versions/A/Libraries/libGL.dylib
0x00000000070fc000 	/System/Library/Frameworks/OpenGL.framework/Versions/A/Libraries/libGLImage.dylib
0x00000000070fc000 	/System/Library/Frameworks/OpenGL.framework/Versions/A/Libraries/libCVMSPluginSupport.dylib
0x00000000070fc000 	/System/Library/Frameworks/OpenGL.framework/Versions/A/Libraries/libCoreVMClient.dylib
0x00000000070fc000 	/System/Library/PrivateFrameworks/CrashReporterSupport.framework/Versions/A/CrashReporterSupport
0x00000000070fc000 	/System/Library/PrivateFrameworks/Sharing.framework/Versions/A/Sharing
0x00000000070fc000 	/System/Library/PrivateFrameworks/IconServices.framework/Versions/A/IconServices
0x00000000070fc000 	/System/Library/PrivateFrameworks/ProtocolBuffer.framework/Versions/A/ProtocolBuffer
0x00000000070fc000 	/System/Library/PrivateFrameworks/Apple80211.framework/Versions/A/Apple80211
0x00000000070fc000 	/System/Library/Frameworks/CoreWLAN.framework/Versions/A/CoreWLAN
0x00000000070fc000 	/System/Library/PrivateFrameworks/CoreUtils.framework/Versions/A/CoreUtils
0x00000000070fc000 	/System/Library/Frameworks/IOBluetooth.framework/Versions/A/IOBluetooth
0x00000000070fc000 	/System/Library/PrivateFrameworks/CoreWiFi.framework/Versions/A/CoreWiFi
0x00000000070fc000 	/System/Library/Frameworks/CoreBluetooth.framework/Versions/A/CoreBluetooth
0x00000000070fc000 	/System/Library/Frameworks/CoreDisplay.framework/Versions/A/CoreDisplay
0x00000000070fc000 	/System/Library/PrivateFrameworks/IOPresentment.framework/Versions/A/IOPresentment
0x00000000070fc000 	/System/Library/PrivateFrameworks/DSExternalDisplay.framework/Versions/A/DSExternalDisplay
0x00000000070fc000 	/System/Library/PrivateFrameworks/DebugSymbols.framework/Versions/A/DebugSymbols
0x00000000070fc000 	/System/Library/PrivateFrameworks/CoreSymbolication.framework/Versions/A/CoreSymbolication
0x00000000070fc000 	/System/Library/PrivateFrameworks/Symbolication.framework/Versions/A/Symbolication
0x00000000070fc000 	/System/Library/PrivateFrameworks/AppleFSCompression.framework/Versions/A/AppleFSCompression
0x00000000070fc000 	/System/Library/PrivateFrameworks/SpeechRecognitionCore.framework/Versions/A/SpeechRecognitionCore
0x00000000070fc000 	/System/Library/PrivateFrameworks/ChunkingLibrary.framework/Versions/A/ChunkingLibrary
0x00000001107d1000 	/Library/Java/JavaVirtualMachines/jdk1.8.0_144.jdk/Contents/Home/jre/lib/server/libjvm.dylib
0x00000000070fc000 	/usr/lib/libstdc++.6.dylib
0x000000010eef5000 	/Library/Java/JavaVirtualMachines/jdk1.8.0_144.jdk/Contents/Home/jre/lib/libverify.dylib
0x000000010ef03000 	/Library/Java/JavaVirtualMachines/jdk1.8.0_144.jdk/Contents/Home/jre/lib/libjava.dylib
0x000000010ef42000 	/Library/Java/JavaVirtualMachines/jdk1.8.0_144.jdk/Contents/Home/jre/lib/libzip.dylib
0x00000001260fe000 	/System/Library/Frameworks/JavaVM.framework/Frameworks/JavaRuntimeSupport.framework/JavaRuntimeSupport
0x0000000126118000 	/System/Library/Frameworks/JavaVM.framework/Versions/A/Frameworks/JavaNativeFoundation.framework/Versions/A/JavaNativeFoundation
0x0000000110733000 	/System/Library/Frameworks/JavaVM.framework/Versions/A/JavaVM
0x00000000070fc000 	/System/Library/Frameworks/Carbon.framework/Versions/A/Carbon
0x000000012612d000 	/System/Library/PrivateFrameworks/JavaLaunching.framework/Versions/A/JavaLaunching
0x00000000070fc000 	/System/Library/Frameworks/Carbon.framework/Versions/A/Frameworks/CommonPanels.framework/Versions/A/CommonPanels
0x00000000070fc000 	/System/Library/Frameworks/Carbon.framework/Versions/A/Frameworks/Help.framework/Versions/A/Help
0x00000000070fc000 	/System/Library/Frameworks/Carbon.framework/Versions/A/Frameworks/ImageCapture.framework/Versions/A/ImageCapture
0x00000000070fc000 	/System/Library/Frameworks/Carbon.framework/Versions/A/Frameworks/OpenScripting.framework/Versions/A/OpenScripting
0x00000000070fc000 	/System/Library/Frameworks/Carbon.framework/Versions/A/Frameworks/Print.framework/Versions/A/Print
0x00000000070fc000 	/System/Library/Frameworks/Carbon.framework/Versions/A/Frameworks/SecurityHI.framework/Versions/A/SecurityHI
0x0000000127a83000 	/Library/Java/JavaVirtualMachines/jdk1.8.0_144.jdk/Contents/Home/jre/lib/libawt.dylib
0x0000000127b2b000 	/Library/Java/JavaVirtualMachines/jdk1.8.0_144.jdk/Contents/Home/jre/lib/./libmlib_image.dylib
0x0000000127bf7000 	/Library/Java/JavaVirtualMachines/jdk1.8.0_144.jdk/Contents/Home/jre/lib/libawt_lwawt.dylib
0x0000000127cae000 	/Library/Java/JavaVirtualMachines/jdk1.8.0_144.jdk/Contents/Home/jre/lib/./libosxapp.dylib
0x00000000070fc000 	/System/Library/Frameworks/ExceptionHandling.framework/Versions/A/ExceptionHandling
0x00000000070fc000 	/System/Library/PrivateFrameworks/CoreServicesInternal.framework/Versions/A/CoreServicesInternal
0x00000000070fc000 	/System/Library/CoreServices/RawCamera.bundle/Contents/MacOS/RawCamera
0x00000000070fc000 	/System/Library/Frameworks/Accelerate.framework/Versions/A/Frameworks/vImage.framework/Versions/A/Libraries/libCGInterfaces.dylib
0x00000000070fc000 	/System/Library/Frameworks/ApplicationServices.framework/Versions/A/Frameworks/ATS.framework/Versions/A/Resources/libTrueTypeScaler.dylib
0x0000000129794000 	/System/Library/Frameworks/OpenGL.framework/Resources/GLEngine.bundle/GLEngine
0x00000000070fc000 	/System/Library/Frameworks/OpenGL.framework/Versions/A/Libraries/libGLProgrammability.dylib
0x00000000070fc000 	/System/Library/Extensions/GeForceGLDriver.bundle/Contents/MacOS/GeForceGLDriver
0x00000000070fc000 	/System/Library/Extensions/GeForceGLDriver.bundle/Contents/MacOS/libclh.dylib
0x00000000070fc000 	/System/Library/PrivateFrameworks/GPUSupport.framework/Versions/A/Libraries/libGPUSupportMercury.dylib
0x0000000129979000 	/System/Library/Frameworks/OpenGL.framework/Resources//GLRendererFloat.bundle/GLRendererFloat
0x00000000070fc000 	/System/Library/Frameworks/OpenCL.framework/Versions/A/Libraries/libcldcpuengine.dylib
0x00000000070fc000 	/usr/lib/libcrypto.0.9.8.dylib
0x00000000070fc000 	/System/Library/PrivateFrameworks/TrustEvaluationAgent.framework/Versions/A/TrustEvaluationAgent
0x00000000070fc000 	/System/Library/Extensions/GeForceMTLDriver.bundle/Contents/MacOS/GeForceMTLDriver
0x00000000070fc000 	/System/Library/PrivateFrameworks/FamilyControls.framework/Versions/A/FamilyControls
0x00000000070fc000 	/System/Library/PrivateFrameworks/CommerceKit.framework/Versions/A/Frameworks/CommerceCore.framework/Versions/A/CommerceCore
0x00000000070fc000 	/System/Library/PrivateFrameworks/SystemAdministration.framework/Versions/A/SystemAdministration
0x00000000070fc000 	/System/Library/PrivateFrameworks/AppContainer.framework/Versions/A/AppContainer
0x00000000070fc000 	/System/Library/PrivateFrameworks/SecCodeWrapper.framework/Versions/A/SecCodeWrapper
0x00000000070fc000 	/System/Library/Frameworks/DirectoryService.framework/Versions/A/DirectoryService
0x00000000070fc000 	/System/Library/PrivateFrameworks/DiskImages.framework/Versions/A/DiskImages
0x00000000070fc000 	/System/Library/PrivateFrameworks/LoginUIKit.framework/Versions/A/Frameworks/LoginUICore.framework/Versions/A/LoginUICore
0x00000000070fc000 	/usr/lib/libCoreStorage.dylib
0x00000000070fc000 	/usr/lib/libcsfde.dylib
0x00000000070fc000 	/usr/lib/libodfde.dylib
0x00000000070fc000 	/System/Library/Frameworks/DiscRecording.framework/Versions/A/DiscRecording
0x00000000070fc000 	/usr/lib/libcurl.4.dylib
0x00000000070fc000 	/System/Library/PrivateFrameworks/MediaKit.framework/Versions/A/MediaKit
0x00000000070fc000 	/System/Library/PrivateFrameworks/ProtectedCloudStorage.framework/Versions/A/ProtectedCloudStorage
0x00000000070fc000 	/System/Library/PrivateFrameworks/EFILogin.framework/Versions/A/EFILogin
0x00000000070fc000 	/usr/lib/libutil.dylib
0x00000000070fc000 	/System/Library/Frameworks/LDAP.framework/Versions/A/LDAP
0x00000000070fc000 	/usr/lib/libsasl2.2.dylib
0x00000000070fc000 	/System/Library/PrivateFrameworks/CoreDaemon.framework/Versions/B/CoreDaemon
0x00000000070fc000 	/System/Library/PrivateFrameworks/AppleSRP.framework/Versions/A/AppleSRP
0x00000000070fc000 	/System/Library/PrivateFrameworks/APFS.framework/Versions/A/APFS
0x000000012ec92000 	/Library/Java/JavaVirtualMachines/jdk1.8.0_144.jdk/Contents/Home/jre/lib/libfontmanager.dylib
0x000000012ecf9000 	/Users/jgla8159/Documents/PKMNEngine-v0.3-master/slick/liblwjgl.dylib
0x0000000128bf2000 	/Library/Java/JavaVirtualMachines/jdk1.8.0_144.jdk/Contents/Home/jre/lib/libjawt.dylib
0x00000000070fc000 	/System/Library/PrivateFrameworks/ViewBridge.framework/Versions/A/ViewBridge
0x00000000070fc000 	/System/Library/PrivateFrameworks/XPCService.framework/Versions/A/XPCService
0x00000000070fc000 	/System/Library/PrivateFrameworks/AppSandbox.framework/Versions/A/AppSandbox
0x00000000070fc000 	/usr/lib/libsandbox.1.dylib
0x00000000070fc000 	/usr/lib/libMatch.1.dylib
0x0000000133273000 	/Library/Java/JavaVirtualMachines/jdk1.8.0_144.jdk/Contents/Home/jre/lib/libnio.dylib
0x0000000133283000 	/Library/Java/JavaVirtualMachines/jdk1.8.0_144.jdk/Contents/Home/jre/lib/./libnet.dylib
0x0000000134610000 	/Users/jgla8159/Documents/PKMNEngine-v0.3-master/slick/openal.dylib
0x00000001346a7000 	/System/Library/Components/CoreAudio.component/Contents/MacOS/CoreAudio
0x0000000134681000 	/System/Library/Extensions/AppleHDA.kext/Contents/PlugIns/AppleHDAHALPlugIn.bundle/Contents/MacOS/AppleHDAHALPlugIn

VM Arguments:
jvm_args: -Djava.library.path=/Users/jgla8159/Documents/PKMNEngine-v0.3-master/slick -Dfile.encoding=UTF-8 
java_command: Main
java_class_path (initial): /Users/jgla8159/Documents/PKMNEngine-v0.3-master/bin:/Users/jgla8159/Documents/PKMNEngine-v0.3-master/slick/jogg-0.0.7.jar:/Users/jgla8159/Documents/PKMNEngine-v0.3-master/slick/jorbis-0.0.15.jar:/Users/jgla8159/Documents/PKMNEngine-v0.3-master/slick/lwjgl.jar:/Users/jgla8159/Documents/PKMNEngine-v0.3-master/slick/slick.jar
Launcher Type: SUN_STANDARD

Environment Variables:
PATH=/usr/bin:/bin:/usr/sbin:/sbin
SHELL=/bin/bash

Signal Handlers:
SIGSEGV: [libjvm.dylib+0x5b26e5], sa_mask[0]=11111111011111110111111111111111, sa_flags=SA_ONSTACK|SA_RESTART|SA_SIGINFO
SIGBUS: [libjvm.dylib+0x5b26e5], sa_mask[0]=11111111011111110111111111111111, sa_flags=SA_RESTART|SA_SIGINFO
SIGFPE: [libjvm.dylib+0x489100], sa_mask[0]=11111111011111110111111111111111, sa_flags=SA_RESTART|SA_SIGINFO
SIGPIPE: [libjvm.dylib+0x489100], sa_mask[0]=11111111011111110111111111111111, sa_flags=SA_RESTART|SA_SIGINFO
SIGXFSZ: [libjvm.dylib+0x489100], sa_mask[0]=11111111011111110111111111111111, sa_flags=SA_RESTART|SA_SIGINFO
SIGILL: [libjvm.dylib+0x489100], sa_mask[0]=11111111011111110111111111111111, sa_flags=SA_RESTART|SA_SIGINFO
SIGUSR1: SIG_DFL, sa_mask[0]=00000000000000000000000000000000, sa_flags=none
SIGUSR2: [libjvm.dylib+0x488c1e], sa_mask[0]=00100000000000000000000000000000, sa_flags=SA_RESTART|SA_SIGINFO
SIGHUP: [libjvm.dylib+0x4871f5], sa_mask[0]=11111111011111110111111111111111, sa_flags=SA_RESTART|SA_SIGINFO
SIGINT: [libjvm.dylib+0x4871f5], sa_mask[0]=11111111011111110111111111111111, sa_flags=SA_RESTART|SA_SIGINFO
SIGTERM: [libjvm.dylib+0x4871f5], sa_mask[0]=11111111011111110111111111111111, sa_flags=SA_RESTART|SA_SIGINFO
SIGQUIT: [libjvm.dylib+0x4871f5], sa_mask[0]=11111111011111110111111111111111, sa_flags=SA_RESTART|SA_SIGINFO


---------------  S Y S T E M  ---------------

OS:Bsduname:Darwin 16.7.0 Darwin Kernel Version 16.7.0: Tue Jan 30 11:27:06 PST 2018; root:xnu-3789.73.11~1/RELEASE_X86_64 x86_64
rlimit: STACK 8192k, CORE 0k, NPROC 709, NOFILE 10240, AS infinity
load average:1.77 1.95 2.10

CPU:total 4 (initial active 4) (4 cores per cpu, 1 threads per core) family 6 model 60 stepping 3, cmov, cx8, fxsr, mmx, sse, sse2, sse3, ssse3, sse4.1, sse4.2, popcnt, avx, avx2, aes, clmul, erms, lzcnt, tsc, tscinvbit, bmi1, bmi2

Memory: 4k page, physical 8388608k(750420k free)

/proc/meminfo:


vm_info: Java HotSpot(TM) 64-Bit Server VM (25.144-b01) for bsd-amd64 JRE (1.8.0_144-b01), built on Jul 21 2017 22:07:42 by "java_re" with gcc 4.2.1 (Based on Apple Inc. build 5658) (LLVM build 2336.11.00)

time: Fri May 11 07:59:46 2018
elapsed time: 12 seconds (0d 0h 0m 12s)

