#
# A fatal error has been detected by the Java Runtime Environment:
#
#  SIGSEGV (0xb) at pc=0x00007fffd34df05d, pid=11112, tid=0x0000000000000307
#
# JRE version: Java(TM) SE Runtime Environment (8.0_144-b01) (build 1.8.0_144-b01)
# Java VM: Java HotSpot(TM) 64-Bit Server VM (25.144-b01 mixed mode bsd-amd64 compressed oops)
# Problematic frame:
# C  [libobjc.A.dylib+0x705d]  objc_msgSend+0x1d
#
# Failed to write core dump. Core dumps have been disabled. To enable core dumping, try "ulimit -c unlimited" before starting Java again
#
# If you would like to submit a bug report, please visit:
#   http://bugreport.java.com/bugreport/crash.jsp
# The crash happened outside the Java Virtual Machine in native code.
# See problematic frame for where to report the bug.
#

---------------  T H R E A D  ---------------

Current thread (0x00007f8202178800):  JavaThread "AppKit Thread" daemon [_thread_in_native, id=775, stack(0x00007fff5cf99000,0x00007fff5d799000)]

siginfo: si_signo: 11 (SIGSEGV), si_code: 1 (SEGV_MAPERR), si_addr: 0x0000000000000018

Registers:
RAX=0x0000000000000000, RBX=0x00007f8201e8efa0, RCX=0x0000000000000000, RDX=0x00000000000fc040
RSP=0x00007fff5d793848, RBP=0x00007fff5d793870, RSI=0x00007fffbcdc67ab, RDI=0x00007f8201e8f890
R8 =0x0000000000000003, R9 =0x0000000000000000, R10=0x0000000000000000, R11=0x00007fffbcdc67ab
R12=0x0000000000000094, R13=0x00007fffbcda917f, R14=0x00007f8201e8f890, R15=0x0000000000000000
RIP=0x00007fffd34df05d, EFLAGS=0x0000000000010246, ERR=0x0000000000000004
  TRAPNO=0x000000000000000e

Top of Stack: (sp=0x00007fff5d793848)
0x00007fff5d793848:   000000010ea6e598 00007f8201e8efa0
0x00007fff5d793858:   000000010eaa2c60 00007f8201d3c900
0x00007fff5d793868:   00007f8201d3c900 00007fff5d793de0
0x00007fff5d793878:   00007fffbc295e7b 0000000000000000
0x00007fff5d793888:   0000000000000000 4094000000000000
0x00007fff5d793898:   4086800000000000 0000000000000000
0x00007fff5d7938a8:   0000000000000000 4094000000000000
0x00007fff5d7938b8:   4086800000000000 00007fff5d7938e0
0x00007fff5d7938c8:   00007fffbeddcf20 0000000000000440
0x00007fff5d7938d8:   ffff807dfe0e8d80 00007f8201f17280
0x00007fff5d7938e8:   00007fffdcc39480 00007fff5d793950
0x00007fff5d7938f8:   00007fffd34e7243 00007fffdcc398c0
0x00007fff5d793908:   00000001bcd61100 00007f8201f17280
0x00007fff5d793918:   ffff807dfe0e8d80 00007f8203913470
0x00007fff5d793928:   00007f8201f599b0 00007fffbcd61100
0x00007fff5d793938:   00007f8201e8efa0 00007fffd34df040
0x00007fff5d793948:   00007fff5d7939b0 00007fff5d7939a0
0x00007fff5d793958:   00007fffbc96f91f 401c000000000000
0x00007fff5d793968:   4086a00000000000 402c000000000000
0x00007fff5d793978:   0000000000000000 00007fff00000000
0x00007fff5d793988:   0000000000000000 00007fffbcd7abb8
0x00007fff5d793998:   00007f8201f59900 000000015d7939f0
0x00007fff5d7939a8:   00007f8201f599b0 0000000000000088
0x00007fff5d7939b8:   00007f8201c0a940 012c000000000000
0x00007fff5d7939c8:   00007f8201e8efa0 00007fff5d7939f0
0x00007fff5d7939d8:   00007f8201f599b0 00007fff5d793ac0
0x00007fff5d7939e8:   00007f8201f599b0 00007fff5d793a30
0x00007fff5d7939f8:   00007fffbc34dc42 401c000000000000
0x00007fff5d793a08:   4086980000000000 402c000000000000
0x00007fff5d793a18:   4030000000000000 00007fff5d793ac0
0x00007fff5d793a28:   00007f8201f599b0 00007fff5d793ab0
0x00007fff5d793a38:   00007fffbc34dbe4 401c000000000000 

Instructions: (pc=0x00007fffd34df05d)
0x00007fffd34df03d:   0f 1f 00 48 85 ff 2e 74 62 40 f6 c7 01 2e 75 66
0x00007fffd34df04d:   49 ba f8 ff ff ff ff 7f 00 00 4c 23 17 49 89 f3
0x00007fffd34df05d:   45 23 5a 18 49 c1 e3 04 4d 03 5a 10 49 3b 33 75
0x00007fffd34df06d:   04 41 ff 63 08 49 83 3b 01 76 0d 49 83 c3 10 49 

Register to memory mapping:

RAX=0x0000000000000000 is an unknown value
RBX=0x00007f8201e8efa0 is an unknown value
RCX=0x0000000000000000 is an unknown value
RDX=0x00000000000fc040 is an unknown value
RSP=0x00007fff5d793848 is pointing into the stack for thread: 0x00007f8202178800
RBP=0x00007fff5d793870 is pointing into the stack for thread: 0x00007f8202178800
RSI=0x00007fffbcdc67ab: __NSStyleNameIndexTable+0xe03f3 in /System/Library/Frameworks/AppKit.framework/Versions/C/AppKit at 0x00007fffbc0f9000
RDI=0x00007f8201e8f890 is an unknown value
R8 =0x0000000000000003 is an unknown value
R9 =0x0000000000000000 is an unknown value
R10=0x0000000000000000 is an unknown value
R11=0x00007fffbcdc67ab: __NSStyleNameIndexTable+0xe03f3 in /System/Library/Frameworks/AppKit.framework/Versions/C/AppKit at 0x00007fffbc0f9000
R12=0x0000000000000094 is an unknown value
R13=0x00007fffbcda917f: __NSStyleNameIndexTable+0xc2dc7 in /System/Library/Frameworks/AppKit.framework/Versions/C/AppKit at 0x00007fffbc0f9000
R14=0x00007f8201e8f890 is an unknown value
R15=0x0000000000000000 is an unknown value


Stack: [0x00007fff5cf99000,0x00007fff5d799000],  sp=0x00007fff5d793848,  free space=8170k
Native frames: (J=compiled Java code, j=interpreted, Vv=VM code, C=native code)
C  [libobjc.A.dylib+0x705d]  objc_msgSend+0x1d
C  [AppKit+0x19ce7b]  -[NSView _recursiveDisplayRectIfNeededIgnoringOpacity:isVisibleRect:rectIsVisibleRectForView:topView:]+0x6ee
C  [AppKit+0x19d6d1]  -[NSView _recursiveDisplayRectIfNeededIgnoringOpacity:isVisibleRect:rectIsVisibleRectForView:topView:]+0xf44
C  [AppKit+0x19c2af]  -[NSThemeFrame _recursiveDisplayRectIfNeededIgnoringOpacity:isVisibleRect:rectIsVisibleRectForView:topView:]+0x14e
C  [AppKit+0x19a6d8]  -[NSView _displayRectIgnoringOpacity:isVisibleRect:rectIsVisibleRectForView:]+0x994
C  [AppKit+0x195fca]  -[NSView displayIfNeeded]+0x6d4
C  [AppKit+0x1958db]  -[NSWindow displayIfNeeded]+0xe6
C  [AppKit+0x8f5cb4]  ___NSWindowGetDisplayCycleObserver_block_invoke.6228+0x115
C  [AppKit+0x1953b9]  __37+[NSDisplayCycle currentDisplayCycle]_block_invoke+0x1c6
C  [QuartzCore+0x11cc6]  _ZN2CA11Transaction19run_commit_handlersE18CATransactionPhase+0x2e
C  [QuartzCore+0x11b8ac]  _ZN2CA7Context18commit_transactionEPNS_11TransactionE+0xa0
C  [QuartzCore+0x107a1]  _ZN2CA11Transaction6commitEv+0x1db
C  [AppKit+0x4788b1]  __37+[NSDisplayCycle currentDisplayCycle]_block_invoke.31+0x143
C  [CoreFoundation+0xa6d37]  __CFRUNLOOP_IS_CALLING_OUT_TO_AN_OBSERVER_CALLBACK_FUNCTION__+0x17
C  [CoreFoundation+0xa6ca7]  __CFRunLoopDoObservers+0x187
C  [CoreFoundation+0x876d9]  __CFRunLoopRun+0x369
C  [CoreFoundation+0x87114]  CFRunLoopRunSpecific+0x1a4
C  [HIToolbox+0x30ebc]  RunCurrentEventLoopInMode+0xf0
C  [HIToolbox+0x30bf9]  ReceiveNextEventCommon+0xb8
C  [HIToolbox+0x30b26]  _BlockUntilNextEventMatchingListInModeWithFilter+0x47
C  [AppKit+0x46a54]  _DPSNextEvent+0x460
C  [AppKit+0x7c27ee]  -[NSApplication(NSEvent) _nextEventMatchingEventMask:untilDate:inMode:dequeue:]+0xaec
C  [libosxapp.dylib+0x23aa]  -[NSApplicationAWT nextEventMatchingMask:untilDate:inMode:dequeue:]+0x7c
C  [AppKit+0x3b3db]  -[NSApplication run]+0x39e
C  [libosxapp.dylib+0x214d]  +[NSApplicationAWT runAWTLoopWithApp:]+0x9c
C  [libawt_lwawt.dylib+0x45edf]  -[AWTStarter starter:]+0x389
C  [Foundation+0x7152a]  __NSThreadPerformPerform+0x146
C  [CoreFoundation+0xa7321]  __CFRUNLOOP_IS_CALLING_OUT_TO_A_SOURCE0_PERFORM_FUNCTION__+0x11
C  [CoreFoundation+0x8821d]  __CFRunLoopDoSources0+0x22d
C  [CoreFoundation+0x87716]  __CFRunLoopRun+0x3a6
C  [CoreFoundation+0x87114]  CFRunLoopRunSpecific+0x1a4
C  [java+0x6465]  CreateExecutionEnvironment+0x367
C  [java+0x218c]  JLI_Launch+0x7a0
C  [java+0x84c2]  main+0x65
C  [java+0x19e4]  start+0x34
C  0x0000000000000006


---------------  P R O C E S S  ---------------

Java Threads: ( => current thread )
  0x00007f8203c9c800 JavaThread "AWT-Shutdown" [_thread_blocked, id=29959, stack(0x000070000e8a1000,0x000070000e9a1000)]
  0x00007f8203a16000 JavaThread "Java2D Queue Flusher" daemon [_thread_blocked, id=61447, stack(0x000070000eb2a000,0x000070000ec2a000)]
  0x00007f820299a000 JavaThread "Java2D Disposer" daemon [_thread_blocked, id=59911, stack(0x000070000ea27000,0x000070000eb27000)]
=>0x00007f8202178800 JavaThread "AppKit Thread" daemon [_thread_in_native, id=775, stack(0x00007fff5cf99000,0x00007fff5d799000)]
  0x00007f8203801000 JavaThread "Service Thread" daemon [_thread_blocked, id=18435, stack(0x000070000e618000,0x000070000e718000)]
  0x00007f8203022000 JavaThread "C1 CompilerThread2" daemon [_thread_blocked, id=17923, stack(0x000070000e515000,0x000070000e615000)]
  0x00007f8203019000 JavaThread "C2 CompilerThread1" daemon [_thread_blocked, id=17411, stack(0x000070000e412000,0x000070000e512000)]
  0x00007f8203802000 JavaThread "C2 CompilerThread0" daemon [_thread_blocked, id=16899, stack(0x000070000e30f000,0x000070000e40f000)]
  0x00007f8203800000 JavaThread "Signal Dispatcher" daemon [_thread_blocked, id=16387, stack(0x000070000e20c000,0x000070000e30c000)]
  0x00007f8202838000 JavaThread "Finalizer" daemon [_thread_blocked, id=12547, stack(0x000070000e109000,0x000070000e209000)]
  0x00007f8202835000 JavaThread "Reference Handler" daemon [_thread_blocked, id=12035, stack(0x000070000e006000,0x000070000e106000)]
  0x00007f820200c800 JavaThread "main" [_thread_in_native, id=7171, stack(0x000070000d9f4000,0x000070000daf4000)]

Other Threads:
  0x00007f8202830800 VMThread [stack: 0x000070000df03000,0x000070000e003000] [id=11523]
  0x00007f820302a800 WatcherThread [stack: 0x000070000e71b000,0x000070000e81b000] [id=18947]

VM state:not at safepoint (normal execution)

VM Mutex/Monitor currently owned by a thread: None

Heap:
 PSYoungGen      total 38400K, used 34201K [0x0000000795580000, 0x0000000798000000, 0x00000007c0000000)
  eden space 33280K, 95% used [0x0000000795580000,0x00000007974aa440,0x0000000797600000)
  from space 5120K, 44% used [0x0000000797b00000,0x0000000797d3c010,0x0000000798000000)
  to   space 5120K, 0% used [0x0000000797600000,0x0000000797600000,0x0000000797b00000)
 ParOldGen       total 87552K, used 8224K [0x0000000740000000, 0x0000000745580000, 0x0000000795580000)
  object space 87552K, 9% used [0x0000000740000000,0x0000000740808010,0x0000000745580000)
 Metaspace       used 10599K, capacity 10801K, committed 11008K, reserved 1058816K
  class space    used 1086K, capacity 1163K, committed 1280K, reserved 1048576K

Card table byte_map: [0x0000000104167000,0x0000000104568000] byte_map_base: 0x0000000100767000

Marking Bits: (ParMarkBitMap*) 0x00000001036f35d0
 Begin Bits: [0x0000000104813000, 0x0000000106813000)
 End Bits:   [0x0000000106813000, 0x0000000108813000)

Polling page: 0x0000000102527000

CodeCache: size=245760Kb used=5775Kb max_used=5783Kb free=239984Kb
 bounds [0x000000010ec8d000, 0x000000010f23d000, 0x000000011dc8d000]
 total_blobs=1950 nmethods=1420 adapters=444
 compilation: enabled

Compilation events (10 events):
Event: 15.715 Thread 0x00007f8203022000 1416       3       java.time.ZoneId::of (85 bytes)
Event: 15.716 Thread 0x00007f8203022000 nmethod 1416 0x000000010f22c650 code [0x000000010f22c8a0, 0x000000010f22d678]
Event: 15.716 Thread 0x00007f8203022000 1417       3       java.time.Instant::ofEpochMilli (28 bytes)
Event: 15.716 Thread 0x00007f8203022000 nmethod 1417 0x000000010f22bed0 code [0x000000010f22c060, 0x000000010f22c4c8]
Event: 15.832 Thread 0x00007f8203802000 1418       4       java.util.HashMap$HashIterator::hasNext (13 bytes)
Event: 15.832 Thread 0x00007f8203802000 nmethod 1418 0x000000010f225c90 code [0x000000010f225de0, 0x000000010f225e58]
Event: 16.409 Thread 0x00007f8203022000 1419       3       java.net.URLClassLoader$1::run (5 bytes)
Event: 16.409 Thread 0x00007f8203022000 nmethod 1419 0x000000010f225850 code [0x000000010f2259c0, 0x000000010f225b68]
Event: 16.409 Thread 0x00007f8203022000 1420   !   3       java.net.URLClassLoader$1::run (63 bytes)
Event: 16.409 Thread 0x00007f8203022000 nmethod 1420 0x000000010f22b4d0 code [0x000000010f22b6a0, 0x000000010f22bbe8]

GC Heap History (8 events):
Event: 1.321 GC heap before
{Heap before GC invocations=1 (full 0):
 PSYoungGen      total 38400K, used 31584K [0x0000000795580000, 0x0000000798000000, 0x00000007c0000000)
  eden space 33280K, 94% used [0x0000000795580000,0x0000000797458360,0x0000000797600000)
  from space 5120K, 0% used [0x0000000797b00000,0x0000000797b00000,0x0000000798000000)
  to   space 5120K, 0% used [0x0000000797600000,0x0000000797600000,0x0000000797b00000)
 ParOldGen       total 87552K, used 0K [0x0000000740000000, 0x0000000745580000, 0x0000000795580000)
  object space 87552K, 0% used [0x0000000740000000,0x0000000740000000,0x0000000745580000)
 Metaspace       used 9705K, capacity 9893K, committed 10112K, reserved 1058816K
  class space    used 1034K, capacity 1117K, committed 1152K, reserved 1048576K
Event: 1.330 GC heap after
Heap after GC invocations=1 (full 0):
 PSYoungGen      total 38400K, used 3519K [0x0000000795580000, 0x0000000798000000, 0x00000007c0000000)
  eden space 33280K, 0% used [0x0000000795580000,0x0000000795580000,0x0000000797600000)
  from space 5120K, 68% used [0x0000000797600000,0x000000079796ff38,0x0000000797b00000)
  to   space 5120K, 0% used [0x0000000797b00000,0x0000000797b00000,0x0000000798000000)
 ParOldGen       total 87552K, used 8200K [0x0000000740000000, 0x0000000745580000, 0x0000000795580000)
  object space 87552K, 9% used [0x0000000740000000,0x0000000740802010,0x0000000745580000)
 Metaspace       used 9705K, capacity 9893K, committed 10112K, reserved 1058816K
  class space    used 1034K, capacity 1117K, committed 1152K, reserved 1048576K
}
Event: 2.077 GC heap before
{Heap before GC invocations=2 (full 0):
 PSYoungGen      total 38400K, used 36799K [0x0000000795580000, 0x0000000798000000, 0x00000007c0000000)
  eden space 33280K, 100% used [0x0000000795580000,0x0000000797600000,0x0000000797600000)
  from space 5120K, 68% used [0x0000000797600000,0x000000079796ff38,0x0000000797b00000)
  to   space 5120K, 0% used [0x0000000797b00000,0x0000000797b00000,0x0000000798000000)
 ParOldGen       total 87552K, used 8200K [0x0000000740000000, 0x0000000745580000, 0x0000000795580000)
  object space 87552K, 9% used [0x0000000740000000,0x0000000740802010,0x0000000745580000)
 Metaspace       used 9754K, capacity 9893K, committed 10112K, reserved 1058816K
  class space    used 1039K, capacity 1117K, committed 1152K, reserved 1048576K
Event: 2.079 GC heap after
Heap after GC invocations=2 (full 0):
 PSYoungGen      total 38400K, used 1858K [0x0000000795580000, 0x0000000798000000, 0x00000007c0000000)
  eden space 33280K, 0% used [0x0000000795580000,0x0000000795580000,0x0000000797600000)
  from space 5120K, 36% used [0x0000000797b00000,0x0000000797cd0900,0x0000000798000000)
  to   space 5120K, 0% used [0x0000000797600000,0x0000000797600000,0x0000000797b00000)
 ParOldGen       total 87552K, used 8208K [0x0000000740000000, 0x0000000745580000, 0x0000000795580000)
  object space 87552K, 9% used [0x0000000740000000,0x0000000740804010,0x0000000745580000)
 Metaspace       used 9754K, capacity 9893K, committed 10112K, reserved 1058816K
  class space    used 1039K, capacity 1117K, committed 1152K, reserved 1048576K
}
Event: 4.903 GC heap before
{Heap before GC invocations=3 (full 0):
 PSYoungGen      total 38400K, used 35138K [0x0000000795580000, 0x0000000798000000, 0x00000007c0000000)
  eden space 33280K, 100% used [0x0000000795580000,0x0000000797600000,0x0000000797600000)
  from space 5120K, 36% used [0x0000000797b00000,0x0000000797cd0900,0x0000000798000000)
  to   space 5120K, 0% used [0x0000000797600000,0x0000000797600000,0x0000000797b00000)
 ParOldGen       total 87552K, used 8208K [0x0000000740000000, 0x0000000745580000, 0x0000000795580000)
  object space 87552K, 9% used [0x0000000740000000,0x0000000740804010,0x0000000745580000)
 Metaspace       used 9906K, capacity 10085K, committed 10368K, reserved 1058816K
  class space    used 1040K, capacity 1117K, committed 1152K, reserved 1048576K
Event: 4.906 GC heap after
Heap after GC invocations=3 (full 0):
 PSYoungGen      total 38400K, used 2208K [0x0000000795580000, 0x0000000798000000, 0x00000007c0000000)
  eden space 33280K, 0% used [0x0000000795580000,0x0000000795580000,0x0000000797600000)
  from space 5120K, 43% used [0x0000000797600000,0x0000000797828000,0x0000000797b00000)
  to   space 5120K, 0% used [0x0000000797b00000,0x0000000797b00000,0x0000000798000000)
 ParOldGen       total 87552K, used 8216K [0x0000000740000000, 0x0000000745580000, 0x0000000795580000)
  object space 87552K, 9% used [0x0000000740000000,0x0000000740806010,0x0000000745580000)
 Metaspace       used 9906K, capacity 10085K, committed 10368K, reserved 1058816K
  class space    used 1040K, capacity 1117K, committed 1152K, reserved 1048576K
}
Event: 8.058 GC heap before
{Heap before GC invocations=4 (full 0):
 PSYoungGen      total 38400K, used 35488K [0x0000000795580000, 0x0000000798000000, 0x00000007c0000000)
  eden space 33280K, 100% used [0x0000000795580000,0x0000000797600000,0x0000000797600000)
  from space 5120K, 43% used [0x0000000797600000,0x0000000797828000,0x0000000797b00000)
  to   space 5120K, 0% used [0x0000000797b00000,0x0000000797b00000,0x0000000798000000)
 ParOldGen       total 87552K, used 8216K [0x0000000740000000, 0x0000000745580000, 0x0000000795580000)
  object space 87552K, 9% used [0x0000000740000000,0x0000000740806010,0x0000000745580000)
 Metaspace       used 9981K, capacity 10149K, committed 10368K, reserved 1058816K
  class space    used 1040K, capacity 1117K, committed 1152K, reserved 1048576K
Event: 8.061 GC heap after
Heap after GC invocations=4 (full 0):
 PSYoungGen      total 38400K, used 2288K [0x0000000795580000, 0x0000000798000000, 0x00000007c0000000)
  eden space 33280K, 0% used [0x0000000795580000,0x0000000795580000,0x0000000797600000)
  from space 5120K, 44% used [0x0000000797b00000,0x0000000797d3c010,0x0000000798000000)
  to   space 5120K, 0% used [0x0000000797600000,0x0000000797600000,0x0000000797b00000)
 ParOldGen       total 87552K, used 8224K [0x0000000740000000, 0x0000000745580000, 0x0000000795580000)
  object space 87552K, 9% used [0x0000000740000000,0x0000000740808010,0x0000000745580000)
 Metaspace       used 9981K, capacity 10149K, committed 10368K, reserved 1058816K
  class space    used 1040K, capacity 1117K, committed 1152K, reserved 1048576K
}

Deoptimization events (10 events):
Event: 0.846 Thread 0x00007f820200c800 Uncommon trap: reason=unstable_if action=reinterpret pc=0x000000010ef61024 method=org.newdawn.slick.openal.OggInputStream.read()I @ 60
Event: 0.849 Thread 0x00007f820200c800 Uncommon trap: reason=unstable_if action=reinterpret pc=0x000000010ef60c04 method=org.newdawn.slick.openal.OggInputStream.read()I @ 11
Event: 0.981 Thread 0x00007f820200c800 Uncommon trap: reason=unstable_if action=reinterpret pc=0x000000010efa2050 method=org.newdawn.slick.openal.OggInputStream.readPCM()V @ 270
Event: 1.573 Thread 0x00007f820200c800 Uncommon trap: reason=unstable_if action=reinterpret pc=0x000000010efc7d34 method=com.jcraft.jorbis.DspState.synthesis_blockin(Lcom/jcraft/jorbis/Block;)I @ 701
Event: 1.573 Thread 0x00007f820200c800 Uncommon trap: reason=unstable_if action=reinterpret pc=0x000000010efcf490 method=org.newdawn.slick.openal.OggInputStream.readPCM()V @ 481
Event: 1.573 Thread 0x00007f820200c800 Uncommon trap: reason=unstable_if action=reinterpret pc=0x000000010efc8cc0 method=org.newdawn.slick.openal.OggInputStream.atEnd()Z @ 4
Event: 1.573 Thread 0x00007f820200c800 Uncommon trap: reason=unstable_if action=reinterpret pc=0x000000010ef437f8 method=org.newdawn.slick.openal.OggInputStream.atEnd()Z @ 4
Event: 1.694 Thread 0x00007f820200c800 Uncommon trap: reason=unstable_if action=reinterpret pc=0x000000010efddfbc method=java.nio.DirectByteBuffer.put([BII)Ljava/nio/ByteBuffer; @ 8
Event: 9.324 Thread 0x00007f820200c800 Uncommon trap: reason=unstable_if action=reinterpret pc=0x000000010f19018c method=java.util.LinkedHashMap.afterNodeAccess(Ljava/util/HashMap$Node;)V @ 14
Event: 16.409 Thread 0x00007f820200c800 Uncommon trap: reason=unstable_if action=reinterpret pc=0x000000010f10ddd0 method=sun.misc.URLClassPath$FileLoader.getResource(Ljava/lang/String;Z)Lsun/misc/Resource; @ 50

Internal exceptions (10 events):
Event: 0.174 Thread 0x00007f820200c800 Exception <a 'java/lang/NoSuchFieldError': method resolution failed> (0x000000079591d170) thrown at [/Users/java_re/workspace/8-2-build-macosx-x86_64/jdk8u144/9417/hotspot/src/share/vm/prims/methodHandles.cpp, line 1146]
Event: 0.331 Thread 0x00007f820200c800 Exception <a 'java/io/FileNotFoundException'> (0x0000000795997b30) thrown at [/Users/java_re/workspace/8-2-build-macosx-x86_64/jdk8u144/9417/hotspot/src/share/vm/prims/jni.cpp, line 709]
Event: 0.331 Thread 0x00007f820200c800 Exception <a 'java/io/FileNotFoundException'> (0x00000007959986b0) thrown at [/Users/java_re/workspace/8-2-build-macosx-x86_64/jdk8u144/9417/hotspot/src/share/vm/prims/jni.cpp, line 709]
Event: 0.552 Thread 0x00007f820200c800 Exception <a 'java/lang/NoClassDefFoundError': net/java/games/input/ControllerEnvironment> (0x0000000795e922e8) thrown at [/Users/java_re/workspace/8-2-build-macosx-x86_64/jdk8u144/9417/hotspot/src/share/vm/classfile/systemDictionary.cpp, line 199]
Event: 0.762 Thread 0x00007f820200c800 Exception <a 'java/security/PrivilegedActionException'> (0x00000007961bc430) thrown at [/Users/java_re/workspace/8-2-build-macosx-x86_64/jdk8u144/9417/hotspot/src/share/vm/prims/jvm.cpp, line 1390]
Event: 0.762 Thread 0x00007f820200c800 Exception <a 'java/security/PrivilegedActionException'> (0x00000007961be018) thrown at [/Users/java_re/workspace/8-2-build-macosx-x86_64/jdk8u144/9417/hotspot/src/share/vm/prims/jvm.cpp, line 1390]
Event: 0.762 Thread 0x00007f820200c800 Exception <a 'java/security/PrivilegedActionException'> (0x00000007961bf138) thrown at [/Users/java_re/workspace/8-2-build-macosx-x86_64/jdk8u144/9417/hotspot/src/share/vm/prims/jvm.cpp, line 1390]
Event: 0.763 Thread 0x00007f820200c800 Exception <a 'java/security/PrivilegedActionException'> (0x00000007961c4258) thrown at [/Users/java_re/workspace/8-2-build-macosx-x86_64/jdk8u144/9417/hotspot/src/share/vm/prims/jvm.cpp, line 1390]
Event: 0.763 Thread 0x00007f820200c800 Exception <a 'java/security/PrivilegedActionException'> (0x00000007961c4eb0) thrown at [/Users/java_re/workspace/8-2-build-macosx-x86_64/jdk8u144/9417/hotspot/src/share/vm/prims/jvm.cpp, line 1390]
Event: 0.763 Thread 0x00007f820200c800 Exception <a 'java/security/PrivilegedActionException'> (0x00000007961c5ad8) thrown at [/Users/java_re/workspace/8-2-build-macosx-x86_64/jdk8u144/9417/hotspot/src/share/vm/prims/jvm.cpp, line 1390]

Events (10 events):
Event: 9.323 loading class java/time/zone/ZoneOffsetTransitionRule$1
Event: 9.323 loading class java/time/zone/ZoneOffsetTransitionRule$1 done
Event: 9.324 Thread 0x00007f820200c800 Uncommon trap: trap_request=0xffffff65 fr.pc=0x000000010f19018c
Event: 9.324 Thread 0x00007f820200c800 DEOPT PACKING pc=0x000000010f19018c sp=0x000070000daf3150
Event: 9.324 Thread 0x00007f820200c800 DEOPT UNPACKING pc=0x000000010ec92229 sp=0x000070000daf30f0 mode 2
Event: 16.409 loading class org/lwjgl/opengl/CallbackUtil
Event: 16.409 loading class org/lwjgl/opengl/CallbackUtil done
Event: 16.409 Thread 0x00007f820200c800 Uncommon trap: trap_request=0xffffff65 fr.pc=0x000000010f10ddd0
Event: 16.409 Thread 0x00007f820200c800 DEOPT PACKING pc=0x000000010f10ddd0 sp=0x000070000daf1440
Event: 16.409 Thread 0x00007f820200c800 DEOPT UNPACKING pc=0x000000010ec92229 sp=0x000070000daf13c8 mode 2


Dynamic libraries:
0x0000000049248000 	/System/Library/Frameworks/Cocoa.framework/Versions/A/Cocoa
0x0000000049248000 	/System/Library/Frameworks/Security.framework/Versions/A/Security
0x0000000049248000 	/System/Library/Frameworks/ApplicationServices.framework/Versions/A/ApplicationServices
0x0000000049248000 	/usr/lib/libz.1.dylib
0x0000000049248000 	/usr/lib/libSystem.B.dylib
0x0000000049248000 	/usr/lib/libobjc.A.dylib
0x0000000049248000 	/System/Library/Frameworks/CoreFoundation.framework/Versions/A/CoreFoundation
0x0000000049248000 	/System/Library/Frameworks/Foundation.framework/Versions/C/Foundation
0x0000000049248000 	/System/Library/Frameworks/AppKit.framework/Versions/C/AppKit
0x0000000049248000 	/System/Library/Frameworks/CoreData.framework/Versions/A/CoreData
0x0000000049248000 	/System/Library/PrivateFrameworks/RemoteViewServices.framework/Versions/A/RemoteViewServices
0x0000000049248000 	/System/Library/PrivateFrameworks/UIFoundation.framework/Versions/A/UIFoundation
0x0000000049248000 	/System/Library/PrivateFrameworks/DFRFoundation.framework/Versions/A/DFRFoundation
0x0000000049248000 	/usr/lib/libenergytrace.dylib
0x0000000049248000 	/System/Library/PrivateFrameworks/SkyLight.framework/Versions/A/SkyLight
0x0000000049248000 	/System/Library/Frameworks/CoreGraphics.framework/Versions/A/CoreGraphics
0x0000000049248000 	/usr/lib/libScreenReader.dylib
0x0000000049248000 	/System/Library/Frameworks/Accelerate.framework/Versions/A/Accelerate
0x0000000049248000 	/System/Library/Frameworks/IOSurface.framework/Versions/A/IOSurface
0x0000000049248000 	/System/Library/Frameworks/AudioToolbox.framework/Versions/A/AudioToolbox
0x0000000049248000 	/System/Library/Frameworks/AudioUnit.framework/Versions/A/AudioUnit
0x0000000049248000 	/System/Library/PrivateFrameworks/DataDetectorsCore.framework/Versions/A/DataDetectorsCore
0x0000000049248000 	/System/Library/PrivateFrameworks/DesktopServicesPriv.framework/Versions/A/DesktopServicesPriv
0x0000000049248000 	/System/Library/Frameworks/Carbon.framework/Versions/A/Frameworks/HIToolbox.framework/Versions/A/HIToolbox
0x0000000049248000 	/usr/lib/libicucore.A.dylib
0x0000000049248000 	/System/Library/Frameworks/QuartzCore.framework/Versions/A/QuartzCore
0x0000000049248000 	/System/Library/Frameworks/Carbon.framework/Versions/A/Frameworks/SpeechRecognition.framework/Versions/A/SpeechRecognition
0x0000000049248000 	/usr/lib/libauto.dylib
0x0000000049248000 	/usr/lib/libxml2.2.dylib
0x0000000049248000 	/System/Library/PrivateFrameworks/CoreUI.framework/Versions/A/CoreUI
0x0000000049248000 	/System/Library/Frameworks/CoreAudio.framework/Versions/A/CoreAudio
0x0000000049248000 	/System/Library/Frameworks/DiskArbitration.framework/Versions/A/DiskArbitration
0x0000000049248000 	/usr/lib/liblangid.dylib
0x0000000049248000 	/System/Library/PrivateFrameworks/MultitouchSupport.framework/Versions/A/MultitouchSupport
0x0000000049248000 	/System/Library/Frameworks/IOKit.framework/Versions/A/IOKit
0x0000000049248000 	/usr/lib/libDiagnosticMessagesClient.dylib
0x0000000049248000 	/System/Library/Frameworks/CoreServices.framework/Versions/A/CoreServices
0x0000000049248000 	/System/Library/PrivateFrameworks/PerformanceAnalysis.framework/Versions/A/PerformanceAnalysis
0x0000000049248000 	/System/Library/PrivateFrameworks/GenerationalStorage.framework/Versions/A/GenerationalStorage
0x0000000049248000 	/System/Library/Frameworks/OpenGL.framework/Versions/A/OpenGL
0x0000000049248000 	/System/Library/Frameworks/CoreImage.framework/Versions/A/CoreImage
0x0000000049248000 	/System/Library/Frameworks/CoreText.framework/Versions/A/CoreText
0x0000000049248000 	/System/Library/Frameworks/ImageIO.framework/Versions/A/ImageIO
0x0000000049248000 	/System/Library/PrivateFrameworks/Backup.framework/Versions/A/Backup
0x0000000049248000 	/usr/lib/libarchive.2.dylib
0x0000000049248000 	/System/Library/Frameworks/CFNetwork.framework/Versions/A/CFNetwork
0x0000000049248000 	/System/Library/Frameworks/SystemConfiguration.framework/Versions/A/SystemConfiguration
0x0000000049248000 	/usr/lib/libCRFSuite.dylib
0x0000000049248000 	/usr/lib/libc++.1.dylib
0x0000000049248000 	/usr/lib/libc++abi.dylib
0x0000000049248000 	/usr/lib/system/libcache.dylib
0x0000000049248000 	/usr/lib/system/libcommonCrypto.dylib
0x0000000049248000 	/usr/lib/system/libcompiler_rt.dylib
0x0000000049248000 	/usr/lib/system/libcopyfile.dylib
0x0000000049248000 	/usr/lib/system/libcorecrypto.dylib
0x0000000049248000 	/usr/lib/system/libdispatch.dylib
0x0000000049248000 	/usr/lib/system/libdyld.dylib
0x0000000049248000 	/usr/lib/system/libkeymgr.dylib
0x0000000049248000 	/usr/lib/system/liblaunch.dylib
0x0000000049248000 	/usr/lib/system/libmacho.dylib
0x0000000049248000 	/usr/lib/system/libquarantine.dylib
0x0000000049248000 	/usr/lib/system/libremovefile.dylib
0x0000000049248000 	/usr/lib/system/libsystem_asl.dylib
0x0000000049248000 	/usr/lib/system/libsystem_blocks.dylib
0x0000000049248000 	/usr/lib/system/libsystem_c.dylib
0x0000000049248000 	/usr/lib/system/libsystem_configuration.dylib
0x0000000049248000 	/usr/lib/system/libsystem_coreservices.dylib
0x0000000049248000 	/usr/lib/system/libsystem_coretls.dylib
0x0000000049248000 	/usr/lib/system/libsystem_dnssd.dylib
0x0000000049248000 	/usr/lib/system/libsystem_info.dylib
0x0000000049248000 	/usr/lib/system/libsystem_kernel.dylib
0x0000000049248000 	/usr/lib/system/libsystem_m.dylib
0x0000000049248000 	/usr/lib/system/libsystem_malloc.dylib
0x0000000049248000 	/usr/lib/system/libsystem_network.dylib
0x0000000049248000 	/usr/lib/system/libsystem_networkextension.dylib
0x0000000049248000 	/usr/lib/system/libsystem_notify.dylib
0x0000000049248000 	/usr/lib/system/libsystem_platform.dylib
0x0000000049248000 	/usr/lib/system/libsystem_pthread.dylib
0x0000000049248000 	/usr/lib/system/libsystem_sandbox.dylib
0x0000000049248000 	/usr/lib/system/libsystem_secinit.dylib
0x0000000049248000 	/usr/lib/system/libsystem_symptoms.dylib
0x0000000049248000 	/usr/lib/system/libsystem_trace.dylib
0x0000000049248000 	/usr/lib/system/libunwind.dylib
0x0000000049248000 	/usr/lib/system/libxpc.dylib
0x0000000049248000 	/usr/lib/libbsm.0.dylib
0x0000000049248000 	/usr/lib/system/libkxld.dylib
0x0000000049248000 	/usr/lib/libcoretls.dylib
0x0000000049248000 	/usr/lib/libcoretls_cfhelpers.dylib
0x0000000049248000 	/usr/lib/libOpenScriptingUtil.dylib
0x0000000049248000 	/usr/lib/libpam.2.dylib
0x0000000049248000 	/usr/lib/libsqlite3.dylib
0x0000000049248000 	/usr/lib/libxar.1.dylib
0x0000000049248000 	/usr/lib/libbz2.1.0.dylib
0x0000000049248000 	/usr/lib/liblzma.5.dylib
0x0000000049248000 	/usr/lib/libnetwork.dylib
0x0000000049248000 	/usr/lib/libpcap.A.dylib
0x0000000049248000 	/System/Library/Frameworks/CoreServices.framework/Versions/A/Frameworks/FSEvents.framework/Versions/A/FSEvents
0x0000000049248000 	/System/Library/Frameworks/CoreServices.framework/Versions/A/Frameworks/CarbonCore.framework/Versions/A/CarbonCore
0x0000000049248000 	/System/Library/Frameworks/CoreServices.framework/Versions/A/Frameworks/Metadata.framework/Versions/A/Metadata
0x0000000049248000 	/System/Library/Frameworks/CoreServices.framework/Versions/A/Frameworks/OSServices.framework/Versions/A/OSServices
0x0000000049248000 	/System/Library/Frameworks/CoreServices.framework/Versions/A/Frameworks/SearchKit.framework/Versions/A/SearchKit
0x0000000049248000 	/System/Library/Frameworks/CoreServices.framework/Versions/A/Frameworks/AE.framework/Versions/A/AE
0x0000000049248000 	/System/Library/Frameworks/CoreServices.framework/Versions/A/Frameworks/LaunchServices.framework/Versions/A/LaunchServices
0x0000000049248000 	/System/Library/Frameworks/CoreServices.framework/Versions/A/Frameworks/DictionaryServices.framework/Versions/A/DictionaryServices
0x0000000049248000 	/System/Library/Frameworks/CoreServices.framework/Versions/A/Frameworks/SharedFileList.framework/Versions/A/SharedFileList
0x0000000049248000 	/System/Library/Frameworks/NetFS.framework/Versions/A/NetFS
0x0000000049248000 	/System/Library/PrivateFrameworks/NetAuth.framework/Versions/A/NetAuth
0x0000000049248000 	/System/Library/PrivateFrameworks/login.framework/Versions/A/Frameworks/loginsupport.framework/Versions/A/loginsupport
0x0000000049248000 	/System/Library/PrivateFrameworks/TCC.framework/Versions/A/TCC
0x0000000049248000 	/usr/lib/libmecabra.dylib
0x0000000049248000 	/System/Library/Frameworks/ApplicationServices.framework/Versions/A/Frameworks/ATS.framework/Versions/A/ATS
0x0000000049248000 	/System/Library/Frameworks/ApplicationServices.framework/Versions/A/Frameworks/ColorSync.framework/Versions/A/ColorSync
0x0000000049248000 	/System/Library/Frameworks/ApplicationServices.framework/Versions/A/Frameworks/HIServices.framework/Versions/A/HIServices
0x0000000049248000 	/System/Library/Frameworks/ApplicationServices.framework/Versions/A/Frameworks/LangAnalysis.framework/Versions/A/LangAnalysis
0x0000000049248000 	/System/Library/Frameworks/ApplicationServices.framework/Versions/A/Frameworks/PrintCore.framework/Versions/A/PrintCore
0x0000000049248000 	/System/Library/Frameworks/ApplicationServices.framework/Versions/A/Frameworks/QD.framework/Versions/A/QD
0x0000000049248000 	/System/Library/Frameworks/ApplicationServices.framework/Versions/A/Frameworks/SpeechSynthesis.framework/Versions/A/SpeechSynthesis
0x0000000049248000 	/System/Library/Frameworks/Accelerate.framework/Versions/A/Frameworks/vImage.framework/Versions/A/vImage
0x0000000049248000 	/System/Library/Frameworks/Accelerate.framework/Versions/A/Frameworks/vecLib.framework/Versions/A/vecLib
0x0000000049248000 	/System/Library/Frameworks/Accelerate.framework/Versions/A/Frameworks/vecLib.framework/Versions/A/libvDSP.dylib
0x0000000049248000 	/System/Library/Frameworks/Accelerate.framework/Versions/A/Frameworks/vecLib.framework/Versions/A/libBNNS.dylib
0x0000000049248000 	/System/Library/Frameworks/Accelerate.framework/Versions/A/Frameworks/vecLib.framework/Versions/A/libQuadrature.dylib
0x0000000049248000 	/System/Library/Frameworks/Accelerate.framework/Versions/A/Frameworks/vecLib.framework/Versions/A/libvMisc.dylib
0x0000000049248000 	/System/Library/Frameworks/Accelerate.framework/Versions/A/Frameworks/vecLib.framework/Versions/A/libLAPACK.dylib
0x0000000049248000 	/System/Library/Frameworks/Accelerate.framework/Versions/A/Frameworks/vecLib.framework/Versions/A/libBLAS.dylib
0x0000000049248000 	/System/Library/Frameworks/Accelerate.framework/Versions/A/Frameworks/vecLib.framework/Versions/A/libLinearAlgebra.dylib
0x0000000049248000 	/System/Library/Frameworks/Accelerate.framework/Versions/A/Frameworks/vecLib.framework/Versions/A/libSparseBLAS.dylib
0x0000000049248000 	/System/Library/Frameworks/ApplicationServices.framework/Versions/A/Frameworks/ATS.framework/Versions/A/Resources/libFontParser.dylib
0x0000000049248000 	/System/Library/Frameworks/ApplicationServices.framework/Versions/A/Frameworks/ATS.framework/Versions/A/Resources/libFontRegistry.dylib
0x0000000049248000 	/System/Library/Frameworks/ImageIO.framework/Versions/A/Resources/libJPEG.dylib
0x0000000049248000 	/System/Library/Frameworks/ImageIO.framework/Versions/A/Resources/libTIFF.dylib
0x0000000049248000 	/System/Library/Frameworks/ImageIO.framework/Versions/A/Resources/libPng.dylib
0x0000000049248000 	/System/Library/Frameworks/ImageIO.framework/Versions/A/Resources/libGIF.dylib
0x0000000049248000 	/System/Library/Frameworks/ImageIO.framework/Versions/A/Resources/libJP2.dylib
0x0000000049248000 	/System/Library/Frameworks/ImageIO.framework/Versions/A/Resources/libRadiance.dylib
0x0000000049248000 	/usr/lib/libcompression.dylib
0x0000000049248000 	/System/Library/PrivateFrameworks/AppleJPEG.framework/Versions/A/AppleJPEG
0x0000000049248000 	/usr/lib/libcups.2.dylib
0x0000000049248000 	/System/Library/Frameworks/Kerberos.framework/Versions/A/Kerberos
0x0000000049248000 	/System/Library/Frameworks/GSS.framework/Versions/A/GSS
0x0000000049248000 	/usr/lib/libresolv.9.dylib
0x0000000049248000 	/usr/lib/libiconv.2.dylib
0x0000000049248000 	/System/Library/PrivateFrameworks/Heimdal.framework/Versions/A/Heimdal
0x0000000049248000 	/usr/lib/libheimdal-asn1.dylib
0x0000000049248000 	/System/Library/Frameworks/OpenDirectory.framework/Versions/A/OpenDirectory
0x0000000049248000 	/System/Library/PrivateFrameworks/CommonAuth.framework/Versions/A/CommonAuth
0x0000000049248000 	/System/Library/Frameworks/OpenDirectory.framework/Versions/A/Frameworks/CFOpenDirectory.framework/Versions/A/CFOpenDirectory
0x0000000049248000 	/System/Library/Frameworks/SecurityFoundation.framework/Versions/A/SecurityFoundation
0x0000000049248000 	/System/Library/PrivateFrameworks/LanguageModeling.framework/Versions/A/LanguageModeling
0x0000000049248000 	/usr/lib/libmarisa.dylib
0x0000000049248000 	/usr/lib/libChineseTokenizer.dylib
0x0000000049248000 	/usr/lib/libcmph.dylib
0x0000000049248000 	/System/Library/PrivateFrameworks/CoreEmoji.framework/Versions/A/CoreEmoji
0x0000000049248000 	/System/Library/Frameworks/ServiceManagement.framework/Versions/A/ServiceManagement
0x0000000049248000 	/usr/lib/libxslt.1.dylib
0x0000000049248000 	/System/Library/Frameworks/Carbon.framework/Versions/A/Frameworks/Ink.framework/Versions/A/Ink
0x0000000049248000 	/System/Library/PrivateFrameworks/TextureIO.framework/Versions/A/TextureIO
0x0000000049248000 	/System/Library/Frameworks/Metal.framework/Versions/A/Metal
0x0000000049248000 	/usr/lib/libate.dylib
0x0000000049248000 	/System/Library/PrivateFrameworks/GPUCompiler.framework/libmetal_timestamp.dylib
0x0000000049248000 	/System/Library/Frameworks/OpenGL.framework/Versions/A/Libraries/libCoreFSCache.dylib
0x0000000049248000 	/System/Library/PrivateFrameworks/IOAccelerator.framework/Versions/A/IOAccelerator
0x0000000049248000 	/System/Library/Frameworks/CoreVideo.framework/Versions/A/CoreVideo
0x0000000049248000 	/usr/lib/libFosl_dynamic.dylib
0x0000000049248000 	/System/Library/PrivateFrameworks/MetalPerformanceShaders.framework/Versions/A/MetalPerformanceShaders
0x0000000049248000 	/System/Library/PrivateFrameworks/FaceCore.framework/Versions/A/FaceCore
0x0000000049248000 	/System/Library/Frameworks/OpenCL.framework/Versions/A/OpenCL
0x0000000049248000 	/System/Library/Frameworks/OpenGL.framework/Versions/A/Libraries/libGLU.dylib
0x0000000049248000 	/System/Library/Frameworks/OpenGL.framework/Versions/A/Libraries/libGFXShared.dylib
0x0000000049248000 	/System/Library/Frameworks/OpenGL.framework/Versions/A/Libraries/libGL.dylib
0x0000000049248000 	/System/Library/Frameworks/OpenGL.framework/Versions/A/Libraries/libGLImage.dylib
0x0000000049248000 	/System/Library/Frameworks/OpenGL.framework/Versions/A/Libraries/libCVMSPluginSupport.dylib
0x0000000049248000 	/System/Library/Frameworks/OpenGL.framework/Versions/A/Libraries/libCoreVMClient.dylib
0x0000000049248000 	/System/Library/PrivateFrameworks/CrashReporterSupport.framework/Versions/A/CrashReporterSupport
0x0000000049248000 	/System/Library/PrivateFrameworks/Sharing.framework/Versions/A/Sharing
0x0000000049248000 	/System/Library/PrivateFrameworks/IconServices.framework/Versions/A/IconServices
0x0000000049248000 	/System/Library/PrivateFrameworks/ProtocolBuffer.framework/Versions/A/ProtocolBuffer
0x0000000049248000 	/System/Library/PrivateFrameworks/Apple80211.framework/Versions/A/Apple80211
0x0000000049248000 	/System/Library/Frameworks/CoreWLAN.framework/Versions/A/CoreWLAN
0x0000000049248000 	/System/Library/PrivateFrameworks/CoreUtils.framework/Versions/A/CoreUtils
0x0000000049248000 	/System/Library/Frameworks/IOBluetooth.framework/Versions/A/IOBluetooth
0x0000000049248000 	/System/Library/PrivateFrameworks/CoreWiFi.framework/Versions/A/CoreWiFi
0x0000000049248000 	/System/Library/Frameworks/CoreBluetooth.framework/Versions/A/CoreBluetooth
0x0000000049248000 	/System/Library/Frameworks/CoreDisplay.framework/Versions/A/CoreDisplay
0x0000000049248000 	/System/Library/PrivateFrameworks/IOPresentment.framework/Versions/A/IOPresentment
0x0000000049248000 	/System/Library/PrivateFrameworks/DSExternalDisplay.framework/Versions/A/DSExternalDisplay
0x0000000049248000 	/System/Library/PrivateFrameworks/DebugSymbols.framework/Versions/A/DebugSymbols
0x0000000049248000 	/System/Library/PrivateFrameworks/CoreSymbolication.framework/Versions/A/CoreSymbolication
0x0000000049248000 	/System/Library/PrivateFrameworks/Symbolication.framework/Versions/A/Symbolication
0x0000000049248000 	/System/Library/PrivateFrameworks/AppleFSCompression.framework/Versions/A/AppleFSCompression
0x0000000049248000 	/System/Library/PrivateFrameworks/SpeechRecognitionCore.framework/Versions/A/SpeechRecognitionCore
0x0000000049248000 	/System/Library/PrivateFrameworks/ChunkingLibrary.framework/Versions/A/ChunkingLibrary
0x0000000102e00000 	/Library/Java/JavaVirtualMachines/jdk1.8.0_144.jdk/Contents/Home/jre/lib/server/libjvm.dylib
0x0000000049248000 	/usr/lib/libstdc++.6.dylib
0x00000001024e4000 	/Library/Java/JavaVirtualMachines/jdk1.8.0_144.jdk/Contents/Home/jre/lib/libverify.dylib
0x00000001024f2000 	/Library/Java/JavaVirtualMachines/jdk1.8.0_144.jdk/Contents/Home/jre/lib/libjava.dylib
0x0000000102531000 	/Library/Java/JavaVirtualMachines/jdk1.8.0_144.jdk/Contents/Home/jre/lib/libzip.dylib
0x00000001025e6000 	/System/Library/Frameworks/JavaVM.framework/Frameworks/JavaRuntimeSupport.framework/JavaRuntimeSupport
0x000000010a660000 	/System/Library/Frameworks/JavaVM.framework/Versions/A/Frameworks/JavaNativeFoundation.framework/Versions/A/JavaNativeFoundation
0x000000010a675000 	/System/Library/Frameworks/JavaVM.framework/Versions/A/JavaVM
0x0000000049248000 	/System/Library/Frameworks/Carbon.framework/Versions/A/Carbon
0x000000010a682000 	/System/Library/PrivateFrameworks/JavaLaunching.framework/Versions/A/JavaLaunching
0x0000000049248000 	/System/Library/Frameworks/Carbon.framework/Versions/A/Frameworks/CommonPanels.framework/Versions/A/CommonPanels
0x0000000049248000 	/System/Library/Frameworks/Carbon.framework/Versions/A/Frameworks/Help.framework/Versions/A/Help
0x0000000049248000 	/System/Library/Frameworks/Carbon.framework/Versions/A/Frameworks/ImageCapture.framework/Versions/A/ImageCapture
0x0000000049248000 	/System/Library/Frameworks/Carbon.framework/Versions/A/Frameworks/OpenScripting.framework/Versions/A/OpenScripting
0x0000000049248000 	/System/Library/Frameworks/Carbon.framework/Versions/A/Frameworks/Print.framework/Versions/A/Print
0x0000000049248000 	/System/Library/Frameworks/Carbon.framework/Versions/A/Frameworks/SecurityHI.framework/Versions/A/SecurityHI
0x000000010bfe7000 	/Library/Java/JavaVirtualMachines/jdk1.8.0_144.jdk/Contents/Home/jre/lib/libawt.dylib
0x000000010c08f000 	/Library/Java/JavaVirtualMachines/jdk1.8.0_144.jdk/Contents/Home/jre/lib/./libmlib_image.dylib
0x000000010c15b000 	/Library/Java/JavaVirtualMachines/jdk1.8.0_144.jdk/Contents/Home/jre/lib/libawt_lwawt.dylib
0x000000010c212000 	/Library/Java/JavaVirtualMachines/jdk1.8.0_144.jdk/Contents/Home/jre/lib/./libosxapp.dylib
0x0000000049248000 	/System/Library/Frameworks/ExceptionHandling.framework/Versions/A/ExceptionHandling
0x0000000049248000 	/System/Library/PrivateFrameworks/CoreServicesInternal.framework/Versions/A/CoreServicesInternal
0x0000000049248000 	/System/Library/CoreServices/RawCamera.bundle/Contents/MacOS/RawCamera
0x0000000049248000 	/System/Library/Frameworks/Accelerate.framework/Versions/A/Frameworks/vImage.framework/Versions/A/Libraries/libCGInterfaces.dylib
0x0000000049248000 	/System/Library/Frameworks/ApplicationServices.framework/Versions/A/Frameworks/ATS.framework/Versions/A/Resources/libTrueTypeScaler.dylib
0x000000010dd02000 	/System/Library/Frameworks/OpenGL.framework/Resources/GLEngine.bundle/GLEngine
0x0000000049248000 	/System/Library/Frameworks/OpenGL.framework/Versions/A/Libraries/libGLProgrammability.dylib
0x0000000049248000 	/System/Library/Extensions/GeForceGLDriver.bundle/Contents/MacOS/GeForceGLDriver
0x0000000049248000 	/System/Library/Extensions/GeForceGLDriver.bundle/Contents/MacOS/libclh.dylib
0x0000000049248000 	/System/Library/PrivateFrameworks/GPUSupport.framework/Versions/A/Libraries/libGPUSupportMercury.dylib
0x000000010dee7000 	/System/Library/Frameworks/OpenGL.framework/Resources//GLRendererFloat.bundle/GLRendererFloat
0x0000000049248000 	/System/Library/Frameworks/OpenCL.framework/Versions/A/Libraries/libcldcpuengine.dylib
0x0000000049248000 	/usr/lib/libcrypto.0.9.8.dylib
0x0000000049248000 	/System/Library/PrivateFrameworks/TrustEvaluationAgent.framework/Versions/A/TrustEvaluationAgent
0x0000000049248000 	/System/Library/Extensions/GeForceMTLDriver.bundle/Contents/MacOS/GeForceMTLDriver
0x0000000049248000 	/System/Library/PrivateFrameworks/FamilyControls.framework/Versions/A/FamilyControls
0x0000000049248000 	/System/Library/PrivateFrameworks/CommerceKit.framework/Versions/A/Frameworks/CommerceCore.framework/Versions/A/CommerceCore
0x0000000049248000 	/System/Library/PrivateFrameworks/SystemAdministration.framework/Versions/A/SystemAdministration
0x0000000049248000 	/System/Library/PrivateFrameworks/AppContainer.framework/Versions/A/AppContainer
0x0000000049248000 	/System/Library/PrivateFrameworks/SecCodeWrapper.framework/Versions/A/SecCodeWrapper
0x0000000049248000 	/System/Library/Frameworks/DirectoryService.framework/Versions/A/DirectoryService
0x0000000049248000 	/System/Library/PrivateFrameworks/DiskImages.framework/Versions/A/DiskImages
0x0000000049248000 	/System/Library/PrivateFrameworks/LoginUIKit.framework/Versions/A/Frameworks/LoginUICore.framework/Versions/A/LoginUICore
0x0000000049248000 	/usr/lib/libCoreStorage.dylib
0x0000000049248000 	/usr/lib/libcsfde.dylib
0x0000000049248000 	/usr/lib/libodfde.dylib
0x0000000049248000 	/System/Library/Frameworks/DiscRecording.framework/Versions/A/DiscRecording
0x0000000049248000 	/usr/lib/libcurl.4.dylib
0x0000000049248000 	/System/Library/PrivateFrameworks/MediaKit.framework/Versions/A/MediaKit
0x0000000049248000 	/System/Library/PrivateFrameworks/ProtectedCloudStorage.framework/Versions/A/ProtectedCloudStorage
0x0000000049248000 	/System/Library/PrivateFrameworks/EFILogin.framework/Versions/A/EFILogin
0x0000000049248000 	/usr/lib/libutil.dylib
0x0000000049248000 	/System/Library/Frameworks/LDAP.framework/Versions/A/LDAP
0x0000000049248000 	/usr/lib/libsasl2.2.dylib
0x0000000049248000 	/System/Library/PrivateFrameworks/CoreDaemon.framework/Versions/B/CoreDaemon
0x0000000049248000 	/System/Library/PrivateFrameworks/AppleSRP.framework/Versions/A/AppleSRP
0x0000000049248000 	/System/Library/PrivateFrameworks/APFS.framework/Versions/A/APFS
0x000000010e9cf000 	/Library/Java/JavaVirtualMachines/jdk1.8.0_144.jdk/Contents/Home/jre/lib/libfontmanager.dylib
0x000000010ea64000 	/Users/jgla8159/Documents/PKMNEngine-v0.3-master/slick/liblwjgl.dylib
0x000000010ccd4000 	/Library/Java/JavaVirtualMachines/jdk1.8.0_144.jdk/Contents/Home/jre/lib/libjawt.dylib
0x0000000049248000 	/System/Library/PrivateFrameworks/ViewBridge.framework/Versions/A/ViewBridge
0x0000000049248000 	/System/Library/PrivateFrameworks/XPCService.framework/Versions/A/XPCService
0x0000000049248000 	/System/Library/PrivateFrameworks/AppSandbox.framework/Versions/A/AppSandbox
0x0000000049248000 	/usr/lib/libsandbox.1.dylib
0x0000000049248000 	/usr/lib/libMatch.1.dylib
0x0000000126566000 	/Library/Java/JavaVirtualMachines/jdk1.8.0_144.jdk/Contents/Home/jre/lib/libnio.dylib
0x0000000126576000 	/Library/Java/JavaVirtualMachines/jdk1.8.0_144.jdk/Contents/Home/jre/lib/./libnet.dylib
0x0000000127902000 	/Users/jgla8159/Documents/PKMNEngine-v0.3-master/slick/openal.dylib
0x0000000127986000 	/System/Library/Components/CoreAudio.component/Contents/MacOS/CoreAudio
0x0000000127b84000 	/System/Library/Extensions/AppleHDA.kext/Contents/PlugIns/AppleHDAHALPlugIn.bundle/Contents/MacOS/AppleHDAHALPlugIn

VM Arguments:
jvm_args: -Djava.library.path=/Users/jgla8159/Documents/PKMNEngine-v0.3-master/slick -Dfile.encoding=UTF-8 
java_command: Main
java_class_path (initial): /Users/jgla8159/Documents/PKMNEngine-v0.3-master/bin:/Users/jgla8159/Documents/PKMNEngine-v0.3-master/slick/jogg-0.0.7.jar:/Users/jgla8159/Documents/PKMNEngine-v0.3-master/slick/jorbis-0.0.15.jar:/Users/jgla8159/Documents/PKMNEngine-v0.3-master/slick/lwjgl.jar:/Users/jgla8159/Documents/PKMNEngine-v0.3-master/slick/slick.jar
Launcher Type: SUN_STANDARD

Environment Variables:
PATH=/usr/bin:/bin:/usr/sbin:/sbin
SHELL=/bin/bash

Signal Handlers:
SIGSEGV: [libjvm.dylib+0x5b26e5], sa_mask[0]=11111111011111110111111111111111, sa_flags=SA_ONSTACK|SA_RESTART|SA_SIGINFO
SIGBUS: [libjvm.dylib+0x5b26e5], sa_mask[0]=11111111011111110111111111111111, sa_flags=SA_RESTART|SA_SIGINFO
SIGFPE: [libjvm.dylib+0x489100], sa_mask[0]=11111111011111110111111111111111, sa_flags=SA_RESTART|SA_SIGINFO
SIGPIPE: [libjvm.dylib+0x489100], sa_mask[0]=11111111011111110111111111111111, sa_flags=SA_RESTART|SA_SIGINFO
SIGXFSZ: [libjvm.dylib+0x489100], sa_mask[0]=11111111011111110111111111111111, sa_flags=SA_RESTART|SA_SIGINFO
SIGILL: [libjvm.dylib+0x489100], sa_mask[0]=11111111011111110111111111111111, sa_flags=SA_RESTART|SA_SIGINFO
SIGUSR1: SIG_DFL, sa_mask[0]=00000000000000000000000000000000, sa_flags=none
SIGUSR2: [libjvm.dylib+0x488c1e], sa_mask[0]=00100000000000000000000000000000, sa_flags=SA_RESTART|SA_SIGINFO
SIGHUP: [libjvm.dylib+0x4871f5], sa_mask[0]=11111111011111110111111111111111, sa_flags=SA_RESTART|SA_SIGINFO
SIGINT: [libjvm.dylib+0x4871f5], sa_mask[0]=11111111011111110111111111111111, sa_flags=SA_RESTART|SA_SIGINFO
SIGTERM: [libjvm.dylib+0x4871f5], sa_mask[0]=11111111011111110111111111111111, sa_flags=SA_RESTART|SA_SIGINFO
SIGQUIT: [libjvm.dylib+0x4871f5], sa_mask[0]=11111111011111110111111111111111, sa_flags=SA_RESTART|SA_SIGINFO


---------------  S Y S T E M  ---------------

OS:Bsduname:Darwin 16.7.0 Darwin Kernel Version 16.7.0: Tue Jan 30 11:27:06 PST 2018; root:xnu-3789.73.11~1/RELEASE_X86_64 x86_64
rlimit: STACK 8192k, CORE 0k, NPROC 709, NOFILE 10240, AS infinity
load average:1.57 1.69 1.65

CPU:total 4 (initial active 4) (4 cores per cpu, 1 threads per core) family 6 model 60 stepping 3, cmov, cx8, fxsr, mmx, sse, sse2, sse3, ssse3, sse4.1, sse4.2, popcnt, avx, avx2, aes, clmul, erms, lzcnt, tsc, tscinvbit, bmi1, bmi2

Memory: 4k page, physical 8388608k(273212k free)

/proc/meminfo:


vm_info: Java HotSpot(TM) 64-Bit Server VM (25.144-b01) for bsd-amd64 JRE (1.8.0_144-b01), built on Jul 21 2017 22:07:42 by "java_re" with gcc 4.2.1 (Based on Apple Inc. build 5658) (LLVM build 2336.11.00)

time: Tue May 15 08:56:07 2018
elapsed time: 16 seconds (0d 0h 0m 16s)

