#
# A fatal error has been detected by the Java Runtime Environment:
#
#  SIGSEGV (0xb) at pc=0x00007fff90fdf05d, pid=11666, tid=0x0000000000000307
#
# JRE version: Java(TM) SE Runtime Environment (8.0_144-b01) (build 1.8.0_144-b01)
# Java VM: Java HotSpot(TM) 64-Bit Server VM (25.144-b01 mixed mode bsd-amd64 compressed oops)
# Problematic frame:
# C  [libobjc.A.dylib+0x705d]  objc_msgSend+0x1d
#
# Failed to write core dump. Core dumps have been disabled. To enable core dumping, try "ulimit -c unlimited" before starting Java again
#
# If you would like to submit a bug report, please visit:
#   http://bugreport.java.com/bugreport/crash.jsp
# The crash happened outside the Java Virtual Machine in native code.
# See problematic frame for where to report the bug.
#

---------------  T H R E A D  ---------------

Current thread (0x00007f9094043000):  JavaThread "AppKit Thread" daemon [_thread_in_native, id=775, stack(0x00007fff56d9d000,0x00007fff5759d000)]

siginfo: si_signo: 11 (SIGSEGV), si_code: 1 (SEGV_MAPERR), si_addr: 0x000007f9092d7000

Registers:
RAX=0x0000000000000000, RBX=0x00007f9092c7e260, RCX=0x0000000000000000, RDX=0x00000000000fbfb0
RSP=0x00007fff57597848, RBP=0x00007fff57597870, RSI=0x00007fff7a8c67ab, RDI=0x00007f9092d700b0
R8 =0x0000000000000003, R9 =0x0000000000000000, R10=0x000007f9092d6fe8, R11=0x00007fff7a8c67ab
R12=0x0000000000000094, R13=0x00007fff7a8a917f, R14=0x00007f9092d700b0, R15=0x0000000000000000
RIP=0x00007fff90fdf05d, EFLAGS=0x0000000000010206, ERR=0x0000000000000004
  TRAPNO=0x000000000000000e

Top of Stack: (sp=0x00007fff57597848)
0x00007fff57597848:   0000000116c4e598 00007f9092c7e260
0x00007fff57597858:   0000000116c82c60 00007f9092d61360
0x00007fff57597868:   00007f9092d61360 00007fff57597de0
0x00007fff57597878:   00007fff79d95e7b 0000000000000000
0x00007fff57597888:   0000000000000000 4094000000000000
0x00007fff57597898:   4086800000000000 0000000000000000
0x00007fff575978a8:   0000000000000000 4094000000000000
0x00007fff575978b8:   4086800000000000 00007fff575978e0
0x00007fff575978c8:   00007fff7c8dcf20 00000000000000c0
0x00007fff575978d8:   ffff806f6d0c1900 00007f9092f3e700
0x00007fff575978e8:   00007fff9a739480 00007fff57597950
0x00007fff575978f8:   00007fff90fe7243 00007fff9a739540
0x00007fff57597908:   000000017a861100 00007f9092f3e700
0x00007fff57597918:   ffff806f6d0c1900 00007f90931fc300
0x00007fff57597928:   00007f9092c80060 00007fff7a861100
0x00007fff57597938:   00007f9092c7e260 00007fff90fdf040
0x00007fff57597948:   00007fff575979b0 00007fff575979a0
0x00007fff57597958:   00007fff7a46f91f 401c000000000000
0x00007fff57597968:   4086a00000000000 402c000000000000
0x00007fff57597978:   0000000000000000 00007fff00000000
0x00007fff57597988:   0000000000000000 00007fff7a87abb8
0x00007fff57597998:   00007f9092c80000 00000001575979f0
0x00007fff575979a8:   00007f9092c80060 0000000000000088
0x00007fff575979b8:   00007f9092f383e0 012c000000000000
0x00007fff575979c8:   00007f9092c7e260 00007fff575979f0
0x00007fff575979d8:   00007f9092c80060 00007fff57597ac0
0x00007fff575979e8:   00007f9092c80060 00007fff57597a30
0x00007fff575979f8:   00007fff79e4dc42 401c000000000000
0x00007fff57597a08:   4086980000000000 402c000000000000
0x00007fff57597a18:   4030000000000000 00007fff57597ac0
0x00007fff57597a28:   00007f9092c80060 00007fff57597ab0
0x00007fff57597a38:   00007fff79e4dbe4 401c000000000000 

Instructions: (pc=0x00007fff90fdf05d)
0x00007fff90fdf03d:   0f 1f 00 48 85 ff 2e 74 62 40 f6 c7 01 2e 75 66
0x00007fff90fdf04d:   49 ba f8 ff ff ff ff 7f 00 00 4c 23 17 49 89 f3
0x00007fff90fdf05d:   45 23 5a 18 49 c1 e3 04 4d 03 5a 10 49 3b 33 75
0x00007fff90fdf06d:   04 41 ff 63 08 49 83 3b 01 76 0d 49 83 c3 10 49 

Register to memory mapping:

RAX=0x0000000000000000 is an unknown value
RBX=0x00007f9092c7e260 is an unknown value
RCX=0x0000000000000000 is an unknown value
RDX=0x00000000000fbfb0 is an unknown value
RSP=0x00007fff57597848 is pointing into the stack for thread: 0x00007f9094043000
RBP=0x00007fff57597870 is pointing into the stack for thread: 0x00007f9094043000
RSI=0x00007fff7a8c67ab: __NSStyleNameIndexTable+0xe03f3 in /System/Library/Frameworks/AppKit.framework/Versions/C/AppKit at 0x00007fff79bf9000
RDI=0x00007f9092d700b0 is an unknown value
R8 =0x0000000000000003 is an unknown value
R9 =0x0000000000000000 is an unknown value
R10=0x000007f9092d6fe8 is an unknown value
R11=0x00007fff7a8c67ab: __NSStyleNameIndexTable+0xe03f3 in /System/Library/Frameworks/AppKit.framework/Versions/C/AppKit at 0x00007fff79bf9000
R12=0x0000000000000094 is an unknown value
R13=0x00007fff7a8a917f: __NSStyleNameIndexTable+0xc2dc7 in /System/Library/Frameworks/AppKit.framework/Versions/C/AppKit at 0x00007fff79bf9000
R14=0x00007f9092d700b0 is an unknown value
R15=0x0000000000000000 is an unknown value


Stack: [0x00007fff56d9d000,0x00007fff5759d000],  sp=0x00007fff57597848,  free space=8170k
Native frames: (J=compiled Java code, j=interpreted, Vv=VM code, C=native code)
C  [libobjc.A.dylib+0x705d]  objc_msgSend+0x1d
C  [AppKit+0x19ce7b]  -[NSView _recursiveDisplayRectIfNeededIgnoringOpacity:isVisibleRect:rectIsVisibleRectForView:topView:]+0x6ee
C  [AppKit+0x19d6d1]  -[NSView _recursiveDisplayRectIfNeededIgnoringOpacity:isVisibleRect:rectIsVisibleRectForView:topView:]+0xf44
C  [AppKit+0x19c2af]  -[NSThemeFrame _recursiveDisplayRectIfNeededIgnoringOpacity:isVisibleRect:rectIsVisibleRectForView:topView:]+0x14e
C  [AppKit+0x19a6d8]  -[NSView _displayRectIgnoringOpacity:isVisibleRect:rectIsVisibleRectForView:]+0x994
C  [AppKit+0x195fca]  -[NSView displayIfNeeded]+0x6d4
C  [AppKit+0x1958db]  -[NSWindow displayIfNeeded]+0xe6
C  [AppKit+0x8f5cb4]  ___NSWindowGetDisplayCycleObserver_block_invoke.6228+0x115
C  [AppKit+0x1953b9]  __37+[NSDisplayCycle currentDisplayCycle]_block_invoke+0x1c6
C  [QuartzCore+0x11cc6]  _ZN2CA11Transaction19run_commit_handlersE18CATransactionPhase+0x2e
C  [QuartzCore+0x11b8ac]  _ZN2CA7Context18commit_transactionEPNS_11TransactionE+0xa0
C  [QuartzCore+0x107a1]  _ZN2CA11Transaction6commitEv+0x1db
C  [AppKit+0x4788b1]  __37+[NSDisplayCycle currentDisplayCycle]_block_invoke.31+0x143
C  [CoreFoundation+0xa6d37]  __CFRUNLOOP_IS_CALLING_OUT_TO_AN_OBSERVER_CALLBACK_FUNCTION__+0x17
C  [CoreFoundation+0xa6ca7]  __CFRunLoopDoObservers+0x187
C  [CoreFoundation+0x876d9]  __CFRunLoopRun+0x369
C  [CoreFoundation+0x87114]  CFRunLoopRunSpecific+0x1a4
C  [HIToolbox+0x30ebc]  RunCurrentEventLoopInMode+0xf0
C  [HIToolbox+0x30bf9]  ReceiveNextEventCommon+0xb8
C  [HIToolbox+0x30b26]  _BlockUntilNextEventMatchingListInModeWithFilter+0x47
C  [AppKit+0x46a54]  _DPSNextEvent+0x460
C  [AppKit+0x7c27ee]  -[NSApplication(NSEvent) _nextEventMatchingEventMask:untilDate:inMode:dequeue:]+0xaec
C  [libosxapp.dylib+0x23aa]  -[NSApplicationAWT nextEventMatchingMask:untilDate:inMode:dequeue:]+0x7c
C  [AppKit+0x3b3db]  -[NSApplication run]+0x39e
C  [libosxapp.dylib+0x214d]  +[NSApplicationAWT runAWTLoopWithApp:]+0x9c
C  [libawt_lwawt.dylib+0x45edf]  -[AWTStarter starter:]+0x389
C  [Foundation+0x7152a]  __NSThreadPerformPerform+0x146
C  [CoreFoundation+0xa7321]  __CFRUNLOOP_IS_CALLING_OUT_TO_A_SOURCE0_PERFORM_FUNCTION__+0x11
C  [CoreFoundation+0x8821d]  __CFRunLoopDoSources0+0x22d
C  [CoreFoundation+0x87716]  __CFRunLoopRun+0x3a6
C  [CoreFoundation+0x87114]  CFRunLoopRunSpecific+0x1a4
C  [java+0x6465]  CreateExecutionEnvironment+0x367
C  [java+0x218c]  JLI_Launch+0x7a0
C  [java+0x84c2]  main+0x65
C  [java+0x19e4]  start+0x34
C  0x0000000000000006


---------------  P R O C E S S  ---------------

Java Threads: ( => current thread )
  0x00007f9093278000 JavaThread "Java2D Queue Flusher" daemon [_thread_blocked, id=60423, stack(0x000070000c973000,0x000070000ca73000)]
  0x00007f909322a000 JavaThread "Java2D Disposer" daemon [_thread_blocked, id=59659, stack(0x000070000c870000,0x000070000c970000)]
  0x00007f9093156800 JavaThread "AWT-Shutdown" [_thread_blocked, id=29471, stack(0x000070000c6ea000,0x000070000c7ea000)]
=>0x00007f9094043000 JavaThread "AppKit Thread" daemon [_thread_in_native, id=775, stack(0x00007fff56d9d000,0x00007fff5759d000)]
  0x00007f9093857000 JavaThread "Service Thread" daemon [_thread_blocked, id=18691, stack(0x000070000c461000,0x000070000c561000)]
  0x00007f9093003000 JavaThread "C1 CompilerThread2" daemon [_thread_blocked, id=18179, stack(0x000070000c35e000,0x000070000c45e000)]
  0x00007f909404b800 JavaThread "C2 CompilerThread1" daemon [_thread_blocked, id=17667, stack(0x000070000c25b000,0x000070000c35b000)]
  0x00007f909480a000 JavaThread "C2 CompilerThread0" daemon [_thread_blocked, id=17155, stack(0x000070000c158000,0x000070000c258000)]
  0x00007f9094822000 JavaThread "Signal Dispatcher" daemon [_thread_blocked, id=16643, stack(0x000070000c055000,0x000070000c155000)]
  0x00007f909402d800 JavaThread "Finalizer" daemon [_thread_blocked, id=12547, stack(0x000070000bf52000,0x000070000c052000)]
  0x00007f909402b000 JavaThread "Reference Handler" daemon [_thread_blocked, id=12035, stack(0x000070000be4f000,0x000070000bf4f000)]
  0x00007f9093802000 JavaThread "main" [_thread_in_native, id=7171, stack(0x000070000b83d000,0x000070000b93d000)]

Other Threads:
  0x00007f9094026800 VMThread [stack: 0x000070000bd4c000,0x000070000be4c000] [id=11523]
  0x00007f9093801800 WatcherThread [stack: 0x000070000c564000,0x000070000c664000] [id=19203]

VM state:not at safepoint (normal execution)

VM Mutex/Monitor currently owned by a thread: None

Heap:
 PSYoungGen      total 38400K, used 21538K [0x0000000795580000, 0x0000000798000000, 0x00000007c0000000)
  eden space 33280K, 59% used [0x0000000795580000,0x00000007968b00c0,0x0000000797600000)
  from space 5120K, 36% used [0x0000000797b00000,0x0000000797cd8900,0x0000000798000000)
  to   space 5120K, 0% used [0x0000000797600000,0x0000000797600000,0x0000000797b00000)
 ParOldGen       total 87552K, used 8208K [0x0000000740000000, 0x0000000745580000, 0x0000000795580000)
  object space 87552K, 9% used [0x0000000740000000,0x0000000740804010,0x0000000745580000)
 Metaspace       used 10431K, capacity 10597K, committed 10752K, reserved 1058816K
  class space    used 1083K, capacity 1163K, committed 1280K, reserved 1048576K

Card table byte_map: [0x000000010a3c0000,0x000000010a7c1000] byte_map_base: 0x00000001069c0000

Marking Bits: (ParMarkBitMap*) 0x0000000108fd35d0
 Begin Bits: [0x000000010aa6c000, 0x000000010ca6c000)
 End Bits:   [0x000000010ca6c000, 0x000000010ea6c000)

Polling page: 0x00000001096ca000

CodeCache: size=245760Kb used=4472Kb max_used=4472Kb free=241287Kb
 bounds [0x000000011720f000, 0x000000011767f000, 0x000000012620f000]
 total_blobs=1637 nmethods=1107 adapters=444
 compilation: enabled

Compilation events (10 events):
Event: 5.928 Thread 0x00007f9093003000 1103       3       java.nio.ByteBuffer::put (55 bytes)
Event: 5.929 Thread 0x00007f9093003000 nmethod 1103 0x000000011766d650 code [0x000000011766d820, 0x000000011766de28]
Event: 5.929 Thread 0x00007f9093003000 1104   !   3       org.lwjgl.opengl.Display::isCloseRequested (38 bytes)
Event: 5.929 Thread 0x00007f9093003000 nmethod 1104 0x000000011766e150 code [0x000000011766e320, 0x000000011766eae8]
Event: 5.929 Thread 0x00007f9093003000 1105   !   3       org.lwjgl.opengl.MacOSXDisplay::isCloseRequested (26 bytes)
Event: 5.929 Thread 0x00007f9093003000 nmethod 1105 0x000000011766ee50 code [0x000000011766efc0, 0x000000011766f2b0]
Event: 6.052 Thread 0x00007f9093003000 1106       3       java.net.URLClassLoader$1::run (5 bytes)
Event: 6.052 Thread 0x00007f9093003000 nmethod 1106 0x000000011766f350 code [0x000000011766f4c0, 0x000000011766f668]
Event: 6.052 Thread 0x00007f9093003000 1107   !   3       java.net.URLClassLoader$1::run (63 bytes)
Event: 6.053 Thread 0x00007f9093003000 nmethod 1107 0x000000011766f710 code [0x000000011766f8e0, 0x000000011766fe28]

GC Heap History (4 events):
Event: 1.248 GC heap before
{Heap before GC invocations=1 (full 0):
 PSYoungGen      total 38400K, used 31689K [0x0000000795580000, 0x0000000798000000, 0x00000007c0000000)
  eden space 33280K, 95% used [0x0000000795580000,0x0000000797472550,0x0000000797600000)
  from space 5120K, 0% used [0x0000000797b00000,0x0000000797b00000,0x0000000798000000)
  to   space 5120K, 0% used [0x0000000797600000,0x0000000797600000,0x0000000797b00000)
 ParOldGen       total 87552K, used 0K [0x0000000740000000, 0x0000000745580000, 0x0000000795580000)
  object space 87552K, 0% used [0x0000000740000000,0x0000000740000000,0x0000000745580000)
 Metaspace       used 9700K, capacity 9881K, committed 10112K, reserved 1058816K
  class space    used 1034K, capacity 1117K, committed 1152K, reserved 1048576K
Event: 1.256 GC heap after
Heap after GC invocations=1 (full 0):
 PSYoungGen      total 38400K, used 3576K [0x0000000795580000, 0x0000000798000000, 0x00000007c0000000)
  eden space 33280K, 0% used [0x0000000795580000,0x0000000795580000,0x0000000797600000)
  from space 5120K, 69% used [0x0000000797600000,0x000000079797e0f8,0x0000000797b00000)
  to   space 5120K, 0% used [0x0000000797b00000,0x0000000797b00000,0x0000000798000000)
 ParOldGen       total 87552K, used 8200K [0x0000000740000000, 0x0000000745580000, 0x0000000795580000)
  object space 87552K, 9% used [0x0000000740000000,0x0000000740802010,0x0000000745580000)
 Metaspace       used 9700K, capacity 9881K, committed 10112K, reserved 1058816K
  class space    used 1034K, capacity 1117K, committed 1152K, reserved 1048576K
}
Event: 1.992 GC heap before
{Heap before GC invocations=2 (full 0):
 PSYoungGen      total 38400K, used 36856K [0x0000000795580000, 0x0000000798000000, 0x00000007c0000000)
  eden space 33280K, 100% used [0x0000000795580000,0x0000000797600000,0x0000000797600000)
  from space 5120K, 69% used [0x0000000797600000,0x000000079797e0f8,0x0000000797b00000)
  to   space 5120K, 0% used [0x0000000797b00000,0x0000000797b00000,0x0000000798000000)
 ParOldGen       total 87552K, used 8200K [0x0000000740000000, 0x0000000745580000, 0x0000000795580000)
  object space 87552K, 9% used [0x0000000740000000,0x0000000740802010,0x0000000745580000)
 Metaspace       used 9750K, capacity 9881K, committed 10112K, reserved 1058816K
  class space    used 1036K, capacity 1117K, committed 1152K, reserved 1048576K
Event: 1.994 GC heap after
Heap after GC invocations=2 (full 0):
 PSYoungGen      total 38400K, used 1890K [0x0000000795580000, 0x0000000798000000, 0x00000007c0000000)
  eden space 33280K, 0% used [0x0000000795580000,0x0000000795580000,0x0000000797600000)
  from space 5120K, 36% used [0x0000000797b00000,0x0000000797cd8900,0x0000000798000000)
  to   space 5120K, 0% used [0x0000000797600000,0x0000000797600000,0x0000000797b00000)
 ParOldGen       total 87552K, used 8208K [0x0000000740000000, 0x0000000745580000, 0x0000000795580000)
  object space 87552K, 9% used [0x0000000740000000,0x0000000740804010,0x0000000745580000)
 Metaspace       used 9750K, capacity 9881K, committed 10112K, reserved 1058816K
  class space    used 1036K, capacity 1117K, committed 1152K, reserved 1048576K
}

Deoptimization events (10 events):
Event: 0.750 Thread 0x00007f9093802000 Uncommon trap: reason=unstable_if action=reinterpret pc=0x00000001174b97d4 method=com.jcraft.jogg.Buffer.read(I)I @ 23
Event: 0.788 Thread 0x00007f9093802000 Uncommon trap: reason=unstable_if action=reinterpret pc=0x00000001174d4c24 method=org.newdawn.slick.openal.OggInputStream.read()I @ 60
Event: 0.791 Thread 0x00007f9093802000 Uncommon trap: reason=unstable_if action=reinterpret pc=0x00000001174f4944 method=org.newdawn.slick.openal.OggInputStream.read()I @ 11
Event: 0.922 Thread 0x00007f9093802000 Uncommon trap: reason=unstable_if action=reinterpret pc=0x000000011752bce8 method=org.newdawn.slick.openal.OggInputStream.readPCM()V @ 270
Event: 0.999 Thread 0x00007f9093802000 Uncommon trap: reason=unstable_if action=reinterpret pc=0x000000011753e198 method=com.jcraft.jorbis.Floor1.inverse1(Lcom/jcraft/jorbis/Block;Ljava/lang/Object;Ljava/lang/Object;)Ljava/lang/Object; @ 451
Event: 1.520 Thread 0x00007f9093802000 Uncommon trap: reason=unstable_if action=reinterpret pc=0x000000011754d3b4 method=com.jcraft.jorbis.DspState.synthesis_blockin(Lcom/jcraft/jorbis/Block;)I @ 701
Event: 1.520 Thread 0x00007f9093802000 Uncommon trap: reason=unstable_if action=reinterpret pc=0x00000001175518d4 method=org.newdawn.slick.openal.OggInputStream.readPCM()V @ 481
Event: 1.520 Thread 0x00007f9093802000 Uncommon trap: reason=unstable_if action=reinterpret pc=0x0000000117538b80 method=org.newdawn.slick.openal.OggInputStream.atEnd()Z @ 4
Event: 1.520 Thread 0x00007f9093802000 Uncommon trap: reason=unstable_if action=reinterpret pc=0x00000001174c6338 method=org.newdawn.slick.openal.OggInputStream.atEnd()Z @ 4
Event: 1.673 Thread 0x00007f9093802000 Uncommon trap: reason=unstable_if action=reinterpret pc=0x0000000117563cfc method=java.nio.DirectByteBuffer.put([BII)Ljava/nio/ByteBuffer; @ 8

Internal exceptions (10 events):
Event: 0.161 Thread 0x00007f9093802000 Exception <a 'java/lang/NoSuchFieldError': method resolution failed> (0x000000079591e198) thrown at [/Users/java_re/workspace/8-2-build-macosx-x86_64/jdk8u144/9417/hotspot/src/share/vm/prims/methodHandles.cpp, line 1146]
Event: 0.295 Thread 0x00007f9093802000 Exception <a 'java/io/FileNotFoundException'> (0x0000000795998a80) thrown at [/Users/java_re/workspace/8-2-build-macosx-x86_64/jdk8u144/9417/hotspot/src/share/vm/prims/jni.cpp, line 709]
Event: 0.295 Thread 0x00007f9093802000 Exception <a 'java/io/FileNotFoundException'> (0x0000000795999600) thrown at [/Users/java_re/workspace/8-2-build-macosx-x86_64/jdk8u144/9417/hotspot/src/share/vm/prims/jni.cpp, line 709]
Event: 0.507 Thread 0x00007f9093802000 Exception <a 'java/lang/NoClassDefFoundError': net/java/games/input/ControllerEnvironment> (0x0000000795e9ce20) thrown at [/Users/java_re/workspace/8-2-build-macosx-x86_64/jdk8u144/9417/hotspot/src/share/vm/classfile/systemDictionary.cpp, line 199]
Event: 0.704 Thread 0x00007f9093802000 Exception <a 'java/security/PrivilegedActionException'> (0x00000007961c7638) thrown at [/Users/java_re/workspace/8-2-build-macosx-x86_64/jdk8u144/9417/hotspot/src/share/vm/prims/jvm.cpp, line 1390]
Event: 0.705 Thread 0x00007f9093802000 Exception <a 'java/security/PrivilegedActionException'> (0x00000007961c9220) thrown at [/Users/java_re/workspace/8-2-build-macosx-x86_64/jdk8u144/9417/hotspot/src/share/vm/prims/jvm.cpp, line 1390]
Event: 0.705 Thread 0x00007f9093802000 Exception <a 'java/security/PrivilegedActionException'> (0x00000007961ca340) thrown at [/Users/java_re/workspace/8-2-build-macosx-x86_64/jdk8u144/9417/hotspot/src/share/vm/prims/jvm.cpp, line 1390]
Event: 0.705 Thread 0x00007f9093802000 Exception <a 'java/security/PrivilegedActionException'> (0x00000007961cf460) thrown at [/Users/java_re/workspace/8-2-build-macosx-x86_64/jdk8u144/9417/hotspot/src/share/vm/prims/jvm.cpp, line 1390]
Event: 0.705 Thread 0x00007f9093802000 Exception <a 'java/security/PrivilegedActionException'> (0x00000007961d00b8) thrown at [/Users/java_re/workspace/8-2-build-macosx-x86_64/jdk8u144/9417/hotspot/src/share/vm/prims/jvm.cpp, line 1390]
Event: 0.705 Thread 0x00007f9093802000 Exception <a 'java/security/PrivilegedActionException'> (0x00000007961d0ce0) thrown at [/Users/java_re/workspace/8-2-build-macosx-x86_64/jdk8u144/9417/hotspot/src/share/vm/prims/jvm.cpp, line 1390]

Events (10 events):
Event: 3.656 loading class java/time/chrono/ChronoZonedDateTime
Event: 3.656 loading class java/time/chrono/ChronoZonedDateTime done
Event: 3.656 loading class java/time/zone/ZoneOffsetTransitionRule$1
Event: 3.657 loading class java/time/zone/ZoneOffsetTransitionRule$1 done
Event: 4.100 Executing VM operation: EnableBiasedLocking
Event: 4.101 Executing VM operation: EnableBiasedLocking done
Event: 5.350 Thread 0x00007f9093802000 DEOPT PACKING pc=0x0000000117612933 sp=0x000070000b93c5b0
Event: 5.350 Thread 0x00007f9093802000 DEOPT UNPACKING pc=0x0000000117256633 sp=0x000070000b93c3e0 mode 0
Event: 6.052 loading class org/lwjgl/opengl/CallbackUtil
Event: 6.052 loading class org/lwjgl/opengl/CallbackUtil done


Dynamic libraries:
0x0000000006d48000 	/System/Library/Frameworks/Cocoa.framework/Versions/A/Cocoa
0x0000000006d48000 	/System/Library/Frameworks/Security.framework/Versions/A/Security
0x0000000006d48000 	/System/Library/Frameworks/ApplicationServices.framework/Versions/A/ApplicationServices
0x0000000006d48000 	/usr/lib/libz.1.dylib
0x0000000006d48000 	/usr/lib/libSystem.B.dylib
0x0000000006d48000 	/usr/lib/libobjc.A.dylib
0x0000000006d48000 	/System/Library/Frameworks/CoreFoundation.framework/Versions/A/CoreFoundation
0x0000000006d48000 	/System/Library/Frameworks/Foundation.framework/Versions/C/Foundation
0x0000000006d48000 	/System/Library/Frameworks/AppKit.framework/Versions/C/AppKit
0x0000000006d48000 	/System/Library/Frameworks/CoreData.framework/Versions/A/CoreData
0x0000000006d48000 	/System/Library/PrivateFrameworks/RemoteViewServices.framework/Versions/A/RemoteViewServices
0x0000000006d48000 	/System/Library/PrivateFrameworks/UIFoundation.framework/Versions/A/UIFoundation
0x0000000006d48000 	/System/Library/PrivateFrameworks/DFRFoundation.framework/Versions/A/DFRFoundation
0x0000000006d48000 	/usr/lib/libenergytrace.dylib
0x0000000006d48000 	/System/Library/PrivateFrameworks/SkyLight.framework/Versions/A/SkyLight
0x0000000006d48000 	/System/Library/Frameworks/CoreGraphics.framework/Versions/A/CoreGraphics
0x0000000006d48000 	/usr/lib/libScreenReader.dylib
0x0000000006d48000 	/System/Library/Frameworks/Accelerate.framework/Versions/A/Accelerate
0x0000000006d48000 	/System/Library/Frameworks/IOSurface.framework/Versions/A/IOSurface
0x0000000006d48000 	/System/Library/Frameworks/AudioToolbox.framework/Versions/A/AudioToolbox
0x0000000006d48000 	/System/Library/Frameworks/AudioUnit.framework/Versions/A/AudioUnit
0x0000000006d48000 	/System/Library/PrivateFrameworks/DataDetectorsCore.framework/Versions/A/DataDetectorsCore
0x0000000006d48000 	/System/Library/PrivateFrameworks/DesktopServicesPriv.framework/Versions/A/DesktopServicesPriv
0x0000000006d48000 	/System/Library/Frameworks/Carbon.framework/Versions/A/Frameworks/HIToolbox.framework/Versions/A/HIToolbox
0x0000000006d48000 	/usr/lib/libicucore.A.dylib
0x0000000006d48000 	/System/Library/Frameworks/QuartzCore.framework/Versions/A/QuartzCore
0x0000000006d48000 	/System/Library/Frameworks/Carbon.framework/Versions/A/Frameworks/SpeechRecognition.framework/Versions/A/SpeechRecognition
0x0000000006d48000 	/usr/lib/libauto.dylib
0x0000000006d48000 	/usr/lib/libxml2.2.dylib
0x0000000006d48000 	/System/Library/PrivateFrameworks/CoreUI.framework/Versions/A/CoreUI
0x0000000006d48000 	/System/Library/Frameworks/CoreAudio.framework/Versions/A/CoreAudio
0x0000000006d48000 	/System/Library/Frameworks/DiskArbitration.framework/Versions/A/DiskArbitration
0x0000000006d48000 	/usr/lib/liblangid.dylib
0x0000000006d48000 	/System/Library/PrivateFrameworks/MultitouchSupport.framework/Versions/A/MultitouchSupport
0x0000000006d48000 	/System/Library/Frameworks/IOKit.framework/Versions/A/IOKit
0x0000000006d48000 	/usr/lib/libDiagnosticMessagesClient.dylib
0x0000000006d48000 	/System/Library/Frameworks/CoreServices.framework/Versions/A/CoreServices
0x0000000006d48000 	/System/Library/PrivateFrameworks/PerformanceAnalysis.framework/Versions/A/PerformanceAnalysis
0x0000000006d48000 	/System/Library/PrivateFrameworks/GenerationalStorage.framework/Versions/A/GenerationalStorage
0x0000000006d48000 	/System/Library/Frameworks/OpenGL.framework/Versions/A/OpenGL
0x0000000006d48000 	/System/Library/Frameworks/CoreImage.framework/Versions/A/CoreImage
0x0000000006d48000 	/System/Library/Frameworks/CoreText.framework/Versions/A/CoreText
0x0000000006d48000 	/System/Library/Frameworks/ImageIO.framework/Versions/A/ImageIO
0x0000000006d48000 	/System/Library/PrivateFrameworks/Backup.framework/Versions/A/Backup
0x0000000006d48000 	/usr/lib/libarchive.2.dylib
0x0000000006d48000 	/System/Library/Frameworks/CFNetwork.framework/Versions/A/CFNetwork
0x0000000006d48000 	/System/Library/Frameworks/SystemConfiguration.framework/Versions/A/SystemConfiguration
0x0000000006d48000 	/usr/lib/libCRFSuite.dylib
0x0000000006d48000 	/usr/lib/libc++.1.dylib
0x0000000006d48000 	/usr/lib/libc++abi.dylib
0x0000000006d48000 	/usr/lib/system/libcache.dylib
0x0000000006d48000 	/usr/lib/system/libcommonCrypto.dylib
0x0000000006d48000 	/usr/lib/system/libcompiler_rt.dylib
0x0000000006d48000 	/usr/lib/system/libcopyfile.dylib
0x0000000006d48000 	/usr/lib/system/libcorecrypto.dylib
0x0000000006d48000 	/usr/lib/system/libdispatch.dylib
0x0000000006d48000 	/usr/lib/system/libdyld.dylib
0x0000000006d48000 	/usr/lib/system/libkeymgr.dylib
0x0000000006d48000 	/usr/lib/system/liblaunch.dylib
0x0000000006d48000 	/usr/lib/system/libmacho.dylib
0x0000000006d48000 	/usr/lib/system/libquarantine.dylib
0x0000000006d48000 	/usr/lib/system/libremovefile.dylib
0x0000000006d48000 	/usr/lib/system/libsystem_asl.dylib
0x0000000006d48000 	/usr/lib/system/libsystem_blocks.dylib
0x0000000006d48000 	/usr/lib/system/libsystem_c.dylib
0x0000000006d48000 	/usr/lib/system/libsystem_configuration.dylib
0x0000000006d48000 	/usr/lib/system/libsystem_coreservices.dylib
0x0000000006d48000 	/usr/lib/system/libsystem_coretls.dylib
0x0000000006d48000 	/usr/lib/system/libsystem_dnssd.dylib
0x0000000006d48000 	/usr/lib/system/libsystem_info.dylib
0x0000000006d48000 	/usr/lib/system/libsystem_kernel.dylib
0x0000000006d48000 	/usr/lib/system/libsystem_m.dylib
0x0000000006d48000 	/usr/lib/system/libsystem_malloc.dylib
0x0000000006d48000 	/usr/lib/system/libsystem_network.dylib
0x0000000006d48000 	/usr/lib/system/libsystem_networkextension.dylib
0x0000000006d48000 	/usr/lib/system/libsystem_notify.dylib
0x0000000006d48000 	/usr/lib/system/libsystem_platform.dylib
0x0000000006d48000 	/usr/lib/system/libsystem_pthread.dylib
0x0000000006d48000 	/usr/lib/system/libsystem_sandbox.dylib
0x0000000006d48000 	/usr/lib/system/libsystem_secinit.dylib
0x0000000006d48000 	/usr/lib/system/libsystem_symptoms.dylib
0x0000000006d48000 	/usr/lib/system/libsystem_trace.dylib
0x0000000006d48000 	/usr/lib/system/libunwind.dylib
0x0000000006d48000 	/usr/lib/system/libxpc.dylib
0x0000000006d48000 	/usr/lib/libbsm.0.dylib
0x0000000006d48000 	/usr/lib/system/libkxld.dylib
0x0000000006d48000 	/usr/lib/libcoretls.dylib
0x0000000006d48000 	/usr/lib/libcoretls_cfhelpers.dylib
0x0000000006d48000 	/usr/lib/libOpenScriptingUtil.dylib
0x0000000006d48000 	/usr/lib/libpam.2.dylib
0x0000000006d48000 	/usr/lib/libsqlite3.dylib
0x0000000006d48000 	/usr/lib/libxar.1.dylib
0x0000000006d48000 	/usr/lib/libbz2.1.0.dylib
0x0000000006d48000 	/usr/lib/liblzma.5.dylib
0x0000000006d48000 	/usr/lib/libnetwork.dylib
0x0000000006d48000 	/usr/lib/libpcap.A.dylib
0x0000000006d48000 	/System/Library/Frameworks/CoreServices.framework/Versions/A/Frameworks/FSEvents.framework/Versions/A/FSEvents
0x0000000006d48000 	/System/Library/Frameworks/CoreServices.framework/Versions/A/Frameworks/CarbonCore.framework/Versions/A/CarbonCore
0x0000000006d48000 	/System/Library/Frameworks/CoreServices.framework/Versions/A/Frameworks/Metadata.framework/Versions/A/Metadata
0x0000000006d48000 	/System/Library/Frameworks/CoreServices.framework/Versions/A/Frameworks/OSServices.framework/Versions/A/OSServices
0x0000000006d48000 	/System/Library/Frameworks/CoreServices.framework/Versions/A/Frameworks/SearchKit.framework/Versions/A/SearchKit
0x0000000006d48000 	/System/Library/Frameworks/CoreServices.framework/Versions/A/Frameworks/AE.framework/Versions/A/AE
0x0000000006d48000 	/System/Library/Frameworks/CoreServices.framework/Versions/A/Frameworks/LaunchServices.framework/Versions/A/LaunchServices
0x0000000006d48000 	/System/Library/Frameworks/CoreServices.framework/Versions/A/Frameworks/DictionaryServices.framework/Versions/A/DictionaryServices
0x0000000006d48000 	/System/Library/Frameworks/CoreServices.framework/Versions/A/Frameworks/SharedFileList.framework/Versions/A/SharedFileList
0x0000000006d48000 	/System/Library/Frameworks/NetFS.framework/Versions/A/NetFS
0x0000000006d48000 	/System/Library/PrivateFrameworks/NetAuth.framework/Versions/A/NetAuth
0x0000000006d48000 	/System/Library/PrivateFrameworks/login.framework/Versions/A/Frameworks/loginsupport.framework/Versions/A/loginsupport
0x0000000006d48000 	/System/Library/PrivateFrameworks/TCC.framework/Versions/A/TCC
0x0000000006d48000 	/usr/lib/libmecabra.dylib
0x0000000006d48000 	/System/Library/Frameworks/ApplicationServices.framework/Versions/A/Frameworks/ATS.framework/Versions/A/ATS
0x0000000006d48000 	/System/Library/Frameworks/ApplicationServices.framework/Versions/A/Frameworks/ColorSync.framework/Versions/A/ColorSync
0x0000000006d48000 	/System/Library/Frameworks/ApplicationServices.framework/Versions/A/Frameworks/HIServices.framework/Versions/A/HIServices
0x0000000006d48000 	/System/Library/Frameworks/ApplicationServices.framework/Versions/A/Frameworks/LangAnalysis.framework/Versions/A/LangAnalysis
0x0000000006d48000 	/System/Library/Frameworks/ApplicationServices.framework/Versions/A/Frameworks/PrintCore.framework/Versions/A/PrintCore
0x0000000006d48000 	/System/Library/Frameworks/ApplicationServices.framework/Versions/A/Frameworks/QD.framework/Versions/A/QD
0x0000000006d48000 	/System/Library/Frameworks/ApplicationServices.framework/Versions/A/Frameworks/SpeechSynthesis.framework/Versions/A/SpeechSynthesis
0x0000000006d48000 	/System/Library/Frameworks/Accelerate.framework/Versions/A/Frameworks/vImage.framework/Versions/A/vImage
0x0000000006d48000 	/System/Library/Frameworks/Accelerate.framework/Versions/A/Frameworks/vecLib.framework/Versions/A/vecLib
0x0000000006d48000 	/System/Library/Frameworks/Accelerate.framework/Versions/A/Frameworks/vecLib.framework/Versions/A/libvDSP.dylib
0x0000000006d48000 	/System/Library/Frameworks/Accelerate.framework/Versions/A/Frameworks/vecLib.framework/Versions/A/libBNNS.dylib
0x0000000006d48000 	/System/Library/Frameworks/Accelerate.framework/Versions/A/Frameworks/vecLib.framework/Versions/A/libQuadrature.dylib
0x0000000006d48000 	/System/Library/Frameworks/Accelerate.framework/Versions/A/Frameworks/vecLib.framework/Versions/A/libvMisc.dylib
0x0000000006d48000 	/System/Library/Frameworks/Accelerate.framework/Versions/A/Frameworks/vecLib.framework/Versions/A/libLAPACK.dylib
0x0000000006d48000 	/System/Library/Frameworks/Accelerate.framework/Versions/A/Frameworks/vecLib.framework/Versions/A/libBLAS.dylib
0x0000000006d48000 	/System/Library/Frameworks/Accelerate.framework/Versions/A/Frameworks/vecLib.framework/Versions/A/libLinearAlgebra.dylib
0x0000000006d48000 	/System/Library/Frameworks/Accelerate.framework/Versions/A/Frameworks/vecLib.framework/Versions/A/libSparseBLAS.dylib
0x0000000006d48000 	/System/Library/Frameworks/ApplicationServices.framework/Versions/A/Frameworks/ATS.framework/Versions/A/Resources/libFontParser.dylib
0x0000000006d48000 	/System/Library/Frameworks/ApplicationServices.framework/Versions/A/Frameworks/ATS.framework/Versions/A/Resources/libFontRegistry.dylib
0x0000000006d48000 	/System/Library/Frameworks/ImageIO.framework/Versions/A/Resources/libJPEG.dylib
0x0000000006d48000 	/System/Library/Frameworks/ImageIO.framework/Versions/A/Resources/libTIFF.dylib
0x0000000006d48000 	/System/Library/Frameworks/ImageIO.framework/Versions/A/Resources/libPng.dylib
0x0000000006d48000 	/System/Library/Frameworks/ImageIO.framework/Versions/A/Resources/libGIF.dylib
0x0000000006d48000 	/System/Library/Frameworks/ImageIO.framework/Versions/A/Resources/libJP2.dylib
0x0000000006d48000 	/System/Library/Frameworks/ImageIO.framework/Versions/A/Resources/libRadiance.dylib
0x0000000006d48000 	/usr/lib/libcompression.dylib
0x0000000006d48000 	/System/Library/PrivateFrameworks/AppleJPEG.framework/Versions/A/AppleJPEG
0x0000000006d48000 	/usr/lib/libcups.2.dylib
0x0000000006d48000 	/System/Library/Frameworks/Kerberos.framework/Versions/A/Kerberos
0x0000000006d48000 	/System/Library/Frameworks/GSS.framework/Versions/A/GSS
0x0000000006d48000 	/usr/lib/libresolv.9.dylib
0x0000000006d48000 	/usr/lib/libiconv.2.dylib
0x0000000006d48000 	/System/Library/PrivateFrameworks/Heimdal.framework/Versions/A/Heimdal
0x0000000006d48000 	/usr/lib/libheimdal-asn1.dylib
0x0000000006d48000 	/System/Library/Frameworks/OpenDirectory.framework/Versions/A/OpenDirectory
0x0000000006d48000 	/System/Library/PrivateFrameworks/CommonAuth.framework/Versions/A/CommonAuth
0x0000000006d48000 	/System/Library/Frameworks/OpenDirectory.framework/Versions/A/Frameworks/CFOpenDirectory.framework/Versions/A/CFOpenDirectory
0x0000000006d48000 	/System/Library/Frameworks/SecurityFoundation.framework/Versions/A/SecurityFoundation
0x0000000006d48000 	/System/Library/PrivateFrameworks/LanguageModeling.framework/Versions/A/LanguageModeling
0x0000000006d48000 	/usr/lib/libmarisa.dylib
0x0000000006d48000 	/usr/lib/libChineseTokenizer.dylib
0x0000000006d48000 	/usr/lib/libcmph.dylib
0x0000000006d48000 	/System/Library/PrivateFrameworks/CoreEmoji.framework/Versions/A/CoreEmoji
0x0000000006d48000 	/System/Library/Frameworks/ServiceManagement.framework/Versions/A/ServiceManagement
0x0000000006d48000 	/usr/lib/libxslt.1.dylib
0x0000000006d48000 	/System/Library/Frameworks/Carbon.framework/Versions/A/Frameworks/Ink.framework/Versions/A/Ink
0x0000000006d48000 	/System/Library/PrivateFrameworks/TextureIO.framework/Versions/A/TextureIO
0x0000000006d48000 	/System/Library/Frameworks/Metal.framework/Versions/A/Metal
0x0000000006d48000 	/usr/lib/libate.dylib
0x0000000006d48000 	/System/Library/PrivateFrameworks/GPUCompiler.framework/libmetal_timestamp.dylib
0x0000000006d48000 	/System/Library/Frameworks/OpenGL.framework/Versions/A/Libraries/libCoreFSCache.dylib
0x0000000006d48000 	/System/Library/PrivateFrameworks/IOAccelerator.framework/Versions/A/IOAccelerator
0x0000000006d48000 	/System/Library/Frameworks/CoreVideo.framework/Versions/A/CoreVideo
0x0000000006d48000 	/usr/lib/libFosl_dynamic.dylib
0x0000000006d48000 	/System/Library/PrivateFrameworks/MetalPerformanceShaders.framework/Versions/A/MetalPerformanceShaders
0x0000000006d48000 	/System/Library/PrivateFrameworks/FaceCore.framework/Versions/A/FaceCore
0x0000000006d48000 	/System/Library/Frameworks/OpenCL.framework/Versions/A/OpenCL
0x0000000006d48000 	/System/Library/Frameworks/OpenGL.framework/Versions/A/Libraries/libGLU.dylib
0x0000000006d48000 	/System/Library/Frameworks/OpenGL.framework/Versions/A/Libraries/libGFXShared.dylib
0x0000000006d48000 	/System/Library/Frameworks/OpenGL.framework/Versions/A/Libraries/libGL.dylib
0x0000000006d48000 	/System/Library/Frameworks/OpenGL.framework/Versions/A/Libraries/libGLImage.dylib
0x0000000006d48000 	/System/Library/Frameworks/OpenGL.framework/Versions/A/Libraries/libCVMSPluginSupport.dylib
0x0000000006d48000 	/System/Library/Frameworks/OpenGL.framework/Versions/A/Libraries/libCoreVMClient.dylib
0x0000000006d48000 	/System/Library/PrivateFrameworks/CrashReporterSupport.framework/Versions/A/CrashReporterSupport
0x0000000006d48000 	/System/Library/PrivateFrameworks/Sharing.framework/Versions/A/Sharing
0x0000000006d48000 	/System/Library/PrivateFrameworks/IconServices.framework/Versions/A/IconServices
0x0000000006d48000 	/System/Library/PrivateFrameworks/ProtocolBuffer.framework/Versions/A/ProtocolBuffer
0x0000000006d48000 	/System/Library/PrivateFrameworks/Apple80211.framework/Versions/A/Apple80211
0x0000000006d48000 	/System/Library/Frameworks/CoreWLAN.framework/Versions/A/CoreWLAN
0x0000000006d48000 	/System/Library/PrivateFrameworks/CoreUtils.framework/Versions/A/CoreUtils
0x0000000006d48000 	/System/Library/Frameworks/IOBluetooth.framework/Versions/A/IOBluetooth
0x0000000006d48000 	/System/Library/PrivateFrameworks/CoreWiFi.framework/Versions/A/CoreWiFi
0x0000000006d48000 	/System/Library/Frameworks/CoreBluetooth.framework/Versions/A/CoreBluetooth
0x0000000006d48000 	/System/Library/Frameworks/CoreDisplay.framework/Versions/A/CoreDisplay
0x0000000006d48000 	/System/Library/PrivateFrameworks/IOPresentment.framework/Versions/A/IOPresentment
0x0000000006d48000 	/System/Library/PrivateFrameworks/DSExternalDisplay.framework/Versions/A/DSExternalDisplay
0x0000000006d48000 	/System/Library/PrivateFrameworks/DebugSymbols.framework/Versions/A/DebugSymbols
0x0000000006d48000 	/System/Library/PrivateFrameworks/CoreSymbolication.framework/Versions/A/CoreSymbolication
0x0000000006d48000 	/System/Library/PrivateFrameworks/Symbolication.framework/Versions/A/Symbolication
0x0000000006d48000 	/System/Library/PrivateFrameworks/AppleFSCompression.framework/Versions/A/AppleFSCompression
0x0000000006d48000 	/System/Library/PrivateFrameworks/SpeechRecognitionCore.framework/Versions/A/SpeechRecognitionCore
0x0000000006d48000 	/System/Library/PrivateFrameworks/ChunkingLibrary.framework/Versions/A/ChunkingLibrary
0x00000001086e0000 	/Library/Java/JavaVirtualMachines/jdk1.8.0_144.jdk/Contents/Home/jre/lib/server/libjvm.dylib
0x0000000006d48000 	/usr/lib/libstdc++.6.dylib
0x0000000109687000 	/Library/Java/JavaVirtualMachines/jdk1.8.0_144.jdk/Contents/Home/jre/lib/libverify.dylib
0x0000000109695000 	/Library/Java/JavaVirtualMachines/jdk1.8.0_144.jdk/Contents/Home/jre/lib/libjava.dylib
0x00000001096d4000 	/Library/Java/JavaVirtualMachines/jdk1.8.0_144.jdk/Contents/Home/jre/lib/libzip.dylib
0x0000000110843000 	/System/Library/Frameworks/JavaVM.framework/Frameworks/JavaRuntimeSupport.framework/JavaRuntimeSupport
0x000000011085d000 	/System/Library/Frameworks/JavaVM.framework/Versions/A/Frameworks/JavaNativeFoundation.framework/Versions/A/JavaNativeFoundation
0x0000000110872000 	/System/Library/Frameworks/JavaVM.framework/Versions/A/JavaVM
0x0000000006d48000 	/System/Library/Frameworks/Carbon.framework/Versions/A/Carbon
0x000000011087f000 	/System/Library/PrivateFrameworks/JavaLaunching.framework/Versions/A/JavaLaunching
0x0000000006d48000 	/System/Library/Frameworks/Carbon.framework/Versions/A/Frameworks/CommonPanels.framework/Versions/A/CommonPanels
0x0000000006d48000 	/System/Library/Frameworks/Carbon.framework/Versions/A/Frameworks/Help.framework/Versions/A/Help
0x0000000006d48000 	/System/Library/Frameworks/Carbon.framework/Versions/A/Frameworks/ImageCapture.framework/Versions/A/ImageCapture
0x0000000006d48000 	/System/Library/Frameworks/Carbon.framework/Versions/A/Frameworks/OpenScripting.framework/Versions/A/OpenScripting
0x0000000006d48000 	/System/Library/Frameworks/Carbon.framework/Versions/A/Frameworks/Print.framework/Versions/A/Print
0x0000000006d48000 	/System/Library/Frameworks/Carbon.framework/Versions/A/Frameworks/SecurityHI.framework/Versions/A/SecurityHI
0x00000001121e3000 	/Library/Java/JavaVirtualMachines/jdk1.8.0_144.jdk/Contents/Home/jre/lib/libawt.dylib
0x000000011228b000 	/Library/Java/JavaVirtualMachines/jdk1.8.0_144.jdk/Contents/Home/jre/lib/./libmlib_image.dylib
0x0000000112357000 	/Library/Java/JavaVirtualMachines/jdk1.8.0_144.jdk/Contents/Home/jre/lib/libawt_lwawt.dylib
0x000000011240e000 	/Library/Java/JavaVirtualMachines/jdk1.8.0_144.jdk/Contents/Home/jre/lib/./libosxapp.dylib
0x0000000006d48000 	/System/Library/Frameworks/ExceptionHandling.framework/Versions/A/ExceptionHandling
0x0000000006d48000 	/System/Library/PrivateFrameworks/CoreServicesInternal.framework/Versions/A/CoreServicesInternal
0x0000000006d48000 	/System/Library/CoreServices/RawCamera.bundle/Contents/MacOS/RawCamera
0x0000000006d48000 	/System/Library/Frameworks/Accelerate.framework/Versions/A/Frameworks/vImage.framework/Versions/A/Libraries/libCGInterfaces.dylib
0x0000000006d48000 	/System/Library/Frameworks/ApplicationServices.framework/Versions/A/Frameworks/ATS.framework/Versions/A/Resources/libTrueTypeScaler.dylib
0x0000000113ef8000 	/System/Library/Frameworks/OpenGL.framework/Resources/GLEngine.bundle/GLEngine
0x0000000006d48000 	/System/Library/Frameworks/OpenGL.framework/Versions/A/Libraries/libGLProgrammability.dylib
0x0000000006d48000 	/System/Library/Extensions/GeForceGLDriver.bundle/Contents/MacOS/GeForceGLDriver
0x0000000006d48000 	/System/Library/Extensions/GeForceGLDriver.bundle/Contents/MacOS/libclh.dylib
0x0000000006d48000 	/System/Library/PrivateFrameworks/GPUSupport.framework/Versions/A/Libraries/libGPUSupportMercury.dylib
0x00000001140df000 	/System/Library/Frameworks/OpenGL.framework/Resources//GLRendererFloat.bundle/GLRendererFloat
0x0000000006d48000 	/System/Library/Frameworks/OpenCL.framework/Versions/A/Libraries/libcldcpuengine.dylib
0x0000000006d48000 	/usr/lib/libcrypto.0.9.8.dylib
0x0000000006d48000 	/System/Library/PrivateFrameworks/TrustEvaluationAgent.framework/Versions/A/TrustEvaluationAgent
0x0000000006d48000 	/System/Library/Extensions/GeForceMTLDriver.bundle/Contents/MacOS/GeForceMTLDriver
0x0000000006d48000 	/System/Library/PrivateFrameworks/FamilyControls.framework/Versions/A/FamilyControls
0x0000000006d48000 	/System/Library/PrivateFrameworks/CommerceKit.framework/Versions/A/Frameworks/CommerceCore.framework/Versions/A/CommerceCore
0x0000000006d48000 	/System/Library/PrivateFrameworks/SystemAdministration.framework/Versions/A/SystemAdministration
0x0000000006d48000 	/System/Library/PrivateFrameworks/AppContainer.framework/Versions/A/AppContainer
0x0000000006d48000 	/System/Library/PrivateFrameworks/SecCodeWrapper.framework/Versions/A/SecCodeWrapper
0x0000000006d48000 	/System/Library/Frameworks/DirectoryService.framework/Versions/A/DirectoryService
0x0000000006d48000 	/System/Library/PrivateFrameworks/DiskImages.framework/Versions/A/DiskImages
0x0000000006d48000 	/System/Library/PrivateFrameworks/LoginUIKit.framework/Versions/A/Frameworks/LoginUICore.framework/Versions/A/LoginUICore
0x0000000006d48000 	/usr/lib/libCoreStorage.dylib
0x0000000006d48000 	/usr/lib/libcsfde.dylib
0x0000000006d48000 	/usr/lib/libodfde.dylib
0x0000000006d48000 	/System/Library/Frameworks/DiscRecording.framework/Versions/A/DiscRecording
0x0000000006d48000 	/usr/lib/libcurl.4.dylib
0x0000000006d48000 	/System/Library/PrivateFrameworks/MediaKit.framework/Versions/A/MediaKit
0x0000000006d48000 	/System/Library/PrivateFrameworks/ProtectedCloudStorage.framework/Versions/A/ProtectedCloudStorage
0x0000000006d48000 	/System/Library/PrivateFrameworks/EFILogin.framework/Versions/A/EFILogin
0x0000000006d48000 	/usr/lib/libutil.dylib
0x0000000006d48000 	/System/Library/Frameworks/LDAP.framework/Versions/A/LDAP
0x0000000006d48000 	/usr/lib/libsasl2.2.dylib
0x0000000006d48000 	/System/Library/PrivateFrameworks/CoreDaemon.framework/Versions/B/CoreDaemon
0x0000000006d48000 	/System/Library/PrivateFrameworks/AppleSRP.framework/Versions/A/AppleSRP
0x0000000006d48000 	/System/Library/PrivateFrameworks/APFS.framework/Versions/A/APFS
0x0000000116bdd000 	/Library/Java/JavaVirtualMachines/jdk1.8.0_144.jdk/Contents/Home/jre/lib/libfontmanager.dylib
0x0000000116c44000 	/Users/jgla8159/Documents/PKMNEngine-v0.3-master/slick/liblwjgl.dylib
0x0000000113376000 	/Library/Java/JavaVirtualMachines/jdk1.8.0_144.jdk/Contents/Home/jre/lib/libjawt.dylib
0x0000000006d48000 	/System/Library/PrivateFrameworks/ViewBridge.framework/Versions/A/ViewBridge
0x0000000006d48000 	/System/Library/PrivateFrameworks/XPCService.framework/Versions/A/XPCService
0x0000000006d48000 	/System/Library/PrivateFrameworks/AppSandbox.framework/Versions/A/AppSandbox
0x0000000006d48000 	/usr/lib/libsandbox.1.dylib
0x0000000006d48000 	/usr/lib/libMatch.1.dylib
0x000000012ca54000 	/Library/Java/JavaVirtualMachines/jdk1.8.0_144.jdk/Contents/Home/jre/lib/libnio.dylib
0x000000012ca64000 	/Library/Java/JavaVirtualMachines/jdk1.8.0_144.jdk/Contents/Home/jre/lib/./libnet.dylib
0x000000012dde6000 	/Users/jgla8159/Documents/PKMNEngine-v0.3-master/slick/openal.dylib
0x000000012de6a000 	/System/Library/Components/CoreAudio.component/Contents/MacOS/CoreAudio
0x000000012e068000 	/System/Library/Extensions/AppleHDA.kext/Contents/PlugIns/AppleHDAHALPlugIn.bundle/Contents/MacOS/AppleHDAHALPlugIn

VM Arguments:
jvm_args: -Djava.library.path=/Users/jgla8159/Documents/PKMNEngine-v0.3-master/slick -Dfile.encoding=UTF-8 
java_command: Main
java_class_path (initial): /Users/jgla8159/Documents/PKMNEngine-v0.3-master/bin:/Users/jgla8159/Documents/PKMNEngine-v0.3-master/slick/jogg-0.0.7.jar:/Users/jgla8159/Documents/PKMNEngine-v0.3-master/slick/jorbis-0.0.15.jar:/Users/jgla8159/Documents/PKMNEngine-v0.3-master/slick/lwjgl.jar:/Users/jgla8159/Documents/PKMNEngine-v0.3-master/slick/slick.jar
Launcher Type: SUN_STANDARD

Environment Variables:
PATH=/usr/bin:/bin:/usr/sbin:/sbin
SHELL=/bin/bash

Signal Handlers:
SIGSEGV: [libjvm.dylib+0x5b26e5], sa_mask[0]=11111111011111110111111111111111, sa_flags=SA_ONSTACK|SA_RESTART|SA_SIGINFO
SIGBUS: [libjvm.dylib+0x5b26e5], sa_mask[0]=11111111011111110111111111111111, sa_flags=SA_RESTART|SA_SIGINFO
SIGFPE: [libjvm.dylib+0x489100], sa_mask[0]=11111111011111110111111111111111, sa_flags=SA_RESTART|SA_SIGINFO
SIGPIPE: [libjvm.dylib+0x489100], sa_mask[0]=11111111011111110111111111111111, sa_flags=SA_RESTART|SA_SIGINFO
SIGXFSZ: [libjvm.dylib+0x489100], sa_mask[0]=11111111011111110111111111111111, sa_flags=SA_RESTART|SA_SIGINFO
SIGILL: [libjvm.dylib+0x489100], sa_mask[0]=11111111011111110111111111111111, sa_flags=SA_RESTART|SA_SIGINFO
SIGUSR1: SIG_DFL, sa_mask[0]=00000000000000000000000000000000, sa_flags=none
SIGUSR2: [libjvm.dylib+0x488c1e], sa_mask[0]=00100000000000000000000000000000, sa_flags=SA_RESTART|SA_SIGINFO
SIGHUP: [libjvm.dylib+0x4871f5], sa_mask[0]=11111111011111110111111111111111, sa_flags=SA_RESTART|SA_SIGINFO
SIGINT: [libjvm.dylib+0x4871f5], sa_mask[0]=11111111011111110111111111111111, sa_flags=SA_RESTART|SA_SIGINFO
SIGTERM: [libjvm.dylib+0x4871f5], sa_mask[0]=11111111011111110111111111111111, sa_flags=SA_RESTART|SA_SIGINFO
SIGQUIT: [libjvm.dylib+0x4871f5], sa_mask[0]=11111111011111110111111111111111, sa_flags=SA_RESTART|SA_SIGINFO


---------------  S Y S T E M  ---------------

OS:Bsduname:Darwin 16.7.0 Darwin Kernel Version 16.7.0: Tue Jan 30 11:27:06 PST 2018; root:xnu-3789.73.11~1/RELEASE_X86_64 x86_64
rlimit: STACK 8192k, CORE 0k, NPROC 709, NOFILE 10240, AS infinity
load average:1.85 1.61 1.60

CPU:total 4 (initial active 4) (4 cores per cpu, 1 threads per core) family 6 model 60 stepping 3, cmov, cx8, fxsr, mmx, sse, sse2, sse3, ssse3, sse4.1, sse4.2, popcnt, avx, avx2, aes, clmul, erms, lzcnt, tsc, tscinvbit, bmi1, bmi2

Memory: 4k page, physical 8388608k(92900k free)

/proc/meminfo:


vm_info: Java HotSpot(TM) 64-Bit Server VM (25.144-b01) for bsd-amd64 JRE (1.8.0_144-b01), built on Jul 21 2017 22:07:42 by "java_re" with gcc 4.2.1 (Based on Apple Inc. build 5658) (LLVM build 2336.11.00)

time: Fri May 18 08:56:01 2018
elapsed time: 6 seconds (0d 0h 0m 6s)

