#
# A fatal error has been detected by the Java Runtime Environment:
#
#  SIGSEGV (0xb) at pc=0x00007fffa8b9b05d, pid=1893, tid=0x0000000000000307
#
# JRE version: Java(TM) SE Runtime Environment (8.0_144-b01) (build 1.8.0_144-b01)
# Java VM: Java HotSpot(TM) 64-Bit Server VM (25.144-b01 mixed mode bsd-amd64 compressed oops)
# Problematic frame:
# C  [libobjc.A.dylib+0x705d]  objc_msgSend+0x1d
#
# Failed to write core dump. Core dumps have been disabled. To enable core dumping, try "ulimit -c unlimited" before starting Java again
#
# If you would like to submit a bug report, please visit:
#   http://bugreport.java.com/bugreport/crash.jsp
# The crash happened outside the Java Virtual Machine in native code.
# See problematic frame for where to report the bug.
#

---------------  T H R E A D  ---------------

Current thread (0x00007fa76b133000):  JavaThread "AppKit Thread" daemon [_thread_in_native, id=775, stack(0x00007fff5cdfa000,0x00007fff5d5fa000)]

siginfo: si_signo: 11 (SIGSEGV), si_code: 1 (SEGV_MAPERR), si_addr: 0x000007fa769c9580

Registers:
RAX=0x0000000000000000, RBX=0x00007fa769d7d970, RCX=0x0000000000000000, RDX=0x00000000000fc020
RSP=0x00007fff5d5f4858, RBP=0x00007fff5d5f4880, RSI=0x00007fff924827ab, RDI=0x00007fa769c5aeb0
R8 =0x0000000000000003, R9 =0x0000000000000000, R10=0x000007fa769c9568, R11=0x00007fff924827ab
R12=0x0000000000000094, R13=0x00007fff9246517f, R14=0x00007fa769c5aeb0, R15=0x0000000000000000
RIP=0x00007fffa8b9b05d, EFLAGS=0x0000000000010202, ERR=0x0000000000000004
  TRAPNO=0x000000000000000e

Top of Stack: (sp=0x00007fff5d5f4858)
0x00007fff5d5f4858:   0000000122027598 00007fa769d7d970
0x00007fff5d5f4868:   000000012205bc60 00007fa769c08ad0
0x00007fff5d5f4878:   00007fa769c08ad0 00007fff5d5f4df0
0x00007fff5d5f4888:   00007fff91951e7b 0000000000000000
0x00007fff5d5f4898:   0000000000000000 4094000000000000
0x00007fff5d5f48a8:   4086800000000000 0000000000000000
0x00007fff5d5f48b8:   0000000000000000 4094000000000000
0x00007fff5d5f48c8:   4086800000000000 00007fff5d5f48f0
0x00007fff5d5f48d8:   00007fff94498f20 0000000000000840
0x00007fff5d5f48e8:   ffff8058960b9290 00007fa769f46d70
0x00007fff5d5f48f8:   00007fffb22f5480 00007fff5d5f4960
0x00007fff5d5f4908:   00007fffa8ba3243 00007fffb22f5cc0
0x00007fff5d5f4918:   000000019241d100 00007fa769f46d70
0x00007fff5d5f4928:   ffff8058960b9290 00007fa76bae19e0
0x00007fff5d5f4938:   00007fa769e57480 00007fff9241d100
0x00007fff5d5f4948:   00007fa769d7d970 00007fffa8b9b040
0x00007fff5d5f4958:   00007fff5d5f49c0 00007fff5d5f49b0
0x00007fff5d5f4968:   00007fff9202b91f 401c000000000000
0x00007fff5d5f4978:   4086a00000000000 402c000000000000
0x00007fff5d5f4988:   0000000000000000 00007fff00000000
0x00007fff5d5f4998:   0000000000000000 00007fff92436bb8
0x00007fff5d5f49a8:   00007fa769e57400 000000015d5f4a00
0x00007fff5d5f49b8:   00007fa769e57480 0000000000000088
0x00007fff5d5f49c8:   00007fa769c48000 012c000000000000
0x00007fff5d5f49d8:   00007fa769d7d970 00007fff5d5f4a00
0x00007fff5d5f49e8:   00007fa769e57480 00007fff5d5f4ad0
0x00007fff5d5f49f8:   00007fa769e57480 00007fff5d5f4a40
0x00007fff5d5f4a08:   00007fff91a09c42 401c000000000000
0x00007fff5d5f4a18:   4086980000000000 402c000000000000
0x00007fff5d5f4a28:   4030000000000000 00007fff5d5f4ad0
0x00007fff5d5f4a38:   00007fa769e57480 00007fff5d5f4ac0
0x00007fff5d5f4a48:   00007fff91a09be4 401c000000000000 

Instructions: (pc=0x00007fffa8b9b05d)
0x00007fffa8b9b03d:   0f 1f 00 48 85 ff 2e 74 62 40 f6 c7 01 2e 75 66
0x00007fffa8b9b04d:   49 ba f8 ff ff ff ff 7f 00 00 4c 23 17 49 89 f3
0x00007fffa8b9b05d:   45 23 5a 18 49 c1 e3 04 4d 03 5a 10 49 3b 33 75
0x00007fffa8b9b06d:   04 41 ff 63 08 49 83 3b 01 76 0d 49 83 c3 10 49 

Register to memory mapping:

RAX=0x0000000000000000 is an unknown value
RBX=0x00007fa769d7d970 is an unknown value
RCX=0x0000000000000000 is an unknown value
RDX=0x00000000000fc020 is an unknown value
RSP=0x00007fff5d5f4858 is pointing into the stack for thread: 0x00007fa76b133000
RBP=0x00007fff5d5f4880 is pointing into the stack for thread: 0x00007fa76b133000
RSI=0x00007fff924827ab: __NSStyleNameIndexTable+0xe03f3 in /System/Library/Frameworks/AppKit.framework/Versions/C/AppKit at 0x00007fff917b5000
RDI=0x00007fa769c5aeb0 is an unknown value
R8 =0x0000000000000003 is an unknown value
R9 =0x0000000000000000 is an unknown value
R10=0x000007fa769c9568 is an unknown value
R11=0x00007fff924827ab: __NSStyleNameIndexTable+0xe03f3 in /System/Library/Frameworks/AppKit.framework/Versions/C/AppKit at 0x00007fff917b5000
R12=0x0000000000000094 is an unknown value
R13=0x00007fff9246517f: __NSStyleNameIndexTable+0xc2dc7 in /System/Library/Frameworks/AppKit.framework/Versions/C/AppKit at 0x00007fff917b5000
R14=0x00007fa769c5aeb0 is an unknown value
R15=0x0000000000000000 is an unknown value


Stack: [0x00007fff5cdfa000,0x00007fff5d5fa000],  sp=0x00007fff5d5f4858,  free space=8170k
Native frames: (J=compiled Java code, j=interpreted, Vv=VM code, C=native code)
C  [libobjc.A.dylib+0x705d]  objc_msgSend+0x1d
C  [AppKit+0x19ce7b]  -[NSView _recursiveDisplayRectIfNeededIgnoringOpacity:isVisibleRect:rectIsVisibleRectForView:topView:]+0x6ee
C  [AppKit+0x19d6d1]  -[NSView _recursiveDisplayRectIfNeededIgnoringOpacity:isVisibleRect:rectIsVisibleRectForView:topView:]+0xf44
C  [AppKit+0x19c2af]  -[NSThemeFrame _recursiveDisplayRectIfNeededIgnoringOpacity:isVisibleRect:rectIsVisibleRectForView:topView:]+0x14e
C  [AppKit+0x19a6d8]  -[NSView _displayRectIgnoringOpacity:isVisibleRect:rectIsVisibleRectForView:]+0x994
C  [AppKit+0x195fca]  -[NSView displayIfNeeded]+0x6d4
C  [AppKit+0x1958db]  -[NSWindow displayIfNeeded]+0xe6
C  [AppKit+0x8f5cb4]  ___NSWindowGetDisplayCycleObserver_block_invoke.6228+0x115
C  [AppKit+0x1953b9]  __37+[NSDisplayCycle currentDisplayCycle]_block_invoke+0x1c6
C  [QuartzCore+0x11cc6]  _ZN2CA11Transaction19run_commit_handlersE18CATransactionPhase+0x2e
C  [QuartzCore+0x11b8ac]  _ZN2CA7Context18commit_transactionEPNS_11TransactionE+0xa0
C  [QuartzCore+0x107a1]  _ZN2CA11Transaction6commitEv+0x1db
C  [AppKit+0x4788b1]  __37+[NSDisplayCycle currentDisplayCycle]_block_invoke.31+0x143
C  [CoreFoundation+0xa6d37]  __CFRUNLOOP_IS_CALLING_OUT_TO_AN_OBSERVER_CALLBACK_FUNCTION__+0x17
C  [CoreFoundation+0xa6ca7]  __CFRunLoopDoObservers+0x187
C  [CoreFoundation+0x876d9]  __CFRunLoopRun+0x369
C  [CoreFoundation+0x87114]  CFRunLoopRunSpecific+0x1a4
C  [HIToolbox+0x30ebc]  RunCurrentEventLoopInMode+0xf0
C  [HIToolbox+0x30bf9]  ReceiveNextEventCommon+0xb8
C  [HIToolbox+0x30b26]  _BlockUntilNextEventMatchingListInModeWithFilter+0x47
C  [AppKit+0x46a54]  _DPSNextEvent+0x460
C  [AppKit+0x7c27ee]  -[NSApplication(NSEvent) _nextEventMatchingEventMask:untilDate:inMode:dequeue:]+0xaec
C  [libosxapp.dylib+0x23aa]  -[NSApplicationAWT nextEventMatchingMask:untilDate:inMode:dequeue:]+0x7c
C  [AppKit+0x3b3db]  -[NSApplication run]+0x39e
C  [libosxapp.dylib+0x214d]  +[NSApplicationAWT runAWTLoopWithApp:]+0x9c
C  [libawt_lwawt.dylib+0x45edf]  -[AWTStarter starter:]+0x389
C  [Foundation+0x7152a]  __NSThreadPerformPerform+0x146
C  [CoreFoundation+0xa7321]  __CFRUNLOOP_IS_CALLING_OUT_TO_A_SOURCE0_PERFORM_FUNCTION__+0x11
C  [CoreFoundation+0x8821d]  __CFRunLoopDoSources0+0x22d
C  [CoreFoundation+0x87716]  __CFRunLoopRun+0x3a6
C  [CoreFoundation+0x87114]  CFRunLoopRunSpecific+0x1a4
C  [java+0x6465]  CreateExecutionEnvironment+0x367
C  [java+0x218c]  JLI_Launch+0x7a0
C  [java+0x84c2]  main+0x65
C  [java+0x19e4]  start+0x34
C  0x0000000000000006


---------------  P R O C E S S  ---------------

Java Threads: ( => current thread )
  0x00007fa76a205000 JavaThread "AWT-Shutdown" [_thread_blocked, id=25871, stack(0x0000700004be6000,0x0000700004ce6000)]
  0x00007fa76a1e8000 JavaThread "Java2D Queue Flusher" daemon [_thread_blocked, id=61959, stack(0x0000700005ea5000,0x0000700005fa5000)]
  0x00007fa76ba2a000 JavaThread "Java2D Disposer" daemon [_thread_blocked, id=60427, stack(0x0000700005da2000,0x0000700005ea2000)]
=>0x00007fa76b133000 JavaThread "AppKit Thread" daemon [_thread_in_native, id=775, stack(0x00007fff5cdfa000,0x00007fff5d5fa000)]
  0x00007fa76a04d800 JavaThread "Service Thread" daemon [_thread_blocked, id=18691, stack(0x0000700005910000,0x0000700005a10000)]
  0x00007fa76a81d000 JavaThread "C1 CompilerThread2" daemon [_thread_blocked, id=18179, stack(0x000070000580d000,0x000070000590d000)]
  0x00007fa76b029000 JavaThread "C2 CompilerThread1" daemon [_thread_blocked, id=17667, stack(0x000070000570a000,0x000070000580a000)]
  0x00007fa76a02a800 JavaThread "C2 CompilerThread0" daemon [_thread_blocked, id=17155, stack(0x0000700005607000,0x0000700005707000)]
  0x00007fa76a00c800 JavaThread "Signal Dispatcher" daemon [_thread_blocked, id=16643, stack(0x0000700005504000,0x0000700005604000)]
  0x00007fa76a81b800 JavaThread "Finalizer" daemon [_thread_blocked, id=12547, stack(0x0000700005401000,0x0000700005501000)]
  0x00007fa76a815800 JavaThread "Reference Handler" daemon [_thread_blocked, id=12035, stack(0x00007000052fe000,0x00007000053fe000)]
  0x00007fa76a808000 JavaThread "main" [_thread_in_native, id=7171, stack(0x0000700004cec000,0x0000700004dec000)]

Other Threads:
  0x00007fa76b821000 VMThread [stack: 0x00007000051fb000,0x00007000052fb000] [id=11523]
  0x00007fa76a04e800 WatcherThread [stack: 0x0000700005a13000,0x0000700005b13000] [id=19203]

VM state:not at safepoint (normal execution)

VM Mutex/Monitor currently owned by a thread: None

Heap:
 PSYoungGen      total 31232K, used 15721K [0x0000000795580000, 0x0000000797a80000, 0x00000007c0000000)
  eden space 30720K, 49% used [0x0000000795580000,0x0000000796462718,0x0000000797380000)
  from space 512K, 93% used [0x0000000797400000,0x0000000797478000,0x0000000797480000)
  to   space 3584K, 0% used [0x0000000797700000,0x0000000797700000,0x0000000797a80000)
 ParOldGen       total 87552K, used 1761K [0x0000000740000000, 0x0000000745580000, 0x0000000795580000)
  object space 87552K, 2% used [0x0000000740000000,0x00000007401b86d8,0x0000000745580000)
 Metaspace       used 9634K, capacity 9861K, committed 10112K, reserved 1058816K
  class space    used 1002K, capacity 1085K, committed 1152K, reserved 1048576K

Card table byte_map: [0x00000001043c0000,0x00000001047c1000] byte_map_base: 0x00000001009c0000

Marking Bits: (ParMarkBitMap*) 0x0000000102f765d0
 Begin Bits: [0x0000000115ba0000, 0x0000000117ba0000)
 End Bits:   [0x0000000117ba0000, 0x0000000119ba0000)

Polling page: 0x000000010366d000

CodeCache: size=245760Kb used=4378Kb max_used=4713Kb free=241381Kb
 bounds [0x0000000106ba0000, 0x0000000107040000, 0x0000000115ba0000]
 total_blobs=1556 nmethods=1046 adapters=424
 compilation: enabled

Compilation events (10 events):
Event: 29.023 Thread 0x00007fa76a81d000 nmethod 1143 0x0000000106e3a750 code [0x0000000106e3a8e0, 0x0000000106e3ac48]
Event: 29.023 Thread 0x00007fa76a81d000 1144       3       sun.awt.SunToolkit::awtTryLock (7 bytes)
Event: 29.023 Thread 0x00007fa76a81d000 nmethod 1144 0x0000000106ea9fd0 code [0x0000000106eaa140, 0x0000000106eaa428]
Event: 30.347 Thread 0x00007fa76a81d000 1145       1       org.newdawn.slick.BasicGame::inputEnded (1 bytes)
Event: 30.347 Thread 0x00007fa76a81d000 nmethod 1145 0x0000000106f212d0 code [0x0000000106f21420, 0x0000000106f21530]
Event: 33.317 Thread 0x00007fa76b029000 1146   !   4       org.lwjgl.opengl.Display::isFullscreen (34 bytes)
Event: 33.318 Thread 0x00007fa76b029000 nmethod 1146 0x0000000106e39ed0 code [0x0000000106e3a020, 0x0000000106e3a258]
Event: 34.058 Thread 0x00007fa76a02a800 1147       4       java.lang.String::endsWith (17 bytes)
Event: 34.058 Thread 0x00007fa76a81d000 1148       3       java.lang.ref.WeakReference::<init> (7 bytes)
Event: 34.059 Thread 0x00007fa76a81d000 nmethod 1148 0x0000000106ce1f50 code [0x0000000106ce20c0, 0x0000000106ce2370]

GC Heap History (10 events):
Event: 23.490 GC heap before
{Heap before GC invocations=5 (full 0):
 PSYoungGen      total 38400K, used 35488K [0x0000000795580000, 0x0000000798000000, 0x00000007c0000000)
  eden space 33280K, 100% used [0x0000000795580000,0x0000000797600000,0x0000000797600000)
  from space 5120K, 43% used [0x0000000797b00000,0x0000000797d28020,0x0000000798000000)
  to   space 5120K, 0% used [0x0000000797600000,0x0000000797600000,0x0000000797b00000)
 ParOldGen       total 87552K, used 40K [0x0000000740000000, 0x0000000745580000, 0x0000000795580000)
  object space 87552K, 0% used [0x0000000740000000,0x000000074000a000,0x0000000745580000)
 Metaspace       used 9623K, capacity 9861K, committed 10112K, reserved 1058816K
  class space    used 1002K, capacity 1085K, committed 1152K, reserved 1048576K
Event: 23.493 GC heap after
Heap after GC invocations=5 (full 0):
 PSYoungGen      total 35328K, used 2208K [0x0000000795580000, 0x0000000797b80000, 0x00000007c0000000)
  eden space 32768K, 0% used [0x0000000795580000,0x0000000795580000,0x0000000797580000)
  from space 2560K, 86% used [0x0000000797600000,0x0000000797828000,0x0000000797880000)
  to   space 3072K, 0% used [0x0000000797880000,0x0000000797880000,0x0000000797b80000)
 ParOldGen       total 87552K, used 48K [0x0000000740000000, 0x0000000745580000, 0x0000000795580000)
  object space 87552K, 0% used [0x0000000740000000,0x000000074000c000,0x0000000745580000)
 Metaspace       used 9623K, capacity 9861K, committed 10112K, reserved 1058816K
  class space    used 1002K, capacity 1085K, committed 1152K, reserved 1048576K
}
Event: 26.092 GC heap before
{Heap before GC invocations=6 (full 0):
 PSYoungGen      total 35328K, used 34976K [0x0000000795580000, 0x0000000797b80000, 0x00000007c0000000)
  eden space 32768K, 100% used [0x0000000795580000,0x0000000797580000,0x0000000797580000)
  from space 2560K, 86% used [0x0000000797600000,0x0000000797828000,0x0000000797880000)
  to   space 3072K, 0% used [0x0000000797880000,0x0000000797880000,0x0000000797b80000)
 ParOldGen       total 87552K, used 48K [0x0000000740000000, 0x0000000745580000, 0x0000000795580000)
  object space 87552K, 0% used [0x0000000740000000,0x000000074000c000,0x0000000745580000)
 Metaspace       used 9623K, capacity 9861K, committed 10112K, reserved 1058816K
  class space    used 1002K, capacity 1085K, committed 1152K, reserved 1048576K
Event: 26.095 GC heap after
Heap after GC invocations=6 (full 0):
 PSYoungGen      total 34816K, used 2208K [0x0000000795580000, 0x0000000797b00000, 0x00000007c0000000)
  eden space 32256K, 0% used [0x0000000795580000,0x0000000795580000,0x0000000797500000)
  from space 2560K, 86% used [0x0000000797880000,0x0000000797aa8020,0x0000000797b00000)
  to   space 3072K, 0% used [0x0000000797500000,0x0000000797500000,0x0000000797800000)
 ParOldGen       total 87552K, used 56K [0x0000000740000000, 0x0000000745580000, 0x0000000795580000)
  object space 87552K, 0% used [0x0000000740000000,0x000000074000e000,0x0000000745580000)
 Metaspace       used 9623K, capacity 9861K, committed 10112K, reserved 1058816K
  class space    used 1002K, capacity 1085K, committed 1152K, reserved 1048576K
}
Event: 28.462 GC heap before
{Heap before GC invocations=7 (full 0):
 PSYoungGen      total 34816K, used 34464K [0x0000000795580000, 0x0000000797b00000, 0x00000007c0000000)
  eden space 32256K, 100% used [0x0000000795580000,0x0000000797500000,0x0000000797500000)
  from space 2560K, 86% used [0x0000000797880000,0x0000000797aa8020,0x0000000797b00000)
  to   space 3072K, 0% used [0x0000000797500000,0x0000000797500000,0x0000000797800000)
 ParOldGen       total 87552K, used 56K [0x0000000740000000, 0x0000000745580000, 0x0000000795580000)
  object space 87552K, 0% used [0x0000000740000000,0x000000074000e000,0x0000000745580000)
 Metaspace       used 9626K, capacity 9861K, committed 10112K, reserved 1058816K
  class space    used 1002K, capacity 1085K, committed 1152K, reserved 1048576K
Event: 28.466 GC heap after
Heap after GC invocations=7 (full 0):
 PSYoungGen      total 32768K, used 576K [0x0000000795580000, 0x0000000797a80000, 0x00000007c0000000)
  eden space 31744K, 0% used [0x0000000795580000,0x0000000795580000,0x0000000797480000)
  from space 1024K, 56% used [0x0000000797500000,0x0000000797590000,0x0000000797600000)
  to   space 3072K, 0% used [0x0000000797780000,0x0000000797780000,0x0000000797a80000)
 ParOldGen       total 87552K, used 1705K [0x0000000740000000, 0x0000000745580000, 0x0000000795580000)
  object space 87552K, 1% used [0x0000000740000000,0x00000007401aa6d8,0x0000000745580000)
 Metaspace       used 9626K, capacity 9861K, committed 10112K, reserved 1058816K
  class space    used 1002K, capacity 1085K, committed 1152K, reserved 1048576K
}
Event: 30.747 GC heap before
{Heap before GC invocations=8 (full 0):
 PSYoungGen      total 32768K, used 32320K [0x0000000795580000, 0x0000000797a80000, 0x00000007c0000000)
  eden space 31744K, 100% used [0x0000000795580000,0x0000000797480000,0x0000000797480000)
  from space 1024K, 56% used [0x0000000797500000,0x0000000797590000,0x0000000797600000)
  to   space 3072K, 0% used [0x0000000797780000,0x0000000797780000,0x0000000797a80000)
 ParOldGen       total 87552K, used 1705K [0x0000000740000000, 0x0000000745580000, 0x0000000795580000)
  object space 87552K, 1% used [0x0000000740000000,0x00000007401aa6d8,0x0000000745580000)
 Metaspace       used 9628K, capacity 9861K, committed 10112K, reserved 1058816K
  class space    used 1002K, capacity 1085K, committed 1152K, reserved 1048576K
Event: 30.749 GC heap after
Heap after GC invocations=8 (full 0):
 PSYoungGen      total 34304K, used 544K [0x0000000795580000, 0x0000000797b00000, 0x00000007c0000000)
  eden space 31232K, 0% used [0x0000000795580000,0x0000000795580000,0x0000000797400000)
  from space 3072K, 17% used [0x0000000797780000,0x0000000797808000,0x0000000797a80000)
  to   space 3584K, 0% used [0x0000000797400000,0x0000000797400000,0x0000000797780000)
 ParOldGen       total 87552K, used 1737K [0x0000000740000000, 0x0000000745580000, 0x0000000795580000)
  object space 87552K, 1% used [0x0000000740000000,0x00000007401b26d8,0x0000000745580000)
 Metaspace       used 9628K, capacity 9861K, committed 10112K, reserved 1058816K
  class space    used 1002K, capacity 1085K, committed 1152K, reserved 1048576K
}
Event: 32.950 GC heap before
{Heap before GC invocations=9 (full 0):
 PSYoungGen      total 34304K, used 31776K [0x0000000795580000, 0x0000000797b00000, 0x00000007c0000000)
  eden space 31232K, 100% used [0x0000000795580000,0x0000000797400000,0x0000000797400000)
  from space 3072K, 17% used [0x0000000797780000,0x0000000797808000,0x0000000797a80000)
  to   space 3584K, 0% used [0x0000000797400000,0x0000000797400000,0x0000000797780000)
 ParOldGen       total 87552K, used 1737K [0x0000000740000000, 0x0000000745580000, 0x0000000795580000)
  object space 87552K, 1% used [0x0000000740000000,0x00000007401b26d8,0x0000000745580000)
 Metaspace       used 9628K, capacity 9861K, committed 10112K, reserved 1058816K
  class space    used 1002K, capacity 1085K, committed 1152K, reserved 1048576K
Event: 32.952 GC heap after
Heap after GC invocations=9 (full 0):
 PSYoungGen      total 31232K, used 480K [0x0000000795580000, 0x0000000797a80000, 0x00000007c0000000)
  eden space 30720K, 0% used [0x0000000795580000,0x0000000795580000,0x0000000797380000)
  from space 512K, 93% used [0x0000000797400000,0x0000000797478000,0x0000000797480000)
  to   space 3584K, 0% used [0x0000000797700000,0x0000000797700000,0x0000000797a80000)
 ParOldGen       total 87552K, used 1761K [0x0000000740000000, 0x0000000745580000, 0x0000000795580000)
  object space 87552K, 2% used [0x0000000740000000,0x00000007401b86d8,0x0000000745580000)
 Metaspace       used 9628K, capacity 9861K, committed 10112K, reserved 1058816K
  class space    used 1002K, capacity 1085K, committed 1152K, reserved 1048576K
}

Deoptimization events (3 events):
Event: 1.837 Thread 0x00007fa76a808000 Uncommon trap: reason=unstable_if action=reinterpret pc=0x0000000106d4bc30 method=java.lang.String.replace(CC)Ljava/lang/String; @ 26
Event: 2.429 Thread 0x00007fa76a808000 Uncommon trap: reason=unstable_if action=reinterpret pc=0x0000000106d49af0 method=java.lang.String.indexOf([CII[CIII)I @ 3
Event: 34.058 Thread 0x00007fa76a808000 Uncommon trap: reason=unstable_if action=reinterpret pc=0x0000000106f8d210 method=sun.misc.URLClassPath$FileLoader.getResource(Ljava/lang/String;Z)Lsun/misc/Resource; @ 50

Internal exceptions (10 events):
Event: 0.700 Thread 0x00007fa76a808000 Exception <a 'java/security/PrivilegedActionException'> (0x00000007956e1920) thrown at [/Users/java_re/workspace/8-2-build-macosx-x86_64/jdk8u144/9417/hotspot/src/share/vm/prims/jvm.cpp, line 1390]
Event: 0.893 Thread 0x00007fa76a808000 Exception <a 'java/security/PrivilegedActionException'> (0x000000079583b378) thrown at [/Users/java_re/workspace/8-2-build-macosx-x86_64/jdk8u144/9417/hotspot/src/share/vm/prims/jvm.cpp, line 1390]
Event: 0.893 Thread 0x00007fa76a808000 Exception <a 'java/security/PrivilegedActionException'> (0x000000079583b588) thrown at [/Users/java_re/workspace/8-2-build-macosx-x86_64/jdk8u144/9417/hotspot/src/share/vm/prims/jvm.cpp, line 1390]
Event: 0.893 Thread 0x00007fa76a808000 Exception <a 'java/security/PrivilegedActionException'> (0x000000079583eaa0) thrown at [/Users/java_re/workspace/8-2-build-macosx-x86_64/jdk8u144/9417/hotspot/src/share/vm/prims/jvm.cpp, line 1390]
Event: 0.893 Thread 0x00007fa76a808000 Exception <a 'java/security/PrivilegedActionException'> (0x000000079583ecb0) thrown at [/Users/java_re/workspace/8-2-build-macosx-x86_64/jdk8u144/9417/hotspot/src/share/vm/prims/jvm.cpp, line 1390]
Event: 1.039 Thread 0x00007fa76a808000 Exception <a 'java/lang/NoSuchFieldError': method resolution failed> (0x000000079590d310) thrown at [/Users/java_re/workspace/8-2-build-macosx-x86_64/jdk8u144/9417/hotspot/src/share/vm/prims/methodHandles.cpp, line 1146]
Event: 1.041 Thread 0x00007fa76a808000 Exception <a 'java/lang/NoSuchFieldError': method resolution failed> (0x000000079591aa60) thrown at [/Users/java_re/workspace/8-2-build-macosx-x86_64/jdk8u144/9417/hotspot/src/share/vm/prims/methodHandles.cpp, line 1146]
Event: 1.777 Thread 0x00007fa76a808000 Exception <a 'java/io/FileNotFoundException'> (0x0000000795995338) thrown at [/Users/java_re/workspace/8-2-build-macosx-x86_64/jdk8u144/9417/hotspot/src/share/vm/prims/jni.cpp, line 709]
Event: 1.777 Thread 0x00007fa76a808000 Exception <a 'java/io/FileNotFoundException'> (0x0000000795995eb8) thrown at [/Users/java_re/workspace/8-2-build-macosx-x86_64/jdk8u144/9417/hotspot/src/share/vm/prims/jni.cpp, line 709]
Event: 2.165 Thread 0x00007fa76a808000 Exception <a 'java/lang/NoClassDefFoundError': net/java/games/input/ControllerEnvironment> (0x0000000795e7d4f0) thrown at [/Users/java_re/workspace/8-2-build-macosx-x86_64/jdk8u144/9417/hotspot/src/share/vm/classfile/systemDictionary.cpp, line 199]

Events (10 events):
Event: 31.705 Executing VM operation: RevokeBias done
Event: 31.705 Thread 0x00007fa76a9fe000 Thread exited: 0x00007fa76a9fe000
Event: 32.950 Executing VM operation: ParallelGCFailedAllocation
Event: 32.952 Executing VM operation: ParallelGCFailedAllocation done
Event: 33.944 Thread 0x00007fa76a205000 Thread added: 0x00007fa76a205000
Event: 34.058 loading class org/lwjgl/opengl/CallbackUtil
Event: 34.058 loading class org/lwjgl/opengl/CallbackUtil done
Event: 34.058 Thread 0x00007fa76a808000 Uncommon trap: trap_request=0xffffff65 fr.pc=0x0000000106f8d210
Event: 34.058 Thread 0x00007fa76a808000 DEOPT PACKING pc=0x0000000106f8d210 sp=0x0000700004de9440
Event: 34.058 Thread 0x00007fa76a808000 DEOPT UNPACKING pc=0x0000000106ba5229 sp=0x0000700004de93c8 mode 2


Dynamic libraries:
0x000000001e904000 	/System/Library/Frameworks/Cocoa.framework/Versions/A/Cocoa
0x000000001e904000 	/System/Library/Frameworks/Security.framework/Versions/A/Security
0x000000001e904000 	/System/Library/Frameworks/ApplicationServices.framework/Versions/A/ApplicationServices
0x000000001e904000 	/usr/lib/libz.1.dylib
0x000000001e904000 	/usr/lib/libSystem.B.dylib
0x000000001e904000 	/usr/lib/libobjc.A.dylib
0x000000001e904000 	/System/Library/Frameworks/CoreFoundation.framework/Versions/A/CoreFoundation
0x000000001e904000 	/System/Library/Frameworks/Foundation.framework/Versions/C/Foundation
0x000000001e904000 	/System/Library/Frameworks/AppKit.framework/Versions/C/AppKit
0x000000001e904000 	/System/Library/Frameworks/CoreData.framework/Versions/A/CoreData
0x000000001e904000 	/System/Library/PrivateFrameworks/RemoteViewServices.framework/Versions/A/RemoteViewServices
0x000000001e904000 	/System/Library/PrivateFrameworks/UIFoundation.framework/Versions/A/UIFoundation
0x000000001e904000 	/System/Library/PrivateFrameworks/DFRFoundation.framework/Versions/A/DFRFoundation
0x000000001e904000 	/usr/lib/libenergytrace.dylib
0x000000001e904000 	/System/Library/PrivateFrameworks/SkyLight.framework/Versions/A/SkyLight
0x000000001e904000 	/System/Library/Frameworks/CoreGraphics.framework/Versions/A/CoreGraphics
0x000000001e904000 	/usr/lib/libScreenReader.dylib
0x000000001e904000 	/System/Library/Frameworks/Accelerate.framework/Versions/A/Accelerate
0x000000001e904000 	/System/Library/Frameworks/IOSurface.framework/Versions/A/IOSurface
0x000000001e904000 	/System/Library/Frameworks/AudioToolbox.framework/Versions/A/AudioToolbox
0x000000001e904000 	/System/Library/Frameworks/AudioUnit.framework/Versions/A/AudioUnit
0x000000001e904000 	/System/Library/PrivateFrameworks/DataDetectorsCore.framework/Versions/A/DataDetectorsCore
0x000000001e904000 	/System/Library/PrivateFrameworks/DesktopServicesPriv.framework/Versions/A/DesktopServicesPriv
0x000000001e904000 	/System/Library/Frameworks/Carbon.framework/Versions/A/Frameworks/HIToolbox.framework/Versions/A/HIToolbox
0x000000001e904000 	/usr/lib/libicucore.A.dylib
0x000000001e904000 	/System/Library/Frameworks/QuartzCore.framework/Versions/A/QuartzCore
0x000000001e904000 	/System/Library/Frameworks/Carbon.framework/Versions/A/Frameworks/SpeechRecognition.framework/Versions/A/SpeechRecognition
0x000000001e904000 	/usr/lib/libauto.dylib
0x000000001e904000 	/usr/lib/libxml2.2.dylib
0x000000001e904000 	/System/Library/PrivateFrameworks/CoreUI.framework/Versions/A/CoreUI
0x000000001e904000 	/System/Library/Frameworks/CoreAudio.framework/Versions/A/CoreAudio
0x000000001e904000 	/System/Library/Frameworks/DiskArbitration.framework/Versions/A/DiskArbitration
0x000000001e904000 	/usr/lib/liblangid.dylib
0x000000001e904000 	/System/Library/PrivateFrameworks/MultitouchSupport.framework/Versions/A/MultitouchSupport
0x000000001e904000 	/System/Library/Frameworks/IOKit.framework/Versions/A/IOKit
0x000000001e904000 	/usr/lib/libDiagnosticMessagesClient.dylib
0x000000001e904000 	/System/Library/Frameworks/CoreServices.framework/Versions/A/CoreServices
0x000000001e904000 	/System/Library/PrivateFrameworks/PerformanceAnalysis.framework/Versions/A/PerformanceAnalysis
0x000000001e904000 	/System/Library/PrivateFrameworks/GenerationalStorage.framework/Versions/A/GenerationalStorage
0x000000001e904000 	/System/Library/Frameworks/OpenGL.framework/Versions/A/OpenGL
0x000000001e904000 	/System/Library/Frameworks/CoreImage.framework/Versions/A/CoreImage
0x000000001e904000 	/System/Library/Frameworks/CoreText.framework/Versions/A/CoreText
0x000000001e904000 	/System/Library/Frameworks/ImageIO.framework/Versions/A/ImageIO
0x000000001e904000 	/System/Library/PrivateFrameworks/Backup.framework/Versions/A/Backup
0x000000001e904000 	/usr/lib/libarchive.2.dylib
0x000000001e904000 	/System/Library/Frameworks/CFNetwork.framework/Versions/A/CFNetwork
0x000000001e904000 	/System/Library/Frameworks/SystemConfiguration.framework/Versions/A/SystemConfiguration
0x000000001e904000 	/usr/lib/libCRFSuite.dylib
0x000000001e904000 	/usr/lib/libc++.1.dylib
0x000000001e904000 	/usr/lib/libc++abi.dylib
0x000000001e904000 	/usr/lib/system/libcache.dylib
0x000000001e904000 	/usr/lib/system/libcommonCrypto.dylib
0x000000001e904000 	/usr/lib/system/libcompiler_rt.dylib
0x000000001e904000 	/usr/lib/system/libcopyfile.dylib
0x000000001e904000 	/usr/lib/system/libcorecrypto.dylib
0x000000001e904000 	/usr/lib/system/libdispatch.dylib
0x000000001e904000 	/usr/lib/system/libdyld.dylib
0x000000001e904000 	/usr/lib/system/libkeymgr.dylib
0x000000001e904000 	/usr/lib/system/liblaunch.dylib
0x000000001e904000 	/usr/lib/system/libmacho.dylib
0x000000001e904000 	/usr/lib/system/libquarantine.dylib
0x000000001e904000 	/usr/lib/system/libremovefile.dylib
0x000000001e904000 	/usr/lib/system/libsystem_asl.dylib
0x000000001e904000 	/usr/lib/system/libsystem_blocks.dylib
0x000000001e904000 	/usr/lib/system/libsystem_c.dylib
0x000000001e904000 	/usr/lib/system/libsystem_configuration.dylib
0x000000001e904000 	/usr/lib/system/libsystem_coreservices.dylib
0x000000001e904000 	/usr/lib/system/libsystem_coretls.dylib
0x000000001e904000 	/usr/lib/system/libsystem_dnssd.dylib
0x000000001e904000 	/usr/lib/system/libsystem_info.dylib
0x000000001e904000 	/usr/lib/system/libsystem_kernel.dylib
0x000000001e904000 	/usr/lib/system/libsystem_m.dylib
0x000000001e904000 	/usr/lib/system/libsystem_malloc.dylib
0x000000001e904000 	/usr/lib/system/libsystem_network.dylib
0x000000001e904000 	/usr/lib/system/libsystem_networkextension.dylib
0x000000001e904000 	/usr/lib/system/libsystem_notify.dylib
0x000000001e904000 	/usr/lib/system/libsystem_platform.dylib
0x000000001e904000 	/usr/lib/system/libsystem_pthread.dylib
0x000000001e904000 	/usr/lib/system/libsystem_sandbox.dylib
0x000000001e904000 	/usr/lib/system/libsystem_secinit.dylib
0x000000001e904000 	/usr/lib/system/libsystem_symptoms.dylib
0x000000001e904000 	/usr/lib/system/libsystem_trace.dylib
0x000000001e904000 	/usr/lib/system/libunwind.dylib
0x000000001e904000 	/usr/lib/system/libxpc.dylib
0x000000001e904000 	/usr/lib/libbsm.0.dylib
0x000000001e904000 	/usr/lib/system/libkxld.dylib
0x000000001e904000 	/usr/lib/libcoretls.dylib
0x000000001e904000 	/usr/lib/libcoretls_cfhelpers.dylib
0x000000001e904000 	/usr/lib/libOpenScriptingUtil.dylib
0x000000001e904000 	/usr/lib/libpam.2.dylib
0x000000001e904000 	/usr/lib/libsqlite3.dylib
0x000000001e904000 	/usr/lib/libxar.1.dylib
0x000000001e904000 	/usr/lib/libbz2.1.0.dylib
0x000000001e904000 	/usr/lib/liblzma.5.dylib
0x000000001e904000 	/usr/lib/libnetwork.dylib
0x000000001e904000 	/usr/lib/libpcap.A.dylib
0x000000001e904000 	/System/Library/Frameworks/CoreServices.framework/Versions/A/Frameworks/FSEvents.framework/Versions/A/FSEvents
0x000000001e904000 	/System/Library/Frameworks/CoreServices.framework/Versions/A/Frameworks/CarbonCore.framework/Versions/A/CarbonCore
0x000000001e904000 	/System/Library/Frameworks/CoreServices.framework/Versions/A/Frameworks/Metadata.framework/Versions/A/Metadata
0x000000001e904000 	/System/Library/Frameworks/CoreServices.framework/Versions/A/Frameworks/OSServices.framework/Versions/A/OSServices
0x000000001e904000 	/System/Library/Frameworks/CoreServices.framework/Versions/A/Frameworks/SearchKit.framework/Versions/A/SearchKit
0x000000001e904000 	/System/Library/Frameworks/CoreServices.framework/Versions/A/Frameworks/AE.framework/Versions/A/AE
0x000000001e904000 	/System/Library/Frameworks/CoreServices.framework/Versions/A/Frameworks/LaunchServices.framework/Versions/A/LaunchServices
0x000000001e904000 	/System/Library/Frameworks/CoreServices.framework/Versions/A/Frameworks/DictionaryServices.framework/Versions/A/DictionaryServices
0x000000001e904000 	/System/Library/Frameworks/CoreServices.framework/Versions/A/Frameworks/SharedFileList.framework/Versions/A/SharedFileList
0x000000001e904000 	/System/Library/Frameworks/NetFS.framework/Versions/A/NetFS
0x000000001e904000 	/System/Library/PrivateFrameworks/NetAuth.framework/Versions/A/NetAuth
0x000000001e904000 	/System/Library/PrivateFrameworks/login.framework/Versions/A/Frameworks/loginsupport.framework/Versions/A/loginsupport
0x000000001e904000 	/System/Library/PrivateFrameworks/TCC.framework/Versions/A/TCC
0x000000001e904000 	/usr/lib/libmecabra.dylib
0x000000001e904000 	/System/Library/Frameworks/ApplicationServices.framework/Versions/A/Frameworks/ATS.framework/Versions/A/ATS
0x000000001e904000 	/System/Library/Frameworks/ApplicationServices.framework/Versions/A/Frameworks/ColorSync.framework/Versions/A/ColorSync
0x000000001e904000 	/System/Library/Frameworks/ApplicationServices.framework/Versions/A/Frameworks/HIServices.framework/Versions/A/HIServices
0x000000001e904000 	/System/Library/Frameworks/ApplicationServices.framework/Versions/A/Frameworks/LangAnalysis.framework/Versions/A/LangAnalysis
0x000000001e904000 	/System/Library/Frameworks/ApplicationServices.framework/Versions/A/Frameworks/PrintCore.framework/Versions/A/PrintCore
0x000000001e904000 	/System/Library/Frameworks/ApplicationServices.framework/Versions/A/Frameworks/QD.framework/Versions/A/QD
0x000000001e904000 	/System/Library/Frameworks/ApplicationServices.framework/Versions/A/Frameworks/SpeechSynthesis.framework/Versions/A/SpeechSynthesis
0x000000001e904000 	/System/Library/Frameworks/Accelerate.framework/Versions/A/Frameworks/vImage.framework/Versions/A/vImage
0x000000001e904000 	/System/Library/Frameworks/Accelerate.framework/Versions/A/Frameworks/vecLib.framework/Versions/A/vecLib
0x000000001e904000 	/System/Library/Frameworks/Accelerate.framework/Versions/A/Frameworks/vecLib.framework/Versions/A/libvDSP.dylib
0x000000001e904000 	/System/Library/Frameworks/Accelerate.framework/Versions/A/Frameworks/vecLib.framework/Versions/A/libBNNS.dylib
0x000000001e904000 	/System/Library/Frameworks/Accelerate.framework/Versions/A/Frameworks/vecLib.framework/Versions/A/libQuadrature.dylib
0x000000001e904000 	/System/Library/Frameworks/Accelerate.framework/Versions/A/Frameworks/vecLib.framework/Versions/A/libvMisc.dylib
0x000000001e904000 	/System/Library/Frameworks/Accelerate.framework/Versions/A/Frameworks/vecLib.framework/Versions/A/libLAPACK.dylib
0x000000001e904000 	/System/Library/Frameworks/Accelerate.framework/Versions/A/Frameworks/vecLib.framework/Versions/A/libBLAS.dylib
0x000000001e904000 	/System/Library/Frameworks/Accelerate.framework/Versions/A/Frameworks/vecLib.framework/Versions/A/libLinearAlgebra.dylib
0x000000001e904000 	/System/Library/Frameworks/Accelerate.framework/Versions/A/Frameworks/vecLib.framework/Versions/A/libSparseBLAS.dylib
0x000000001e904000 	/System/Library/Frameworks/ApplicationServices.framework/Versions/A/Frameworks/ATS.framework/Versions/A/Resources/libFontParser.dylib
0x000000001e904000 	/System/Library/Frameworks/ApplicationServices.framework/Versions/A/Frameworks/ATS.framework/Versions/A/Resources/libFontRegistry.dylib
0x000000001e904000 	/System/Library/Frameworks/ImageIO.framework/Versions/A/Resources/libJPEG.dylib
0x000000001e904000 	/System/Library/Frameworks/ImageIO.framework/Versions/A/Resources/libTIFF.dylib
0x000000001e904000 	/System/Library/Frameworks/ImageIO.framework/Versions/A/Resources/libPng.dylib
0x000000001e904000 	/System/Library/Frameworks/ImageIO.framework/Versions/A/Resources/libGIF.dylib
0x000000001e904000 	/System/Library/Frameworks/ImageIO.framework/Versions/A/Resources/libJP2.dylib
0x000000001e904000 	/System/Library/Frameworks/ImageIO.framework/Versions/A/Resources/libRadiance.dylib
0x000000001e904000 	/usr/lib/libcompression.dylib
0x000000001e904000 	/System/Library/PrivateFrameworks/AppleJPEG.framework/Versions/A/AppleJPEG
0x000000001e904000 	/usr/lib/libcups.2.dylib
0x000000001e904000 	/System/Library/Frameworks/Kerberos.framework/Versions/A/Kerberos
0x000000001e904000 	/System/Library/Frameworks/GSS.framework/Versions/A/GSS
0x000000001e904000 	/usr/lib/libresolv.9.dylib
0x000000001e904000 	/usr/lib/libiconv.2.dylib
0x000000001e904000 	/System/Library/PrivateFrameworks/Heimdal.framework/Versions/A/Heimdal
0x000000001e904000 	/usr/lib/libheimdal-asn1.dylib
0x000000001e904000 	/System/Library/Frameworks/OpenDirectory.framework/Versions/A/OpenDirectory
0x000000001e904000 	/System/Library/PrivateFrameworks/CommonAuth.framework/Versions/A/CommonAuth
0x000000001e904000 	/System/Library/Frameworks/OpenDirectory.framework/Versions/A/Frameworks/CFOpenDirectory.framework/Versions/A/CFOpenDirectory
0x000000001e904000 	/System/Library/Frameworks/SecurityFoundation.framework/Versions/A/SecurityFoundation
0x000000001e904000 	/System/Library/PrivateFrameworks/LanguageModeling.framework/Versions/A/LanguageModeling
0x000000001e904000 	/usr/lib/libmarisa.dylib
0x000000001e904000 	/usr/lib/libChineseTokenizer.dylib
0x000000001e904000 	/usr/lib/libcmph.dylib
0x000000001e904000 	/System/Library/PrivateFrameworks/CoreEmoji.framework/Versions/A/CoreEmoji
0x000000001e904000 	/System/Library/Frameworks/ServiceManagement.framework/Versions/A/ServiceManagement
0x000000001e904000 	/usr/lib/libxslt.1.dylib
0x000000001e904000 	/System/Library/Frameworks/Carbon.framework/Versions/A/Frameworks/Ink.framework/Versions/A/Ink
0x000000001e904000 	/System/Library/PrivateFrameworks/TextureIO.framework/Versions/A/TextureIO
0x000000001e904000 	/System/Library/Frameworks/Metal.framework/Versions/A/Metal
0x000000001e904000 	/usr/lib/libate.dylib
0x000000001e904000 	/System/Library/PrivateFrameworks/GPUCompiler.framework/libmetal_timestamp.dylib
0x000000001e904000 	/System/Library/Frameworks/OpenGL.framework/Versions/A/Libraries/libCoreFSCache.dylib
0x000000001e904000 	/System/Library/PrivateFrameworks/IOAccelerator.framework/Versions/A/IOAccelerator
0x000000001e904000 	/System/Library/Frameworks/CoreVideo.framework/Versions/A/CoreVideo
0x000000001e904000 	/usr/lib/libFosl_dynamic.dylib
0x000000001e904000 	/System/Library/PrivateFrameworks/MetalPerformanceShaders.framework/Versions/A/MetalPerformanceShaders
0x000000001e904000 	/System/Library/PrivateFrameworks/FaceCore.framework/Versions/A/FaceCore
0x000000001e904000 	/System/Library/Frameworks/OpenCL.framework/Versions/A/OpenCL
0x000000001e904000 	/System/Library/Frameworks/OpenGL.framework/Versions/A/Libraries/libGLU.dylib
0x000000001e904000 	/System/Library/Frameworks/OpenGL.framework/Versions/A/Libraries/libGFXShared.dylib
0x000000001e904000 	/System/Library/Frameworks/OpenGL.framework/Versions/A/Libraries/libGL.dylib
0x000000001e904000 	/System/Library/Frameworks/OpenGL.framework/Versions/A/Libraries/libGLImage.dylib
0x000000001e904000 	/System/Library/Frameworks/OpenGL.framework/Versions/A/Libraries/libCVMSPluginSupport.dylib
0x000000001e904000 	/System/Library/Frameworks/OpenGL.framework/Versions/A/Libraries/libCoreVMClient.dylib
0x000000001e904000 	/System/Library/PrivateFrameworks/CrashReporterSupport.framework/Versions/A/CrashReporterSupport
0x000000001e904000 	/System/Library/PrivateFrameworks/Sharing.framework/Versions/A/Sharing
0x000000001e904000 	/System/Library/PrivateFrameworks/IconServices.framework/Versions/A/IconServices
0x000000001e904000 	/System/Library/PrivateFrameworks/ProtocolBuffer.framework/Versions/A/ProtocolBuffer
0x000000001e904000 	/System/Library/PrivateFrameworks/Apple80211.framework/Versions/A/Apple80211
0x000000001e904000 	/System/Library/Frameworks/CoreWLAN.framework/Versions/A/CoreWLAN
0x000000001e904000 	/System/Library/PrivateFrameworks/CoreUtils.framework/Versions/A/CoreUtils
0x000000001e904000 	/System/Library/Frameworks/IOBluetooth.framework/Versions/A/IOBluetooth
0x000000001e904000 	/System/Library/PrivateFrameworks/CoreWiFi.framework/Versions/A/CoreWiFi
0x000000001e904000 	/System/Library/Frameworks/CoreBluetooth.framework/Versions/A/CoreBluetooth
0x000000001e904000 	/System/Library/Frameworks/CoreDisplay.framework/Versions/A/CoreDisplay
0x000000001e904000 	/System/Library/PrivateFrameworks/IOPresentment.framework/Versions/A/IOPresentment
0x000000001e904000 	/System/Library/PrivateFrameworks/DSExternalDisplay.framework/Versions/A/DSExternalDisplay
0x000000001e904000 	/System/Library/PrivateFrameworks/DebugSymbols.framework/Versions/A/DebugSymbols
0x000000001e904000 	/System/Library/PrivateFrameworks/CoreSymbolication.framework/Versions/A/CoreSymbolication
0x000000001e904000 	/System/Library/PrivateFrameworks/Symbolication.framework/Versions/A/Symbolication
0x000000001e904000 	/System/Library/PrivateFrameworks/AppleFSCompression.framework/Versions/A/AppleFSCompression
0x000000001e904000 	/System/Library/PrivateFrameworks/SpeechRecognitionCore.framework/Versions/A/SpeechRecognitionCore
0x000000001e904000 	/System/Library/PrivateFrameworks/ChunkingLibrary.framework/Versions/A/ChunkingLibrary
0x0000000102683000 	/Library/Java/JavaVirtualMachines/jdk1.8.0_144.jdk/Contents/Home/jre/lib/server/libjvm.dylib
0x000000001e904000 	/usr/lib/libstdc++.6.dylib
0x000000010362a000 	/Library/Java/JavaVirtualMachines/jdk1.8.0_144.jdk/Contents/Home/jre/lib/libverify.dylib
0x0000000103638000 	/Library/Java/JavaVirtualMachines/jdk1.8.0_144.jdk/Contents/Home/jre/lib/libjava.dylib
0x0000000103677000 	/Library/Java/JavaVirtualMachines/jdk1.8.0_144.jdk/Contents/Home/jre/lib/libzip.dylib
0x00000001067f2000 	/System/Library/Frameworks/JavaVM.framework/Frameworks/JavaRuntimeSupport.framework/JavaRuntimeSupport
0x000000010680c000 	/System/Library/Frameworks/JavaVM.framework/Versions/A/Frameworks/JavaNativeFoundation.framework/Versions/A/JavaNativeFoundation
0x00000001037f3000 	/System/Library/Frameworks/JavaVM.framework/Versions/A/JavaVM
0x000000001e904000 	/System/Library/Frameworks/Carbon.framework/Versions/A/Carbon
0x0000000106821000 	/System/Library/PrivateFrameworks/JavaLaunching.framework/Versions/A/JavaLaunching
0x000000001e904000 	/System/Library/Frameworks/Carbon.framework/Versions/A/Frameworks/CommonPanels.framework/Versions/A/CommonPanels
0x000000001e904000 	/System/Library/Frameworks/Carbon.framework/Versions/A/Frameworks/Help.framework/Versions/A/Help
0x000000001e904000 	/System/Library/Frameworks/Carbon.framework/Versions/A/Frameworks/ImageCapture.framework/Versions/A/ImageCapture
0x000000001e904000 	/System/Library/Frameworks/Carbon.framework/Versions/A/Frameworks/OpenScripting.framework/Versions/A/OpenScripting
0x000000001e904000 	/System/Library/Frameworks/Carbon.framework/Versions/A/Frameworks/Print.framework/Versions/A/Print
0x000000001e904000 	/System/Library/Frameworks/Carbon.framework/Versions/A/Frameworks/SecurityHI.framework/Versions/A/SecurityHI
0x00000001068cd000 	/Library/Java/JavaVirtualMachines/jdk1.8.0_144.jdk/Contents/Home/jre/lib/libawt.dylib
0x0000000106975000 	/Library/Java/JavaVirtualMachines/jdk1.8.0_144.jdk/Contents/Home/jre/lib/./libmlib_image.dylib
0x0000000106a41000 	/Library/Java/JavaVirtualMachines/jdk1.8.0_144.jdk/Contents/Home/jre/lib/libawt_lwawt.dylib
0x0000000106af8000 	/Library/Java/JavaVirtualMachines/jdk1.8.0_144.jdk/Contents/Home/jre/lib/./libosxapp.dylib
0x000000001e904000 	/System/Library/Frameworks/ExceptionHandling.framework/Versions/A/ExceptionHandling
0x000000001e904000 	/System/Library/PrivateFrameworks/CoreServicesInternal.framework/Versions/A/CoreServicesInternal
0x000000001e904000 	/System/Library/CoreServices/RawCamera.bundle/Contents/MacOS/RawCamera
0x000000001e904000 	/System/Library/Frameworks/Accelerate.framework/Versions/A/Frameworks/vImage.framework/Versions/A/Libraries/libCGInterfaces.dylib
0x000000001e904000 	/System/Library/Frameworks/ApplicationServices.framework/Versions/A/Frameworks/ATS.framework/Versions/A/Resources/libTrueTypeScaler.dylib
0x000000011cfc8000 	/System/Library/Frameworks/OpenGL.framework/Resources/GLEngine.bundle/GLEngine
0x000000001e904000 	/System/Library/Frameworks/OpenGL.framework/Versions/A/Libraries/libGLProgrammability.dylib
0x000000001e904000 	/System/Library/Extensions/GeForceGLDriver.bundle/Contents/MacOS/GeForceGLDriver
0x000000001e904000 	/System/Library/Extensions/GeForceGLDriver.bundle/Contents/MacOS/libclh.dylib
0x000000001e904000 	/System/Library/PrivateFrameworks/GPUSupport.framework/Versions/A/Libraries/libGPUSupportMercury.dylib
0x000000011b957000 	/System/Library/Frameworks/OpenGL.framework/Resources//GLRendererFloat.bundle/GLRendererFloat
0x000000001e904000 	/System/Library/Frameworks/OpenCL.framework/Versions/A/Libraries/libcldcpuengine.dylib
0x000000001e904000 	/usr/lib/libcrypto.0.9.8.dylib
0x000000001e904000 	/System/Library/PrivateFrameworks/TrustEvaluationAgent.framework/Versions/A/TrustEvaluationAgent
0x000000001e904000 	/System/Library/Extensions/GeForceMTLDriver.bundle/Contents/MacOS/GeForceMTLDriver
0x000000001e904000 	/System/Library/PrivateFrameworks/FamilyControls.framework/Versions/A/FamilyControls
0x000000001e904000 	/System/Library/PrivateFrameworks/CommerceKit.framework/Versions/A/Frameworks/CommerceCore.framework/Versions/A/CommerceCore
0x000000001e904000 	/System/Library/PrivateFrameworks/SystemAdministration.framework/Versions/A/SystemAdministration
0x000000001e904000 	/System/Library/PrivateFrameworks/AppContainer.framework/Versions/A/AppContainer
0x000000001e904000 	/System/Library/PrivateFrameworks/SecCodeWrapper.framework/Versions/A/SecCodeWrapper
0x000000001e904000 	/System/Library/Frameworks/DirectoryService.framework/Versions/A/DirectoryService
0x000000001e904000 	/System/Library/PrivateFrameworks/DiskImages.framework/Versions/A/DiskImages
0x000000001e904000 	/System/Library/PrivateFrameworks/LoginUIKit.framework/Versions/A/Frameworks/LoginUICore.framework/Versions/A/LoginUICore
0x000000001e904000 	/usr/lib/libCoreStorage.dylib
0x000000001e904000 	/usr/lib/libcsfde.dylib
0x000000001e904000 	/usr/lib/libodfde.dylib
0x000000001e904000 	/System/Library/Frameworks/DiscRecording.framework/Versions/A/DiscRecording
0x000000001e904000 	/usr/lib/libcurl.4.dylib
0x000000001e904000 	/System/Library/PrivateFrameworks/MediaKit.framework/Versions/A/MediaKit
0x000000001e904000 	/System/Library/PrivateFrameworks/ProtectedCloudStorage.framework/Versions/A/ProtectedCloudStorage
0x000000001e904000 	/System/Library/PrivateFrameworks/EFILogin.framework/Versions/A/EFILogin
0x000000001e904000 	/usr/lib/libutil.dylib
0x000000001e904000 	/System/Library/Frameworks/LDAP.framework/Versions/A/LDAP
0x000000001e904000 	/usr/lib/libsasl2.2.dylib
0x000000001e904000 	/System/Library/PrivateFrameworks/CoreDaemon.framework/Versions/B/CoreDaemon
0x000000001e904000 	/System/Library/PrivateFrameworks/AppleSRP.framework/Versions/A/AppleSRP
0x000000001e904000 	/System/Library/PrivateFrameworks/APFS.framework/Versions/A/APFS
0x0000000121fb6000 	/Library/Java/JavaVirtualMachines/jdk1.8.0_144.jdk/Contents/Home/jre/lib/libfontmanager.dylib
0x000000012201d000 	/Users/jgla8159/Documents/PKMNEngine-5-7-2018/slick/liblwjgl.dylib
0x000000011b946000 	/Library/Java/JavaVirtualMachines/jdk1.8.0_144.jdk/Contents/Home/jre/lib/libjawt.dylib
0x000000001e904000 	/System/Library/PrivateFrameworks/ViewBridge.framework/Versions/A/ViewBridge
0x000000001e904000 	/System/Library/PrivateFrameworks/XPCService.framework/Versions/A/XPCService
0x000000001e904000 	/System/Library/PrivateFrameworks/AppSandbox.framework/Versions/A/AppSandbox
0x000000001e904000 	/usr/lib/libsandbox.1.dylib
0x000000001e904000 	/usr/lib/libMatch.1.dylib
0x0000000126763000 	/Library/Java/JavaVirtualMachines/jdk1.8.0_144.jdk/Contents/Home/jre/lib/libnio.dylib
0x0000000126773000 	/Library/Java/JavaVirtualMachines/jdk1.8.0_144.jdk/Contents/Home/jre/lib/./libnet.dylib

VM Arguments:
jvm_args: -Djava.library.path=/Users/jgla8159/Documents/PKMNEngine-5-7-2018/slick -Dfile.encoding=UTF-8 
java_command: Main
java_class_path (initial): /Users/jgla8159/Documents/PKMNEngine-5-7-2018/bin:/Users/jgla8159/Documents/PKMNEngine-5-7-2018/slick/jogg-0.0.7.jar:/Users/jgla8159/Documents/PKMNEngine-5-7-2018/slick/jorbis-0.0.15.jar:/Users/jgla8159/Documents/PKMNEngine-5-7-2018/slick/lwjgl.jar:/Users/jgla8159/Documents/PKMNEngine-5-7-2018/slick/slick.jar
Launcher Type: SUN_STANDARD

Environment Variables:
PATH=/usr/bin:/bin:/usr/sbin:/sbin
SHELL=/bin/bash

Signal Handlers:
SIGSEGV: [libjvm.dylib+0x5b26e5], sa_mask[0]=11111111011111110111111111111111, sa_flags=SA_ONSTACK|SA_RESTART|SA_SIGINFO
SIGBUS: [libjvm.dylib+0x5b26e5], sa_mask[0]=11111111011111110111111111111111, sa_flags=SA_RESTART|SA_SIGINFO
SIGFPE: [libjvm.dylib+0x489100], sa_mask[0]=11111111011111110111111111111111, sa_flags=SA_RESTART|SA_SIGINFO
SIGPIPE: [libjvm.dylib+0x489100], sa_mask[0]=11111111011111110111111111111111, sa_flags=SA_RESTART|SA_SIGINFO
SIGXFSZ: [libjvm.dylib+0x489100], sa_mask[0]=11111111011111110111111111111111, sa_flags=SA_RESTART|SA_SIGINFO
SIGILL: [libjvm.dylib+0x489100], sa_mask[0]=11111111011111110111111111111111, sa_flags=SA_RESTART|SA_SIGINFO
SIGUSR1: SIG_DFL, sa_mask[0]=00000000000000000000000000000000, sa_flags=none
SIGUSR2: [libjvm.dylib+0x488c1e], sa_mask[0]=00100000000000000000000000000000, sa_flags=SA_RESTART|SA_SIGINFO
SIGHUP: [libjvm.dylib+0x4871f5], sa_mask[0]=11111111011111110111111111111111, sa_flags=SA_RESTART|SA_SIGINFO
SIGINT: [libjvm.dylib+0x4871f5], sa_mask[0]=11111111011111110111111111111111, sa_flags=SA_RESTART|SA_SIGINFO
SIGTERM: [libjvm.dylib+0x4871f5], sa_mask[0]=11111111011111110111111111111111, sa_flags=SA_RESTART|SA_SIGINFO
SIGQUIT: [libjvm.dylib+0x4871f5], sa_mask[0]=11111111011111110111111111111111, sa_flags=SA_RESTART|SA_SIGINFO


---------------  S Y S T E M  ---------------

OS:Bsduname:Darwin 16.7.0 Darwin Kernel Version 16.7.0: Tue Jan 30 11:27:06 PST 2018; root:xnu-3789.73.11~1/RELEASE_X86_64 x86_64
rlimit: STACK 8192k, CORE 0k, NPROC 709, NOFILE 10240, AS infinity
load average:1.41 1.34 1.33

CPU:total 4 (initial active 4) (4 cores per cpu, 1 threads per core) family 6 model 60 stepping 3, cmov, cx8, fxsr, mmx, sse, sse2, sse3, ssse3, sse4.1, sse4.2, popcnt, avx, avx2, aes, clmul, erms, lzcnt, tsc, tscinvbit, bmi1, bmi2

Memory: 4k page, physical 8388608k(403276k free)

/proc/meminfo:


vm_info: Java HotSpot(TM) 64-Bit Server VM (25.144-b01) for bsd-amd64 JRE (1.8.0_144-b01), built on Jul 21 2017 22:07:42 by "java_re" with gcc 4.2.1 (Based on Apple Inc. build 5658) (LLVM build 2336.11.00)

time: Wed May  9 09:33:59 2018
elapsed time: 34 seconds (0d 0h 0m 34s)

