#
# A fatal error has been detected by the Java Runtime Environment:
#
#  SIGSEGV (0xb) at pc=0x00007fffb7ceb05d, pid=1485, tid=0x0000000000000307
#
# JRE version: Java(TM) SE Runtime Environment (8.0_144-b01) (build 1.8.0_144-b01)
# Java VM: Java HotSpot(TM) 64-Bit Server VM (25.144-b01 mixed mode bsd-amd64 compressed oops)
# Problematic frame:
# C  [libobjc.A.dylib+0x705d]  objc_msgSend+0x1d
#
# Failed to write core dump. Core dumps have been disabled. To enable core dumping, try "ulimit -c unlimited" before starting Java again
#
# If you would like to submit a bug report, please visit:
#   http://bugreport.java.com/bugreport/crash.jsp
# The crash happened outside the Java Virtual Machine in native code.
# See problematic frame for where to report the bug.
#

---------------  T H R E A D  ---------------

Current thread (0x00007fd2d88ba800):  JavaThread "AppKit Thread" daemon [_thread_in_native, id=775, stack(0x00007fff55c73000,0x00007fff56473000)]

siginfo: si_signo: 11 (SIGSEGV), si_code: 1 (SEGV_MAPERR), si_addr: 0x000007fd2d778aa0

Registers:
RAX=0x0000000000000000, RBX=0x00007fd2d7496b80, RCX=0x0000000000000000, RDX=0x00000000000fbfa0
RSP=0x00007fff5646d848, RBP=0x00007fff5646d870, RSI=0x00007fffa15d27ab, RDI=0x00007fd2d7729a40
R8 =0x0000000000000003, R9 =0x0000000000000000, R10=0x000007fd2d778a88, R11=0x00007fffa15d27ab
R12=0x0000000000000094, R13=0x00007fffa15b517f, R14=0x00007fd2d7729a40, R15=0x0000000000000000
RIP=0x00007fffb7ceb05d, EFLAGS=0x0000000000010206, ERR=0x0000000000000004
  TRAPNO=0x000000000000000e

Top of Stack: (sp=0x00007fff5646d848)
0x00007fff5646d848:   00000001295fc598 00007fd2d7496b80
0x00007fff5646d858:   0000000129630c60 00007fd2d7748910
0x00007fff5646d868:   00007fd2d7748910 00007fff5646dde0
0x00007fff5646d878:   00007fffa0aa1e7b 0000000000000000
0x00007fff5646d888:   0000000000000000 4094000000000000
0x00007fff5646d898:   4086800000000000 0000000000000000
0x00007fff5646d8a8:   0000000000000000 4094000000000000
0x00007fff5646d8b8:   4086800000000000 00007fff5646d8e0
0x00007fff5646d8c8:   00007fffa35e8f20 00000000000000c0
0x00007fff5646d8d8:   ffff802d2888ca70 00007fd2d7773590
0x00007fff5646d8e8:   00007fffc1445480 00007fff5646d950
0x00007fff5646d8f8:   00007fffb7cf3243 00007fffc1445540
0x00007fff5646d908:   00000001a156d100 00007fd2d7773590
0x00007fff5646d918:   ffff802d2888ca70 00007fd2d9224e60
0x00007fff5646d928:   00007fd2d7498970 00007fffa156d100
0x00007fff5646d938:   00007fd2d7496b80 00007fffb7ceb040
0x00007fff5646d948:   00007fff5646d9b0 00007fff5646d9a0
0x00007fff5646d958:   00007fffa117b91f 401c000000000000
0x00007fff5646d968:   4086a00000000000 402c000000000000
0x00007fff5646d978:   0000000000000000 00007fff00000000
0x00007fff5646d988:   0000000000000000 00007fffa1586bb8
0x00007fff5646d998:   00007fd2d7498900 000000015646d9f0
0x00007fff5646d9a8:   00007fd2d7498970 0000000000000088
0x00007fff5646d9b8:   00007fd2d743e0f0 012c000000000000
0x00007fff5646d9c8:   00007fd2d7496b80 00007fff5646d9f0
0x00007fff5646d9d8:   00007fd2d7498970 00007fff5646dac0
0x00007fff5646d9e8:   00007fd2d7498970 00007fff5646da30
0x00007fff5646d9f8:   00007fffa0b59c42 401c000000000000
0x00007fff5646da08:   4086980000000000 402c000000000000
0x00007fff5646da18:   4030000000000000 00007fff5646dac0
0x00007fff5646da28:   00007fd2d7498970 00007fff5646dab0
0x00007fff5646da38:   00007fffa0b59be4 401c000000000000 

Instructions: (pc=0x00007fffb7ceb05d)
0x00007fffb7ceb03d:   0f 1f 00 48 85 ff 2e 74 62 40 f6 c7 01 2e 75 66
0x00007fffb7ceb04d:   49 ba f8 ff ff ff ff 7f 00 00 4c 23 17 49 89 f3
0x00007fffb7ceb05d:   45 23 5a 18 49 c1 e3 04 4d 03 5a 10 49 3b 33 75
0x00007fffb7ceb06d:   04 41 ff 63 08 49 83 3b 01 76 0d 49 83 c3 10 49 

Register to memory mapping:

RAX=0x0000000000000000 is an unknown value
RBX=0x00007fd2d7496b80 is an unknown value
RCX=0x0000000000000000 is an unknown value
RDX=0x00000000000fbfa0 is an unknown value
RSP=0x00007fff5646d848 is pointing into the stack for thread: 0x00007fd2d88ba800
RBP=0x00007fff5646d870 is pointing into the stack for thread: 0x00007fd2d88ba800
RSI=0x00007fffa15d27ab: __NSStyleNameIndexTable+0xe03f3 in /System/Library/Frameworks/AppKit.framework/Versions/C/AppKit at 0x00007fffa0905000
RDI=0x00007fd2d7729a40 is an unknown value
R8 =0x0000000000000003 is an unknown value
R9 =0x0000000000000000 is an unknown value
R10=0x000007fd2d778a88 is an unknown value
R11=0x00007fffa15d27ab: __NSStyleNameIndexTable+0xe03f3 in /System/Library/Frameworks/AppKit.framework/Versions/C/AppKit at 0x00007fffa0905000
R12=0x0000000000000094 is an unknown value
R13=0x00007fffa15b517f: __NSStyleNameIndexTable+0xc2dc7 in /System/Library/Frameworks/AppKit.framework/Versions/C/AppKit at 0x00007fffa0905000
R14=0x00007fd2d7729a40 is an unknown value
R15=0x0000000000000000 is an unknown value


Stack: [0x00007fff55c73000,0x00007fff56473000],  sp=0x00007fff5646d848,  free space=8170k
Native frames: (J=compiled Java code, j=interpreted, Vv=VM code, C=native code)
C  [libobjc.A.dylib+0x705d]  objc_msgSend+0x1d
C  [AppKit+0x19ce7b]  -[NSView _recursiveDisplayRectIfNeededIgnoringOpacity:isVisibleRect:rectIsVisibleRectForView:topView:]+0x6ee
C  [AppKit+0x19d6d1]  -[NSView _recursiveDisplayRectIfNeededIgnoringOpacity:isVisibleRect:rectIsVisibleRectForView:topView:]+0xf44
C  [AppKit+0x19c2af]  -[NSThemeFrame _recursiveDisplayRectIfNeededIgnoringOpacity:isVisibleRect:rectIsVisibleRectForView:topView:]+0x14e
C  [AppKit+0x19a6d8]  -[NSView _displayRectIgnoringOpacity:isVisibleRect:rectIsVisibleRectForView:]+0x994
C  [AppKit+0x195fca]  -[NSView displayIfNeeded]+0x6d4
C  [AppKit+0x1958db]  -[NSWindow displayIfNeeded]+0xe6
C  [AppKit+0x8f5cb4]  ___NSWindowGetDisplayCycleObserver_block_invoke.6228+0x115
C  [AppKit+0x1953b9]  __37+[NSDisplayCycle currentDisplayCycle]_block_invoke+0x1c6
C  [QuartzCore+0x11cc6]  _ZN2CA11Transaction19run_commit_handlersE18CATransactionPhase+0x2e
C  [QuartzCore+0x11b8ac]  _ZN2CA7Context18commit_transactionEPNS_11TransactionE+0xa0
C  [QuartzCore+0x107a1]  _ZN2CA11Transaction6commitEv+0x1db
C  [AppKit+0x4788b1]  __37+[NSDisplayCycle currentDisplayCycle]_block_invoke.31+0x143
C  [CoreFoundation+0xa6d37]  __CFRUNLOOP_IS_CALLING_OUT_TO_AN_OBSERVER_CALLBACK_FUNCTION__+0x17
C  [CoreFoundation+0xa6ca7]  __CFRunLoopDoObservers+0x187
C  [CoreFoundation+0x876d9]  __CFRunLoopRun+0x369
C  [CoreFoundation+0x87114]  CFRunLoopRunSpecific+0x1a4
C  [HIToolbox+0x30ebc]  RunCurrentEventLoopInMode+0xf0
C  [HIToolbox+0x30bf9]  ReceiveNextEventCommon+0xb8
C  [HIToolbox+0x30b26]  _BlockUntilNextEventMatchingListInModeWithFilter+0x47
C  [AppKit+0x46a54]  _DPSNextEvent+0x460
C  [AppKit+0x7c27ee]  -[NSApplication(NSEvent) _nextEventMatchingEventMask:untilDate:inMode:dequeue:]+0xaec
C  [libosxapp.dylib+0x23aa]  -[NSApplicationAWT nextEventMatchingMask:untilDate:inMode:dequeue:]+0x7c
C  [AppKit+0x3b3db]  -[NSApplication run]+0x39e
C  [libosxapp.dylib+0x214d]  +[NSApplicationAWT runAWTLoopWithApp:]+0x9c
C  [libawt_lwawt.dylib+0x45edf]  -[AWTStarter starter:]+0x389
C  [Foundation+0x7152a]  __NSThreadPerformPerform+0x146
C  [CoreFoundation+0xa7321]  __CFRUNLOOP_IS_CALLING_OUT_TO_A_SOURCE0_PERFORM_FUNCTION__+0x11
C  [CoreFoundation+0x8821d]  __CFRunLoopDoSources0+0x22d
C  [CoreFoundation+0x87716]  __CFRunLoopRun+0x3a6
C  [CoreFoundation+0x87114]  CFRunLoopRunSpecific+0x1a4
C  [java+0x6465]  CreateExecutionEnvironment+0x367
C  [java+0x218c]  JLI_Launch+0x7a0
C  [java+0x84c2]  main+0x65
C  [java+0x19e4]  start+0x34
C  0x0000000000000006


---------------  P R O C E S S  ---------------

Java Threads: ( => current thread )
  0x00007fd2d7a62000 JavaThread "AWT-Shutdown" [_thread_blocked, id=29959, stack(0x000070000586d000,0x000070000596d000)]
  0x00007fd2d8170800 JavaThread "Java2D Queue Flusher" daemon [_thread_blocked, id=61447, stack(0x0000700005b79000,0x0000700005c79000)]
  0x00007fd2d81ea800 JavaThread "Java2D Disposer" daemon [_thread_blocked, id=59915, stack(0x0000700005a76000,0x0000700005b76000)]
=>0x00007fd2d88ba800 JavaThread "AppKit Thread" daemon [_thread_in_native, id=775, stack(0x00007fff55c73000,0x00007fff56473000)]
  0x00007fd2d8827000 JavaThread "Service Thread" daemon [_thread_blocked, id=18691, stack(0x0000700005667000,0x0000700005767000)]
  0x00007fd2d8826800 JavaThread "C1 CompilerThread2" daemon [_thread_blocked, id=18179, stack(0x0000700005564000,0x0000700005664000)]
  0x00007fd2d8015000 JavaThread "C2 CompilerThread1" daemon [_thread_blocked, id=17667, stack(0x0000700005461000,0x0000700005561000)]
  0x00007fd2d7831000 JavaThread "C2 CompilerThread0" daemon [_thread_blocked, id=17155, stack(0x000070000535e000,0x000070000545e000)]
  0x00007fd2d783c800 JavaThread "Signal Dispatcher" daemon [_thread_blocked, id=16643, stack(0x000070000525b000,0x000070000535b000)]
  0x00007fd2d9032000 JavaThread "Finalizer" daemon [_thread_blocked, id=12291, stack(0x00007000050d5000,0x00007000051d5000)]
  0x00007fd2d7800000 JavaThread "Reference Handler" daemon [_thread_blocked, id=11779, stack(0x0000700004fd2000,0x00007000050d2000)]
  0x00007fd2d8004800 JavaThread "main" [_thread_in_native, id=3587, stack(0x00007000048ba000,0x00007000049ba000)]

Other Threads:
  0x00007fd2d902f800 VMThread [stack: 0x0000700004ecf000,0x0000700004fcf000] [id=11267]
  0x00007fd2d8832000 WatcherThread [stack: 0x000070000576a000,0x000070000586a000] [id=19203]

VM state:not at safepoint (normal execution)

VM Mutex/Monitor currently owned by a thread: None

Heap:
 PSYoungGen      total 38400K, used 26671K [0x0000000795580000, 0x0000000798000000, 0x00000007c0000000)
  eden space 33280K, 74% used [0x0000000795580000,0x0000000796db26a0,0x0000000797600000)
  from space 5120K, 36% used [0x0000000797b00000,0x0000000797cd9868,0x0000000798000000)
  to   space 5120K, 0% used [0x0000000797600000,0x0000000797600000,0x0000000797b00000)
 ParOldGen       total 87552K, used 8208K [0x0000000740000000, 0x0000000745580000, 0x0000000795580000)
  object space 87552K, 9% used [0x0000000740000000,0x0000000740804010,0x0000000745580000)
 Metaspace       used 10482K, capacity 10661K, committed 11008K, reserved 1058816K
  class space    used 1086K, capacity 1163K, committed 1280K, reserved 1048576K

Card table byte_map: [0x000000010b400000,0x000000010b801000] byte_map_base: 0x0000000107a00000

Marking Bits: (ParMarkBitMap*) 0x000000010a0fd5d0
 Begin Bits: [0x000000010baac000, 0x000000010daac000)
 End Bits:   [0x000000010daac000, 0x000000010faac000)

Polling page: 0x000000010a7f4000

CodeCache: size=245760Kb used=4541Kb max_used=4541Kb free=241218Kb
 bounds [0x000000010fd0e000, 0x000000011018e000, 0x000000011ed0e000]
 total_blobs=1695 nmethods=1165 adapters=444
 compilation: enabled

Compilation events (10 events):
Event: 8.098 Thread 0x00007fd2d8826800 1161   !   3       java.net.URLClassLoader::findClass (47 bytes)
Event: 8.099 Thread 0x00007fd2d8826800 nmethod 1161 0x000000011017eb90 code [0x000000011017ed40, 0x000000011017f318]
Event: 8.099 Thread 0x00007fd2d8826800 1162       3       java.net.URLClassLoader$1::<init> (15 bytes)
Event: 8.099 Thread 0x00007fd2d8826800 nmethod 1162 0x0000000110172950 code [0x0000000110172ac0, 0x0000000110172cb0]
Event: 8.099 Thread 0x00007fd2d8826800 1163       3       java.net.URLClassLoader$1::run (5 bytes)
Event: 8.099 Thread 0x00007fd2d8826800 nmethod 1163 0x000000011017f550 code [0x000000011017f6c0, 0x000000011017f868]
Event: 8.099 Thread 0x00007fd2d8826800 1165   !   3       org.lwjgl.input.Keyboard::isCreated (17 bytes)
Event: 8.099 Thread 0x00007fd2d8826800 nmethod 1165 0x000000011017f910 code [0x000000011017fa80, 0x000000011017fcf0]
Event: 8.099 Thread 0x00007fd2d8826800 1164   !   3       java.net.URLClassLoader$1::run (63 bytes)
Event: 8.099 Thread 0x00007fd2d8826800 nmethod 1164 0x000000011017fdd0 code [0x000000011017ffa0, 0x00000001101804e8]

GC Heap History (4 events):
Event: 1.347 GC heap before
{Heap before GC invocations=1 (full 0):
 PSYoungGen      total 38400K, used 31668K [0x0000000795580000, 0x0000000798000000, 0x00000007c0000000)
  eden space 33280K, 95% used [0x0000000795580000,0x000000079746d210,0x0000000797600000)
  from space 5120K, 0% used [0x0000000797b00000,0x0000000797b00000,0x0000000798000000)
  to   space 5120K, 0% used [0x0000000797600000,0x0000000797600000,0x0000000797b00000)
 ParOldGen       total 87552K, used 0K [0x0000000740000000, 0x0000000745580000, 0x0000000795580000)
  object space 87552K, 0% used [0x0000000740000000,0x0000000740000000,0x0000000745580000)
 Metaspace       used 9726K, capacity 9881K, committed 10112K, reserved 1058816K
  class space    used 1034K, capacity 1117K, committed 1152K, reserved 1048576K
Event: 1.355 GC heap after
Heap after GC invocations=1 (full 0):
 PSYoungGen      total 38400K, used 3519K [0x0000000795580000, 0x0000000798000000, 0x00000007c0000000)
  eden space 33280K, 0% used [0x0000000795580000,0x0000000795580000,0x0000000797600000)
  from space 5120K, 68% used [0x0000000797600000,0x000000079796ff38,0x0000000797b00000)
  to   space 5120K, 0% used [0x0000000797b00000,0x0000000797b00000,0x0000000798000000)
 ParOldGen       total 87552K, used 8200K [0x0000000740000000, 0x0000000745580000, 0x0000000795580000)
  object space 87552K, 9% used [0x0000000740000000,0x0000000740802010,0x0000000745580000)
 Metaspace       used 9726K, capacity 9881K, committed 10112K, reserved 1058816K
  class space    used 1034K, capacity 1117K, committed 1152K, reserved 1048576K
}
Event: 2.117 GC heap before
{Heap before GC invocations=2 (full 0):
 PSYoungGen      total 38400K, used 36799K [0x0000000795580000, 0x0000000798000000, 0x00000007c0000000)
  eden space 33280K, 100% used [0x0000000795580000,0x0000000797600000,0x0000000797600000)
  from space 5120K, 68% used [0x0000000797600000,0x000000079796ff38,0x0000000797b00000)
  to   space 5120K, 0% used [0x0000000797b00000,0x0000000797b00000,0x0000000798000000)
 ParOldGen       total 87552K, used 8200K [0x0000000740000000, 0x0000000745580000, 0x0000000795580000)
  object space 87552K, 9% used [0x0000000740000000,0x0000000740802010,0x0000000745580000)
 Metaspace       used 9769K, capacity 9945K, committed 10112K, reserved 1058816K
  class space    used 1036K, capacity 1117K, committed 1152K, reserved 1048576K
Event: 2.119 GC heap after
Heap after GC invocations=2 (full 0):
 PSYoungGen      total 38400K, used 1894K [0x0000000795580000, 0x0000000798000000, 0x00000007c0000000)
  eden space 33280K, 0% used [0x0000000795580000,0x0000000795580000,0x0000000797600000)
  from space 5120K, 36% used [0x0000000797b00000,0x0000000797cd9868,0x0000000798000000)
  to   space 5120K, 0% used [0x0000000797600000,0x0000000797600000,0x0000000797b00000)
 ParOldGen       total 87552K, used 8208K [0x0000000740000000, 0x0000000745580000, 0x0000000795580000)
  object space 87552K, 9% used [0x0000000740000000,0x0000000740804010,0x0000000745580000)
 Metaspace       used 9769K, capacity 9945K, committed 10112K, reserved 1058816K
  class space    used 1036K, capacity 1117K, committed 1152K, reserved 1048576K
}

Deoptimization events (10 events):
Event: 0.775 Thread 0x00007fd2d8004800 Uncommon trap: reason=unstable_if action=reinterpret pc=0x000000010ffc5114 method=com.jcraft.jogg.Buffer.read(I)I @ 23
Event: 0.817 Thread 0x00007fd2d8004800 Uncommon trap: reason=unstable_if action=reinterpret pc=0x000000010fffc5c4 method=org.newdawn.slick.openal.OggInputStream.read()I @ 11
Event: 1.005 Thread 0x00007fd2d8004800 Uncommon trap: reason=unstable_if action=reinterpret pc=0x0000000110039780 method=org.newdawn.slick.openal.OggInputStream.readPCM()V @ 270
Event: 1.097 Thread 0x00007fd2d8004800 Uncommon trap: reason=unstable_if action=reinterpret pc=0x0000000110052360 method=com.jcraft.jorbis.Floor1.inverse1(Lcom/jcraft/jorbis/Block;Ljava/lang/Object;Ljava/lang/Object;)Ljava/lang/Object; @ 451
Event: 1.597 Thread 0x00007fd2d8004800 Uncommon trap: reason=unstable_if action=reinterpret pc=0x000000011002a4fc method=com.jcraft.jorbis.DspState.synthesis_blockin(Lcom/jcraft/jorbis/Block;)I @ 701
Event: 1.597 Thread 0x00007fd2d8004800 Uncommon trap: reason=unstable_if action=reinterpret pc=0x0000000110058558 method=org.newdawn.slick.openal.OggInputStream.readPCM()V @ 63
Event: 1.597 Thread 0x00007fd2d8004800 Uncommon trap: reason=unstable_if action=reinterpret pc=0x0000000110026254 method=org.newdawn.slick.openal.OggInputStream.atEnd()Z @ 4
Event: 1.597 Thread 0x00007fd2d8004800 Uncommon trap: reason=unstable_if action=reinterpret pc=0x000000010ffd0078 method=org.newdawn.slick.openal.OggInputStream.atEnd()Z @ 4
Event: 1.598 Thread 0x00007fd2d8004800 Uncommon trap: reason=unstable_if action=reinterpret pc=0x000000011006c584 method=org.newdawn.slick.openal.OggInputStream.atEnd()Z @ 18
Event: 1.733 Thread 0x00007fd2d8004800 Uncommon trap: reason=unstable_if action=reinterpret pc=0x0000000110077d3c method=java.nio.DirectByteBuffer.put([BII)Ljava/nio/ByteBuffer; @ 8

Internal exceptions (10 events):
Event: 0.175 Thread 0x00007fd2d8004800 Exception <a 'java/lang/NoSuchFieldError': method resolution failed> (0x0000000795922220) thrown at [/Users/java_re/workspace/8-2-build-macosx-x86_64/jdk8u144/9417/hotspot/src/share/vm/prims/methodHandles.cpp, line 1146]
Event: 0.321 Thread 0x00007fd2d8004800 Exception <a 'java/io/FileNotFoundException'> (0x000000079599cb10) thrown at [/Users/java_re/workspace/8-2-build-macosx-x86_64/jdk8u144/9417/hotspot/src/share/vm/prims/jni.cpp, line 709]
Event: 0.321 Thread 0x00007fd2d8004800 Exception <a 'java/io/FileNotFoundException'> (0x000000079599d690) thrown at [/Users/java_re/workspace/8-2-build-macosx-x86_64/jdk8u144/9417/hotspot/src/share/vm/prims/jni.cpp, line 709]
Event: 0.534 Thread 0x00007fd2d8004800 Exception <a 'java/lang/NoClassDefFoundError': net/java/games/input/ControllerEnvironment> (0x0000000795ea1808) thrown at [/Users/java_re/workspace/8-2-build-macosx-x86_64/jdk8u144/9417/hotspot/src/share/vm/classfile/systemDictionary.cpp, line 199]
Event: 0.730 Thread 0x00007fd2d8004800 Exception <a 'java/security/PrivilegedActionException'> (0x00000007961ccfd0) thrown at [/Users/java_re/workspace/8-2-build-macosx-x86_64/jdk8u144/9417/hotspot/src/share/vm/prims/jvm.cpp, line 1390]
Event: 0.730 Thread 0x00007fd2d8004800 Exception <a 'java/security/PrivilegedActionException'> (0x00000007961cebb8) thrown at [/Users/java_re/workspace/8-2-build-macosx-x86_64/jdk8u144/9417/hotspot/src/share/vm/prims/jvm.cpp, line 1390]
Event: 0.731 Thread 0x00007fd2d8004800 Exception <a 'java/security/PrivilegedActionException'> (0x00000007961cfcd8) thrown at [/Users/java_re/workspace/8-2-build-macosx-x86_64/jdk8u144/9417/hotspot/src/share/vm/prims/jvm.cpp, line 1390]
Event: 0.731 Thread 0x00007fd2d8004800 Exception <a 'java/security/PrivilegedActionException'> (0x00000007961d4df8) thrown at [/Users/java_re/workspace/8-2-build-macosx-x86_64/jdk8u144/9417/hotspot/src/share/vm/prims/jvm.cpp, line 1390]
Event: 0.731 Thread 0x00007fd2d8004800 Exception <a 'java/security/PrivilegedActionException'> (0x00000007961d5a50) thrown at [/Users/java_re/workspace/8-2-build-macosx-x86_64/jdk8u144/9417/hotspot/src/share/vm/prims/jvm.cpp, line 1390]
Event: 0.731 Thread 0x00007fd2d8004800 Exception <a 'java/security/PrivilegedActionException'> (0x00000007961d6678) thrown at [/Users/java_re/workspace/8-2-build-macosx-x86_64/jdk8u144/9417/hotspot/src/share/vm/prims/jvm.cpp, line 1390]

Events (10 events):
Event: 7.903 loading class java/util/IdentityHashMap$IdentityHashMapIterator done
Event: 7.903 loading class java/util/IdentityHashMap$ValueIterator done
Event: 7.903 loading class sun/awt/AppContext$PostShutdownEventRunnable
Event: 7.903 loading class sun/awt/AppContext$PostShutdownEventRunnable done
Event: 7.903 loading class sun/awt/AWTAutoShutdown$1
Event: 7.910 loading class sun/awt/AWTAutoShutdown$1 done
Event: 7.910 Thread 0x00007fd2d9182800 Thread exited: 0x00007fd2d9182800
Event: 8.035 Thread 0x00007fd2d7a62000 Thread added: 0x00007fd2d7a62000
Event: 8.098 loading class org/lwjgl/opengl/CallbackUtil
Event: 8.098 loading class org/lwjgl/opengl/CallbackUtil done


Dynamic libraries:
0x000000002da54000 	/System/Library/Frameworks/Cocoa.framework/Versions/A/Cocoa
0x000000002da54000 	/System/Library/Frameworks/Security.framework/Versions/A/Security
0x000000002da54000 	/System/Library/Frameworks/ApplicationServices.framework/Versions/A/ApplicationServices
0x000000002da54000 	/usr/lib/libz.1.dylib
0x000000002da54000 	/usr/lib/libSystem.B.dylib
0x000000002da54000 	/usr/lib/libobjc.A.dylib
0x000000002da54000 	/System/Library/Frameworks/CoreFoundation.framework/Versions/A/CoreFoundation
0x000000002da54000 	/System/Library/Frameworks/Foundation.framework/Versions/C/Foundation
0x000000002da54000 	/System/Library/Frameworks/AppKit.framework/Versions/C/AppKit
0x000000002da54000 	/System/Library/Frameworks/CoreData.framework/Versions/A/CoreData
0x000000002da54000 	/System/Library/PrivateFrameworks/RemoteViewServices.framework/Versions/A/RemoteViewServices
0x000000002da54000 	/System/Library/PrivateFrameworks/UIFoundation.framework/Versions/A/UIFoundation
0x000000002da54000 	/System/Library/PrivateFrameworks/DFRFoundation.framework/Versions/A/DFRFoundation
0x000000002da54000 	/usr/lib/libenergytrace.dylib
0x000000002da54000 	/System/Library/PrivateFrameworks/SkyLight.framework/Versions/A/SkyLight
0x000000002da54000 	/System/Library/Frameworks/CoreGraphics.framework/Versions/A/CoreGraphics
0x000000002da54000 	/usr/lib/libScreenReader.dylib
0x000000002da54000 	/System/Library/Frameworks/Accelerate.framework/Versions/A/Accelerate
0x000000002da54000 	/System/Library/Frameworks/IOSurface.framework/Versions/A/IOSurface
0x000000002da54000 	/System/Library/Frameworks/AudioToolbox.framework/Versions/A/AudioToolbox
0x000000002da54000 	/System/Library/Frameworks/AudioUnit.framework/Versions/A/AudioUnit
0x000000002da54000 	/System/Library/PrivateFrameworks/DataDetectorsCore.framework/Versions/A/DataDetectorsCore
0x000000002da54000 	/System/Library/PrivateFrameworks/DesktopServicesPriv.framework/Versions/A/DesktopServicesPriv
0x000000002da54000 	/System/Library/Frameworks/Carbon.framework/Versions/A/Frameworks/HIToolbox.framework/Versions/A/HIToolbox
0x000000002da54000 	/usr/lib/libicucore.A.dylib
0x000000002da54000 	/System/Library/Frameworks/QuartzCore.framework/Versions/A/QuartzCore
0x000000002da54000 	/System/Library/Frameworks/Carbon.framework/Versions/A/Frameworks/SpeechRecognition.framework/Versions/A/SpeechRecognition
0x000000002da54000 	/usr/lib/libauto.dylib
0x000000002da54000 	/usr/lib/libxml2.2.dylib
0x000000002da54000 	/System/Library/PrivateFrameworks/CoreUI.framework/Versions/A/CoreUI
0x000000002da54000 	/System/Library/Frameworks/CoreAudio.framework/Versions/A/CoreAudio
0x000000002da54000 	/System/Library/Frameworks/DiskArbitration.framework/Versions/A/DiskArbitration
0x000000002da54000 	/usr/lib/liblangid.dylib
0x000000002da54000 	/System/Library/PrivateFrameworks/MultitouchSupport.framework/Versions/A/MultitouchSupport
0x000000002da54000 	/System/Library/Frameworks/IOKit.framework/Versions/A/IOKit
0x000000002da54000 	/usr/lib/libDiagnosticMessagesClient.dylib
0x000000002da54000 	/System/Library/Frameworks/CoreServices.framework/Versions/A/CoreServices
0x000000002da54000 	/System/Library/PrivateFrameworks/PerformanceAnalysis.framework/Versions/A/PerformanceAnalysis
0x000000002da54000 	/System/Library/PrivateFrameworks/GenerationalStorage.framework/Versions/A/GenerationalStorage
0x000000002da54000 	/System/Library/Frameworks/OpenGL.framework/Versions/A/OpenGL
0x000000002da54000 	/System/Library/Frameworks/CoreImage.framework/Versions/A/CoreImage
0x000000002da54000 	/System/Library/Frameworks/CoreText.framework/Versions/A/CoreText
0x000000002da54000 	/System/Library/Frameworks/ImageIO.framework/Versions/A/ImageIO
0x000000002da54000 	/System/Library/PrivateFrameworks/Backup.framework/Versions/A/Backup
0x000000002da54000 	/usr/lib/libarchive.2.dylib
0x000000002da54000 	/System/Library/Frameworks/CFNetwork.framework/Versions/A/CFNetwork
0x000000002da54000 	/System/Library/Frameworks/SystemConfiguration.framework/Versions/A/SystemConfiguration
0x000000002da54000 	/usr/lib/libCRFSuite.dylib
0x000000002da54000 	/usr/lib/libc++.1.dylib
0x000000002da54000 	/usr/lib/libc++abi.dylib
0x000000002da54000 	/usr/lib/system/libcache.dylib
0x000000002da54000 	/usr/lib/system/libcommonCrypto.dylib
0x000000002da54000 	/usr/lib/system/libcompiler_rt.dylib
0x000000002da54000 	/usr/lib/system/libcopyfile.dylib
0x000000002da54000 	/usr/lib/system/libcorecrypto.dylib
0x000000002da54000 	/usr/lib/system/libdispatch.dylib
0x000000002da54000 	/usr/lib/system/libdyld.dylib
0x000000002da54000 	/usr/lib/system/libkeymgr.dylib
0x000000002da54000 	/usr/lib/system/liblaunch.dylib
0x000000002da54000 	/usr/lib/system/libmacho.dylib
0x000000002da54000 	/usr/lib/system/libquarantine.dylib
0x000000002da54000 	/usr/lib/system/libremovefile.dylib
0x000000002da54000 	/usr/lib/system/libsystem_asl.dylib
0x000000002da54000 	/usr/lib/system/libsystem_blocks.dylib
0x000000002da54000 	/usr/lib/system/libsystem_c.dylib
0x000000002da54000 	/usr/lib/system/libsystem_configuration.dylib
0x000000002da54000 	/usr/lib/system/libsystem_coreservices.dylib
0x000000002da54000 	/usr/lib/system/libsystem_coretls.dylib
0x000000002da54000 	/usr/lib/system/libsystem_dnssd.dylib
0x000000002da54000 	/usr/lib/system/libsystem_info.dylib
0x000000002da54000 	/usr/lib/system/libsystem_kernel.dylib
0x000000002da54000 	/usr/lib/system/libsystem_m.dylib
0x000000002da54000 	/usr/lib/system/libsystem_malloc.dylib
0x000000002da54000 	/usr/lib/system/libsystem_network.dylib
0x000000002da54000 	/usr/lib/system/libsystem_networkextension.dylib
0x000000002da54000 	/usr/lib/system/libsystem_notify.dylib
0x000000002da54000 	/usr/lib/system/libsystem_platform.dylib
0x000000002da54000 	/usr/lib/system/libsystem_pthread.dylib
0x000000002da54000 	/usr/lib/system/libsystem_sandbox.dylib
0x000000002da54000 	/usr/lib/system/libsystem_secinit.dylib
0x000000002da54000 	/usr/lib/system/libsystem_symptoms.dylib
0x000000002da54000 	/usr/lib/system/libsystem_trace.dylib
0x000000002da54000 	/usr/lib/system/libunwind.dylib
0x000000002da54000 	/usr/lib/system/libxpc.dylib
0x000000002da54000 	/usr/lib/libbsm.0.dylib
0x000000002da54000 	/usr/lib/system/libkxld.dylib
0x000000002da54000 	/usr/lib/libcoretls.dylib
0x000000002da54000 	/usr/lib/libcoretls_cfhelpers.dylib
0x000000002da54000 	/usr/lib/libOpenScriptingUtil.dylib
0x000000002da54000 	/usr/lib/libpam.2.dylib
0x000000002da54000 	/usr/lib/libsqlite3.dylib
0x000000002da54000 	/usr/lib/libxar.1.dylib
0x000000002da54000 	/usr/lib/libbz2.1.0.dylib
0x000000002da54000 	/usr/lib/liblzma.5.dylib
0x000000002da54000 	/usr/lib/libnetwork.dylib
0x000000002da54000 	/usr/lib/libpcap.A.dylib
0x000000002da54000 	/System/Library/Frameworks/CoreServices.framework/Versions/A/Frameworks/FSEvents.framework/Versions/A/FSEvents
0x000000002da54000 	/System/Library/Frameworks/CoreServices.framework/Versions/A/Frameworks/CarbonCore.framework/Versions/A/CarbonCore
0x000000002da54000 	/System/Library/Frameworks/CoreServices.framework/Versions/A/Frameworks/Metadata.framework/Versions/A/Metadata
0x000000002da54000 	/System/Library/Frameworks/CoreServices.framework/Versions/A/Frameworks/OSServices.framework/Versions/A/OSServices
0x000000002da54000 	/System/Library/Frameworks/CoreServices.framework/Versions/A/Frameworks/SearchKit.framework/Versions/A/SearchKit
0x000000002da54000 	/System/Library/Frameworks/CoreServices.framework/Versions/A/Frameworks/AE.framework/Versions/A/AE
0x000000002da54000 	/System/Library/Frameworks/CoreServices.framework/Versions/A/Frameworks/LaunchServices.framework/Versions/A/LaunchServices
0x000000002da54000 	/System/Library/Frameworks/CoreServices.framework/Versions/A/Frameworks/DictionaryServices.framework/Versions/A/DictionaryServices
0x000000002da54000 	/System/Library/Frameworks/CoreServices.framework/Versions/A/Frameworks/SharedFileList.framework/Versions/A/SharedFileList
0x000000002da54000 	/System/Library/Frameworks/NetFS.framework/Versions/A/NetFS
0x000000002da54000 	/System/Library/PrivateFrameworks/NetAuth.framework/Versions/A/NetAuth
0x000000002da54000 	/System/Library/PrivateFrameworks/login.framework/Versions/A/Frameworks/loginsupport.framework/Versions/A/loginsupport
0x000000002da54000 	/System/Library/PrivateFrameworks/TCC.framework/Versions/A/TCC
0x000000002da54000 	/usr/lib/libmecabra.dylib
0x000000002da54000 	/System/Library/Frameworks/ApplicationServices.framework/Versions/A/Frameworks/ATS.framework/Versions/A/ATS
0x000000002da54000 	/System/Library/Frameworks/ApplicationServices.framework/Versions/A/Frameworks/ColorSync.framework/Versions/A/ColorSync
0x000000002da54000 	/System/Library/Frameworks/ApplicationServices.framework/Versions/A/Frameworks/HIServices.framework/Versions/A/HIServices
0x000000002da54000 	/System/Library/Frameworks/ApplicationServices.framework/Versions/A/Frameworks/LangAnalysis.framework/Versions/A/LangAnalysis
0x000000002da54000 	/System/Library/Frameworks/ApplicationServices.framework/Versions/A/Frameworks/PrintCore.framework/Versions/A/PrintCore
0x000000002da54000 	/System/Library/Frameworks/ApplicationServices.framework/Versions/A/Frameworks/QD.framework/Versions/A/QD
0x000000002da54000 	/System/Library/Frameworks/ApplicationServices.framework/Versions/A/Frameworks/SpeechSynthesis.framework/Versions/A/SpeechSynthesis
0x000000002da54000 	/System/Library/Frameworks/Accelerate.framework/Versions/A/Frameworks/vImage.framework/Versions/A/vImage
0x000000002da54000 	/System/Library/Frameworks/Accelerate.framework/Versions/A/Frameworks/vecLib.framework/Versions/A/vecLib
0x000000002da54000 	/System/Library/Frameworks/Accelerate.framework/Versions/A/Frameworks/vecLib.framework/Versions/A/libvDSP.dylib
0x000000002da54000 	/System/Library/Frameworks/Accelerate.framework/Versions/A/Frameworks/vecLib.framework/Versions/A/libBNNS.dylib
0x000000002da54000 	/System/Library/Frameworks/Accelerate.framework/Versions/A/Frameworks/vecLib.framework/Versions/A/libQuadrature.dylib
0x000000002da54000 	/System/Library/Frameworks/Accelerate.framework/Versions/A/Frameworks/vecLib.framework/Versions/A/libvMisc.dylib
0x000000002da54000 	/System/Library/Frameworks/Accelerate.framework/Versions/A/Frameworks/vecLib.framework/Versions/A/libLAPACK.dylib
0x000000002da54000 	/System/Library/Frameworks/Accelerate.framework/Versions/A/Frameworks/vecLib.framework/Versions/A/libBLAS.dylib
0x000000002da54000 	/System/Library/Frameworks/Accelerate.framework/Versions/A/Frameworks/vecLib.framework/Versions/A/libLinearAlgebra.dylib
0x000000002da54000 	/System/Library/Frameworks/Accelerate.framework/Versions/A/Frameworks/vecLib.framework/Versions/A/libSparseBLAS.dylib
0x000000002da54000 	/System/Library/Frameworks/ApplicationServices.framework/Versions/A/Frameworks/ATS.framework/Versions/A/Resources/libFontParser.dylib
0x000000002da54000 	/System/Library/Frameworks/ApplicationServices.framework/Versions/A/Frameworks/ATS.framework/Versions/A/Resources/libFontRegistry.dylib
0x000000002da54000 	/System/Library/Frameworks/ImageIO.framework/Versions/A/Resources/libJPEG.dylib
0x000000002da54000 	/System/Library/Frameworks/ImageIO.framework/Versions/A/Resources/libTIFF.dylib
0x000000002da54000 	/System/Library/Frameworks/ImageIO.framework/Versions/A/Resources/libPng.dylib
0x000000002da54000 	/System/Library/Frameworks/ImageIO.framework/Versions/A/Resources/libGIF.dylib
0x000000002da54000 	/System/Library/Frameworks/ImageIO.framework/Versions/A/Resources/libJP2.dylib
0x000000002da54000 	/System/Library/Frameworks/ImageIO.framework/Versions/A/Resources/libRadiance.dylib
0x000000002da54000 	/usr/lib/libcompression.dylib
0x000000002da54000 	/System/Library/PrivateFrameworks/AppleJPEG.framework/Versions/A/AppleJPEG
0x000000002da54000 	/usr/lib/libcups.2.dylib
0x000000002da54000 	/System/Library/Frameworks/Kerberos.framework/Versions/A/Kerberos
0x000000002da54000 	/System/Library/Frameworks/GSS.framework/Versions/A/GSS
0x000000002da54000 	/usr/lib/libresolv.9.dylib
0x000000002da54000 	/usr/lib/libiconv.2.dylib
0x000000002da54000 	/System/Library/PrivateFrameworks/Heimdal.framework/Versions/A/Heimdal
0x000000002da54000 	/usr/lib/libheimdal-asn1.dylib
0x000000002da54000 	/System/Library/Frameworks/OpenDirectory.framework/Versions/A/OpenDirectory
0x000000002da54000 	/System/Library/PrivateFrameworks/CommonAuth.framework/Versions/A/CommonAuth
0x000000002da54000 	/System/Library/Frameworks/OpenDirectory.framework/Versions/A/Frameworks/CFOpenDirectory.framework/Versions/A/CFOpenDirectory
0x000000002da54000 	/System/Library/Frameworks/SecurityFoundation.framework/Versions/A/SecurityFoundation
0x000000002da54000 	/System/Library/PrivateFrameworks/LanguageModeling.framework/Versions/A/LanguageModeling
0x000000002da54000 	/usr/lib/libmarisa.dylib
0x000000002da54000 	/usr/lib/libChineseTokenizer.dylib
0x000000002da54000 	/usr/lib/libcmph.dylib
0x000000002da54000 	/System/Library/PrivateFrameworks/CoreEmoji.framework/Versions/A/CoreEmoji
0x000000002da54000 	/System/Library/Frameworks/ServiceManagement.framework/Versions/A/ServiceManagement
0x000000002da54000 	/usr/lib/libxslt.1.dylib
0x000000002da54000 	/System/Library/Frameworks/Carbon.framework/Versions/A/Frameworks/Ink.framework/Versions/A/Ink
0x000000002da54000 	/System/Library/PrivateFrameworks/TextureIO.framework/Versions/A/TextureIO
0x000000002da54000 	/System/Library/Frameworks/Metal.framework/Versions/A/Metal
0x000000002da54000 	/usr/lib/libate.dylib
0x000000002da54000 	/System/Library/PrivateFrameworks/GPUCompiler.framework/libmetal_timestamp.dylib
0x000000002da54000 	/System/Library/Frameworks/OpenGL.framework/Versions/A/Libraries/libCoreFSCache.dylib
0x000000002da54000 	/System/Library/PrivateFrameworks/IOAccelerator.framework/Versions/A/IOAccelerator
0x000000002da54000 	/System/Library/Frameworks/CoreVideo.framework/Versions/A/CoreVideo
0x000000002da54000 	/usr/lib/libFosl_dynamic.dylib
0x000000002da54000 	/System/Library/PrivateFrameworks/MetalPerformanceShaders.framework/Versions/A/MetalPerformanceShaders
0x000000002da54000 	/System/Library/PrivateFrameworks/FaceCore.framework/Versions/A/FaceCore
0x000000002da54000 	/System/Library/Frameworks/OpenCL.framework/Versions/A/OpenCL
0x000000002da54000 	/System/Library/Frameworks/OpenGL.framework/Versions/A/Libraries/libGLU.dylib
0x000000002da54000 	/System/Library/Frameworks/OpenGL.framework/Versions/A/Libraries/libGFXShared.dylib
0x000000002da54000 	/System/Library/Frameworks/OpenGL.framework/Versions/A/Libraries/libGL.dylib
0x000000002da54000 	/System/Library/Frameworks/OpenGL.framework/Versions/A/Libraries/libGLImage.dylib
0x000000002da54000 	/System/Library/Frameworks/OpenGL.framework/Versions/A/Libraries/libCVMSPluginSupport.dylib
0x000000002da54000 	/System/Library/Frameworks/OpenGL.framework/Versions/A/Libraries/libCoreVMClient.dylib
0x000000002da54000 	/System/Library/PrivateFrameworks/CrashReporterSupport.framework/Versions/A/CrashReporterSupport
0x000000002da54000 	/System/Library/PrivateFrameworks/Sharing.framework/Versions/A/Sharing
0x000000002da54000 	/System/Library/PrivateFrameworks/IconServices.framework/Versions/A/IconServices
0x000000002da54000 	/System/Library/PrivateFrameworks/ProtocolBuffer.framework/Versions/A/ProtocolBuffer
0x000000002da54000 	/System/Library/PrivateFrameworks/Apple80211.framework/Versions/A/Apple80211
0x000000002da54000 	/System/Library/Frameworks/CoreWLAN.framework/Versions/A/CoreWLAN
0x000000002da54000 	/System/Library/PrivateFrameworks/CoreUtils.framework/Versions/A/CoreUtils
0x000000002da54000 	/System/Library/Frameworks/IOBluetooth.framework/Versions/A/IOBluetooth
0x000000002da54000 	/System/Library/PrivateFrameworks/CoreWiFi.framework/Versions/A/CoreWiFi
0x000000002da54000 	/System/Library/Frameworks/CoreBluetooth.framework/Versions/A/CoreBluetooth
0x000000002da54000 	/System/Library/Frameworks/CoreDisplay.framework/Versions/A/CoreDisplay
0x000000002da54000 	/System/Library/PrivateFrameworks/IOPresentment.framework/Versions/A/IOPresentment
0x000000002da54000 	/System/Library/PrivateFrameworks/DSExternalDisplay.framework/Versions/A/DSExternalDisplay
0x000000002da54000 	/System/Library/PrivateFrameworks/DebugSymbols.framework/Versions/A/DebugSymbols
0x000000002da54000 	/System/Library/PrivateFrameworks/CoreSymbolication.framework/Versions/A/CoreSymbolication
0x000000002da54000 	/System/Library/PrivateFrameworks/Symbolication.framework/Versions/A/Symbolication
0x000000002da54000 	/System/Library/PrivateFrameworks/AppleFSCompression.framework/Versions/A/AppleFSCompression
0x000000002da54000 	/System/Library/PrivateFrameworks/SpeechRecognitionCore.framework/Versions/A/SpeechRecognitionCore
0x000000002da54000 	/System/Library/PrivateFrameworks/ChunkingLibrary.framework/Versions/A/ChunkingLibrary
0x000000010980a000 	/Library/Java/JavaVirtualMachines/jdk1.8.0_144.jdk/Contents/Home/jre/lib/server/libjvm.dylib
0x000000002da54000 	/usr/lib/libstdc++.6.dylib
0x000000010a7b1000 	/Library/Java/JavaVirtualMachines/jdk1.8.0_144.jdk/Contents/Home/jre/lib/libverify.dylib
0x000000010a7bf000 	/Library/Java/JavaVirtualMachines/jdk1.8.0_144.jdk/Contents/Home/jre/lib/libjava.dylib
0x000000010a7fe000 	/Library/Java/JavaVirtualMachines/jdk1.8.0_144.jdk/Contents/Home/jre/lib/libzip.dylib
0x0000000120a14000 	/System/Library/Frameworks/JavaVM.framework/Frameworks/JavaRuntimeSupport.framework/JavaRuntimeSupport
0x0000000120a2e000 	/System/Library/Frameworks/JavaVM.framework/Versions/A/Frameworks/JavaNativeFoundation.framework/Versions/A/JavaNativeFoundation
0x000000010abf0000 	/System/Library/Frameworks/JavaVM.framework/Versions/A/JavaVM
0x000000002da54000 	/System/Library/Frameworks/Carbon.framework/Versions/A/Carbon
0x000000010fc76000 	/System/Library/PrivateFrameworks/JavaLaunching.framework/Versions/A/JavaLaunching
0x000000002da54000 	/System/Library/Frameworks/Carbon.framework/Versions/A/Frameworks/CommonPanels.framework/Versions/A/CommonPanels
0x000000002da54000 	/System/Library/Frameworks/Carbon.framework/Versions/A/Frameworks/Help.framework/Versions/A/Help
0x000000002da54000 	/System/Library/Frameworks/Carbon.framework/Versions/A/Frameworks/ImageCapture.framework/Versions/A/ImageCapture
0x000000002da54000 	/System/Library/Frameworks/Carbon.framework/Versions/A/Frameworks/OpenScripting.framework/Versions/A/OpenScripting
0x000000002da54000 	/System/Library/Frameworks/Carbon.framework/Versions/A/Frameworks/Print.framework/Versions/A/Print
0x000000002da54000 	/System/Library/Frameworks/Carbon.framework/Versions/A/Frameworks/SecurityHI.framework/Versions/A/SecurityHI
0x0000000122398000 	/Library/Java/JavaVirtualMachines/jdk1.8.0_144.jdk/Contents/Home/jre/lib/libawt.dylib
0x0000000122440000 	/Library/Java/JavaVirtualMachines/jdk1.8.0_144.jdk/Contents/Home/jre/lib/./libmlib_image.dylib
0x000000012250c000 	/Library/Java/JavaVirtualMachines/jdk1.8.0_144.jdk/Contents/Home/jre/lib/libawt_lwawt.dylib
0x00000001225c3000 	/Library/Java/JavaVirtualMachines/jdk1.8.0_144.jdk/Contents/Home/jre/lib/./libosxapp.dylib
0x000000002da54000 	/System/Library/Frameworks/ExceptionHandling.framework/Versions/A/ExceptionHandling
0x000000002da54000 	/System/Library/PrivateFrameworks/CoreServicesInternal.framework/Versions/A/CoreServicesInternal
0x000000002da54000 	/System/Library/CoreServices/RawCamera.bundle/Contents/MacOS/RawCamera
0x000000002da54000 	/System/Library/Frameworks/Accelerate.framework/Versions/A/Frameworks/vImage.framework/Versions/A/Libraries/libCGInterfaces.dylib
0x000000002da54000 	/System/Library/Frameworks/ApplicationServices.framework/Versions/A/Frameworks/ATS.framework/Versions/A/Resources/libTrueTypeScaler.dylib
0x00000001240ab000 	/System/Library/Frameworks/OpenGL.framework/Resources/GLEngine.bundle/GLEngine
0x000000002da54000 	/System/Library/Frameworks/OpenGL.framework/Versions/A/Libraries/libGLProgrammability.dylib
0x000000002da54000 	/System/Library/Extensions/GeForceGLDriver.bundle/Contents/MacOS/GeForceGLDriver
0x000000002da54000 	/System/Library/Extensions/GeForceGLDriver.bundle/Contents/MacOS/libclh.dylib
0x000000002da54000 	/System/Library/PrivateFrameworks/GPUSupport.framework/Versions/A/Libraries/libGPUSupportMercury.dylib
0x0000000124290000 	/System/Library/Frameworks/OpenGL.framework/Resources//GLRendererFloat.bundle/GLRendererFloat
0x000000002da54000 	/System/Library/Frameworks/OpenCL.framework/Versions/A/Libraries/libcldcpuengine.dylib
0x000000002da54000 	/usr/lib/libcrypto.0.9.8.dylib
0x000000002da54000 	/System/Library/PrivateFrameworks/TrustEvaluationAgent.framework/Versions/A/TrustEvaluationAgent
0x000000002da54000 	/System/Library/Extensions/GeForceMTLDriver.bundle/Contents/MacOS/GeForceMTLDriver
0x000000002da54000 	/System/Library/PrivateFrameworks/FamilyControls.framework/Versions/A/FamilyControls
0x000000002da54000 	/System/Library/PrivateFrameworks/CommerceKit.framework/Versions/A/Frameworks/CommerceCore.framework/Versions/A/CommerceCore
0x000000002da54000 	/System/Library/PrivateFrameworks/SystemAdministration.framework/Versions/A/SystemAdministration
0x000000002da54000 	/System/Library/PrivateFrameworks/AppContainer.framework/Versions/A/AppContainer
0x000000002da54000 	/System/Library/PrivateFrameworks/SecCodeWrapper.framework/Versions/A/SecCodeWrapper
0x000000002da54000 	/System/Library/Frameworks/DirectoryService.framework/Versions/A/DirectoryService
0x000000002da54000 	/System/Library/PrivateFrameworks/DiskImages.framework/Versions/A/DiskImages
0x000000002da54000 	/System/Library/PrivateFrameworks/LoginUIKit.framework/Versions/A/Frameworks/LoginUICore.framework/Versions/A/LoginUICore
0x000000002da54000 	/usr/lib/libCoreStorage.dylib
0x000000002da54000 	/usr/lib/libcsfde.dylib
0x000000002da54000 	/usr/lib/libodfde.dylib
0x000000002da54000 	/System/Library/Frameworks/DiscRecording.framework/Versions/A/DiscRecording
0x000000002da54000 	/usr/lib/libcurl.4.dylib
0x000000002da54000 	/System/Library/PrivateFrameworks/MediaKit.framework/Versions/A/MediaKit
0x000000002da54000 	/System/Library/PrivateFrameworks/ProtectedCloudStorage.framework/Versions/A/ProtectedCloudStorage
0x000000002da54000 	/System/Library/PrivateFrameworks/EFILogin.framework/Versions/A/EFILogin
0x000000002da54000 	/usr/lib/libutil.dylib
0x000000002da54000 	/System/Library/Frameworks/LDAP.framework/Versions/A/LDAP
0x000000002da54000 	/usr/lib/libsasl2.2.dylib
0x000000002da54000 	/System/Library/PrivateFrameworks/CoreDaemon.framework/Versions/B/CoreDaemon
0x000000002da54000 	/System/Library/PrivateFrameworks/AppleSRP.framework/Versions/A/AppleSRP
0x000000002da54000 	/System/Library/PrivateFrameworks/APFS.framework/Versions/A/APFS
0x000000012958b000 	/Library/Java/JavaVirtualMachines/jdk1.8.0_144.jdk/Contents/Home/jre/lib/libfontmanager.dylib
0x00000001295f2000 	/Users/jgla8159/Documents/PKMNEngine-v0.3-master/slick/liblwjgl.dylib
0x000000012330d000 	/Library/Java/JavaVirtualMachines/jdk1.8.0_144.jdk/Contents/Home/jre/lib/libjawt.dylib
0x000000002da54000 	/System/Library/PrivateFrameworks/ViewBridge.framework/Versions/A/ViewBridge
0x000000002da54000 	/System/Library/PrivateFrameworks/XPCService.framework/Versions/A/XPCService
0x000000002da54000 	/System/Library/PrivateFrameworks/AppSandbox.framework/Versions/A/AppSandbox
0x000000002da54000 	/usr/lib/libsandbox.1.dylib
0x000000002da54000 	/usr/lib/libMatch.1.dylib
0x000000012db6c000 	/Library/Java/JavaVirtualMachines/jdk1.8.0_144.jdk/Contents/Home/jre/lib/libnio.dylib
0x000000012db7c000 	/Library/Java/JavaVirtualMachines/jdk1.8.0_144.jdk/Contents/Home/jre/lib/./libnet.dylib
0x000000012ef09000 	/Users/jgla8159/Documents/PKMNEngine-v0.3-master/slick/openal.dylib
0x000000012ef8d000 	/System/Library/Components/CoreAudio.component/Contents/MacOS/CoreAudio
0x000000012f18b000 	/System/Library/Extensions/AppleHDA.kext/Contents/PlugIns/AppleHDAHALPlugIn.bundle/Contents/MacOS/AppleHDAHALPlugIn

VM Arguments:
jvm_args: -Djava.library.path=/Users/jgla8159/Documents/PKMNEngine-v0.3-master/slick -Dfile.encoding=UTF-8 
java_command: Main
java_class_path (initial): /Users/jgla8159/Documents/PKMNEngine-v0.3-master/bin:/Users/jgla8159/Documents/PKMNEngine-v0.3-master/slick/jogg-0.0.7.jar:/Users/jgla8159/Documents/PKMNEngine-v0.3-master/slick/jorbis-0.0.15.jar:/Users/jgla8159/Documents/PKMNEngine-v0.3-master/slick/lwjgl.jar:/Users/jgla8159/Documents/PKMNEngine-v0.3-master/slick/slick.jar
Launcher Type: SUN_STANDARD

Environment Variables:
PATH=/usr/bin:/bin:/usr/sbin:/sbin
SHELL=/bin/bash

Signal Handlers:
SIGSEGV: [libjvm.dylib+0x5b26e5], sa_mask[0]=11111111011111110111111111111111, sa_flags=SA_ONSTACK|SA_RESTART|SA_SIGINFO
SIGBUS: [libjvm.dylib+0x5b26e5], sa_mask[0]=11111111011111110111111111111111, sa_flags=SA_RESTART|SA_SIGINFO
SIGFPE: [libjvm.dylib+0x489100], sa_mask[0]=11111111011111110111111111111111, sa_flags=SA_RESTART|SA_SIGINFO
SIGPIPE: [libjvm.dylib+0x489100], sa_mask[0]=11111111011111110111111111111111, sa_flags=SA_RESTART|SA_SIGINFO
SIGXFSZ: [libjvm.dylib+0x489100], sa_mask[0]=11111111011111110111111111111111, sa_flags=SA_RESTART|SA_SIGINFO
SIGILL: [libjvm.dylib+0x489100], sa_mask[0]=11111111011111110111111111111111, sa_flags=SA_RESTART|SA_SIGINFO
SIGUSR1: SIG_DFL, sa_mask[0]=00000000000000000000000000000000, sa_flags=none
SIGUSR2: [libjvm.dylib+0x488c1e], sa_mask[0]=00100000000000000000000000000000, sa_flags=SA_RESTART|SA_SIGINFO
SIGHUP: [libjvm.dylib+0x4871f5], sa_mask[0]=11111111011111110111111111111111, sa_flags=SA_RESTART|SA_SIGINFO
SIGINT: [libjvm.dylib+0x4871f5], sa_mask[0]=11111111011111110111111111111111, sa_flags=SA_RESTART|SA_SIGINFO
SIGTERM: [libjvm.dylib+0x4871f5], sa_mask[0]=11111111011111110111111111111111, sa_flags=SA_RESTART|SA_SIGINFO
SIGQUIT: [libjvm.dylib+0x4871f5], sa_mask[0]=11111111011111110111111111111111, sa_flags=SA_RESTART|SA_SIGINFO


---------------  S Y S T E M  ---------------

OS:Bsduname:Darwin 16.7.0 Darwin Kernel Version 16.7.0: Tue Jan 30 11:27:06 PST 2018; root:xnu-3789.73.11~1/RELEASE_X86_64 x86_64
rlimit: STACK 8192k, CORE 0k, NPROC 709, NOFILE 10240, AS infinity
load average:1.44 1.79 1.64

CPU:total 4 (initial active 4) (4 cores per cpu, 1 threads per core) family 6 model 60 stepping 3, cmov, cx8, fxsr, mmx, sse, sse2, sse3, ssse3, sse4.1, sse4.2, popcnt, avx, avx2, aes, clmul, erms, lzcnt, tsc, tscinvbit, bmi1, bmi2

Memory: 4k page, physical 8388608k(2558000k free)

/proc/meminfo:


vm_info: Java HotSpot(TM) 64-Bit Server VM (25.144-b01) for bsd-amd64 JRE (1.8.0_144-b01), built on Jul 21 2017 22:07:42 by "java_re" with gcc 4.2.1 (Based on Apple Inc. build 5658) (LLVM build 2336.11.00)

time: Wed May 23 07:41:36 2018
elapsed time: 8 seconds (0d 0h 0m 8s)

